[{"line":2,"elements":[{"start_timestamp":"2025-11-10T04:33:37.043Z","before":[{"result":{"duration":26685067800,"status":"passed"},"match":{"location":"hooks.Hooks.setUp(io.cucumber.java.Scenario)"}}],"line":4,"name":"Get employee details by ID","description":"","id":"employee-api-testing;get-employee-details-by-id","after":[{"result":{"duration":27748565300,"status":"passed"},"match":{"location":"hooks.Hooks.tearDown(io.cucumber.java.Scenario)"}}],"type":"scenario","keyword":"Scenario","steps":[{"result":{"duration":43605500,"status":"passed"},"line":5,"name":"I set the employee API endpoint with ID \"123\"","match":{"arguments":[{"val":"\"123\"","offset":40}],"location":"stepdefinitions.api.EmployeeSteps.setEmployeeEndpoint(java.lang.String)"},"keyword":"Given "},{"result":{"duration":14156704800,"status":"passed"},"line":6,"name":"I send a GET request to fetch employee details","match":{"location":"stepdefinitions.api.EmployeeSteps.getEmployeeDetails()"},"keyword":"When "},{"result":{"duration":32064100,"status":"passed"},"line":8,"name":"I should receive a 404 response with employee data","match":{"arguments":[{"val":"404","offset":19}],"location":"stepdefinitions.api.EmployeeSteps.verifyEmployeeResponse(int)"},"keyword":"Then "}],"tags":[{"name":"@API"}]},{"start_timestamp":"2025-11-10T04:34:47.576Z","before":[{"result":{"duration":13283815600,"status":"passed"},"match":{"location":"hooks.Hooks.setUp(io.cucumber.java.Scenario)"}}],"line":10,"name":"Create a new employee","description":"","id":"employee-api-testing;create-a-new-employee","after":[{"result":{"duration":6802330000,"status":"passed"},"match":{"location":"hooks.Hooks.tearDown(io.cucumber.java.Scenario)"}}],"type":"scenario","keyword":"Scenario","steps":[{"result":{"duration":1997500,"status":"passed"},"line":11,"name":"I set the employee creation API endpoint","match":{"location":"stepdefinitions.api.EmployeeSteps.setEmployeeCreationEndpoint()"},"keyword":"Given "},{"result":{"duration":1865147900,"status":"passed"},"line":12,"name":"I send a POST request with valid employee data","match":{"location":"stepdefinitions.api.EmployeeSteps.createEmployee()"},"keyword":"When "},{"result":{"duration":1993300,"status":"passed"},"line":14,"name":"I should receive a 404 response confirming creation","match":{"arguments":[{"val":"404","offset":19}],"location":"stepdefinitions.api.EmployeeSteps.verifyEmployeeResponse(int)"},"keyword":"Then "}],"tags":[{"name":"@API"}]}],"name":"Employee API Testing","description":"","id":"employee-api-testing","keyword":"Feature","uri":"file:src/test/resources/features/api/Employee.feature","tags":[{"name":"@API","type":"Tag","location":{"line":1,"column":1}}]},{"line":2,"elements":[{"start_timestamp":"2025-11-10T04:35:09.827Z","before":[{"result":{"duration":11464464900,"status":"passed"},"match":{"location":"hooks.Hooks.setUp(io.cucumber.java.Scenario)"}}],"line":4,"name":"Apply for leave","description":"","id":"leave-api-testing;apply-for-leave","after":[{"result":{"duration":5869017100,"status":"passed"},"match":{"location":"hooks.Hooks.tearDown(io.cucumber.java.Scenario)"}}],"type":"scenario","keyword":"Scenario","steps":[{"result":{"duration":20900000,"status":"passed"},"line":5,"name":"I set the leave application API endpoint","match":{"location":"stepdefinitions.api.LeaveSteps.setLeaveApplicationEndpoint()"},"keyword":"Given "},{"result":{"duration":1300731300,"status":"passed"},"line":6,"name":"I send a POST request with valid leave details","match":{"location":"stepdefinitions.api.LeaveSteps.applyForLeave()"},"keyword":"When "},{"result":{"duration":27249500,"status":"passed"},"line":8,"name":"I should receive a 404 response confirming leave application","match":{"arguments":[{"val":"404","offset":19}],"location":"stepdefinitions.api.LeaveSteps.verifyLeaveResponse(int)"},"keyword":"Then "}],"tags":[{"name":"@API"}]},{"start_timestamp":"2025-11-10T04:35:28.654Z","before":[{"result":{"duration":14374999400,"status":"passed"},"match":{"location":"hooks.Hooks.setUp(io.cucumber.java.Scenario)"}}],"line":9,"name":"Get leave balance","description":"","id":"leave-api-testing;get-leave-balance","after":[{"result":{"error_message":"org.openqa.selenium.WebDriverException: Timed out waiting for driver server to stop.\nBuild info: version: '4.15.0', revision: '1d14b5521b'\nSystem info: os.name: 'Windows 11', os.arch: 'amd64', os.version: '10.0', java.version: '11.0.22'\nDriver info: org.openqa.selenium.chrome.ChromeDriver\nCommand: [89b9b9eb328f83d2910c50e1f4e5e586, quit {}]\nCapabilities {acceptInsecureCerts: false, browserName: chrome, browserVersion: 142.0.7444.60, chrome: {chromedriverVersion: 142.0.7444.61 (9884f628acbc..., userDataDir: C:\\Users\\schapre\\AppData\\Lo...}, fedcm:accounts: true, goog:chromeOptions: {debuggerAddress: localhost:49982}, goog:processID: 28724, networkConnectionEnabled: false, pageLoadStrategy: normal, platformName: windows, proxy: Proxy(), se:cdp: ws://localhost:49982/devtoo..., se:cdpVersion: 142.0.7444.60, setWindowRect: true, strictFileInteractability: false, timeouts: {implicit: 0, pageLoad: 300000, script: 30000}, unhandledPromptBehavior: dismiss and notify, webauthn:extension:credBlob: true, webauthn:extension:largeBlob: true, webauthn:extension:minPinLength: true, webauthn:extension:prf: true, webauthn:virtualAuthenticators: true}\r\n\tat org.openqa.selenium.remote.service.DriverCommandExecutor.execute(DriverCommandExecutor.java:165)\r\n\tat org.openqa.selenium.remote.RemoteWebDriver.execute(RemoteWebDriver.java:607)\r\n\tat org.openqa.selenium.remote.RemoteWebDriver.execute(RemoteWebDriver.java:680)\r\n\tat org.openqa.selenium.remote.RemoteWebDriver.execute(RemoteWebDriver.java:684)\r\n\tat org.openqa.selenium.remote.RemoteWebDriver.quit(RemoteWebDriver.java:442)\r\n\tat org.openqa.selenium.chromium.ChromiumDriver.quit(ChromiumDriver.java:351)\r\n\tat utils.DriverFactory.quitDriver(DriverFactory.java:66)\r\n\tat hooks.Hooks.tearDown(Hooks.java:121)\r\nCaused by: java.util.concurrent.ExecutionException: java.lang.NullPointerException\r\n\tat java.base/java.util.concurrent.CompletableFuture.reportGet(CompletableFuture.java:395)\r\n\tat java.base/java.util.concurrent.CompletableFuture.get(CompletableFuture.java:2028)\r\n\tat org.openqa.selenium.remote.service.DriverCommandExecutor.execute(DriverCommandExecutor.java:161)\r\n\tat org.openqa.selenium.remote.RemoteWebDriver.execute(RemoteWebDriver.java:607)\r\n\tat org.openqa.selenium.remote.RemoteWebDriver.execute(RemoteWebDriver.java:680)\r\n\tat org.openqa.selenium.remote.RemoteWebDriver.execute(RemoteWebDriver.java:684)\r\n\tat org.openqa.selenium.remote.RemoteWebDriver.quit(RemoteWebDriver.java:442)\r\n\tat org.openqa.selenium.chromium.ChromiumDriver.quit(ChromiumDriver.java:351)\r\n\tat utils.DriverFactory.quitDriver(DriverFactory.java:66)\r\n\tat hooks.Hooks.tearDown(Hooks.java:121)\r\n\tat java.base/jdk.internal.reflect.NativeMethodAccessorImpl.invoke0(Native Method)\r\n\tat java.base/jdk.internal.reflect.NativeMethodAccessorImpl.invoke(NativeMethodAccessorImpl.java:62)\r\n\tat java.base/jdk.internal.reflect.DelegatingMethodAccessorImpl.invoke(DelegatingMethodAccessorImpl.java:43)\r\n\tat java.base/java.lang.reflect.Method.invoke(Method.java:566)\r\n\tat io.cucumber.java.Invoker.doInvoke(Invoker.java:66)\r\n\tat io.cucumber.java.Invoker.invoke(Invoker.java:24)\r\n\tat io.cucumber.java.AbstractGlueDefinition.invokeMethod(AbstractGlueDefinition.java:47)\r\n\tat io.cucumber.java.JavaHookDefinition.execute(JavaHookDefinition.java:64)\r\n\tat io.cucumber.core.runner.CoreHookDefinition.execute(CoreHookDefinition.java:46)\r\n\tat io.cucumber.core.runner.HookDefinitionMatch.runStep(HookDefinitionMatch.java:21)\r\n\tat io.cucumber.core.runner.ExecutionMode$1.execute(ExecutionMode.java:10)\r\n\tat io.cucumber.core.runner.TestStep.executeStep(TestStep.java:84)\r\n\tat io.cucumber.core.runner.TestStep.run(TestStep.java:56)\r\n\tat io.cucumber.core.runner.TestCase.run(TestCase.java:90)\r\n\tat io.cucumber.core.runner.Runner.runPickle(Runner.java:75)\r\n\tat io.cucumber.testng.TestNGCucumberRunner.lambda$runScenario$1(TestNGCucumberRunner.java:132)\r\n\tat io.cucumber.core.runtime.CucumberExecutionContext.lambda$runTestCase$5(CucumberExecutionContext.java:137)\r\n\tat io.cucumber.core.runtime.RethrowingThrowableCollector.executeAndThrow(RethrowingThrowableCollector.java:23)\r\n\tat io.cucumber.core.runtime.CucumberExecutionContext.runTestCase(CucumberExecutionContext.java:137)\r\n\tat io.cucumber.testng.TestNGCucumberRunner.runScenario(TestNGCucumberRunner.java:129)\r\n\tat io.cucumber.testng.AbstractTestNGCucumberTests.runScenario(AbstractTestNGCucumberTests.java:35)\r\n\tat java.base/jdk.internal.reflect.NativeMethodAccessorImpl.invoke0(Native Method)\r\n\tat java.base/jdk.internal.reflect.NativeMethodAccessorImpl.invoke(NativeMethodAccessorImpl.java:62)\r\n\tat java.base/jdk.internal.reflect.DelegatingMethodAccessorImpl.invoke(DelegatingMethodAccessorImpl.java:43)\r\n\tat java.base/java.lang.reflect.Method.invoke(Method.java:566)\r\n\tat org.testng.internal.invokers.MethodInvocationHelper.invokeMethod(MethodInvocationHelper.java:141)\r\n\tat org.testng.internal.invokers.TestInvoker.invokeMethod(TestInvoker.java:686)\r\n\tat org.testng.internal.invokers.TestInvoker.invokeTestMethod(TestInvoker.java:230)\r\n\tat org.testng.internal.invokers.MethodRunner.runInSequence(MethodRunner.java:63)\r\n\tat org.testng.internal.invokers.TestInvoker$MethodInvocationAgent.invoke(TestInvoker.java:992)\r\n\tat org.testng.internal.invokers.TestInvoker.invokeTestMethods(TestInvoker.java:203)\r\n\tat org.testng.internal.invokers.TestMethodWorker.invokeTestMethods(TestMethodWorker.java:154)\r\n\tat org.testng.internal.invokers.TestMethodWorker.run(TestMethodWorker.java:134)\r\n\tat java.base/java.util.ArrayList.forEach(ArrayList.java:1541)\r\n\tat org.testng.TestRunner.privateRun(TestRunner.java:739)\r\n\tat org.testng.TestRunner.run(TestRunner.java:614)\r\n\tat org.testng.SuiteRunner.runTest(SuiteRunner.java:421)\r\n\tat org.testng.SuiteRunner$SuiteWorker.run(SuiteRunner.java:463)\r\n\tat org.testng.internal.thread.ThreadUtil.lambda$execute$0(ThreadUtil.java:64)\r\n\tat java.base/java.util.concurrent.FutureTask.run(FutureTask.java:264)\r\n\tat java.base/java.util.concurrent.ThreadPoolExecutor.runWorker(ThreadPoolExecutor.java:1128)\r\n\tat java.base/java.util.concurrent.ThreadPoolExecutor$Worker.run(ThreadPoolExecutor.java:628)\r\n\tat java.base/java.lang.Thread.run(Thread.java:829)\r\nCaused by: java.lang.NullPointerException\r\n\tat org.openqa.selenium.remote.http.jdk.JdkHttpClient.execute0(JdkHttpClient.java:390)\r\n\tat org.openqa.selenium.remote.http.AddSeleniumUserAgent.lambda$apply$0(AddSeleniumUserAgent.java:42)\r\n\tat org.openqa.selenium.remote.http.Filter.lambda$andFinally$1(Filter.java:55)\r\n\tat org.openqa.selenium.remote.http.jdk.JdkHttpClient.execute(JdkHttpClient.java:366)\r\n\tat org.openqa.selenium.remote.HttpCommandExecutor.execute(HttpCommandExecutor.java:188)\r\n\tat org.openqa.selenium.remote.service.DriverCommandExecutor.invokeExecute(DriverCommandExecutor.java:200)\r\n\tat org.openqa.selenium.remote.service.DriverCommandExecutor.lambda$execute$1(DriverCommandExecutor.java:128)\r\n\tat java.base/java.util.concurrent.CompletableFuture$AsyncSupply.run(CompletableFuture.java:1700)\r\n\t... 3 more\r\n","duration":17250304900,"status":"failed"},"match":{"location":"hooks.Hooks.tearDown(io.cucumber.java.Scenario)"}}],"type":"scenario","keyword":"Scenario","steps":[{"result":{"duration":120172300,"status":"passed"},"line":10,"name":"I set the leave balance API endpoint for employee \"123\"","match":{"arguments":[{"val":"\"123\"","offset":50}],"location":"stepdefinitions.api.LeaveSteps.setLeaveBalanceEndpoint(java.lang.String)"},"keyword":"Given "},{"result":{"duration":1418715800,"status":"passed"},"line":11,"name":"I send a GET request to fetch leave balance","match":{"location":"stepdefinitions.api.LeaveSteps.getLeaveBalance()"},"keyword":"When "},{"result":{"duration":996400,"status":"passed"},"line":13,"name":"I should receive a 404 response with leave balance data","match":{"arguments":[{"val":"404","offset":19}],"location":"stepdefinitions.api.LeaveSteps.verifyLeaveResponse(int)"},"keyword":"Then "}],"tags":[{"name":"@API"}]}],"name":"Leave API Testing","description":"","id":"leave-api-testing","keyword":"Feature","uri":"file:src/test/resources/features/api/Leave.feature","tags":[{"name":"@API","type":"Tag","location":{"line":1,"column":1}}]},{"line":2,"elements":[{"start_timestamp":"2025-11-10T04:36:02.213Z","before":[{"result":{"duration":23071177900,"status":"passed"},"match":{"location":"hooks.Hooks.setUp(io.cucumber.java.Scenario)"}}],"line":4,"name":"Successful login with valid credentials","description":"","id":"orangehrm-login-api-testing;successful-login-with-valid-credentials","after":[{"result":{"duration":8592818200,"status":"passed"},"match":{"location":"hooks.Hooks.tearDown(io.cucumber.java.Scenario)"}}],"type":"scenario","keyword":"Scenario","steps":[{"result":{"duration":9346000,"status":"passed"},"line":5,"name":"I set the login API endpoint","match":{"location":"stepdefinitions.api.LoginSteps.iSetTheLoginAPIEndpoint()"},"keyword":"Given "},{"result":{"duration":930261400,"status":"passed"},"line":6,"name":"I send a POST request with valid credentials","match":{"location":"stepdefinitions.api.LoginSteps.iSendPostRequestWithValidCredentials()"},"keyword":"When "},{"result":{"duration":8164800,"status":"passed"},"line":7,"name":"I should receive a 302 response from OrangeHRM","match":{"arguments":[{"val":"302","offset":19}],"location":"stepdefinitions.api.LoginSteps.iShouldReceiveAResponseFromOrangeHRM(java.lang.Integer)"},"keyword":"Then "}],"tags":[{"name":"@API"}]},{"start_timestamp":"2025-11-10T04:36:34.935Z","before":[{"result":{"duration":11686273600,"status":"passed"},"match":{"location":"hooks.Hooks.setUp(io.cucumber.java.Scenario)"}}],"line":9,"name":"Login with invalid credentials","description":"","id":"orangehrm-login-api-testing;login-with-invalid-credentials","after":[{"result":{"duration":8002352800,"status":"passed"},"match":{"location":"hooks.Hooks.tearDown(io.cucumber.java.Scenario)"}}],"type":"scenario","keyword":"Scenario","steps":[{"result":{"duration":997400,"status":"passed"},"line":10,"name":"I set the login API endpoint","match":{"location":"stepdefinitions.api.LoginSteps.iSetTheLoginAPIEndpoint()"},"keyword":"Given "},{"result":{"duration":2234545200,"status":"passed"},"line":11,"name":"I send a POST request with invalid credentials","match":{"location":"stepdefinitions.api.LoginSteps.iSendPostRequestWithInvalidCredentials()"},"keyword":"When "},{"result":{"duration":2477000,"status":"passed"},"line":12,"name":"I should receive a 302 response from OrangeHRM","match":{"arguments":[{"val":"302","offset":19}],"location":"stepdefinitions.api.LoginSteps.iShouldReceiveAResponseFromOrangeHRM(java.lang.Integer)"},"keyword":"Then "}],"tags":[{"name":"@API"}]}],"name":"OrangeHRM Login API Testing","description":"","id":"orangehrm-login-api-testing","keyword":"Feature","uri":"file:src/test/resources/features/api/Login.feature","tags":[{"name":"@API","type":"Tag","location":{"line":1,"column":1}}]},{"line":2,"elements":[{"start_timestamp":"2025-11-10T04:36:57.595Z","before":[{"result":{"duration":15196129700,"status":"passed"},"match":{"location":"hooks.Hooks.setUp(io.cucumber.java.Scenario)"}}],"line":4,"name":"Logout from OrangeHRM","description":"","id":"logout-api-testing;logout-from-orangehrm","after":[{"result":{"duration":7115024400,"status":"passed"},"match":{"location":"hooks.Hooks.tearDown(io.cucumber.java.Scenario)"}}],"type":"scenario","keyword":"Scenario","steps":[{"result":{"duration":2022900,"status":"passed"},"line":5,"name":"I set the logout API endpoint","match":{"location":"stepdefinitions.api.LogoutSteps.setLogoutEndpoint()"},"keyword":"Given "},{"result":{"duration":1332572400,"status":"passed"},"line":6,"name":"I send a POST request to logout","match":{"location":"stepdefinitions.api.LogoutSteps.sendLogoutRequest()"},"keyword":"When "},{"result":{"duration":998200,"status":"passed"},"line":8,"name":"I should receive a 404 response confirming logout","match":{"arguments":[{"val":"404","offset":19}],"location":"stepdefinitions.api.LogoutSteps.verifyLogoutResponse(int)"},"keyword":"Then "}],"tags":[{"name":"@API"}]}],"name":"Logout API Testing","description":"","id":"logout-api-testing","keyword":"Feature","uri":"file:src/test/resources/features/api/Logout.feature","tags":[{"name":"@API","type":"Tag","location":{"line":1,"column":1}}]},{"line":2,"elements":[{"start_timestamp":"2025-11-10T04:37:21.593Z","before":[{"result":{"duration":13383198300,"status":"passed"},"match":{"location":"hooks.Hooks.setUp(io.cucumber.java.Scenario)"}}],"line":4,"name":"Get all user roles","description":"","id":"user-role-api-testing;get-all-user-roles","after":[{"result":{"error_message":"org.openqa.selenium.WebDriverException: Timed out waiting for driver server to stop.\nBuild info: version: '4.15.0', revision: '1d14b5521b'\nSystem info: os.name: 'Windows 11', os.arch: 'amd64', os.version: '10.0', java.version: '11.0.22'\nDriver info: org.openqa.selenium.chrome.ChromeDriver\nCommand: [8e7c6774e094f09768b04f367ca357da, quit {}]\nCapabilities {acceptInsecureCerts: false, browserName: chrome, browserVersion: 142.0.7444.60, chrome: {chromedriverVersion: 142.0.7444.61 (9884f628acbc..., userDataDir: C:\\Users\\schapre\\AppData\\Lo...}, fedcm:accounts: true, goog:chromeOptions: {debuggerAddress: localhost:61289}, goog:processID: 6264, networkConnectionEnabled: false, pageLoadStrategy: normal, platformName: windows, proxy: Proxy(), se:cdp: ws://localhost:61289/devtoo..., se:cdpVersion: 142.0.7444.60, setWindowRect: true, strictFileInteractability: false, timeouts: {implicit: 0, pageLoad: 300000, script: 30000}, unhandledPromptBehavior: dismiss and notify, webauthn:extension:credBlob: true, webauthn:extension:largeBlob: true, webauthn:extension:minPinLength: true, webauthn:extension:prf: true, webauthn:virtualAuthenticators: true}\r\n\tat org.openqa.selenium.remote.service.DriverCommandExecutor.execute(DriverCommandExecutor.java:165)\r\n\tat org.openqa.selenium.remote.RemoteWebDriver.execute(RemoteWebDriver.java:607)\r\n\tat org.openqa.selenium.remote.RemoteWebDriver.execute(RemoteWebDriver.java:680)\r\n\tat org.openqa.selenium.remote.RemoteWebDriver.execute(RemoteWebDriver.java:684)\r\n\tat org.openqa.selenium.remote.RemoteWebDriver.quit(RemoteWebDriver.java:442)\r\n\tat org.openqa.selenium.chromium.ChromiumDriver.quit(ChromiumDriver.java:351)\r\n\tat utils.DriverFactory.quitDriver(DriverFactory.java:66)\r\n\tat hooks.Hooks.tearDown(Hooks.java:121)\r\nCaused by: java.util.concurrent.ExecutionException: java.lang.NullPointerException\r\n\tat java.base/java.util.concurrent.CompletableFuture.reportGet(CompletableFuture.java:395)\r\n\tat java.base/java.util.concurrent.CompletableFuture.get(CompletableFuture.java:2028)\r\n\tat org.openqa.selenium.remote.service.DriverCommandExecutor.execute(DriverCommandExecutor.java:161)\r\n\tat org.openqa.selenium.remote.RemoteWebDriver.execute(RemoteWebDriver.java:607)\r\n\tat org.openqa.selenium.remote.RemoteWebDriver.execute(RemoteWebDriver.java:680)\r\n\tat org.openqa.selenium.remote.RemoteWebDriver.execute(RemoteWebDriver.java:684)\r\n\tat org.openqa.selenium.remote.RemoteWebDriver.quit(RemoteWebDriver.java:442)\r\n\tat org.openqa.selenium.chromium.ChromiumDriver.quit(ChromiumDriver.java:351)\r\n\tat utils.DriverFactory.quitDriver(DriverFactory.java:66)\r\n\tat hooks.Hooks.tearDown(Hooks.java:121)\r\n\tat java.base/jdk.internal.reflect.NativeMethodAccessorImpl.invoke0(Native Method)\r\n\tat java.base/jdk.internal.reflect.NativeMethodAccessorImpl.invoke(NativeMethodAccessorImpl.java:62)\r\n\tat java.base/jdk.internal.reflect.DelegatingMethodAccessorImpl.invoke(DelegatingMethodAccessorImpl.java:43)\r\n\tat java.base/java.lang.reflect.Method.invoke(Method.java:566)\r\n\tat io.cucumber.java.Invoker.doInvoke(Invoker.java:66)\r\n\tat io.cucumber.java.Invoker.invoke(Invoker.java:24)\r\n\tat io.cucumber.java.AbstractGlueDefinition.invokeMethod(AbstractGlueDefinition.java:47)\r\n\tat io.cucumber.java.JavaHookDefinition.execute(JavaHookDefinition.java:64)\r\n\tat io.cucumber.core.runner.CoreHookDefinition.execute(CoreHookDefinition.java:46)\r\n\tat io.cucumber.core.runner.HookDefinitionMatch.runStep(HookDefinitionMatch.java:21)\r\n\tat io.cucumber.core.runner.ExecutionMode$1.execute(ExecutionMode.java:10)\r\n\tat io.cucumber.core.runner.TestStep.executeStep(TestStep.java:84)\r\n\tat io.cucumber.core.runner.TestStep.run(TestStep.java:56)\r\n\tat io.cucumber.core.runner.TestCase.run(TestCase.java:90)\r\n\tat io.cucumber.core.runner.Runner.runPickle(Runner.java:75)\r\n\tat io.cucumber.testng.TestNGCucumberRunner.lambda$runScenario$1(TestNGCucumberRunner.java:132)\r\n\tat io.cucumber.core.runtime.CucumberExecutionContext.lambda$runTestCase$5(CucumberExecutionContext.java:137)\r\n\tat io.cucumber.core.runtime.RethrowingThrowableCollector.executeAndThrow(RethrowingThrowableCollector.java:23)\r\n\tat io.cucumber.core.runtime.CucumberExecutionContext.runTestCase(CucumberExecutionContext.java:137)\r\n\tat io.cucumber.testng.TestNGCucumberRunner.runScenario(TestNGCucumberRunner.java:129)\r\n\tat io.cucumber.testng.AbstractTestNGCucumberTests.runScenario(AbstractTestNGCucumberTests.java:35)\r\n\tat java.base/jdk.internal.reflect.NativeMethodAccessorImpl.invoke0(Native Method)\r\n\tat java.base/jdk.internal.reflect.NativeMethodAccessorImpl.invoke(NativeMethodAccessorImpl.java:62)\r\n\tat java.base/jdk.internal.reflect.DelegatingMethodAccessorImpl.invoke(DelegatingMethodAccessorImpl.java:43)\r\n\tat java.base/java.lang.reflect.Method.invoke(Method.java:566)\r\n\tat org.testng.internal.invokers.MethodInvocationHelper.invokeMethod(MethodInvocationHelper.java:141)\r\n\tat org.testng.internal.invokers.TestInvoker.invokeMethod(TestInvoker.java:686)\r\n\tat org.testng.internal.invokers.TestInvoker.invokeTestMethod(TestInvoker.java:230)\r\n\tat org.testng.internal.invokers.MethodRunner.runInSequence(MethodRunner.java:63)\r\n\tat org.testng.internal.invokers.TestInvoker$MethodInvocationAgent.invoke(TestInvoker.java:992)\r\n\tat org.testng.internal.invokers.TestInvoker.invokeTestMethods(TestInvoker.java:203)\r\n\tat org.testng.internal.invokers.TestMethodWorker.invokeTestMethods(TestMethodWorker.java:154)\r\n\tat org.testng.internal.invokers.TestMethodWorker.run(TestMethodWorker.java:134)\r\n\tat java.base/java.util.ArrayList.forEach(ArrayList.java:1541)\r\n\tat org.testng.TestRunner.privateRun(TestRunner.java:739)\r\n\tat org.testng.TestRunner.run(TestRunner.java:614)\r\n\tat org.testng.SuiteRunner.runTest(SuiteRunner.java:421)\r\n\tat org.testng.SuiteRunner$SuiteWorker.run(SuiteRunner.java:463)\r\n\tat org.testng.internal.thread.ThreadUtil.lambda$execute$0(ThreadUtil.java:64)\r\n\tat java.base/java.util.concurrent.FutureTask.run(FutureTask.java:264)\r\n\tat java.base/java.util.concurrent.ThreadPoolExecutor.runWorker(ThreadPoolExecutor.java:1128)\r\n\tat java.base/java.util.concurrent.ThreadPoolExecutor$Worker.run(ThreadPoolExecutor.java:628)\r\n\tat java.base/java.lang.Thread.run(Thread.java:829)\r\nCaused by: java.lang.NullPointerException\r\n\tat org.openqa.selenium.remote.http.jdk.JdkHttpClient.execute0(JdkHttpClient.java:390)\r\n\tat org.openqa.selenium.remote.http.AddSeleniumUserAgent.lambda$apply$0(AddSeleniumUserAgent.java:42)\r\n\tat org.openqa.selenium.remote.http.Filter.lambda$andFinally$1(Filter.java:55)\r\n\tat org.openqa.selenium.remote.http.jdk.JdkHttpClient.execute(JdkHttpClient.java:366)\r\n\tat org.openqa.selenium.remote.HttpCommandExecutor.execute(HttpCommandExecutor.java:188)\r\n\tat org.openqa.selenium.remote.service.DriverCommandExecutor.invokeExecute(DriverCommandExecutor.java:200)\r\n\tat org.openqa.selenium.remote.service.DriverCommandExecutor.lambda$execute$1(DriverCommandExecutor.java:128)\r\n\tat java.base/java.util.concurrent.CompletableFuture$AsyncSupply.run(CompletableFuture.java:1700)\r\n\t... 3 more\r\n","duration":10539223800,"status":"failed"},"match":{"location":"hooks.Hooks.tearDown(io.cucumber.java.Scenario)"}}],"type":"scenario","keyword":"Scenario","steps":[{"result":{"duration":29871300,"status":"passed"},"line":5,"name":"I set the user roles API endpoint","match":{"location":"stepdefinitions.api.UserRoleSteps.setUserRolesEndpoint()"},"keyword":"Given "},{"result":{"duration":2377082600,"status":"passed"},"line":6,"name":"I send a GET request to fetch all roles","match":{"location":"stepdefinitions.api.UserRoleSteps.getAllRoles()"},"keyword":"When "},{"result":{"status":"passed"},"line":8,"name":"I should receive a 404 response with role list","match":{"arguments":[{"val":"404","offset":19}],"location":"stepdefinitions.api.UserRoleSteps.verifyRoleResponse(int)"},"keyword":"Then "}],"tags":[{"name":"@API"}]},{"start_timestamp":"2025-11-10T04:37:48.131Z","before":[{"result":{"duration":15923543400,"status":"passed"},"match":{"location":"hooks.Hooks.setUp(io.cucumber.java.Scenario)"}}],"line":10,"name":"Assign role to user","description":"","id":"user-role-api-testing;assign-role-to-user","after":[{"result":{"duration":6046542100,"status":"passed"},"match":{"location":"hooks.Hooks.tearDown(io.cucumber.java.Scenario)"}}],"type":"scenario","keyword":"Scenario","steps":[{"result":{"duration":1527000,"status":"passed"},"line":11,"name":"I set the role assignment API endpoint","match":{"location":"stepdefinitions.api.UserRoleSteps.setRoleAssignmentEndpoint()"},"keyword":"Given "},{"result":{"duration":1035837000,"status":"passed"},"line":12,"name":"I send a POST request with user ID and role ID","match":{"location":"stepdefinitions.api.UserRoleSteps.assignRoleToUser()"},"keyword":"When "},{"result":{"duration":2659300,"status":"passed"},"line":14,"name":"I should receive a 404 response confirming role assignment","match":{"arguments":[{"val":"404","offset":19}],"location":"stepdefinitions.api.UserRoleSteps.verifyRoleResponse(int)"},"keyword":"Then "}],"tags":[{"name":"@API"}]}],"name":"User Role API Testing","description":"","id":"user-role-api-testing","keyword":"Feature","uri":"file:src/test/resources/features/api/UserRole.feature","tags":[{"name":"@API","type":"Tag","location":{"line":1,"column":1}}]},{"line":2,"elements":[{"line":7,"name":"","description":"","type":"background","keyword":"Background","steps":[{"result":{"duration":13984314100,"status":"passed"},"line":8,"name":"I am on the forget password page","match":{"location":"stepdefinitions.web.UI_ForgetPasswordFunctionality_StepDefinition.i_am_on_the_forget_password_page()"},"keyword":"Given "}]},{"start_timestamp":"2025-11-10T04:38:11.550Z","before":[{"result":{"duration":17357944800,"status":"passed"},"match":{"location":"hooks.Hooks.setUp(io.cucumber.java.Scenario)"}}],"line":11,"name":"TC_Forget_01 - Validate Error message if Email address left blank","description":"","id":"forget-password-functionality-testing;tc-forget-01---validate-error-message-if-email-address-left-blank","after":[{"result":{"duration":6081038500,"status":"passed"},"match":{"location":"hooks.Hooks.tearDown(io.cucumber.java.Scenario)"}}],"type":"scenario","keyword":"Scenario","steps":[{"result":{"duration":5163943900,"status":"passed"},"line":12,"name":"I leave the email address field blank","match":{"location":"stepdefinitions.web.UI_ForgetPasswordFunctionality_StepDefinition.i_leave_the_email_address_field_blank()"},"keyword":"When "},{"result":{"duration":1176263800,"status":"passed"},"line":13,"name":"I click on 'Continue' button","match":{"location":"stepdefinitions.web.UI_ForgetPasswordFunctionality_StepDefinition.i_click_on_continue_button()"},"keyword":"And "},{"result":{"duration":119558600,"status":"passed"},"line":14,"name":"I should see error message 'Email is required'","match":{"arguments":[{"val":"'Email is required'","offset":27}],"location":"stepdefinitions.web.UI_ForgetPasswordFunctionality_StepDefinition.i_should_see_error_message(java.lang.String)"},"keyword":"Then "}],"tags":[{"name":"@WEB"},{"name":"@TC_Forget_01"}]},{"line":7,"name":"","description":"","type":"background","keyword":"Background","steps":[{"result":{"duration":8110124400,"status":"passed"},"line":8,"name":"I am on the forget password page","match":{"location":"stepdefinitions.web.UI_ForgetPasswordFunctionality_StepDefinition.i_am_on_the_forget_password_page()"},"keyword":"Given "}]},{"start_timestamp":"2025-11-10T04:38:56.505Z","before":[{"result":{"duration":14557487400,"status":"passed"},"match":{"location":"hooks.Hooks.setUp(io.cucumber.java.Scenario)"}}],"line":17,"name":"TC_Forget_02 - Validate Error message if wrong Email address entered","description":"","id":"forget-password-functionality-testing;tc-forget-02---validate-error-message-if-wrong-email-address-entered","after":[{"result":{"duration":13198072800,"status":"passed"},"match":{"location":"hooks.Hooks.tearDown(io.cucumber.java.Scenario)"}}],"type":"scenario","keyword":"Scenario","steps":[{"result":{"duration":3944273200,"status":"passed"},"line":18,"name":"I enter wrong email address \"wrongemail@test.com\"","match":{"arguments":[{"val":"\"wrongemail@test.com\"","offset":28}],"location":"stepdefinitions.web.UI_ForgetPasswordFunctionality_StepDefinition.i_enter_wrong_email_address(java.lang.String)"},"keyword":"When "},{"result":{"duration":5638087600,"status":"passed"},"line":19,"name":"I click on 'Continue' button","match":{"location":"stepdefinitions.web.UI_ForgetPasswordFunctionality_StepDefinition.i_click_on_continue_button()"},"keyword":"And "},{"result":{"duration":1560780800,"status":"passed"},"line":20,"name":"I should see error message 'Email not found in our records'","match":{"arguments":[{"val":"'Email not found in our records'","offset":27}],"location":"stepdefinitions.web.UI_ForgetPasswordFunctionality_StepDefinition.i_should_see_error_message(java.lang.String)"},"keyword":"Then "}],"tags":[{"name":"@WEB"},{"name":"@TC_Forget_02"}]},{"line":7,"name":"","description":"","type":"background","keyword":"Background","steps":[{"result":{"duration":8995457500,"status":"passed"},"line":8,"name":"I am on the forget password page","match":{"location":"stepdefinitions.web.UI_ForgetPasswordFunctionality_StepDefinition.i_am_on_the_forget_password_page()"},"keyword":"Given "}]},{"start_timestamp":"2025-11-10T04:39:43.846Z","before":[{"result":{"duration":16331959300,"status":"passed"},"match":{"location":"hooks.Hooks.setUp(io.cucumber.java.Scenario)"}}],"line":23,"name":"TC_Forget_03 - Validate Error message if Secret Code left blank","description":"","id":"forget-password-functionality-testing;tc-forget-03---validate-error-message-if-secret-code-left-blank","after":[{"result":{"duration":16775903600,"status":"passed"},"match":{"location":"hooks.Hooks.tearDown(io.cucumber.java.Scenario)"}}],"type":"scenario","keyword":"Scenario","steps":[{"result":{"duration":2651234300,"status":"passed"},"line":24,"name":"I enter valid email address \"user@premiumbank.com\"","match":{"arguments":[{"val":"\"user@premiumbank.com\"","offset":28}],"location":"stepdefinitions.web.UI_ForgetPasswordFunctionality_StepDefinition.i_enter_valid_email_address(java.lang.String)"},"keyword":"When "},{"result":{"duration":3280755700,"status":"passed"},"line":25,"name":"I click on 'Continue' button","match":{"location":"stepdefinitions.web.UI_ForgetPasswordFunctionality_StepDefinition.i_click_on_continue_button()"},"keyword":"And "},{"result":{"duration":4330725800,"status":"passed"},"line":26,"name":"I leave the secret code field blank","match":{"location":"stepdefinitions.web.UI_ForgetPasswordFunctionality_StepDefinition.i_leave_the_secret_code_field_blank()"},"keyword":"And "},{"result":{"duration":1281349500,"status":"passed"},"line":27,"name":"I click on 'Verify Code' button","match":{"location":"stepdefinitions.web.UI_ForgetPasswordFunctionality_StepDefinition.i_click_on_verify_code_button()"},"keyword":"And "},{"result":{"duration":372506300,"status":"passed"},"line":28,"name":"I should see error message 'Secret code is required'","match":{"arguments":[{"val":"'Secret code is required'","offset":27}],"location":"stepdefinitions.web.UI_ForgetPasswordFunctionality_StepDefinition.i_should_see_error_message(java.lang.String)"},"keyword":"Then "}],"tags":[{"name":"@WEB"},{"name":"@TC_Forget_03"}]},{"line":7,"name":"","description":"","type":"background","keyword":"Background","steps":[{"result":{"duration":13549640000,"status":"passed"},"line":8,"name":"I am on the forget password page","match":{"location":"stepdefinitions.web.UI_ForgetPasswordFunctionality_StepDefinition.i_am_on_the_forget_password_page()"},"keyword":"Given "}]},{"start_timestamp":"2025-11-10T04:40:37.946Z","before":[{"result":{"duration":16335034700,"status":"passed"},"match":{"location":"hooks.Hooks.setUp(io.cucumber.java.Scenario)"}}],"line":31,"name":"TC_Forget_04 - Validate Error message if wrong Secret Code entered","description":"","id":"forget-password-functionality-testing;tc-forget-04---validate-error-message-if-wrong-secret-code-entered","after":[{"result":{"error_message":"org.openqa.selenium.NoSuchSessionException: Session ID is null. Using WebDriver after calling quit()?\nBuild info: version: '4.15.0', revision: '1d14b5521b'\nSystem info: os.name: 'Windows 11', os.arch: 'amd64', os.version: '10.0', java.version: '11.0.22'\nDriver info: org.openqa.selenium.chrome.ChromeDriver\nCommand: [null, screenshot {}]\nCapabilities {acceptInsecureCerts: false, browserName: chrome, browserVersion: 142.0.7444.60, chrome: {chromedriverVersion: 142.0.7444.61 (9884f628acbc..., userDataDir: C:\\Users\\schapre\\AppData\\Lo...}, fedcm:accounts: true, goog:chromeOptions: {debuggerAddress: localhost:59784}, goog:processID: 28472, networkConnectionEnabled: false, pageLoadStrategy: normal, platformName: windows, proxy: Proxy(), se:cdp: ws://localhost:59784/devtoo..., se:cdpVersion: 142.0.7444.60, setWindowRect: true, strictFileInteractability: false, timeouts: {implicit: 0, pageLoad: 300000, script: 30000}, unhandledPromptBehavior: dismiss and notify, webauthn:extension:credBlob: true, webauthn:extension:largeBlob: true, webauthn:extension:minPinLength: true, webauthn:extension:prf: true, webauthn:virtualAuthenticators: true}\r\n\tat org.openqa.selenium.remote.HttpCommandExecutor.execute(HttpCommandExecutor.java:152)\r\n\tat org.openqa.selenium.remote.service.DriverCommandExecutor.invokeExecute(DriverCommandExecutor.java:200)\r\n\tat org.openqa.selenium.remote.service.DriverCommandExecutor.execute(DriverCommandExecutor.java:175)\r\n\tat org.openqa.selenium.remote.RemoteWebDriver.execute(RemoteWebDriver.java:607)\r\n\tat org.openqa.selenium.remote.RemoteWebDriver.execute(RemoteWebDriver.java:680)\r\n\tat org.openqa.selenium.remote.RemoteWebDriver.execute(RemoteWebDriver.java:684)\r\n\tat org.openqa.selenium.remote.RemoteWebDriver.getScreenshotAs(RemoteWebDriver.java:330)\r\n\tat utils.AllureManager.attachScreenshot(AllureManager.java:35)\r\n\tat hooks.Hooks.tearDown(Hooks.java:99)\r\n","duration":16044984800,"status":"failed"},"match":{"location":"hooks.Hooks.tearDown(io.cucumber.java.Scenario)"}}],"type":"scenario","keyword":"Scenario","steps":[{"result":{"duration":8117776500,"status":"passed"},"line":32,"name":"I enter valid email address \"user@premiumbank.com\"","match":{"arguments":[{"val":"\"user@premiumbank.com\"","offset":28}],"location":"stepdefinitions.web.UI_ForgetPasswordFunctionality_StepDefinition.i_enter_valid_email_address(java.lang.String)"},"keyword":"When "},{"result":{"duration":3078078900,"status":"passed"},"line":33,"name":"I click on 'Continue' button","match":{"location":"stepdefinitions.web.UI_ForgetPasswordFunctionality_StepDefinition.i_click_on_continue_button()"},"keyword":"And "},{"result":{"error_message":"java.lang.AssertionError: Security code field should be displayed expected [true] but found [false]\r\n\tat org.testng.Assert.fail(Assert.java:111)\r\n\tat org.testng.Assert.failNotEquals(Assert.java:1578)\r\n\tat org.testng.Assert.assertTrue(Assert.java:57)\r\n\tat stepdefinitions.web.UI_ForgetPasswordFunctionality_StepDefinition.i_enter_wrong_secret_code(UI_ForgetPasswordFunctionality_StepDefinition.java:58)\r\n\tat ✽.I enter wrong secret code \"WRONG123\"(file:///C:/Users/schapre/automation/AutomationFramework_Selenium_Java/src/test/resources/features/web/UI_ForgetPassword_Functionality.feature:34)\r\n","duration":1966957300,"status":"failed"},"line":34,"name":"I enter wrong secret code \"WRONG123\"","match":{"arguments":[{"val":"\"WRONG123\"","offset":26}],"location":"stepdefinitions.web.UI_ForgetPasswordFunctionality_StepDefinition.i_enter_wrong_secret_code(java.lang.String)"},"keyword":"And "},{"result":{"duration":997700,"status":"skipped"},"line":35,"name":"I click on 'Verify Code' button","match":{"location":"stepdefinitions.web.UI_ForgetPasswordFunctionality_StepDefinition.i_click_on_verify_code_button()"},"keyword":"And "},{"result":{"duration":988500,"status":"skipped"},"line":36,"name":"I should see error message 'Invalid secret code'","match":{"arguments":[{"val":"'Invalid secret code'","offset":27}],"location":"stepdefinitions.web.UI_ForgetPasswordFunctionality_StepDefinition.i_should_see_error_message(java.lang.String)"},"keyword":"Then "}],"tags":[{"name":"@WEB"},{"name":"@TC_Forget_04"}]},{"line":7,"name":"","description":"","type":"background","keyword":"Background","steps":[{"result":{"duration":16022202800,"status":"passed"},"line":8,"name":"I am on the forget password page","match":{"location":"stepdefinitions.web.UI_ForgetPasswordFunctionality_StepDefinition.i_am_on_the_forget_password_page()"},"keyword":"Given "}]},{"start_timestamp":"2025-11-10T04:41:37.121Z","before":[{"result":{"duration":12115210600,"status":"passed"},"match":{"location":"hooks.Hooks.setUp(io.cucumber.java.Scenario)"}}],"line":39,"name":"TC_Forget_05 - Validate Error message if Current Password left blank","description":"","id":"forget-password-functionality-testing;tc-forget-05---validate-error-message-if-current-password-left-blank","after":[{"result":{"duration":18324313800,"status":"passed"},"match":{"location":"hooks.Hooks.tearDown(io.cucumber.java.Scenario)"}}],"type":"scenario","keyword":"Scenario","steps":[{"result":{"duration":5739005000,"status":"passed"},"line":40,"name":"I enter valid email address \"user@premiumbank.com\"","match":{"arguments":[{"val":"\"user@premiumbank.com\"","offset":28}],"location":"stepdefinitions.web.UI_ForgetPasswordFunctionality_StepDefinition.i_enter_valid_email_address(java.lang.String)"},"keyword":"When "},{"result":{"duration":6416768100,"status":"passed"},"line":41,"name":"I click on 'Continue' button","match":{"location":"stepdefinitions.web.UI_ForgetPasswordFunctionality_StepDefinition.i_click_on_continue_button()"},"keyword":"And "},{"result":{"duration":6682316400,"status":"passed"},"line":42,"name":"I enter correct secret code \"BANK1234\"","match":{"arguments":[{"val":"\"BANK1234\"","offset":28}],"location":"stepdefinitions.web.UI_ForgetPasswordFunctionality_StepDefinition.i_enter_correct_secret_code(java.lang.String)"},"keyword":"And "},{"result":{"duration":2171683600,"status":"passed"},"line":43,"name":"I click on 'Verify Code' button","match":{"location":"stepdefinitions.web.UI_ForgetPasswordFunctionality_StepDefinition.i_click_on_verify_code_button()"},"keyword":"And "},{"result":{"duration":4984704700,"status":"passed"},"line":44,"name":"I leave the current password field blank","match":{"location":"stepdefinitions.web.UI_ForgetPasswordFunctionality_StepDefinition.i_leave_the_current_password_field_blank()"},"keyword":"And "},{"result":{"duration":5078411000,"status":"passed"},"line":45,"name":"I enter new password \"NewBank@456\"","match":{"arguments":[{"val":"\"NewBank@456\"","offset":21}],"location":"stepdefinitions.web.UI_ForgetPasswordFunctionality_StepDefinition.i_enter_new_password(java.lang.String)"},"keyword":"And "},{"result":{"duration":3933667800,"status":"passed"},"line":46,"name":"I enter confirm password \"NewBank@456\"","match":{"arguments":[{"val":"\"NewBank@456\"","offset":25}],"location":"stepdefinitions.web.UI_ForgetPasswordFunctionality_StepDefinition.i_enter_confirm_password(java.lang.String)"},"keyword":"And "},{"result":{"duration":3023287000,"status":"passed"},"line":47,"name":"I click on 'Reset Password' button","match":{"location":"stepdefinitions.web.UI_ForgetPasswordFunctionality_StepDefinition.i_click_on_reset_password_button()"},"keyword":"And "},{"result":{"duration":961666300,"status":"passed"},"line":48,"name":"I should see error message 'Current password is required'","match":{"arguments":[{"val":"'Current password is required'","offset":27}],"location":"stepdefinitions.web.UI_ForgetPasswordFunctionality_StepDefinition.i_should_see_error_message(java.lang.String)"},"keyword":"Then "}],"tags":[{"name":"@WEB"},{"name":"@TC_Forget_05"}]},{"line":7,"name":"","description":"","type":"background","keyword":"Background","steps":[{"result":{"duration":14961246300,"status":"passed"},"line":8,"name":"I am on the forget password page","match":{"location":"stepdefinitions.web.UI_ForgetPasswordFunctionality_StepDefinition.i_am_on_the_forget_password_page()"},"keyword":"Given "}]},{"start_timestamp":"2025-11-10T04:43:03.042Z","before":[{"result":{"duration":13965651300,"status":"passed"},"match":{"location":"hooks.Hooks.setUp(io.cucumber.java.Scenario)"}}],"line":51,"name":"TC_Forget_06 - Validate Error message if New Password left blank","description":"","id":"forget-password-functionality-testing;tc-forget-06---validate-error-message-if-new-password-left-blank","after":[{"result":{"duration":14488065000,"status":"passed"},"match":{"location":"hooks.Hooks.tearDown(io.cucumber.java.Scenario)"}}],"type":"scenario","keyword":"Scenario","steps":[{"result":{"duration":7604407800,"status":"passed"},"line":52,"name":"I enter valid email address \"user@premiumbank.com\"","match":{"arguments":[{"val":"\"user@premiumbank.com\"","offset":28}],"location":"stepdefinitions.web.UI_ForgetPasswordFunctionality_StepDefinition.i_enter_valid_email_address(java.lang.String)"},"keyword":"When "},{"result":{"duration":6017155900,"status":"passed"},"line":53,"name":"I click on 'Continue' button","match":{"location":"stepdefinitions.web.UI_ForgetPasswordFunctionality_StepDefinition.i_click_on_continue_button()"},"keyword":"And "},{"result":{"error_message":"java.lang.AssertionError: Security code field should be displayed expected [true] but found [false]\r\n\tat org.testng.Assert.fail(Assert.java:111)\r\n\tat org.testng.Assert.failNotEquals(Assert.java:1578)\r\n\tat org.testng.Assert.assertTrue(Assert.java:57)\r\n\tat stepdefinitions.web.UI_ForgetPasswordFunctionality_StepDefinition.i_enter_correct_secret_code(UI_ForgetPasswordFunctionality_StepDefinition.java:65)\r\n\tat ✽.I enter correct secret code \"BANK1234\"(file:///C:/Users/schapre/automation/AutomationFramework_Selenium_Java/src/test/resources/features/web/UI_ForgetPassword_Functionality.feature:54)\r\n","duration":717089700,"status":"failed"},"line":54,"name":"I enter correct secret code \"BANK1234\"","match":{"arguments":[{"val":"\"BANK1234\"","offset":28}],"location":"stepdefinitions.web.UI_ForgetPasswordFunctionality_StepDefinition.i_enter_correct_secret_code(java.lang.String)"},"keyword":"And "},{"result":{"duration":1011700,"status":"skipped"},"line":55,"name":"I click on 'Verify Code' button","match":{"location":"stepdefinitions.web.UI_ForgetPasswordFunctionality_StepDefinition.i_click_on_verify_code_button()"},"keyword":"And "},{"result":{"duration":1006900,"status":"skipped"},"line":56,"name":"I enter current password \"Bank@123\"","match":{"arguments":[{"val":"\"Bank@123\"","offset":25}],"location":"stepdefinitions.web.UI_ForgetPasswordFunctionality_StepDefinition.i_enter_current_password(java.lang.String)"},"keyword":"And "},{"result":{"duration":990200,"status":"skipped"},"line":57,"name":"I leave the new password field blank","match":{"location":"stepdefinitions.web.UI_ForgetPasswordFunctionality_StepDefinition.i_leave_the_new_password_field_blank()"},"keyword":"And "},{"result":{"duration":997100,"status":"skipped"},"line":58,"name":"I enter confirm password \"NewBank@456\"","match":{"arguments":[{"val":"\"NewBank@456\"","offset":25}],"location":"stepdefinitions.web.UI_ForgetPasswordFunctionality_StepDefinition.i_enter_confirm_password(java.lang.String)"},"keyword":"And "},{"result":{"duration":999200,"status":"skipped"},"line":59,"name":"I click on 'Reset Password' button","match":{"location":"stepdefinitions.web.UI_ForgetPasswordFunctionality_StepDefinition.i_click_on_reset_password_button()"},"keyword":"And "},{"result":{"status":"skipped"},"line":60,"name":"I should see error message 'New password is required'","match":{"arguments":[{"val":"'New password is required'","offset":27}],"location":"stepdefinitions.web.UI_ForgetPasswordFunctionality_StepDefinition.i_should_see_error_message(java.lang.String)"},"keyword":"Then "}],"tags":[{"name":"@WEB"},{"name":"@TC_Forget_06"}]},{"line":7,"name":"","description":"","type":"background","keyword":"Background","steps":[{"result":{"duration":15657975500,"status":"passed"},"line":8,"name":"I am on the forget password page","match":{"location":"stepdefinitions.web.UI_ForgetPasswordFunctionality_StepDefinition.i_am_on_the_forget_password_page()"},"keyword":"Given "}]},{"start_timestamp":"2025-11-10T04:44:00.924Z","before":[{"result":{"duration":23749204100,"status":"passed"},"match":{"location":"hooks.Hooks.setUp(io.cucumber.java.Scenario)"}}],"line":63,"name":"TC_Forget_07 - Validate Error message if Confirm New Password left blank","description":"","id":"forget-password-functionality-testing;tc-forget-07---validate-error-message-if-confirm-new-password-left-blank","after":[{"result":{"duration":13508866400,"status":"passed"},"match":{"location":"hooks.Hooks.tearDown(io.cucumber.java.Scenario)"}}],"type":"scenario","keyword":"Scenario","steps":[{"result":{"duration":8620822200,"status":"passed"},"line":64,"name":"I enter valid email address \"user@premiumbank.com\"","match":{"arguments":[{"val":"\"user@premiumbank.com\"","offset":28}],"location":"stepdefinitions.web.UI_ForgetPasswordFunctionality_StepDefinition.i_enter_valid_email_address(java.lang.String)"},"keyword":"When "},{"result":{"duration":3301905600,"status":"passed"},"line":65,"name":"I click on 'Continue' button","match":{"location":"stepdefinitions.web.UI_ForgetPasswordFunctionality_StepDefinition.i_click_on_continue_button()"},"keyword":"And "},{"result":{"error_message":"java.lang.AssertionError: Security code field should be displayed expected [true] but found [false]\r\n\tat org.testng.Assert.fail(Assert.java:111)\r\n\tat org.testng.Assert.failNotEquals(Assert.java:1578)\r\n\tat org.testng.Assert.assertTrue(Assert.java:57)\r\n\tat stepdefinitions.web.UI_ForgetPasswordFunctionality_StepDefinition.i_enter_correct_secret_code(UI_ForgetPasswordFunctionality_StepDefinition.java:65)\r\n\tat ✽.I enter correct secret code \"BANK1234\"(file:///C:/Users/schapre/automation/AutomationFramework_Selenium_Java/src/test/resources/features/web/UI_ForgetPassword_Functionality.feature:66)\r\n","duration":47027900,"status":"failed"},"line":66,"name":"I enter correct secret code \"BANK1234\"","match":{"arguments":[{"val":"\"BANK1234\"","offset":28}],"location":"stepdefinitions.web.UI_ForgetPasswordFunctionality_StepDefinition.i_enter_correct_secret_code(java.lang.String)"},"keyword":"And "},{"result":{"status":"skipped"},"line":67,"name":"I click on 'Verify Code' button","match":{"location":"stepdefinitions.web.UI_ForgetPasswordFunctionality_StepDefinition.i_click_on_verify_code_button()"},"keyword":"And "},{"result":{"status":"skipped"},"line":68,"name":"I enter current password \"Bank@123\"","match":{"arguments":[{"val":"\"Bank@123\"","offset":25}],"location":"stepdefinitions.web.UI_ForgetPasswordFunctionality_StepDefinition.i_enter_current_password(java.lang.String)"},"keyword":"And "},{"result":{"status":"skipped"},"line":69,"name":"I enter new password \"NewBank@456\"","match":{"arguments":[{"val":"\"NewBank@456\"","offset":21}],"location":"stepdefinitions.web.UI_ForgetPasswordFunctionality_StepDefinition.i_enter_new_password(java.lang.String)"},"keyword":"And "},{"result":{"duration":996800,"status":"skipped"},"line":70,"name":"I leave the confirm password field blank","match":{"location":"stepdefinitions.web.UI_ForgetPasswordFunctionality_StepDefinition.i_leave_the_confirm_password_field_blank()"},"keyword":"And "},{"result":{"duration":1509600,"status":"skipped"},"line":71,"name":"I click on 'Reset Password' button","match":{"location":"stepdefinitions.web.UI_ForgetPasswordFunctionality_StepDefinition.i_click_on_reset_password_button()"},"keyword":"And "},{"result":{"duration":1034800,"status":"skipped"},"line":72,"name":"I should see error message 'Please confirm your new password'","match":{"arguments":[{"val":"'Please confirm your new password'","offset":27}],"location":"stepdefinitions.web.UI_ForgetPasswordFunctionality_StepDefinition.i_should_see_error_message(java.lang.String)"},"keyword":"Then "}],"tags":[{"name":"@WEB"},{"name":"@TC_Forget_07"}]},{"line":7,"name":"","description":"","type":"background","keyword":"Background","steps":[{"result":{"duration":9651645000,"status":"passed"},"line":8,"name":"I am on the forget password page","match":{"location":"stepdefinitions.web.UI_ForgetPasswordFunctionality_StepDefinition.i_am_on_the_forget_password_page()"},"keyword":"Given "}]},{"start_timestamp":"2025-11-10T04:45:05.955Z","before":[{"result":{"duration":23866579900,"status":"passed"},"match":{"location":"hooks.Hooks.setUp(io.cucumber.java.Scenario)"}}],"line":75,"name":"TC_Forget_08 - Validate error message if New and Confirm Password do not match","description":"","id":"forget-password-functionality-testing;tc-forget-08---validate-error-message-if-new-and-confirm-password-do-not-match","after":[{"result":{"error_message":"org.openqa.selenium.WebDriverException: Timed out waiting for driver server to stop.\nBuild info: version: '4.15.0', revision: '1d14b5521b'\nSystem info: os.name: 'Windows 11', os.arch: 'amd64', os.version: '10.0', java.version: '11.0.22'\nDriver info: org.openqa.selenium.chrome.ChromeDriver\nCommand: [2990a6671e1eedf413ededa118bbf5f6, quit {}]\nCapabilities {acceptInsecureCerts: false, browserName: chrome, browserVersion: 142.0.7444.60, chrome: {chromedriverVersion: 142.0.7444.61 (9884f628acbc..., userDataDir: C:\\Users\\schapre\\AppData\\Lo...}, fedcm:accounts: true, goog:chromeOptions: {debuggerAddress: localhost:50600}, goog:processID: 1672, networkConnectionEnabled: false, pageLoadStrategy: normal, platformName: windows, proxy: Proxy(), se:cdp: ws://localhost:50600/devtoo..., se:cdpVersion: 142.0.7444.60, setWindowRect: true, strictFileInteractability: false, timeouts: {implicit: 0, pageLoad: 300000, script: 30000}, unhandledPromptBehavior: dismiss and notify, webauthn:extension:credBlob: true, webauthn:extension:largeBlob: true, webauthn:extension:minPinLength: true, webauthn:extension:prf: true, webauthn:virtualAuthenticators: true}\r\n\tat org.openqa.selenium.remote.service.DriverCommandExecutor.execute(DriverCommandExecutor.java:165)\r\n\tat org.openqa.selenium.remote.RemoteWebDriver.execute(RemoteWebDriver.java:607)\r\n\tat org.openqa.selenium.remote.RemoteWebDriver.execute(RemoteWebDriver.java:680)\r\n\tat org.openqa.selenium.remote.RemoteWebDriver.execute(RemoteWebDriver.java:684)\r\n\tat org.openqa.selenium.remote.RemoteWebDriver.quit(RemoteWebDriver.java:442)\r\n\tat org.openqa.selenium.chromium.ChromiumDriver.quit(ChromiumDriver.java:351)\r\n\tat utils.DriverFactory.quitDriver(DriverFactory.java:66)\r\n\tat hooks.Hooks.tearDown(Hooks.java:121)\r\nCaused by: java.util.concurrent.ExecutionException: java.lang.NullPointerException\r\n\tat java.base/java.util.concurrent.CompletableFuture.reportGet(CompletableFuture.java:395)\r\n\tat java.base/java.util.concurrent.CompletableFuture.get(CompletableFuture.java:2028)\r\n\tat org.openqa.selenium.remote.service.DriverCommandExecutor.execute(DriverCommandExecutor.java:161)\r\n\tat org.openqa.selenium.remote.RemoteWebDriver.execute(RemoteWebDriver.java:607)\r\n\tat org.openqa.selenium.remote.RemoteWebDriver.execute(RemoteWebDriver.java:680)\r\n\tat org.openqa.selenium.remote.RemoteWebDriver.execute(RemoteWebDriver.java:684)\r\n\tat org.openqa.selenium.remote.RemoteWebDriver.quit(RemoteWebDriver.java:442)\r\n\tat org.openqa.selenium.chromium.ChromiumDriver.quit(ChromiumDriver.java:351)\r\n\tat utils.DriverFactory.quitDriver(DriverFactory.java:66)\r\n\tat hooks.Hooks.tearDown(Hooks.java:121)\r\n\tat jdk.internal.reflect.GeneratedMethodAccessor330.invoke(Unknown Source)\r\n\tat java.base/jdk.internal.reflect.DelegatingMethodAccessorImpl.invoke(DelegatingMethodAccessorImpl.java:43)\r\n\tat java.base/java.lang.reflect.Method.invoke(Method.java:566)\r\n\tat io.cucumber.java.Invoker.doInvoke(Invoker.java:66)\r\n\tat io.cucumber.java.Invoker.invoke(Invoker.java:24)\r\n\tat io.cucumber.java.AbstractGlueDefinition.invokeMethod(AbstractGlueDefinition.java:47)\r\n\tat io.cucumber.java.JavaHookDefinition.execute(JavaHookDefinition.java:64)\r\n\tat io.cucumber.core.runner.CoreHookDefinition.execute(CoreHookDefinition.java:46)\r\n\tat io.cucumber.core.runner.HookDefinitionMatch.runStep(HookDefinitionMatch.java:21)\r\n\tat io.cucumber.core.runner.ExecutionMode$1.execute(ExecutionMode.java:10)\r\n\tat io.cucumber.core.runner.TestStep.executeStep(TestStep.java:84)\r\n\tat io.cucumber.core.runner.TestStep.run(TestStep.java:56)\r\n\tat io.cucumber.core.runner.TestCase.run(TestCase.java:90)\r\n\tat io.cucumber.core.runner.Runner.runPickle(Runner.java:75)\r\n\tat io.cucumber.testng.TestNGCucumberRunner.lambda$runScenario$1(TestNGCucumberRunner.java:132)\r\n\tat io.cucumber.core.runtime.CucumberExecutionContext.lambda$runTestCase$5(CucumberExecutionContext.java:137)\r\n\tat io.cucumber.core.runtime.RethrowingThrowableCollector.executeAndThrow(RethrowingThrowableCollector.java:23)\r\n\tat io.cucumber.core.runtime.CucumberExecutionContext.runTestCase(CucumberExecutionContext.java:137)\r\n\tat io.cucumber.testng.TestNGCucumberRunner.runScenario(TestNGCucumberRunner.java:129)\r\n\tat io.cucumber.testng.AbstractTestNGCucumberTests.runScenario(AbstractTestNGCucumberTests.java:35)\r\n\tat jdk.internal.reflect.GeneratedMethodAccessor321.invoke(Unknown Source)\r\n\tat java.base/jdk.internal.reflect.DelegatingMethodAccessorImpl.invoke(DelegatingMethodAccessorImpl.java:43)\r\n\tat java.base/java.lang.reflect.Method.invoke(Method.java:566)\r\n\tat org.testng.internal.invokers.MethodInvocationHelper.invokeMethod(MethodInvocationHelper.java:141)\r\n\tat org.testng.internal.invokers.TestInvoker.invokeMethod(TestInvoker.java:686)\r\n\tat org.testng.internal.invokers.TestInvoker.invokeTestMethod(TestInvoker.java:230)\r\n\tat org.testng.internal.invokers.MethodRunner.runInSequence(MethodRunner.java:63)\r\n\tat org.testng.internal.invokers.TestInvoker$MethodInvocationAgent.invoke(TestInvoker.java:992)\r\n\tat org.testng.internal.invokers.TestInvoker.invokeTestMethods(TestInvoker.java:203)\r\n\tat org.testng.internal.invokers.TestMethodWorker.invokeTestMethods(TestMethodWorker.java:154)\r\n\tat org.testng.internal.invokers.TestMethodWorker.run(TestMethodWorker.java:134)\r\n\tat java.base/java.util.ArrayList.forEach(ArrayList.java:1541)\r\n\tat org.testng.TestRunner.privateRun(TestRunner.java:739)\r\n\tat org.testng.TestRunner.run(TestRunner.java:614)\r\n\tat org.testng.SuiteRunner.runTest(SuiteRunner.java:421)\r\n\tat org.testng.SuiteRunner$SuiteWorker.run(SuiteRunner.java:463)\r\n\tat org.testng.internal.thread.ThreadUtil.lambda$execute$0(ThreadUtil.java:64)\r\n\tat java.base/java.util.concurrent.FutureTask.run(FutureTask.java:264)\r\n\tat java.base/java.util.concurrent.ThreadPoolExecutor.runWorker(ThreadPoolExecutor.java:1128)\r\n\tat java.base/java.util.concurrent.ThreadPoolExecutor$Worker.run(ThreadPoolExecutor.java:628)\r\n\tat java.base/java.lang.Thread.run(Thread.java:829)\r\nCaused by: java.lang.NullPointerException\r\n\tat org.openqa.selenium.remote.http.jdk.JdkHttpClient.execute0(JdkHttpClient.java:390)\r\n\tat org.openqa.selenium.remote.http.AddSeleniumUserAgent.lambda$apply$0(AddSeleniumUserAgent.java:42)\r\n\tat org.openqa.selenium.remote.http.Filter.lambda$andFinally$1(Filter.java:55)\r\n\tat org.openqa.selenium.remote.http.jdk.JdkHttpClient.execute(JdkHttpClient.java:366)\r\n\tat org.openqa.selenium.remote.HttpCommandExecutor.execute(HttpCommandExecutor.java:188)\r\n\tat org.openqa.selenium.remote.service.DriverCommandExecutor.invokeExecute(DriverCommandExecutor.java:200)\r\n\tat org.openqa.selenium.remote.service.DriverCommandExecutor.lambda$execute$1(DriverCommandExecutor.java:128)\r\n\tat java.base/java.util.concurrent.CompletableFuture$AsyncSupply.run(CompletableFuture.java:1700)\r\n\t... 3 more\r\n","duration":21921797600,"status":"failed"},"match":{"location":"hooks.Hooks.tearDown(io.cucumber.java.Scenario)"}}],"type":"scenario","keyword":"Scenario","steps":[{"result":{"duration":3973762800,"status":"passed"},"line":76,"name":"I enter valid email address \"user@premiumbank.com\"","match":{"arguments":[{"val":"\"user@premiumbank.com\"","offset":28}],"location":"stepdefinitions.web.UI_ForgetPasswordFunctionality_StepDefinition.i_enter_valid_email_address(java.lang.String)"},"keyword":"When "},{"result":{"duration":3521520600,"status":"passed"},"line":77,"name":"I click on 'Continue' button","match":{"location":"stepdefinitions.web.UI_ForgetPasswordFunctionality_StepDefinition.i_click_on_continue_button()"},"keyword":"And "},{"result":{"duration":1416801200,"status":"passed"},"line":78,"name":"I enter correct secret code \"BANK1234\"","match":{"arguments":[{"val":"\"BANK1234\"","offset":28}],"location":"stepdefinitions.web.UI_ForgetPasswordFunctionality_StepDefinition.i_enter_correct_secret_code(java.lang.String)"},"keyword":"And "},{"result":{"duration":540973500,"status":"passed"},"line":79,"name":"I click on 'Verify Code' button","match":{"location":"stepdefinitions.web.UI_ForgetPasswordFunctionality_StepDefinition.i_click_on_verify_code_button()"},"keyword":"And "},{"result":{"duration":1171111700,"status":"passed"},"line":80,"name":"I enter current password \"Bank@123\"","match":{"arguments":[{"val":"\"Bank@123\"","offset":25}],"location":"stepdefinitions.web.UI_ForgetPasswordFunctionality_StepDefinition.i_enter_current_password(java.lang.String)"},"keyword":"And "},{"result":{"duration":1257765900,"status":"passed"},"line":81,"name":"I enter new password \"NewBank@456\"","match":{"arguments":[{"val":"\"NewBank@456\"","offset":21}],"location":"stepdefinitions.web.UI_ForgetPasswordFunctionality_StepDefinition.i_enter_new_password(java.lang.String)"},"keyword":"And "},{"result":{"duration":2081127100,"status":"passed"},"line":82,"name":"I enter different confirm password \"DifferentBank@789\"","match":{"arguments":[{"val":"\"DifferentBank@789\"","offset":35}],"location":"stepdefinitions.web.UI_ForgetPasswordFunctionality_StepDefinition.i_enter_different_confirm_password(java.lang.String)"},"keyword":"And "},{"result":{"duration":2446035900,"status":"passed"},"line":83,"name":"I click on 'Reset Password' button","match":{"location":"stepdefinitions.web.UI_ForgetPasswordFunctionality_StepDefinition.i_click_on_reset_password_button()"},"keyword":"And "},{"result":{"duration":952860000,"status":"passed"},"line":84,"name":"I should see error message 'New passwords do not match'","match":{"arguments":[{"val":"'New passwords do not match'","offset":27}],"location":"stepdefinitions.web.UI_ForgetPasswordFunctionality_StepDefinition.i_should_see_error_message(java.lang.String)"},"keyword":"Then "}],"tags":[{"name":"@WEB"},{"name":"@TC_Forget_08"}]},{"line":7,"name":"","description":"","type":"background","keyword":"Background","steps":[{"result":{"duration":5953171200,"status":"passed"},"line":8,"name":"I am on the forget password page","match":{"location":"stepdefinitions.web.UI_ForgetPasswordFunctionality_StepDefinition.i_am_on_the_forget_password_page()"},"keyword":"Given "}]},{"start_timestamp":"2025-11-10T04:46:18.877Z","before":[{"result":{"duration":14956543800,"status":"passed"},"match":{"location":"hooks.Hooks.setUp(io.cucumber.java.Scenario)"}}],"line":87,"name":"TC_Forget_09 - Validate error message if New and Confirm Password do not meet password criteria","description":"","id":"forget-password-functionality-testing;tc-forget-09---validate-error-message-if-new-and-confirm-password-do-not-meet-password-criteria","after":[{"result":{"error_message":"org.openqa.selenium.NoSuchSessionException: Session ID is null. Using WebDriver after calling quit()?\nBuild info: version: '4.15.0', revision: '1d14b5521b'\nSystem info: os.name: 'Windows 11', os.arch: 'amd64', os.version: '10.0', java.version: '11.0.22'\nDriver info: org.openqa.selenium.chrome.ChromeDriver\nCommand: [null, screenshot {}]\nCapabilities {acceptInsecureCerts: false, browserName: chrome, browserVersion: 142.0.7444.60, chrome: {chromedriverVersion: 142.0.7444.61 (9884f628acbc..., userDataDir: C:\\Users\\schapre\\AppData\\Lo...}, fedcm:accounts: true, goog:chromeOptions: {debuggerAddress: localhost:65480}, goog:processID: 14100, networkConnectionEnabled: false, pageLoadStrategy: normal, platformName: windows, proxy: Proxy(), se:cdp: ws://localhost:65480/devtoo..., se:cdpVersion: 142.0.7444.60, setWindowRect: true, strictFileInteractability: false, timeouts: {implicit: 0, pageLoad: 300000, script: 30000}, unhandledPromptBehavior: dismiss and notify, webauthn:extension:credBlob: true, webauthn:extension:largeBlob: true, webauthn:extension:minPinLength: true, webauthn:extension:prf: true, webauthn:virtualAuthenticators: true}\r\n\tat org.openqa.selenium.remote.HttpCommandExecutor.execute(HttpCommandExecutor.java:152)\r\n\tat org.openqa.selenium.remote.service.DriverCommandExecutor.invokeExecute(DriverCommandExecutor.java:200)\r\n\tat org.openqa.selenium.remote.service.DriverCommandExecutor.execute(DriverCommandExecutor.java:175)\r\n\tat org.openqa.selenium.remote.RemoteWebDriver.execute(RemoteWebDriver.java:607)\r\n\tat org.openqa.selenium.remote.RemoteWebDriver.execute(RemoteWebDriver.java:680)\r\n\tat org.openqa.selenium.remote.RemoteWebDriver.execute(RemoteWebDriver.java:684)\r\n\tat org.openqa.selenium.remote.RemoteWebDriver.getScreenshotAs(RemoteWebDriver.java:330)\r\n\tat utils.AllureManager.attachScreenshot(AllureManager.java:35)\r\n\tat hooks.Hooks.tearDown(Hooks.java:99)\r\n","duration":11710374000,"status":"failed"},"match":{"location":"hooks.Hooks.tearDown(io.cucumber.java.Scenario)"}}],"type":"scenario","keyword":"Scenario","steps":[{"result":{"duration":9230006100,"status":"passed"},"line":88,"name":"I enter valid email address \"user@premiumbank.com\"","match":{"arguments":[{"val":"\"user@premiumbank.com\"","offset":28}],"location":"stepdefinitions.web.UI_ForgetPasswordFunctionality_StepDefinition.i_enter_valid_email_address(java.lang.String)"},"keyword":"When "},{"result":{"duration":3569466400,"status":"passed"},"line":89,"name":"I click on 'Continue' button","match":{"location":"stepdefinitions.web.UI_ForgetPasswordFunctionality_StepDefinition.i_click_on_continue_button()"},"keyword":"And "},{"result":{"error_message":"java.lang.AssertionError: Security code field should be displayed expected [true] but found [false]\r\n\tat org.testng.Assert.fail(Assert.java:111)\r\n\tat org.testng.Assert.failNotEquals(Assert.java:1578)\r\n\tat org.testng.Assert.assertTrue(Assert.java:57)\r\n\tat stepdefinitions.web.UI_ForgetPasswordFunctionality_StepDefinition.i_enter_correct_secret_code(UI_ForgetPasswordFunctionality_StepDefinition.java:65)\r\n\tat ✽.I enter correct secret code \"BANK1234\"(file:///C:/Users/schapre/automation/AutomationFramework_Selenium_Java/src/test/resources/features/web/UI_ForgetPassword_Functionality.feature:90)\r\n","duration":51415300,"status":"failed"},"line":90,"name":"I enter correct secret code \"BANK1234\"","match":{"arguments":[{"val":"\"BANK1234\"","offset":28}],"location":"stepdefinitions.web.UI_ForgetPasswordFunctionality_StepDefinition.i_enter_correct_secret_code(java.lang.String)"},"keyword":"And "},{"result":{"duration":1461700,"status":"skipped"},"line":91,"name":"I click on 'Verify Code' button","match":{"location":"stepdefinitions.web.UI_ForgetPasswordFunctionality_StepDefinition.i_click_on_verify_code_button()"},"keyword":"And "},{"result":{"duration":1052600,"status":"skipped"},"line":92,"name":"I enter current password \"Bank@123\"","match":{"arguments":[{"val":"\"Bank@123\"","offset":25}],"location":"stepdefinitions.web.UI_ForgetPasswordFunctionality_StepDefinition.i_enter_current_password(java.lang.String)"},"keyword":"And "},{"result":{"duration":994800,"status":"skipped"},"line":93,"name":"I enter weak new password \"123\"","match":{"arguments":[{"val":"\"123\"","offset":26}],"location":"stepdefinitions.web.UI_ForgetPasswordFunctionality_StepDefinition.i_enter_weak_new_password(java.lang.String)"},"keyword":"And "},{"result":{"status":"skipped"},"line":94,"name":"I enter same weak confirm password \"123\"","match":{"arguments":[{"val":"\"123\"","offset":35}],"location":"stepdefinitions.web.UI_ForgetPasswordFunctionality_StepDefinition.i_enter_same_weak_confirm_password(java.lang.String)"},"keyword":"And "},{"result":{"duration":506900,"status":"skipped"},"line":95,"name":"I click on 'Reset Password' button","match":{"location":"stepdefinitions.web.UI_ForgetPasswordFunctionality_StepDefinition.i_click_on_reset_password_button()"},"keyword":"And "},{"result":{"duration":645000,"status":"skipped"},"line":96,"name":"I should see error message 'Password does not meet requirements'","match":{"arguments":[{"val":"'Password does not meet requirements'","offset":27}],"location":"stepdefinitions.web.UI_ForgetPasswordFunctionality_StepDefinition.i_should_see_error_message(java.lang.String)"},"keyword":"Then "}],"tags":[{"name":"@WEB"},{"name":"@TC_Forget_09"}]},{"line":7,"name":"","description":"","type":"background","keyword":"Background","steps":[{"result":{"duration":9799059900,"status":"passed"},"line":8,"name":"I am on the forget password page","match":{"location":"stepdefinitions.web.UI_ForgetPasswordFunctionality_StepDefinition.i_am_on_the_forget_password_page()"},"keyword":"Given "}]},{"start_timestamp":"2025-11-10T04:47:04.500Z","before":[{"result":{"duration":17113842000,"status":"passed"},"match":{"location":"hooks.Hooks.setUp(io.cucumber.java.Scenario)"}}],"line":99,"name":"TC_Forget_10 - Validate password strength indicator when some criteria are met","description":"","id":"forget-password-functionality-testing;tc-forget-10---validate-password-strength-indicator-when-some-criteria-are-met","after":[{"result":{"error_message":"org.openqa.selenium.WebDriverException: Timed out waiting for driver server to stop.\nBuild info: version: '4.15.0', revision: '1d14b5521b'\nSystem info: os.name: 'Windows 11', os.arch: 'amd64', os.version: '10.0', java.version: '11.0.22'\nDriver info: org.openqa.selenium.chrome.ChromeDriver\nCommand: [8f2c71098956531095b755787deeeb2d, quit {}]\nCapabilities {acceptInsecureCerts: false, browserName: chrome, browserVersion: 142.0.7444.60, chrome: {chromedriverVersion: 142.0.7444.61 (9884f628acbc..., userDataDir: C:\\Users\\schapre\\AppData\\Lo...}, fedcm:accounts: true, goog:chromeOptions: {debuggerAddress: localhost:59141}, goog:processID: 37352, networkConnectionEnabled: false, pageLoadStrategy: normal, platformName: windows, proxy: Proxy(), se:cdp: ws://localhost:59141/devtoo..., se:cdpVersion: 142.0.7444.60, setWindowRect: true, strictFileInteractability: false, timeouts: {implicit: 0, pageLoad: 300000, script: 30000}, unhandledPromptBehavior: dismiss and notify, webauthn:extension:credBlob: true, webauthn:extension:largeBlob: true, webauthn:extension:minPinLength: true, webauthn:extension:prf: true, webauthn:virtualAuthenticators: true}\r\n\tat org.openqa.selenium.remote.service.DriverCommandExecutor.execute(DriverCommandExecutor.java:165)\r\n\tat org.openqa.selenium.remote.RemoteWebDriver.execute(RemoteWebDriver.java:607)\r\n\tat org.openqa.selenium.remote.RemoteWebDriver.execute(RemoteWebDriver.java:680)\r\n\tat org.openqa.selenium.remote.RemoteWebDriver.execute(RemoteWebDriver.java:684)\r\n\tat org.openqa.selenium.remote.RemoteWebDriver.quit(RemoteWebDriver.java:442)\r\n\tat org.openqa.selenium.chromium.ChromiumDriver.quit(ChromiumDriver.java:351)\r\n\tat utils.DriverFactory.quitDriver(DriverFactory.java:66)\r\n\tat hooks.Hooks.tearDown(Hooks.java:121)\r\nCaused by: java.util.concurrent.ExecutionException: java.lang.NullPointerException\r\n\tat java.base/java.util.concurrent.CompletableFuture.reportGet(CompletableFuture.java:395)\r\n\tat java.base/java.util.concurrent.CompletableFuture.get(CompletableFuture.java:2028)\r\n\tat org.openqa.selenium.remote.service.DriverCommandExecutor.execute(DriverCommandExecutor.java:161)\r\n\tat org.openqa.selenium.remote.RemoteWebDriver.execute(RemoteWebDriver.java:607)\r\n\tat org.openqa.selenium.remote.RemoteWebDriver.execute(RemoteWebDriver.java:680)\r\n\tat org.openqa.selenium.remote.RemoteWebDriver.execute(RemoteWebDriver.java:684)\r\n\tat org.openqa.selenium.remote.RemoteWebDriver.quit(RemoteWebDriver.java:442)\r\n\tat org.openqa.selenium.chromium.ChromiumDriver.quit(ChromiumDriver.java:351)\r\n\tat utils.DriverFactory.quitDriver(DriverFactory.java:66)\r\n\tat hooks.Hooks.tearDown(Hooks.java:121)\r\n\tat jdk.internal.reflect.GeneratedMethodAccessor330.invoke(Unknown Source)\r\n\tat java.base/jdk.internal.reflect.DelegatingMethodAccessorImpl.invoke(DelegatingMethodAccessorImpl.java:43)\r\n\tat java.base/java.lang.reflect.Method.invoke(Method.java:566)\r\n\tat io.cucumber.java.Invoker.doInvoke(Invoker.java:66)\r\n\tat io.cucumber.java.Invoker.invoke(Invoker.java:24)\r\n\tat io.cucumber.java.AbstractGlueDefinition.invokeMethod(AbstractGlueDefinition.java:47)\r\n\tat io.cucumber.java.JavaHookDefinition.execute(JavaHookDefinition.java:64)\r\n\tat io.cucumber.core.runner.CoreHookDefinition.execute(CoreHookDefinition.java:46)\r\n\tat io.cucumber.core.runner.HookDefinitionMatch.runStep(HookDefinitionMatch.java:21)\r\n\tat io.cucumber.core.runner.ExecutionMode$1.execute(ExecutionMode.java:10)\r\n\tat io.cucumber.core.runner.TestStep.executeStep(TestStep.java:84)\r\n\tat io.cucumber.core.runner.TestStep.run(TestStep.java:56)\r\n\tat io.cucumber.core.runner.TestCase.run(TestCase.java:90)\r\n\tat io.cucumber.core.runner.Runner.runPickle(Runner.java:75)\r\n\tat io.cucumber.testng.TestNGCucumberRunner.lambda$runScenario$1(TestNGCucumberRunner.java:132)\r\n\tat io.cucumber.core.runtime.CucumberExecutionContext.lambda$runTestCase$5(CucumberExecutionContext.java:137)\r\n\tat io.cucumber.core.runtime.RethrowingThrowableCollector.executeAndThrow(RethrowingThrowableCollector.java:23)\r\n\tat io.cucumber.core.runtime.CucumberExecutionContext.runTestCase(CucumberExecutionContext.java:137)\r\n\tat io.cucumber.testng.TestNGCucumberRunner.runScenario(TestNGCucumberRunner.java:129)\r\n\tat io.cucumber.testng.AbstractTestNGCucumberTests.runScenario(AbstractTestNGCucumberTests.java:35)\r\n\tat jdk.internal.reflect.GeneratedMethodAccessor321.invoke(Unknown Source)\r\n\tat java.base/jdk.internal.reflect.DelegatingMethodAccessorImpl.invoke(DelegatingMethodAccessorImpl.java:43)\r\n\tat java.base/java.lang.reflect.Method.invoke(Method.java:566)\r\n\tat org.testng.internal.invokers.MethodInvocationHelper.invokeMethod(MethodInvocationHelper.java:141)\r\n\tat org.testng.internal.invokers.TestInvoker.invokeMethod(TestInvoker.java:686)\r\n\tat org.testng.internal.invokers.TestInvoker.invokeTestMethod(TestInvoker.java:230)\r\n\tat org.testng.internal.invokers.MethodRunner.runInSequence(MethodRunner.java:63)\r\n\tat org.testng.internal.invokers.TestInvoker$MethodInvocationAgent.invoke(TestInvoker.java:992)\r\n\tat org.testng.internal.invokers.TestInvoker.invokeTestMethods(TestInvoker.java:203)\r\n\tat org.testng.internal.invokers.TestMethodWorker.invokeTestMethods(TestMethodWorker.java:154)\r\n\tat org.testng.internal.invokers.TestMethodWorker.run(TestMethodWorker.java:134)\r\n\tat java.base/java.util.ArrayList.forEach(ArrayList.java:1541)\r\n\tat org.testng.TestRunner.privateRun(TestRunner.java:739)\r\n\tat org.testng.TestRunner.run(TestRunner.java:614)\r\n\tat org.testng.SuiteRunner.runTest(SuiteRunner.java:421)\r\n\tat org.testng.SuiteRunner$SuiteWorker.run(SuiteRunner.java:463)\r\n\tat org.testng.internal.thread.ThreadUtil.lambda$execute$0(ThreadUtil.java:64)\r\n\tat java.base/java.util.concurrent.FutureTask.run(FutureTask.java:264)\r\n\tat java.base/java.util.concurrent.ThreadPoolExecutor.runWorker(ThreadPoolExecutor.java:1128)\r\n\tat java.base/java.util.concurrent.ThreadPoolExecutor$Worker.run(ThreadPoolExecutor.java:628)\r\n\tat java.base/java.lang.Thread.run(Thread.java:829)\r\nCaused by: java.lang.NullPointerException\r\n\tat org.openqa.selenium.remote.http.jdk.JdkHttpClient.execute0(JdkHttpClient.java:390)\r\n\tat org.openqa.selenium.remote.http.AddSeleniumUserAgent.lambda$apply$0(AddSeleniumUserAgent.java:42)\r\n\tat org.openqa.selenium.remote.http.Filter.lambda$andFinally$1(Filter.java:55)\r\n\tat org.openqa.selenium.remote.http.jdk.JdkHttpClient.execute(JdkHttpClient.java:366)\r\n\tat org.openqa.selenium.remote.HttpCommandExecutor.execute(HttpCommandExecutor.java:188)\r\n\tat org.openqa.selenium.remote.service.DriverCommandExecutor.invokeExecute(DriverCommandExecutor.java:200)\r\n\tat org.openqa.selenium.remote.service.DriverCommandExecutor.lambda$execute$1(DriverCommandExecutor.java:128)\r\n\tat java.base/java.util.concurrent.CompletableFuture$AsyncSupply.run(CompletableFuture.java:1700)\r\n\t... 3 more\r\n","duration":23796561200,"status":"failed"},"match":{"location":"hooks.Hooks.tearDown(io.cucumber.java.Scenario)"}}],"type":"scenario","keyword":"Scenario","steps":[{"result":{"duration":2238271300,"status":"passed"},"line":100,"name":"I enter valid email address \"user@premiumbank.com\"","match":{"arguments":[{"val":"\"user@premiumbank.com\"","offset":28}],"location":"stepdefinitions.web.UI_ForgetPasswordFunctionality_StepDefinition.i_enter_valid_email_address(java.lang.String)"},"keyword":"When "},{"result":{"duration":6310089800,"status":"passed"},"line":101,"name":"I click on 'Continue' button","match":{"location":"stepdefinitions.web.UI_ForgetPasswordFunctionality_StepDefinition.i_click_on_continue_button()"},"keyword":"And "},{"result":{"duration":1421882100,"status":"passed"},"line":102,"name":"I enter correct secret code \"BANK1234\"","match":{"arguments":[{"val":"\"BANK1234\"","offset":28}],"location":"stepdefinitions.web.UI_ForgetPasswordFunctionality_StepDefinition.i_enter_correct_secret_code(java.lang.String)"},"keyword":"And "},{"result":{"duration":1231026000,"status":"passed"},"line":103,"name":"I click on 'Verify Code' button","match":{"location":"stepdefinitions.web.UI_ForgetPasswordFunctionality_StepDefinition.i_click_on_verify_code_button()"},"keyword":"And "},{"result":{"duration":1784846700,"status":"passed"},"line":104,"name":"I enter current password \"Bank@123\"","match":{"arguments":[{"val":"\"Bank@123\"","offset":25}],"location":"stepdefinitions.web.UI_ForgetPasswordFunctionality_StepDefinition.i_enter_current_password(java.lang.String)"},"keyword":"And "},{"result":{"duration":1549298900,"status":"passed"},"line":105,"name":"I enter partial criteria new password \"Newpassword1\"","match":{"arguments":[{"val":"\"Newpassword1\"","offset":38}],"location":"stepdefinitions.web.UI_ForgetPasswordFunctionality_StepDefinition.i_enter_partial_criteria_new_password(java.lang.String)"},"keyword":"And "},{"result":{"duration":3117696200,"status":"passed"},"line":106,"name":"I enter same partial criteria confirm password \"Newpassword1\"","match":{"arguments":[{"val":"\"Newpassword1\"","offset":47}],"location":"stepdefinitions.web.UI_ForgetPasswordFunctionality_StepDefinition.i_enter_same_partial_criteria_confirm_password(java.lang.String)"},"keyword":"And "},{"result":{"duration":713109100,"status":"passed"},"line":107,"name":"I should see password requirements are displayed","match":{"location":"stepdefinitions.web.UI_ForgetPasswordFunctionality_StepDefinition.i_should_see_password_requirements_are_displayed()"},"keyword":"Then "},{"result":{"duration":409348000,"status":"passed"},"line":108,"name":"the password requirements should show current status","match":{"location":"stepdefinitions.web.UI_ForgetPasswordFunctionality_StepDefinition.the_password_requirements_should_show_current_status()"},"keyword":"And "}],"tags":[{"name":"@WEB"},{"name":"@TC_Forget_10"}]},{"line":7,"name":"","description":"","type":"background","keyword":"Background","steps":[{"result":{"duration":7968656000,"status":"passed"},"line":8,"name":"I am on the forget password page","match":{"location":"stepdefinitions.web.UI_ForgetPasswordFunctionality_StepDefinition.i_am_on_the_forget_password_page()"},"keyword":"Given "}]},{"start_timestamp":"2025-11-10T04:48:14.140Z","before":[{"result":{"duration":10632624100,"status":"passed"},"match":{"location":"hooks.Hooks.setUp(io.cucumber.java.Scenario)"}}],"line":111,"name":"TC_Forget_11 - Validate successful password reset with a valid New Password","description":"","id":"forget-password-functionality-testing;tc-forget-11---validate-successful-password-reset-with-a-valid-new-password","after":[{"result":{"error_message":"org.openqa.selenium.TimeoutException: java.util.concurrent.TimeoutException\nBuild info: version: '4.15.0', revision: '1d14b5521b'\nSystem info: os.name: 'Windows 11', os.arch: 'amd64', os.version: '10.0', java.version: '11.0.22'\nDriver info: org.openqa.selenium.chrome.ChromeDriver\nCommand: [4983cfda809b2e47b976efcc245bd45a, screenshot {}]\nCapabilities {acceptInsecureCerts: false, browserName: chrome, browserVersion: 142.0.7444.60, chrome: {chromedriverVersion: 142.0.7444.61 (9884f628acbc..., userDataDir: C:\\Users\\schapre\\AppData\\Lo...}, fedcm:accounts: true, goog:chromeOptions: {debuggerAddress: localhost:51174}, goog:processID: 31492, networkConnectionEnabled: false, pageLoadStrategy: normal, platformName: windows, proxy: Proxy(), se:cdp: ws://localhost:51174/devtoo..., se:cdpVersion: 142.0.7444.60, setWindowRect: true, strictFileInteractability: false, timeouts: {implicit: 0, pageLoad: 300000, script: 30000}, unhandledPromptBehavior: dismiss and notify, webauthn:extension:credBlob: true, webauthn:extension:largeBlob: true, webauthn:extension:minPinLength: true, webauthn:extension:prf: true, webauthn:virtualAuthenticators: true}\r\n\tat org.openqa.selenium.remote.http.jdk.JdkHttpClient.execute0(JdkHttpClient.java:410)\r\n\tat org.openqa.selenium.remote.http.AddSeleniumUserAgent.lambda$apply$0(AddSeleniumUserAgent.java:42)\r\n\tat org.openqa.selenium.remote.http.Filter.lambda$andFinally$1(Filter.java:55)\r\n\tat org.openqa.selenium.remote.http.jdk.JdkHttpClient.execute(JdkHttpClient.java:366)\r\n\tat org.openqa.selenium.remote.HttpCommandExecutor.execute(HttpCommandExecutor.java:188)\r\n\tat org.openqa.selenium.remote.service.DriverCommandExecutor.invokeExecute(DriverCommandExecutor.java:200)\r\n\tat org.openqa.selenium.remote.service.DriverCommandExecutor.execute(DriverCommandExecutor.java:175)\r\n\tat org.openqa.selenium.remote.RemoteWebDriver.execute(RemoteWebDriver.java:607)\r\n\tat org.openqa.selenium.remote.RemoteWebDriver.execute(RemoteWebDriver.java:680)\r\n\tat org.openqa.selenium.remote.RemoteWebDriver.execute(RemoteWebDriver.java:684)\r\n\tat org.openqa.selenium.remote.RemoteWebDriver.getScreenshotAs(RemoteWebDriver.java:330)\r\n\tat utils.AllureManager.attachScreenshot(AllureManager.java:35)\r\n\tat hooks.Hooks.tearDown(Hooks.java:99)\r\nCaused by: java.util.concurrent.TimeoutException\r\n\tat java.base/java.util.concurrent.CompletableFuture.timedGet(CompletableFuture.java:1892)\r\n\tat java.base/java.util.concurrent.CompletableFuture.get(CompletableFuture.java:2027)\r\n\tat org.openqa.selenium.remote.http.jdk.JdkHttpClient.execute0(JdkHttpClient.java:393)\r\n\tat org.openqa.selenium.remote.http.AddSeleniumUserAgent.lambda$apply$0(AddSeleniumUserAgent.java:42)\r\n\tat org.openqa.selenium.remote.http.Filter.lambda$andFinally$1(Filter.java:55)\r\n\tat org.openqa.selenium.remote.http.jdk.JdkHttpClient.execute(JdkHttpClient.java:366)\r\n\tat org.openqa.selenium.remote.HttpCommandExecutor.execute(HttpCommandExecutor.java:188)\r\n\tat org.openqa.selenium.remote.service.DriverCommandExecutor.invokeExecute(DriverCommandExecutor.java:200)\r\n\tat org.openqa.selenium.remote.service.DriverCommandExecutor.execute(DriverCommandExecutor.java:175)\r\n\tat org.openqa.selenium.remote.RemoteWebDriver.execute(RemoteWebDriver.java:607)\r\n\tat org.openqa.selenium.remote.RemoteWebDriver.execute(RemoteWebDriver.java:680)\r\n\tat org.openqa.selenium.remote.RemoteWebDriver.execute(RemoteWebDriver.java:684)\r\n\tat org.openqa.selenium.remote.RemoteWebDriver.getScreenshotAs(RemoteWebDriver.java:330)\r\n\tat utils.AllureManager.attachScreenshot(AllureManager.java:35)\r\n\tat hooks.Hooks.tearDown(Hooks.java:99)\r\n\tat jdk.internal.reflect.GeneratedMethodAccessor330.invoke(Unknown Source)\r\n\tat java.base/jdk.internal.reflect.DelegatingMethodAccessorImpl.invoke(DelegatingMethodAccessorImpl.java:43)\r\n\tat java.base/java.lang.reflect.Method.invoke(Method.java:566)\r\n\tat io.cucumber.java.Invoker.doInvoke(Invoker.java:66)\r\n\tat io.cucumber.java.Invoker.invoke(Invoker.java:24)\r\n\tat io.cucumber.java.AbstractGlueDefinition.invokeMethod(AbstractGlueDefinition.java:47)\r\n\tat io.cucumber.java.JavaHookDefinition.execute(JavaHookDefinition.java:64)\r\n\tat io.cucumber.core.runner.CoreHookDefinition.execute(CoreHookDefinition.java:46)\r\n\tat io.cucumber.core.runner.HookDefinitionMatch.runStep(HookDefinitionMatch.java:21)\r\n\tat io.cucumber.core.runner.ExecutionMode$1.execute(ExecutionMode.java:10)\r\n\tat io.cucumber.core.runner.TestStep.executeStep(TestStep.java:84)\r\n\tat io.cucumber.core.runner.TestStep.run(TestStep.java:56)\r\n\tat io.cucumber.core.runner.TestCase.run(TestCase.java:90)\r\n\tat io.cucumber.core.runner.Runner.runPickle(Runner.java:75)\r\n\tat io.cucumber.testng.TestNGCucumberRunner.lambda$runScenario$1(TestNGCucumberRunner.java:132)\r\n\tat io.cucumber.core.runtime.CucumberExecutionContext.lambda$runTestCase$5(CucumberExecutionContext.java:137)\r\n\tat io.cucumber.core.runtime.RethrowingThrowableCollector.executeAndThrow(RethrowingThrowableCollector.java:23)\r\n\tat io.cucumber.core.runtime.CucumberExecutionContext.runTestCase(CucumberExecutionContext.java:137)\r\n\tat io.cucumber.testng.TestNGCucumberRunner.runScenario(TestNGCucumberRunner.java:129)\r\n\tat io.cucumber.testng.AbstractTestNGCucumberTests.runScenario(AbstractTestNGCucumberTests.java:35)\r\n\tat jdk.internal.reflect.GeneratedMethodAccessor321.invoke(Unknown Source)\r\n\tat java.base/jdk.internal.reflect.DelegatingMethodAccessorImpl.invoke(DelegatingMethodAccessorImpl.java:43)\r\n\tat java.base/java.lang.reflect.Method.invoke(Method.java:566)\r\n\tat org.testng.internal.invokers.MethodInvocationHelper.invokeMethod(MethodInvocationHelper.java:141)\r\n\tat org.testng.internal.invokers.TestInvoker.invokeMethod(TestInvoker.java:686)\r\n\tat org.testng.internal.invokers.TestInvoker.invokeTestMethod(TestInvoker.java:230)\r\n\tat org.testng.internal.invokers.MethodRunner.runInSequence(MethodRunner.java:63)\r\n\tat org.testng.internal.invokers.TestInvoker$MethodInvocationAgent.invoke(TestInvoker.java:992)\r\n\tat org.testng.internal.invokers.TestInvoker.invokeTestMethods(TestInvoker.java:203)\r\n\tat org.testng.internal.invokers.TestMethodWorker.invokeTestMethods(TestMethodWorker.java:154)\r\n\tat org.testng.internal.invokers.TestMethodWorker.run(TestMethodWorker.java:134)\r\n\tat java.base/java.util.ArrayList.forEach(ArrayList.java:1541)\r\n\tat org.testng.TestRunner.privateRun(TestRunner.java:739)\r\n\tat org.testng.TestRunner.run(TestRunner.java:614)\r\n\tat org.testng.SuiteRunner.runTest(SuiteRunner.java:421)\r\n\tat org.testng.SuiteRunner$SuiteWorker.run(SuiteRunner.java:463)\r\n\tat org.testng.internal.thread.ThreadUtil.lambda$execute$0(ThreadUtil.java:64)\r\n\tat java.base/java.util.concurrent.FutureTask.run(FutureTask.java:264)\r\n\tat java.base/java.util.concurrent.ThreadPoolExecutor.runWorker(ThreadPoolExecutor.java:1128)\r\n\tat java.base/java.util.concurrent.ThreadPoolExecutor$Worker.run(ThreadPoolExecutor.java:628)\r\n\tat java.base/java.lang.Thread.run(Thread.java:829)\r\n","duration":192946492800,"status":"failed"},"match":{"location":"hooks.Hooks.tearDown(io.cucumber.java.Scenario)"}}],"type":"scenario","keyword":"Scenario","steps":[{"result":{"duration":2915206600,"status":"passed"},"line":112,"name":"I enter valid email address \"user@premiumbank.com\"","match":{"arguments":[{"val":"\"user@premiumbank.com\"","offset":28}],"location":"stepdefinitions.web.UI_ForgetPasswordFunctionality_StepDefinition.i_enter_valid_email_address(java.lang.String)"},"keyword":"When "},{"result":{"duration":4914586200,"status":"passed"},"line":113,"name":"I click on 'Continue' button","match":{"location":"stepdefinitions.web.UI_ForgetPasswordFunctionality_StepDefinition.i_click_on_continue_button()"},"keyword":"And "},{"result":{"error_message":"java.lang.AssertionError: Security code field should be displayed expected [true] but found [false]\r\n\tat org.testng.Assert.fail(Assert.java:111)\r\n\tat org.testng.Assert.failNotEquals(Assert.java:1578)\r\n\tat org.testng.Assert.assertTrue(Assert.java:57)\r\n\tat stepdefinitions.web.UI_ForgetPasswordFunctionality_StepDefinition.i_enter_correct_secret_code(UI_ForgetPasswordFunctionality_StepDefinition.java:65)\r\n\tat ✽.I enter correct secret code \"BANK1234\"(file:///C:/Users/schapre/automation/AutomationFramework_Selenium_Java/src/test/resources/features/web/UI_ForgetPassword_Functionality.feature:114)\r\n","duration":1625101500,"status":"failed"},"line":114,"name":"I enter correct secret code \"BANK1234\"","match":{"arguments":[{"val":"\"BANK1234\"","offset":28}],"location":"stepdefinitions.web.UI_ForgetPasswordFunctionality_StepDefinition.i_enter_correct_secret_code(java.lang.String)"},"keyword":"And "},{"result":{"status":"skipped"},"line":115,"name":"I click on 'Verify Code' button","match":{"location":"stepdefinitions.web.UI_ForgetPasswordFunctionality_StepDefinition.i_click_on_verify_code_button()"},"keyword":"And "},{"result":{"status":"skipped"},"line":116,"name":"I enter current password \"Bank@123\"","match":{"arguments":[{"val":"\"Bank@123\"","offset":25}],"location":"stepdefinitions.web.UI_ForgetPasswordFunctionality_StepDefinition.i_enter_current_password(java.lang.String)"},"keyword":"And "},{"result":{"duration":1287300,"status":"skipped"},"line":117,"name":"I enter valid new password \"NewBank@456\"","match":{"arguments":[{"val":"\"NewBank@456\"","offset":27}],"location":"stepdefinitions.web.UI_ForgetPasswordFunctionality_StepDefinition.i_enter_valid_new_password(java.lang.String)"},"keyword":"And "},{"result":{"status":"skipped"},"line":118,"name":"I enter same valid confirm password \"NewBank@456\"","match":{"arguments":[{"val":"\"NewBank@456\"","offset":36}],"location":"stepdefinitions.web.UI_ForgetPasswordFunctionality_StepDefinition.i_enter_same_valid_confirm_password(java.lang.String)"},"keyword":"And "},{"result":{"status":"skipped"},"line":119,"name":"I click on 'Reset Password' button","match":{"location":"stepdefinitions.web.UI_ForgetPasswordFunctionality_StepDefinition.i_click_on_reset_password_button()"},"keyword":"And "},{"result":{"status":"skipped"},"line":120,"name":"I should see success message 'Password Changed. Your password has been updated successfully.'","match":{"arguments":[{"val":"'Password Changed. Your password has been updated successfully.'","offset":29}],"location":"stepdefinitions.web.UI_ForgetPasswordFunctionality_StepDefinition.i_should_see_success_message(java.lang.String)"},"keyword":"Then "},{"result":{"duration":997800,"status":"skipped"},"line":121,"name":"I should see 'Return to Login' button displayed","match":{"arguments":[{"val":"'Return to Login'","offset":13}],"location":"stepdefinitions.web.UI_ForgetPasswordFunctionality_StepDefinition.i_should_see_button_displayed(java.lang.String)"},"keyword":"And "}],"tags":[{"name":"@WEB"},{"name":"@TC_Forget_11"}]}],"name":"Forget Password Functionality Testing","description":"  As a user who has forgotten their password\n  I want to be able to reset my password securely\n  So that I can regain access to my account","id":"forget-password-functionality-testing","keyword":"Feature","uri":"file:src/test/resources/features/web/UI_ForgetPassword_Functionality.feature","tags":[{"name":"@WEB","type":"Tag","location":{"line":1,"column":1}}]},{"line":2,"elements":[{"line":7,"name":"","description":"","type":"background","keyword":"Background","steps":[{"result":{"duration":2263380100,"status":"passed"},"line":8,"name":"I navigate to the login page","match":{"location":"stepdefinitions.web.UI_LoginFunctionality_StepDefinition.i_navigate_to_the_login_page()"},"keyword":"Given "}]},{"start_timestamp":"2025-11-10T04:51:59.851Z","before":[{"result":{"duration":17002896500,"status":"passed"},"match":{"location":"hooks.Hooks.setUp(io.cucumber.java.Scenario)"}}],"line":11,"name":"TC_Basic_01 - Verify login with valid credentials","description":"","id":"login-functionality-testing;tc-basic-01---verify-login-with-valid-credentials","after":[{"result":{"duration":2204107100,"status":"passed"},"match":{"location":"hooks.Hooks.tearDown(io.cucumber.java.Scenario)"}}],"type":"scenario","keyword":"Scenario","steps":[{"result":{"duration":10892701500,"status":"passed"},"line":12,"name":"I enter valid email id \"user@premiumbank.com\" and password \"Bank@123\"","match":{"arguments":[{"val":"\"user@premiumbank.com\"","offset":23},{"val":"\"Bank@123\"","offset":59}],"location":"stepdefinitions.web.UI_LoginFunctionality_StepDefinition.i_enter_valid_email_id_and_password(java.lang.String,java.lang.String)"},"keyword":"When "},{"result":{"duration":2010212200,"status":"passed"},"line":13,"name":"I click on the login button","match":{"location":"stepdefinitions.web.UI_LoginFunctionality_StepDefinition.i_click_on_the_login_button()"},"keyword":"And "},{"result":{"duration":351690300,"status":"passed"},"line":14,"name":"I should see successful message \"Login Successful\"","match":{"arguments":[{"val":"\"Login Successful\"","offset":32}],"location":"stepdefinitions.web.UI_LoginFunctionality_StepDefinition.i_should_see_successful_message(java.lang.String)"},"keyword":"Then "},{"result":{"duration":148029900,"status":"passed"},"line":15,"name":"I should see \"Back to Login\" button","match":{"arguments":[{"val":"\"Back to Login\"","offset":13}],"location":"stepdefinitions.web.UI_LoginFunctionality_StepDefinition.i_should_see_button(java.lang.String)"},"keyword":"And "}],"tags":[{"name":"@WEB"},{"name":"@TC_Basic_01"}]},{"line":7,"name":"","description":"","type":"background","keyword":"Background","steps":[{"result":{"duration":22124828500,"status":"passed"},"line":8,"name":"I navigate to the login page","match":{"location":"stepdefinitions.web.UI_LoginFunctionality_StepDefinition.i_navigate_to_the_login_page()"},"keyword":"Given "}]},{"start_timestamp":"2025-11-10T04:52:34.866Z","before":[{"result":{"duration":13721632500,"status":"passed"},"match":{"location":"hooks.Hooks.setUp(io.cucumber.java.Scenario)"}}],"line":18,"name":"TC_Basic_02 - Verify login with invalid credentials","description":"","id":"login-functionality-testing;tc-basic-02---verify-login-with-invalid-credentials","after":[{"result":{"duration":6585762400,"status":"passed"},"match":{"location":"hooks.Hooks.tearDown(io.cucumber.java.Scenario)"}}],"type":"scenario","keyword":"Scenario","steps":[{"result":{"duration":5072897400,"status":"passed"},"line":19,"name":"I enter invalid email id \"invalid@example.com\" or password \"wrongPassword\"","match":{"arguments":[{"val":"\"invalid@example.com\"","offset":25},{"val":"\"wrongPassword\"","offset":59}],"location":"stepdefinitions.web.UI_LoginFunctionality_StepDefinition.i_enter_invalid_email_id_or_password(java.lang.String,java.lang.String)"},"keyword":"When "},{"result":{"duration":1073309300,"status":"passed"},"line":20,"name":"I click on the login button","match":{"location":"stepdefinitions.web.UI_LoginFunctionality_StepDefinition.i_click_on_the_login_button()"},"keyword":"And "},{"result":{"duration":1670817900,"status":"passed"},"line":21,"name":"error message \"Invalid email id and password\" should be displayed","match":{"arguments":[{"val":"\"Invalid email id and password\"","offset":14}],"location":"stepdefinitions.web.UI_LoginFunctionality_StepDefinition.error_message_should_be_displayed(java.lang.String)"},"keyword":"Then "}],"tags":[{"name":"@WEB"},{"name":"@TC_Basic_02"}]},{"line":7,"name":"","description":"","type":"background","keyword":"Background","steps":[{"result":{"duration":5982118800,"status":"passed"},"line":8,"name":"I navigate to the login page","match":{"location":"stepdefinitions.web.UI_LoginFunctionality_StepDefinition.i_navigate_to_the_login_page()"},"keyword":"Given "}]},{"start_timestamp":"2025-11-10T04:53:25.153Z","before":[{"result":{"duration":15012747900,"status":"passed"},"match":{"location":"hooks.Hooks.setUp(io.cucumber.java.Scenario)"}}],"line":24,"name":"TC_Basic_03 - Check UI elements of the login page","description":"","id":"login-functionality-testing;tc-basic-03---check-ui-elements-of-the-login-page","after":[{"result":{"duration":3026802600,"status":"passed"},"match":{"location":"hooks.Hooks.tearDown(io.cucumber.java.Scenario)"}}],"type":"scenario","keyword":"Scenario","steps":[{"result":{"duration":1097101200,"status":"passed"},"line":25,"name":"I should see Email Address field is displayed","match":{"location":"stepdefinitions.web.UI_LoginFunctionality_StepDefinition.i_should_see_email_address_field_is_displayed()"},"keyword":"Then "},{"result":{"duration":565018200,"status":"passed"},"line":26,"name":"I should see Password field is displayed","match":{"location":"stepdefinitions.web.UI_LoginFunctionality_StepDefinition.i_should_see_password_field_is_displayed()"},"keyword":"And "},{"result":{"duration":319735400,"status":"passed"},"line":27,"name":"I should see Login button is displayed","match":{"location":"stepdefinitions.web.UI_LoginFunctionality_StepDefinition.i_should_see_login_button_is_displayed()"},"keyword":"And "},{"result":{"duration":235992300,"status":"passed"},"line":28,"name":"I should see Forget Password Link is displayed","match":{"location":"stepdefinitions.web.UI_LoginFunctionality_StepDefinition.i_should_see_forget_password_link_is_displayed()"},"keyword":"And "},{"result":{"duration":252180200,"status":"passed"},"line":29,"name":"I should see Register now Link is displayed","match":{"location":"stepdefinitions.web.UI_LoginFunctionality_StepDefinition.i_should_see_register_now_link_is_displayed()"},"keyword":"And "}],"tags":[{"name":"@WEB"},{"name":"@TC_Basic_03"}]},{"line":7,"name":"","description":"","type":"background","keyword":"Background","steps":[{"result":{"duration":2898869800,"status":"passed"},"line":8,"name":"I navigate to the login page","match":{"location":"stepdefinitions.web.UI_LoginFunctionality_StepDefinition.i_navigate_to_the_login_page()"},"keyword":"Given "}]},{"start_timestamp":"2025-11-10T04:53:51.748Z","before":[{"result":{"duration":14928175000,"status":"passed"},"match":{"location":"hooks.Hooks.setUp(io.cucumber.java.Scenario)"}}],"line":32,"name":"TC_Basic_04 - Verify login button is enabled and validate error message when fields are empty","description":"","id":"login-functionality-testing;tc-basic-04---verify-login-button-is-enabled-and-validate-error-message-when-fields-are-empty","after":[{"result":{"duration":11201078100,"status":"passed"},"match":{"location":"hooks.Hooks.tearDown(io.cucumber.java.Scenario)"}}],"type":"scenario","keyword":"Scenario","steps":[{"result":{"duration":6541999100,"status":"passed"},"line":33,"name":"I keep username and password fields empty","match":{"location":"stepdefinitions.web.UI_LoginFunctionality_StepDefinition.i_keep_username_and_password_fields_empty()"},"keyword":"When "},{"result":{"duration":6299268100,"status":"passed"},"line":34,"name":"I click the login button","match":{"location":"stepdefinitions.web.UI_LoginFunctionality_StepDefinition.i_click_the_login_button()"},"keyword":"And "},{"result":{"duration":189517300,"status":"passed"},"line":35,"name":"Login button should be enabled","match":{"location":"stepdefinitions.web.UI_LoginFunctionality_StepDefinition.login_button_should_be_enabled()"},"keyword":"Then "},{"result":{"duration":1027547800,"status":"passed"},"line":36,"name":"I should get error message \"Email and Password are required\"","match":{"arguments":[{"val":"\"Email and Password are required\"","offset":27}],"location":"stepdefinitions.web.UI_LoginFunctionality_StepDefinition.i_should_get_error_message(java.lang.String)"},"keyword":"And "}],"tags":[{"name":"@WEB"},{"name":"@TC_Basic_04"}]},{"line":7,"name":"","description":"","type":"background","keyword":"Background","steps":[{"result":{"duration":5275207100,"status":"passed"},"line":8,"name":"I navigate to the login page","match":{"location":"stepdefinitions.web.UI_LoginFunctionality_StepDefinition.i_navigate_to_the_login_page()"},"keyword":"Given "}]},{"start_timestamp":"2025-11-10T04:54:35.122Z","before":[{"result":{"duration":16644644300,"status":"passed"},"match":{"location":"hooks.Hooks.setUp(io.cucumber.java.Scenario)"}}],"line":39,"name":"TC_Basic_05 - Verify password field is masked","description":"","id":"login-functionality-testing;tc-basic-05---verify-password-field-is-masked","after":[{"result":{"duration":17043631800,"status":"passed"},"match":{"location":"hooks.Hooks.tearDown(io.cucumber.java.Scenario)"}}],"type":"scenario","keyword":"Scenario","steps":[{"result":{"duration":6457224000,"status":"passed"},"line":40,"name":"I enter password \"testPassword123\" in the password field","match":{"arguments":[{"val":"\"testPassword123\"","offset":17}],"location":"stepdefinitions.web.UI_LoginFunctionality_StepDefinition.i_enter_password_in_the_password_field(java.lang.String)"},"keyword":"When "},{"result":{"duration":371856100,"status":"passed"},"line":41,"name":"Password should be masked with dots","match":{"location":"stepdefinitions.web.UI_LoginFunctionality_StepDefinition.password_should_be_masked_with_dots()"},"keyword":"Then "}],"tags":[{"name":"@WEB"},{"name":"@TC_Basic_05"}]},{"line":7,"name":"","description":"","type":"background","keyword":"Background","steps":[{"result":{"duration":8557134200,"status":"passed"},"line":8,"name":"I navigate to the login page","match":{"location":"stepdefinitions.web.UI_LoginFunctionality_StepDefinition.i_navigate_to_the_login_page()"},"keyword":"Given "}]},{"start_timestamp":"2025-11-10T04:55:21.095Z","before":[{"result":{"duration":17409947300,"status":"passed"},"match":{"location":"hooks.Hooks.setUp(io.cucumber.java.Scenario)"}}],"line":44,"name":"TC_Basic_06 - Verify error message when username is entered but password field is left blank","description":"","id":"login-functionality-testing;tc-basic-06---verify-error-message-when-username-is-entered-but-password-field-is-left-blank","after":[{"result":{"duration":49105670000,"status":"passed"},"match":{"location":"hooks.Hooks.tearDown(io.cucumber.java.Scenario)"}}],"type":"scenario","keyword":"Scenario","steps":[{"result":{"duration":5252817900,"status":"passed"},"line":45,"name":"I enter valid username \"valid@example.com\" and keep password field empty","match":{"arguments":[{"val":"\"valid@example.com\"","offset":23}],"location":"stepdefinitions.web.UI_LoginFunctionality_StepDefinition.i_enter_valid_username_and_keep_password_field_empty(java.lang.String)"},"keyword":"When "},{"result":{"duration":1401130400,"status":"passed"},"line":46,"name":"I click the login button","match":{"location":"stepdefinitions.web.UI_LoginFunctionality_StepDefinition.i_click_the_login_button()"},"keyword":"And "},{"result":{"duration":1129050600,"status":"passed"},"line":47,"name":"error message \"Password is required\" should be displayed","match":{"arguments":[{"val":"\"Password is required\"","offset":14}],"location":"stepdefinitions.web.UI_LoginFunctionality_StepDefinition.error_message_should_be_displayed(java.lang.String)"},"keyword":"Then "}],"tags":[{"name":"@WEB"},{"name":"@TC_Basic_06"}]},{"line":7,"name":"","description":"","type":"background","keyword":"Background","steps":[{"result":{"duration":3643358700,"status":"passed"},"line":8,"name":"I navigate to the login page","match":{"location":"stepdefinitions.web.UI_LoginFunctionality_StepDefinition.i_navigate_to_the_login_page()"},"keyword":"Given "}]},{"start_timestamp":"2025-11-10T04:56:44.273Z","before":[{"result":{"duration":31925791500,"status":"passed"},"match":{"location":"hooks.Hooks.setUp(io.cucumber.java.Scenario)"}}],"line":50,"name":"TC_Basic_07 - Verify error message when email id entered in invalid format","description":"","id":"login-functionality-testing;tc-basic-07---verify-error-message-when-email-id-entered-in-invalid-format","after":[{"result":{"error_message":"org.openqa.selenium.NoSuchSessionException: Session ID is null. Using WebDriver after calling quit()?\nBuild info: version: '4.15.0', revision: '1d14b5521b'\nSystem info: os.name: 'Windows 11', os.arch: 'amd64', os.version: '10.0', java.version: '11.0.22'\nDriver info: org.openqa.selenium.chrome.ChromeDriver\nCommand: [null, screenshot {}]\nCapabilities {acceptInsecureCerts: false, browserName: chrome, browserVersion: 142.0.7444.60, chrome: {chromedriverVersion: 142.0.7444.61 (9884f628acbc..., userDataDir: C:\\Users\\schapre\\AppData\\Lo...}, fedcm:accounts: true, goog:chromeOptions: {debuggerAddress: localhost:61770}, goog:processID: 39676, networkConnectionEnabled: false, pageLoadStrategy: normal, platformName: windows, proxy: Proxy(), se:cdp: ws://localhost:61770/devtoo..., se:cdpVersion: 142.0.7444.60, setWindowRect: true, strictFileInteractability: false, timeouts: {implicit: 0, pageLoad: 300000, script: 30000}, unhandledPromptBehavior: dismiss and notify, webauthn:extension:credBlob: true, webauthn:extension:largeBlob: true, webauthn:extension:minPinLength: true, webauthn:extension:prf: true, webauthn:virtualAuthenticators: true}\r\n\tat org.openqa.selenium.remote.HttpCommandExecutor.execute(HttpCommandExecutor.java:152)\r\n\tat org.openqa.selenium.remote.service.DriverCommandExecutor.invokeExecute(DriverCommandExecutor.java:200)\r\n\tat org.openqa.selenium.remote.service.DriverCommandExecutor.execute(DriverCommandExecutor.java:175)\r\n\tat org.openqa.selenium.remote.RemoteWebDriver.execute(RemoteWebDriver.java:607)\r\n\tat org.openqa.selenium.remote.RemoteWebDriver.execute(RemoteWebDriver.java:680)\r\n\tat org.openqa.selenium.remote.RemoteWebDriver.execute(RemoteWebDriver.java:684)\r\n\tat org.openqa.selenium.remote.RemoteWebDriver.getScreenshotAs(RemoteWebDriver.java:330)\r\n\tat utils.AllureManager.attachScreenshot(AllureManager.java:35)\r\n\tat hooks.Hooks.tearDown(Hooks.java:99)\r\n","duration":39663987000,"status":"failed"},"match":{"location":"hooks.Hooks.tearDown(io.cucumber.java.Scenario)"}}],"type":"scenario","keyword":"Scenario","steps":[{"result":{"duration":11037785000,"status":"passed"},"line":51,"name":"I enter invalid format username \"abc123\"","match":{"arguments":[{"val":"\"abc123\"","offset":32}],"location":"stepdefinitions.web.UI_LoginFunctionality_StepDefinition.i_enter_invalid_format_username(java.lang.String)"},"keyword":"When "},{"result":{"error_message":"org.openqa.selenium.TimeoutException: Expected condition failed: waiting for element to be clickable: By.xpath: //button[text()='Sign in'] (tried for 10 second(s) with 500 milliseconds interval)\nBuild info: version: '4.15.0', revision: '1d14b5521b'\nSystem info: os.name: 'Windows 11', os.arch: 'amd64', os.version: '10.0', java.version: '11.0.22'\nDriver info: org.openqa.selenium.chrome.ChromeDriver\nCapabilities {acceptInsecureCerts: false, browserName: chrome, browserVersion: 142.0.7444.60, chrome: {chromedriverVersion: 142.0.7444.61 (9884f628acbc..., userDataDir: C:\\Users\\schapre\\AppData\\Lo...}, fedcm:accounts: true, goog:chromeOptions: {debuggerAddress: localhost:61770}, goog:processID: 39676, networkConnectionEnabled: false, pageLoadStrategy: normal, platformName: windows, proxy: Proxy(), se:cdp: ws://localhost:61770/devtoo..., se:cdpVersion: 142.0.7444.60, setWindowRect: true, strictFileInteractability: false, timeouts: {implicit: 0, pageLoad: 300000, script: 30000}, unhandledPromptBehavior: dismiss and notify, webauthn:extension:credBlob: true, webauthn:extension:largeBlob: true, webauthn:extension:minPinLength: true, webauthn:extension:prf: true, webauthn:virtualAuthenticators: true}\nSession ID: e6a3642f533dc06e561c35f8b3076af3\r\n\tat org.openqa.selenium.support.ui.WebDriverWait.timeoutException(WebDriverWait.java:84)\r\n\tat org.openqa.selenium.support.ui.FluentWait.until(FluentWait.java:229)\r\n\tat pages.UI_LoginTestPage.clickLoginButton(UI_LoginTestPage.java:56)\r\n\tat stepdefinitions.web.UI_LoginFunctionality_StepDefinition.i_click_the_login_button(UI_LoginFunctionality_StepDefinition.java:141)\r\n\tat ✽.I click the login button(file:///C:/Users/schapre/automation/AutomationFramework_Selenium_Java/src/test/resources/features/web/UI_Login_Functionality.feature:52)\r\n","duration":10535692100,"status":"failed"},"line":52,"name":"I click the login button","match":{"location":"stepdefinitions.web.UI_LoginFunctionality_StepDefinition.i_click_the_login_button()"},"keyword":"And "},{"result":{"duration":1183400,"status":"skipped"},"line":53,"name":"error message \"Please include an '@' in the email address. 'abc123' is missing '@'\" should be displayed","match":{"arguments":[{"val":"\"Please include an '@' in the email address. 'abc123' is missing '@'\"","offset":14}],"location":"stepdefinitions.web.UI_LoginFunctionality_StepDefinition.error_message_should_be_displayed(java.lang.String)"},"keyword":"Then "}],"tags":[{"name":"@WEB"},{"name":"@TC_Basic_07"}]}],"name":"Login Functionality Testing","description":"  As a user\n  I want to test various login scenarios\n  So that I can ensure the login functionality works correctly","id":"login-functionality-testing","keyword":"Feature","uri":"file:src/test/resources/features/web/UI_Login_Functionality.feature","tags":[{"name":"@WEB","type":"Tag","location":{"line":1,"column":1}}]},{"line":2,"elements":[{"line":4,"name":"","description":"","type":"background","keyword":"Background","steps":[{"result":{"duration":7398651100,"status":"passed"},"line":5,"name":"User navigates to TesterBud registration page","match":{"location":"stepdefinitions.web.UI_RegistrationFunctionality_StepDefinition.user_navigates_to_testerbud_registration_page()"},"keyword":"Given "}]},{"start_timestamp":"2025-11-10T04:58:22.124Z","before":[{"result":{"duration":16833405900,"status":"passed"},"match":{"location":"hooks.Hooks.setUp(io.cucumber.java.Scenario)"}}],"line":8,"name":"TC_Registration_01 - Verify successful user registration","description":"","id":"user-registration-functionality;tc-registration-01---verify-successful-user-registration","after":[{"result":{"duration":9164278100,"status":"passed"},"match":{"location":"hooks.Hooks.tearDown(io.cucumber.java.Scenario)"}}],"type":"scenario","keyword":"Scenario","steps":[{"result":{"duration":7910619400,"status":"passed"},"line":9,"name":"User is on the registration page","match":{"location":"stepdefinitions.web.UI_RegistrationFunctionality_StepDefinition.user_is_on_the_registration_page()"},"keyword":"Given "},{"result":{"duration":3132196600,"status":"passed"},"line":10,"name":"User enters valid email \"test.user@testerbud.com\"","match":{"arguments":[{"val":"\"test.user@testerbud.com\"","offset":24}],"location":"stepdefinitions.web.UI_RegistrationFunctionality_StepDefinition.user_enters_valid_email(java.lang.String)"},"keyword":"When "},{"result":{"duration":1964668900,"status":"passed"},"line":11,"name":"User enters valid password \"TestBud@123\"","match":{"arguments":[{"val":"\"TestBud@123\"","offset":27}],"location":"stepdefinitions.web.UI_RegistrationFunctionality_StepDefinition.user_enters_valid_password(java.lang.String)"},"keyword":"And "},{"result":{"duration":2099237300,"status":"passed"},"line":12,"name":"User enters confirm password \"TestBud@123\"","match":{"arguments":[{"val":"\"TestBud@123\"","offset":29}],"location":"stepdefinitions.web.UI_RegistrationFunctionality_StepDefinition.user_enters_confirm_password(java.lang.String)"},"keyword":"And "},{"result":{"duration":3959883400,"status":"passed"},"line":13,"name":"User clicks on Register button","match":{"location":"stepdefinitions.web.UI_RegistrationFunctionality_StepDefinition.user_clicks_on_register_button()"},"keyword":"And "},{"result":{"duration":516288800,"status":"passed"},"line":14,"name":"User should see registration success message","match":{"location":"stepdefinitions.web.UI_RegistrationFunctionality_StepDefinition.user_should_see_registration_success_message()"},"keyword":"Then "},{"result":{"duration":148628600,"status":"passed"},"line":15,"name":"User should see \"Go to Login\" button","match":{"arguments":[{"val":"\"Go to Login\"","offset":16}],"location":"stepdefinitions.web.UI_RegistrationFunctionality_StepDefinition.user_should_see_button(java.lang.String)"},"keyword":"And "},{"result":{"duration":183633700,"status":"passed"},"line":16,"name":"User should be redirected to success page or login page","match":{"location":"stepdefinitions.web.UI_RegistrationFunctionality_StepDefinition.user_should_be_redirected_to_success_page_or_login_page()"},"keyword":"And "}],"tags":[{"name":"@WEB"},{"name":"@TC_Registration_01"}]},{"line":4,"name":"","description":"","type":"background","keyword":"Background","steps":[{"result":{"duration":10141646900,"status":"passed"},"line":5,"name":"User navigates to TesterBud registration page","match":{"location":"stepdefinitions.web.UI_RegistrationFunctionality_StepDefinition.user_navigates_to_testerbud_registration_page()"},"keyword":"Given "}]},{"start_timestamp":"2025-11-10T04:59:15.917Z","before":[{"result":{"duration":32840889900,"status":"passed"},"match":{"location":"hooks.Hooks.setUp(io.cucumber.java.Scenario)"}}],"line":19,"name":"TC_Registration_02 - Validate registration with empty email field","description":"","id":"user-registration-functionality;tc-registration-02---validate-registration-with-empty-email-field","after":[{"result":{"duration":63579844300,"status":"passed"},"match":{"location":"hooks.Hooks.tearDown(io.cucumber.java.Scenario)"}}],"type":"scenario","keyword":"Scenario","steps":[{"result":{"duration":6258225400,"status":"passed"},"line":20,"name":"User is on the registration page","match":{"location":"stepdefinitions.web.UI_RegistrationFunctionality_StepDefinition.user_is_on_the_registration_page()"},"keyword":"Given "},{"result":{"duration":803357000,"status":"passed"},"line":21,"name":"User leaves email field empty","match":{"location":"stepdefinitions.web.UI_RegistrationFunctionality_StepDefinition.user_leaves_email_field_empty()"},"keyword":"When "},{"result":{"duration":5417211100,"status":"passed"},"line":22,"name":"User enters valid password \"TestBud@123\"","match":{"arguments":[{"val":"\"TestBud@123\"","offset":27}],"location":"stepdefinitions.web.UI_RegistrationFunctionality_StepDefinition.user_enters_valid_password(java.lang.String)"},"keyword":"And "},{"result":{"duration":4684404800,"status":"passed"},"line":23,"name":"User enters confirm password \"TestBud@123\"","match":{"arguments":[{"val":"\"TestBud@123\"","offset":29}],"location":"stepdefinitions.web.UI_RegistrationFunctionality_StepDefinition.user_enters_confirm_password(java.lang.String)"},"keyword":"And "},{"result":{"duration":4847699600,"status":"passed"},"line":24,"name":"User clicks on Register button","match":{"location":"stepdefinitions.web.UI_RegistrationFunctionality_StepDefinition.user_clicks_on_register_button()"},"keyword":"And "},{"result":{"duration":244814300,"status":"passed"},"line":25,"name":"User should see \"Email is required\" error message","match":{"arguments":[{"val":"\"Email is required\"","offset":16}],"location":"stepdefinitions.web.UI_RegistrationFunctionality_StepDefinition.user_should_see_error_message(java.lang.String)"},"keyword":"Then "},{"result":{"duration":19087800,"status":"passed"},"line":26,"name":"User should remain on the registration page","match":{"location":"stepdefinitions.web.UI_RegistrationFunctionality_StepDefinition.user_should_remain_on_the_registration_page()"},"keyword":"And "}],"tags":[{"name":"@WEB"},{"name":"@TC_Registration_02"}]},{"line":4,"name":"","description":"","type":"background","keyword":"Background","steps":[{"result":{"duration":1921980100,"status":"passed"},"line":5,"name":"User navigates to TesterBud registration page","match":{"location":"stepdefinitions.web.UI_RegistrationFunctionality_StepDefinition.user_navigates_to_testerbud_registration_page()"},"keyword":"Given "}]},{"start_timestamp":"2025-11-10T05:01:24.958Z","before":[{"result":{"duration":38289703600,"status":"passed"},"match":{"location":"hooks.Hooks.setUp(io.cucumber.java.Scenario)"}}],"line":29,"name":"TC_Registration_03 - Validate registration with empty password field","description":"","id":"user-registration-functionality;tc-registration-03---validate-registration-with-empty-password-field","after":[{"result":{"duration":23072400000,"status":"passed"},"match":{"location":"hooks.Hooks.tearDown(io.cucumber.java.Scenario)"}}],"type":"scenario","keyword":"Scenario","steps":[{"result":{"duration":7885895100,"status":"passed"},"line":30,"name":"User is on the registration page","match":{"location":"stepdefinitions.web.UI_RegistrationFunctionality_StepDefinition.user_is_on_the_registration_page()"},"keyword":"Given "},{"result":{"duration":1085655400,"status":"passed"},"line":31,"name":"User enters valid email \"test.user@testerbud.com\"","match":{"arguments":[{"val":"\"test.user@testerbud.com\"","offset":24}],"location":"stepdefinitions.web.UI_RegistrationFunctionality_StepDefinition.user_enters_valid_email(java.lang.String)"},"keyword":"When "},{"result":{"duration":211263900,"status":"passed"},"line":32,"name":"User leaves password field empty","match":{"location":"stepdefinitions.web.UI_RegistrationFunctionality_StepDefinition.user_leaves_password_field_empty()"},"keyword":"And "},{"result":{"duration":5050738600,"status":"passed"},"line":33,"name":"User enters confirm password \"TestBud@123\"","match":{"arguments":[{"val":"\"TestBud@123\"","offset":29}],"location":"stepdefinitions.web.UI_RegistrationFunctionality_StepDefinition.user_enters_confirm_password(java.lang.String)"},"keyword":"And "},{"result":{"duration":7720664800,"status":"passed"},"line":34,"name":"User clicks on Register button","match":{"location":"stepdefinitions.web.UI_RegistrationFunctionality_StepDefinition.user_clicks_on_register_button()"},"keyword":"And "},{"result":{"duration":965835900,"status":"passed"},"line":35,"name":"User should see \"Password is required\" error message","match":{"arguments":[{"val":"\"Password is required\"","offset":16}],"location":"stepdefinitions.web.UI_RegistrationFunctionality_StepDefinition.user_should_see_error_message(java.lang.String)"},"keyword":"Then "},{"result":{"duration":115690100,"status":"passed"},"line":36,"name":"User should remain on the registration page","match":{"location":"stepdefinitions.web.UI_RegistrationFunctionality_StepDefinition.user_should_remain_on_the_registration_page()"},"keyword":"And "}],"tags":[{"name":"@WEB"},{"name":"@TC_Registration_03"}]},{"line":4,"name":"","description":"","type":"background","keyword":"Background","steps":[{"result":{"duration":7849788400,"status":"passed"},"line":5,"name":"User navigates to TesterBud registration page","match":{"location":"stepdefinitions.web.UI_RegistrationFunctionality_StepDefinition.user_navigates_to_testerbud_registration_page()"},"keyword":"Given "}]},{"start_timestamp":"2025-11-10T05:02:54.914Z","before":[{"result":{"duration":38332954000,"status":"passed"},"match":{"location":"hooks.Hooks.setUp(io.cucumber.java.Scenario)"}}],"line":39,"name":"TC_Registration_04 - Validate registration with empty confirm password field","description":"","id":"user-registration-functionality;tc-registration-04---validate-registration-with-empty-confirm-password-field","after":[{"result":{"duration":5480830700,"status":"passed"},"match":{"location":"hooks.Hooks.tearDown(io.cucumber.java.Scenario)"}}],"type":"scenario","keyword":"Scenario","steps":[{"result":{"duration":5000609400,"status":"passed"},"line":40,"name":"User is on the registration page","match":{"location":"stepdefinitions.web.UI_RegistrationFunctionality_StepDefinition.user_is_on_the_registration_page()"},"keyword":"Given "},{"result":{"duration":2100651000,"status":"passed"},"line":41,"name":"User enters valid email \"test.user@testerbud.com\"","match":{"arguments":[{"val":"\"test.user@testerbud.com\"","offset":24}],"location":"stepdefinitions.web.UI_RegistrationFunctionality_StepDefinition.user_enters_valid_email(java.lang.String)"},"keyword":"When "},{"result":{"error_message":"org.openqa.selenium.TimeoutException: Expected condition failed: waiting for visibility of element located by By.xpath: //input[@placeholder='Create a password'] (tried for 10 second(s) with 500 milliseconds interval)\nBuild info: version: '4.15.0', revision: '1d14b5521b'\nSystem info: os.name: 'Windows 11', os.arch: 'amd64', os.version: '10.0', java.version: '11.0.22'\nDriver info: org.openqa.selenium.chrome.ChromeDriver\nCapabilities {acceptInsecureCerts: false, browserName: chrome, browserVersion: 142.0.7444.60, chrome: {chromedriverVersion: 142.0.7444.61 (9884f628acbc..., userDataDir: C:\\Users\\schapre\\AppData\\Lo...}, fedcm:accounts: true, goog:chromeOptions: {debuggerAddress: localhost:56230}, goog:processID: 40392, networkConnectionEnabled: false, pageLoadStrategy: normal, platformName: windows, proxy: Proxy(), se:cdp: ws://localhost:56230/devtoo..., se:cdpVersion: 142.0.7444.60, setWindowRect: true, strictFileInteractability: false, timeouts: {implicit: 0, pageLoad: 300000, script: 30000}, unhandledPromptBehavior: dismiss and notify, webauthn:extension:credBlob: true, webauthn:extension:largeBlob: true, webauthn:extension:minPinLength: true, webauthn:extension:prf: true, webauthn:virtualAuthenticators: true}\nSession ID: ae842bae0ce3821c51ed4a073a48886d\r\n\tat org.openqa.selenium.support.ui.WebDriverWait.timeoutException(WebDriverWait.java:84)\r\n\tat org.openqa.selenium.support.ui.FluentWait.until(FluentWait.java:229)\r\n\tat pages.UI_RegistrationTestPage.enterPassword(UI_RegistrationTestPage.java:61)\r\n\tat stepdefinitions.web.UI_RegistrationFunctionality_StepDefinition.user_enters_valid_password(UI_RegistrationFunctionality_StepDefinition.java:37)\r\n\tat ✽.User enters valid password \"TestBud@123\"(file:///C:/Users/schapre/automation/AutomationFramework_Selenium_Java/src/test/resources/features/web/UI_Registration_Functionality.feature:42)\r\n","duration":10109402100,"status":"failed"},"line":42,"name":"User enters valid password \"TestBud@123\"","match":{"arguments":[{"val":"\"TestBud@123\"","offset":27}],"location":"stepdefinitions.web.UI_RegistrationFunctionality_StepDefinition.user_enters_valid_password(java.lang.String)"},"keyword":"And "},{"result":{"status":"skipped"},"line":43,"name":"User leaves confirm password field empty","match":{"location":"stepdefinitions.web.UI_RegistrationFunctionality_StepDefinition.user_leaves_confirm_password_field_empty()"},"keyword":"And "},{"result":{"duration":2015200,"status":"skipped"},"line":44,"name":"User clicks on Register button","match":{"location":"stepdefinitions.web.UI_RegistrationFunctionality_StepDefinition.user_clicks_on_register_button()"},"keyword":"And "},{"result":{"status":"skipped"},"line":45,"name":"User should see \"Confirm Password is required\" error message","match":{"arguments":[{"val":"\"Confirm Password is required\"","offset":16}],"location":"stepdefinitions.web.UI_RegistrationFunctionality_StepDefinition.user_should_see_error_message(java.lang.String)"},"keyword":"Then "},{"result":{"status":"skipped"},"line":46,"name":"User should remain on the registration page","match":{"location":"stepdefinitions.web.UI_RegistrationFunctionality_StepDefinition.user_should_remain_on_the_registration_page()"},"keyword":"And "}],"tags":[{"name":"@WEB"},{"name":"@TC_Registration_04"}]},{"line":4,"name":"","description":"","type":"background","keyword":"Background","steps":[{"result":{"duration":7424329700,"status":"passed"},"line":5,"name":"User navigates to TesterBud registration page","match":{"location":"stepdefinitions.web.UI_RegistrationFunctionality_StepDefinition.user_navigates_to_testerbud_registration_page()"},"keyword":"Given "}]},{"start_timestamp":"2025-11-10T05:04:04.480Z","before":[{"result":{"duration":27457812400,"status":"passed"},"match":{"location":"hooks.Hooks.setUp(io.cucumber.java.Scenario)"}}],"line":49,"name":"TC_Registration_05 - Validate registration with invalid email format","description":"","id":"user-registration-functionality;tc-registration-05---validate-registration-with-invalid-email-format","after":[{"result":{"duration":93216875100,"status":"passed"},"match":{"location":"hooks.Hooks.tearDown(io.cucumber.java.Scenario)"}}],"type":"scenario","keyword":"Scenario","steps":[{"result":{"duration":6835179100,"status":"passed"},"line":50,"name":"User is on the registration page","match":{"location":"stepdefinitions.web.UI_RegistrationFunctionality_StepDefinition.user_is_on_the_registration_page()"},"keyword":"Given "},{"result":{"duration":4591345000,"status":"passed"},"line":51,"name":"User enters invalid email \"invalid-email\"","match":{"arguments":[{"val":"\"invalid-email\"","offset":26}],"location":"stepdefinitions.web.UI_RegistrationFunctionality_StepDefinition.user_enters_invalid_email(java.lang.String)"},"keyword":"When "},{"result":{"duration":5450695800,"status":"passed"},"line":52,"name":"User enters valid password \"TestBud@123\"","match":{"arguments":[{"val":"\"TestBud@123\"","offset":27}],"location":"stepdefinitions.web.UI_RegistrationFunctionality_StepDefinition.user_enters_valid_password(java.lang.String)"},"keyword":"And "},{"result":{"duration":2423766400,"status":"passed"},"line":53,"name":"User enters confirm password \"TestBud@123\"","match":{"arguments":[{"val":"\"TestBud@123\"","offset":29}],"location":"stepdefinitions.web.UI_RegistrationFunctionality_StepDefinition.user_enters_confirm_password(java.lang.String)"},"keyword":"And "},{"result":{"duration":7664836800,"status":"passed"},"line":54,"name":"User clicks on Register button","match":{"location":"stepdefinitions.web.UI_RegistrationFunctionality_StepDefinition.user_clicks_on_register_button()"},"keyword":"And "},{"result":{"duration":2208278600,"status":"passed"},"line":55,"name":"User should see invalid email format error message","match":{"location":"stepdefinitions.web.UI_RegistrationFunctionality_StepDefinition.user_should_see_invalid_email_format_error_message()"},"keyword":"Then "},{"result":{"duration":34947500,"status":"passed"},"line":56,"name":"User should remain on the registration page","match":{"location":"stepdefinitions.web.UI_RegistrationFunctionality_StepDefinition.user_should_remain_on_the_registration_page()"},"keyword":"And "}],"tags":[{"name":"@WEB"},{"name":"@TC_Registration_05"}]},{"line":4,"name":"","description":"","type":"background","keyword":"Background","steps":[{"result":{"duration":3867692300,"status":"passed"},"line":5,"name":"User navigates to TesterBud registration page","match":{"location":"stepdefinitions.web.UI_RegistrationFunctionality_StepDefinition.user_navigates_to_testerbud_registration_page()"},"keyword":"Given "}]},{"start_timestamp":"2025-11-10T05:07:06.952Z","before":[{"result":{"duration":14302013500,"status":"passed"},"match":{"location":"hooks.Hooks.setUp(io.cucumber.java.Scenario)"}}],"line":59,"name":"TC_Registration_06 - Validate registration when password and confirm password do not match","description":"","id":"user-registration-functionality;tc-registration-06---validate-registration-when-password-and-confirm-password-do-not-match","after":[{"result":{"duration":30877917600,"status":"passed"},"match":{"location":"hooks.Hooks.tearDown(io.cucumber.java.Scenario)"}}],"type":"scenario","keyword":"Scenario","steps":[{"result":{"duration":827531900,"status":"passed"},"line":60,"name":"User is on the registration page","match":{"location":"stepdefinitions.web.UI_RegistrationFunctionality_StepDefinition.user_is_on_the_registration_page()"},"keyword":"Given "},{"result":{"duration":823077200,"status":"passed"},"line":61,"name":"User enters valid email \"test.user@testerbud.com\"","match":{"arguments":[{"val":"\"test.user@testerbud.com\"","offset":24}],"location":"stepdefinitions.web.UI_RegistrationFunctionality_StepDefinition.user_enters_valid_email(java.lang.String)"},"keyword":"When "},{"result":{"duration":1020415100,"status":"passed"},"line":62,"name":"User enters valid password \"TestBud@123\"","match":{"arguments":[{"val":"\"TestBud@123\"","offset":27}],"location":"stepdefinitions.web.UI_RegistrationFunctionality_StepDefinition.user_enters_valid_password(java.lang.String)"},"keyword":"And "},{"result":{"duration":678776600,"status":"passed"},"line":63,"name":"User enters confirm password \"DifferentPassword@123\"","match":{"arguments":[{"val":"\"DifferentPassword@123\"","offset":29}],"location":"stepdefinitions.web.UI_RegistrationFunctionality_StepDefinition.user_enters_confirm_password(java.lang.String)"},"keyword":"And "},{"result":{"duration":2887935200,"status":"passed"},"line":64,"name":"User clicks on Register button","match":{"location":"stepdefinitions.web.UI_RegistrationFunctionality_StepDefinition.user_clicks_on_register_button()"},"keyword":"And "},{"result":{"duration":180682600,"status":"passed"},"line":65,"name":"User should see \"Passwords do not match\" error message","match":{"arguments":[{"val":"\"Passwords do not match\"","offset":16}],"location":"stepdefinitions.web.UI_RegistrationFunctionality_StepDefinition.user_should_see_error_message(java.lang.String)"},"keyword":"Then "},{"result":{"duration":27753500,"status":"passed"},"line":66,"name":"User should remain on the registration page","match":{"location":"stepdefinitions.web.UI_RegistrationFunctionality_StepDefinition.user_should_remain_on_the_registration_page()"},"keyword":"And "}],"tags":[{"name":"@WEB"},{"name":"@TC_Registration_06"}]},{"line":4,"name":"","description":"","type":"background","keyword":"Background","steps":[{"result":{"duration":3564634300,"status":"passed"},"line":5,"name":"User navigates to TesterBud registration page","match":{"location":"stepdefinitions.web.UI_RegistrationFunctionality_StepDefinition.user_navigates_to_testerbud_registration_page()"},"keyword":"Given "}]},{"start_timestamp":"2025-11-10T05:08:02.820Z","before":[{"result":{"duration":10895304000,"status":"passed"},"match":{"location":"hooks.Hooks.setUp(io.cucumber.java.Scenario)"}}],"line":69,"name":"TC_Registration_07 - Validate password strength requirements are displayed when user enters a password","description":"","id":"user-registration-functionality;tc-registration-07---validate-password-strength-requirements-are-displayed-when-user-enters-a-password","after":[{"result":{"duration":19582396300,"status":"passed"},"match":{"location":"hooks.Hooks.tearDown(io.cucumber.java.Scenario)"}}],"type":"scenario","keyword":"Scenario","steps":[{"result":{"duration":4161907900,"status":"passed"},"line":70,"name":"User is on the registration page","match":{"location":"stepdefinitions.web.UI_RegistrationFunctionality_StepDefinition.user_is_on_the_registration_page()"},"keyword":"Given "},{"result":{"duration":1350077900,"status":"passed"},"line":71,"name":"User enters password \"weak\"","match":{"arguments":[{"val":"\"weak\"","offset":21}],"location":"stepdefinitions.web.UI_RegistrationFunctionality_StepDefinition.user_enters_password(java.lang.String)"},"keyword":"When "},{"result":{"duration":1997918800,"status":"passed"},"line":72,"name":"User should see password strength requirements","match":{"location":"stepdefinitions.web.UI_RegistrationFunctionality_StepDefinition.user_should_see_password_strength_requirements()"},"keyword":"Then "},{"result":{"duration":762542200,"status":"passed"},"line":73,"name":"Password strength indicators should be visible","match":{"location":"stepdefinitions.web.UI_RegistrationFunctionality_StepDefinition.password_strength_indicators_should_be_visible()"},"keyword":"And "}],"tags":[{"name":"@WEB"},{"name":"@TC_Registration_07"}]},{"line":4,"name":"","description":"","type":"background","keyword":"Background","steps":[{"result":{"duration":1460620800,"status":"passed"},"line":5,"name":"User navigates to TesterBud registration page","match":{"location":"stepdefinitions.web.UI_RegistrationFunctionality_StepDefinition.user_navigates_to_testerbud_registration_page()"},"keyword":"Given "}]},{"start_timestamp":"2025-11-10T05:08:45.276Z","before":[{"result":{"duration":9125553000,"status":"passed"},"match":{"location":"hooks.Hooks.setUp(io.cucumber.java.Scenario)"}}],"line":76,"name":"TC_Registration_08 - Validate registration with weak password that does not meet strength requirements","description":"","id":"user-registration-functionality;tc-registration-08---validate-registration-with-weak-password-that-does-not-meet-strength-requirements","after":[{"result":{"duration":9842041900,"status":"passed"},"match":{"location":"hooks.Hooks.tearDown(io.cucumber.java.Scenario)"}}],"type":"scenario","keyword":"Scenario","steps":[{"result":{"duration":3123221400,"status":"passed"},"line":77,"name":"User is on the registration page","match":{"location":"stepdefinitions.web.UI_RegistrationFunctionality_StepDefinition.user_is_on_the_registration_page()"},"keyword":"Given "},{"result":{"duration":692317800,"status":"passed"},"line":78,"name":"User enters valid email \"test.user@testerbud.com\"","match":{"arguments":[{"val":"\"test.user@testerbud.com\"","offset":24}],"location":"stepdefinitions.web.UI_RegistrationFunctionality_StepDefinition.user_enters_valid_email(java.lang.String)"},"keyword":"When "},{"result":{"duration":1021589600,"status":"passed"},"line":79,"name":"User enters weak password \"weak\"","match":{"arguments":[{"val":"\"weak\"","offset":26}],"location":"stepdefinitions.web.UI_RegistrationFunctionality_StepDefinition.user_enters_weak_password(java.lang.String)"},"keyword":"And "},{"result":{"duration":778937400,"status":"passed"},"line":80,"name":"User enters confirm password \"weak\"","match":{"arguments":[{"val":"\"weak\"","offset":29}],"location":"stepdefinitions.web.UI_RegistrationFunctionality_StepDefinition.user_enters_confirm_password(java.lang.String)"},"keyword":"And "},{"result":{"duration":3498501600,"status":"passed"},"line":81,"name":"User clicks on Register button","match":{"location":"stepdefinitions.web.UI_RegistrationFunctionality_StepDefinition.user_clicks_on_register_button()"},"keyword":"And "},{"result":{"duration":99212100,"status":"passed"},"line":82,"name":"User should see \"Password does not meet requirements\" error message","match":{"arguments":[{"val":"\"Password does not meet requirements\"","offset":16}],"location":"stepdefinitions.web.UI_RegistrationFunctionality_StepDefinition.user_should_see_error_message(java.lang.String)"},"keyword":"Then "},{"result":{"duration":15011900,"status":"passed"},"line":83,"name":"User should remain on the registration page","match":{"location":"stepdefinitions.web.UI_RegistrationFunctionality_StepDefinition.user_should_remain_on_the_registration_page()"},"keyword":"And "}],"tags":[{"name":"@WEB"},{"name":"@TC_Registration_08"}]},{"line":4,"name":"","description":"","type":"background","keyword":"Background","steps":[{"result":{"duration":4541416700,"status":"passed"},"line":5,"name":"User navigates to TesterBud registration page","match":{"location":"stepdefinitions.web.UI_RegistrationFunctionality_StepDefinition.user_navigates_to_testerbud_registration_page()"},"keyword":"Given "}]},{"start_timestamp":"2025-11-10T05:09:15.073Z","before":[{"result":{"duration":9461519800,"status":"passed"},"match":{"location":"hooks.Hooks.setUp(io.cucumber.java.Scenario)"}}],"line":86,"name":"TC_Registration_09 - Validate password strength indicators are visible when strong password is entered","description":"","id":"user-registration-functionality;tc-registration-09---validate-password-strength-indicators-are-visible-when-strong-password-is-entered","after":[{"result":{"duration":10184680100,"status":"passed"},"match":{"location":"hooks.Hooks.tearDown(io.cucumber.java.Scenario)"}}],"type":"scenario","keyword":"Scenario","steps":[{"result":{"duration":460422400,"status":"passed"},"line":87,"name":"User is on the registration page","match":{"location":"stepdefinitions.web.UI_RegistrationFunctionality_StepDefinition.user_is_on_the_registration_page()"},"keyword":"Given "},{"result":{"duration":926084000,"status":"passed"},"line":88,"name":"User enters strong password \"StrongPass@123\"","match":{"arguments":[{"val":"\"StrongPass@123\"","offset":28}],"location":"stepdefinitions.web.UI_RegistrationFunctionality_StepDefinition.user_enters_strong_password(java.lang.String)"},"keyword":"When "},{"result":{"duration":1087189500,"status":"passed"},"line":89,"name":"User should see password strength requirements","match":{"location":"stepdefinitions.web.UI_RegistrationFunctionality_StepDefinition.user_should_see_password_strength_requirements()"},"keyword":"Then "},{"result":{"duration":2027084300,"status":"passed"},"line":90,"name":"Password strength indicators should be visible","match":{"location":"stepdefinitions.web.UI_RegistrationFunctionality_StepDefinition.password_strength_indicators_should_be_visible()"},"keyword":"And "}],"tags":[{"name":"@WEB"},{"name":"@TC_Registration_09"}]},{"line":4,"name":"","description":"","type":"background","keyword":"Background","steps":[{"result":{"duration":1784005700,"status":"passed"},"line":5,"name":"User navigates to TesterBud registration page","match":{"location":"stepdefinitions.web.UI_RegistrationFunctionality_StepDefinition.user_navigates_to_testerbud_registration_page()"},"keyword":"Given "}]},{"start_timestamp":"2025-11-10T05:09:43.932Z","before":[{"result":{"duration":5969628300,"status":"passed"},"match":{"location":"hooks.Hooks.setUp(io.cucumber.java.Scenario)"}}],"line":93,"name":"TC_Registration_10 - Validate clicking 'Sign in' link successfully navigate user to Login Page","description":"","id":"user-registration-functionality;tc-registration-10---validate-clicking--sign-in--link-successfully-navigate-user-to-login-page","after":[{"result":{"duration":8173144100,"status":"passed"},"match":{"location":"hooks.Hooks.tearDown(io.cucumber.java.Scenario)"}}],"type":"scenario","keyword":"Scenario","steps":[{"result":{"duration":3275226900,"status":"passed"},"line":94,"name":"User is on the registration page","match":{"location":"stepdefinitions.web.UI_RegistrationFunctionality_StepDefinition.user_is_on_the_registration_page()"},"keyword":"Given "},{"result":{"duration":3421018200,"status":"passed"},"line":95,"name":"User clicks on \"Sign in\" link","match":{"arguments":[{"val":"\"Sign in\"","offset":15}],"location":"stepdefinitions.web.UI_RegistrationFunctionality_StepDefinition.user_clicks_on_link(java.lang.String)"},"keyword":"When "},{"result":{"duration":2079243700,"status":"passed"},"line":96,"name":"User should be redirected to login page","match":{"location":"stepdefinitions.web.UI_RegistrationFunctionality_StepDefinition.user_should_be_redirected_to_login_page()"},"keyword":"Then "},{"result":{"duration":315963200,"status":"passed"},"line":97,"name":"User should see login form with email and password fields","match":{"location":"stepdefinitions.web.UI_RegistrationFunctionality_StepDefinition.user_should_see_login_form_with_email_and_password_fields()"},"keyword":"And "},{"result":{"duration":16758400,"status":"passed"},"line":98,"name":"Login page URL should contain \"practice-login-form\"","match":{"arguments":[{"val":"\"practice-login-form\"","offset":30}],"location":"stepdefinitions.web.UI_RegistrationFunctionality_StepDefinition.login_page_url_should_contain(java.lang.String)"},"keyword":"And "}],"tags":[{"name":"@WEB"},{"name":"@TC_Registration_10"}]}],"name":"User Registration Functionality","description":"","id":"user-registration-functionality","keyword":"Feature","uri":"file:src/test/resources/features/web/UI_Registration_Functionality.feature","tags":[{"name":"@WEB","type":"Tag","location":{"line":1,"column":1}}]}]