{"uuid":"27dd3295-2144-4dec-a631-5263c0849638","historyId":"4bbd8e82b1131b642510e9413f2935d3","fullName":"src/test/resources/features/web/UI_ForgetPassword_Functionality.feature:63","labels":[{"name":"tag","value":"WEB"},{"name":"tag","value":"TC_Forget_07"},{"name":"host","value":"LIN-5CG0148KZ5"},{"name":"thread","value":"8356@LIN-5CG0148KZ5.TestNG-tests-1(19)"},{"name":"feature","value":"Forget Password Functionality Testing"},{"name":"story","value":"TC_Forget_07 - Validate Error message if Confirm New Password left blank"},{"name":"suite","value":"Forget Password Functionality Testing"},{"name":"testClass","value":"TC_Forget_07 - Validate Error message if Confirm New Password left blank"},{"name":"framework","value":"cucumber4jvm"},{"name":"language","value":"java"},{"name":"gherkin_uri","value":"file:///C:/Users/schapre/automation/AutoSimplified_Selenium_Java_RestAssured-main/src/test/resources/features/web/UI_ForgetPassword_Functionality.feature"},{"name":"package","value":"src.test.resources.features.web.UI_ForgetPassword_Functionality_feature.Forget Password Functionality Testing"}],"links":[],"name":"TC_Forget_07 - Validate Error message if Confirm New Password left blank","status":"failed","statusDetails":{"known":false,"muted":false,"flaky":false,"message":"Security code field should be displayed expected [true] but found [false]","trace":"java.lang.AssertionError: Security code field should be displayed expected [true] but found [false]\r\n\tat org.testng.Assert.fail(Assert.java:111)\r\n\tat org.testng.Assert.failNotEquals(Assert.java:1578)\r\n\tat org.testng.Assert.assertTrue(Assert.java:57)\r\n\tat stepdefinitions.web.UI_ForgetPasswordFunctionality_StepDefinition.i_enter_correct_secret_code(UI_ForgetPasswordFunctionality_StepDefinition.java:65)\r\n\tat ✽.I enter correct secret code \"BANK1234\"(file:///C:/Users/schapre/automation/AutoSimplified_Selenium_Java_RestAssured-main/src/test/resources/features/web/UI_ForgetPassword_Functionality.feature:66)\r\n"},"stage":"finished","description":"  As a user who has forgotten their password\n  I want to be able to reset my password securely\n  So that I can regain access to my account","steps":[{"name":"Given  I am on the forget password page","status":"passed","statusDetails":{"known":false,"muted":false,"flaky":false},"stage":"finished","steps":[],"attachments":[],"parameters":[],"start":1762855949271,"stop":1762855953945},{"name":"When  I enter valid email address \"user@premiumbank.com\"","status":"passed","statusDetails":{"known":false,"muted":false,"flaky":false},"stage":"finished","steps":[],"attachments":[],"parameters":[],"start":1762855953946,"stop":1762855956437},{"name":"And  I click on 'Continue' button","status":"passed","statusDetails":{"known":false,"muted":false,"flaky":false},"stage":"finished","steps":[],"attachments":[],"parameters":[],"start":1762855956442,"stop":1762855961487},{"name":"And  I enter correct secret code \"BANK1234\"","status":"failed","statusDetails":{"known":false,"muted":false,"flaky":false,"message":"Security code field should be displayed expected [true] but found [false]","trace":"java.lang.AssertionError: Security code field should be displayed expected [true] but found [false]\r\n\tat org.testng.Assert.fail(Assert.java:111)\r\n\tat org.testng.Assert.failNotEquals(Assert.java:1578)\r\n\tat org.testng.Assert.assertTrue(Assert.java:57)\r\n\tat stepdefinitions.web.UI_ForgetPasswordFunctionality_StepDefinition.i_enter_correct_secret_code(UI_ForgetPasswordFunctionality_StepDefinition.java:65)\r\n\tat ✽.I enter correct secret code \"BANK1234\"(file:///C:/Users/schapre/automation/AutoSimplified_Selenium_Java_RestAssured-main/src/test/resources/features/web/UI_ForgetPassword_Functionality.feature:66)\r\n"},"stage":"finished","steps":[],"attachments":[],"parameters":[],"start":1762855961487,"stop":1762855961613},{"name":"And  I click on 'Verify Code' button","status":"skipped","statusDetails":{"known":false,"muted":false,"flaky":false},"stage":"finished","steps":[],"attachments":[],"parameters":[],"start":1762855961620,"stop":1762855961620},{"name":"And  I enter current password \"Bank@123\"","status":"skipped","statusDetails":{"known":false,"muted":false,"flaky":false},"stage":"finished","steps":[],"attachments":[],"parameters":[],"start":1762855961622,"stop":1762855961632},{"name":"And  I enter new password \"NewBank@456\"","status":"skipped","statusDetails":{"known":false,"muted":false,"flaky":false},"stage":"finished","steps":[],"attachments":[],"parameters":[],"start":1762855961635,"stop":1762855961635},{"name":"And  I leave the confirm password field blank","status":"skipped","statusDetails":{"known":false,"muted":false,"flaky":false},"stage":"finished","steps":[],"attachments":[],"parameters":[],"start":1762855961643,"stop":1762855961643},{"name":"And  I click on 'Reset Password' button","status":"skipped","statusDetails":{"known":false,"muted":false,"flaky":false},"stage":"finished","steps":[],"attachments":[],"parameters":[],"start":1762855961664,"stop":1762855961668},{"name":"Then  I should see error message 'Please confirm your new password'","status":"skipped","statusDetails":{"known":false,"muted":false,"flaky":false},"stage":"finished","steps":[],"attachments":[],"parameters":[],"start":1762855961668,"stop":1762855961670}],"attachments":[],"parameters":[],"start":1762855940663,"stop":1762855969989}