{"uuid":"2cd4600b-ad67-4214-958e-10294cdf6a5f","historyId":"64e6aff9f70b0177759d6b172d3048b4","fullName":"src/test/resources/features/web/UI_Registration_Functionality.feature:39","labels":[{"name":"tag","value":"WEB"},{"name":"tag","value":"TC_Registration_04"},{"name":"host","value":"LIN-5CG0148KZ5"},{"name":"thread","value":"35260@LIN-5CG0148KZ5.TestNG-tests-2(21)"},{"name":"feature","value":"User Registration Functionality"},{"name":"story","value":"TC_Registration_04 - Validate registration with empty confirm password field"},{"name":"suite","value":"User Registration Functionality"},{"name":"testClass","value":"TC_Registration_04 - Validate registration with empty confirm password field"},{"name":"framework","value":"cucumber4jvm"},{"name":"language","value":"java"},{"name":"gherkin_uri","value":"file:///C:/Users/schapre/automation/AutomationFramework_Selenium_Java/src/test/resources/features/web/UI_Registration_Functionality.feature"},{"name":"package","value":"src.test.resources.features.web.UI_Registration_Functionality_feature.User Registration Functionality"}],"links":[],"name":"TC_Registration_04 - Validate registration with empty confirm password field","status":"failed","statusDetails":{"known":false,"muted":false,"flaky":false,"message":"User is not on the registration page. Current URL: https://testerbud.com/practice-login-form expected [true] but found [false]","trace":"java.lang.AssertionError: User is not on the registration page. Current URL: https://testerbud.com/practice-login-form expected [true] but found [false]\r\n\tat org.testng.Assert.fail(Assert.java:111)\r\n\tat org.testng.Assert.failNotEquals(Assert.java:1578)\r\n\tat org.testng.Assert.assertTrue(Assert.java:57)\r\n\tat stepdefinitions.web.UI_RegistrationFunctionality_StepDefinition.user_should_remain_on_the_registration_page(UI_RegistrationFunctionality_StepDefinition.java:196)\r\n\tat ✽.User should remain on the registration page(file:///C:/Users/schapre/automation/AutomationFramework_Selenium_Java/src/test/resources/features/web/UI_Registration_Functionality.feature:46)\r\n"},"stage":"finished","steps":[{"name":"Given  User navigates to TesterBud registration page","status":"passed","statusDetails":{"known":false,"muted":false,"flaky":false},"stage":"finished","steps":[],"attachments":[],"parameters":[],"start":1762750488735,"stop":1762750492319},{"name":"Given  User is on the registration page","status":"passed","statusDetails":{"known":false,"muted":false,"flaky":false},"stage":"finished","steps":[],"attachments":[],"parameters":[],"start":1762750492393,"stop":1762750498460},{"name":"When  User enters valid email \"test.user@testerbud.com\"","status":"passed","statusDetails":{"known":false,"muted":false,"flaky":false},"stage":"finished","steps":[],"attachments":[],"parameters":[],"start":1762750498462,"stop":1762750503047},{"name":"And  User enters valid password \"TestBud@123\"","status":"passed","statusDetails":{"known":false,"muted":false,"flaky":false},"stage":"finished","steps":[],"attachments":[],"parameters":[],"start":1762750503048,"stop":1762750505766},{"name":"And  User leaves confirm password field empty","status":"passed","statusDetails":{"known":false,"muted":false,"flaky":false},"stage":"finished","steps":[],"attachments":[],"parameters":[],"start":1762750505793,"stop":1762750506528},{"name":"And  User clicks on Register button","status":"passed","statusDetails":{"known":false,"muted":false,"flaky":false},"stage":"finished","steps":[],"attachments":[],"parameters":[],"start":1762750506528,"stop":1762750511189},{"name":"Then  User should see \"Confirm Password is required\" error message","status":"passed","statusDetails":{"known":false,"muted":false,"flaky":false},"stage":"finished","steps":[],"attachments":[],"parameters":[],"start":1762750511220,"stop":1762750512487},{"name":"And  User should remain on the registration page","status":"failed","statusDetails":{"known":false,"muted":false,"flaky":false,"message":"User is not on the registration page. Current URL: https://testerbud.com/practice-login-form expected [true] but found [false]","trace":"java.lang.AssertionError: User is not on the registration page. Current URL: https://testerbud.com/practice-login-form expected [true] but found [false]\r\n\tat org.testng.Assert.fail(Assert.java:111)\r\n\tat org.testng.Assert.failNotEquals(Assert.java:1578)\r\n\tat org.testng.Assert.assertTrue(Assert.java:57)\r\n\tat stepdefinitions.web.UI_RegistrationFunctionality_StepDefinition.user_should_remain_on_the_registration_page(UI_RegistrationFunctionality_StepDefinition.java:196)\r\n\tat ✽.User should remain on the registration page(file:///C:/Users/schapre/automation/AutomationFramework_Selenium_Java/src/test/resources/features/web/UI_Registration_Functionality.feature:46)\r\n"},"stage":"finished","steps":[],"attachments":[],"parameters":[],"start":1762750512488,"stop":1762750512700}],"attachments":[],"parameters":[],"start":1762750470830,"stop":1762750519568}