{"uuid":"40ac57ae-a2c5-4111-908b-0851858e97db","historyId":"5207ffda90c6323c6e2f061d3c800cc6","fullName":"src/test/resources/features/web/UI_ForgetPassword_Functionality.feature:51","labels":[{"name":"tag","value":"WEB"},{"name":"tag","value":"TC_Forget_06"},{"name":"host","value":"LIN-5CG0148KZ5"},{"name":"thread","value":"35260@LIN-5CG0148KZ5.TestNG-tests-1(20)"},{"name":"feature","value":"Forget Password Functionality Testing"},{"name":"story","value":"TC_Forget_06 - Validate Error message if New Password left blank"},{"name":"suite","value":"Forget Password Functionality Testing"},{"name":"testClass","value":"TC_Forget_06 - Validate Error message if New Password left blank"},{"name":"framework","value":"cucumber4jvm"},{"name":"language","value":"java"},{"name":"gherkin_uri","value":"file:///C:/Users/schapre/automation/AutomationFramework_Selenium_Java/src/test/resources/features/web/UI_ForgetPassword_Functionality.feature"},{"name":"package","value":"src.test.resources.features.web.UI_ForgetPassword_Functionality_feature.Forget Password Functionality Testing"}],"links":[],"name":"TC_Forget_06 - Validate Error message if New Password left blank","status":"failed","statusDetails":{"known":false,"muted":false,"flaky":false,"message":"Security code field should be displayed expected [true] but found [false]","trace":"java.lang.AssertionError: Security code field should be displayed expected [true] but found [false]\r\n\tat org.testng.Assert.fail(Assert.java:111)\r\n\tat org.testng.Assert.failNotEquals(Assert.java:1578)\r\n\tat org.testng.Assert.assertTrue(Assert.java:57)\r\n\tat stepdefinitions.web.UI_ForgetPasswordFunctionality_StepDefinition.i_enter_correct_secret_code(UI_ForgetPasswordFunctionality_StepDefinition.java:65)\r\n\tat ✽.I enter correct secret code \"BANK1234\"(file:///C:/Users/schapre/automation/AutomationFramework_Selenium_Java/src/test/resources/features/web/UI_ForgetPassword_Functionality.feature:54)\r\n"},"stage":"finished","description":"  As a user who has forgotten their password\n  I want to be able to reset my password securely\n  So that I can regain access to my account","steps":[{"name":"Given  I am on the forget password page","status":"passed","statusDetails":{"known":false,"muted":false,"flaky":false},"stage":"finished","steps":[],"attachments":[],"parameters":[],"start":1762749797031,"stop":1762749811993},{"name":"When  I enter valid email address \"user@premiumbank.com\"","status":"passed","statusDetails":{"known":false,"muted":false,"flaky":false},"stage":"finished","steps":[],"attachments":[],"parameters":[],"start":1762749811994,"stop":1762749819598},{"name":"And  I click on 'Continue' button","status":"passed","statusDetails":{"known":false,"muted":false,"flaky":false},"stage":"finished","steps":[],"attachments":[],"parameters":[],"start":1762749819598,"stop":1762749825615},{"name":"And  I enter correct secret code \"BANK1234\"","status":"failed","statusDetails":{"known":false,"muted":false,"flaky":false,"message":"Security code field should be displayed expected [true] but found [false]","trace":"java.lang.AssertionError: Security code field should be displayed expected [true] but found [false]\r\n\tat org.testng.Assert.fail(Assert.java:111)\r\n\tat org.testng.Assert.failNotEquals(Assert.java:1578)\r\n\tat org.testng.Assert.assertTrue(Assert.java:57)\r\n\tat stepdefinitions.web.UI_ForgetPasswordFunctionality_StepDefinition.i_enter_correct_secret_code(UI_ForgetPasswordFunctionality_StepDefinition.java:65)\r\n\tat ✽.I enter correct secret code \"BANK1234\"(file:///C:/Users/schapre/automation/AutomationFramework_Selenium_Java/src/test/resources/features/web/UI_ForgetPassword_Functionality.feature:54)\r\n"},"stage":"finished","steps":[],"attachments":[],"parameters":[],"start":1762749825617,"stop":1762749826334},{"name":"And  I click on 'Verify Code' button","status":"skipped","statusDetails":{"known":false,"muted":false,"flaky":false},"stage":"finished","steps":[],"attachments":[],"parameters":[],"start":1762749826337,"stop":1762749826338},{"name":"And  I enter current password \"Bank@123\"","status":"skipped","statusDetails":{"known":false,"muted":false,"flaky":false},"stage":"finished","steps":[],"attachments":[],"parameters":[],"start":1762749826339,"stop":1762749826341},{"name":"And  I leave the new password field blank","status":"skipped","statusDetails":{"known":false,"muted":false,"flaky":false},"stage":"finished","steps":[],"attachments":[],"parameters":[],"start":1762749826343,"stop":1762749826343},{"name":"And  I enter confirm password \"NewBank@456\"","status":"skipped","statusDetails":{"known":false,"muted":false,"flaky":false},"stage":"finished","steps":[],"attachments":[],"parameters":[],"start":1762749826344,"stop":1762749826344},{"name":"And  I click on 'Reset Password' button","status":"skipped","statusDetails":{"known":false,"muted":false,"flaky":false},"stage":"finished","steps":[],"attachments":[],"parameters":[],"start":1762749826345,"stop":1762749826345},{"name":"Then  I should see error message 'New password is required'","status":"skipped","statusDetails":{"known":false,"muted":false,"flaky":false},"stage":"finished","steps":[],"attachments":[],"parameters":[],"start":1762749826345,"stop":1762749826345}],"attachments":[],"parameters":[],"start":1762749783058,"stop":1762749840836}