{"uuid":"62e91cd4-42b0-4bd7-a8e0-37b7efbd0384","historyId":"735fb30cb61c9a85721cb66593160936","fullName":"src/test/resources/features/web/UI_Registration_Functionality.feature:19","labels":[{"name":"tag","value":"WEB"},{"name":"tag","value":"TC_Registration_02"},{"name":"host","value":"LIN-5CG0148KZ5"},{"name":"thread","value":"35260@LIN-5CG0148KZ5.TestNG-tests-2(21)"},{"name":"feature","value":"User Registration Functionality"},{"name":"story","value":"TC_Registration_02 - Validate registration with empty email field"},{"name":"suite","value":"User Registration Functionality"},{"name":"testClass","value":"TC_Registration_02 - Validate registration with empty email field"},{"name":"framework","value":"cucumber4jvm"},{"name":"language","value":"java"},{"name":"gherkin_uri","value":"file:///C:/Users/schapre/automation/AutomationFramework_Selenium_Java/src/test/resources/features/web/UI_Registration_Functionality.feature"},{"name":"package","value":"src.test.resources.features.web.UI_Registration_Functionality_feature.User Registration Functionality"}],"links":[],"name":"TC_Registration_02 - Validate registration with empty email field","status":"failed","statusDetails":{"known":false,"muted":false,"flaky":false,"message":"Password field is not displayed expected [true] but found [false]","trace":"java.lang.AssertionError: Password field is not displayed expected [true] but found [false]\r\n\tat org.testng.Assert.fail(Assert.java:111)\r\n\tat org.testng.Assert.failNotEquals(Assert.java:1578)\r\n\tat org.testng.Assert.assertTrue(Assert.java:57)\r\n\tat stepdefinitions.web.UI_RegistrationFunctionality_StepDefinition.user_is_on_the_registration_page(UI_RegistrationFunctionality_StepDefinition.java:24)\r\n\tat ✽.User is on the registration page(file:///C:/Users/schapre/automation/AutomationFramework_Selenium_Java/src/test/resources/features/web/UI_Registration_Functionality.feature:20)\r\n"},"stage":"finished","steps":[{"name":"Given  User navigates to TesterBud registration page","status":"passed","statusDetails":{"known":false,"muted":false,"flaky":false},"stage":"finished","steps":[],"attachments":[],"parameters":[],"start":1762750419476,"stop":1762750425175},{"name":"Given  User is on the registration page","status":"failed","statusDetails":{"known":false,"muted":false,"flaky":false,"message":"Password field is not displayed expected [true] but found [false]","trace":"java.lang.AssertionError: Password field is not displayed expected [true] but found [false]\r\n\tat org.testng.Assert.fail(Assert.java:111)\r\n\tat org.testng.Assert.failNotEquals(Assert.java:1578)\r\n\tat org.testng.Assert.assertTrue(Assert.java:57)\r\n\tat stepdefinitions.web.UI_RegistrationFunctionality_StepDefinition.user_is_on_the_registration_page(UI_RegistrationFunctionality_StepDefinition.java:24)\r\n\tat ✽.User is on the registration page(file:///C:/Users/schapre/automation/AutomationFramework_Selenium_Java/src/test/resources/features/web/UI_Registration_Functionality.feature:20)\r\n"},"stage":"finished","steps":[],"attachments":[],"parameters":[],"start":1762750425176,"stop":1762750427572},{"name":"When  User leaves email field empty","status":"skipped","statusDetails":{"known":false,"muted":false,"flaky":false},"stage":"finished","steps":[],"attachments":[],"parameters":[],"start":1762750427573,"stop":1762750427580},{"name":"And  User enters valid password \"TestBud@123\"","status":"skipped","statusDetails":{"known":false,"muted":false,"flaky":false},"stage":"finished","steps":[],"attachments":[],"parameters":[],"start":1762750427582,"stop":1762750427582},{"name":"And  User enters confirm password \"TestBud@123\"","status":"skipped","statusDetails":{"known":false,"muted":false,"flaky":false},"stage":"finished","steps":[],"attachments":[],"parameters":[],"start":1762750427583,"stop":1762750427589},{"name":"And  User clicks on Register button","status":"skipped","statusDetails":{"known":false,"muted":false,"flaky":false},"stage":"finished","steps":[],"attachments":[],"parameters":[],"start":1762750427589,"stop":1762750427590},{"name":"Then  User should see \"Email is required\" error message","status":"skipped","statusDetails":{"known":false,"muted":false,"flaky":false},"stage":"finished","steps":[],"attachments":[],"parameters":[],"start":1762750427590,"stop":1762750427591},{"name":"And  User should remain on the registration page","status":"skipped","statusDetails":{"known":false,"muted":false,"flaky":false},"stage":"finished","steps":[],"attachments":[],"parameters":[],"start":1762750427591,"stop":1762750427591}],"attachments":[],"parameters":[],"start":1762750409861,"stop":1762750433779}