{"uuid":"a8a48b6e-b063-49e3-863f-6b728ae6bb93","historyId":"53ce1574515e8ad60a9c37b77678f18","fullName":"src/test/resources/features/web/UI_Login_Functionality.feature:18","labels":[{"name":"tag","value":"WEB"},{"name":"tag","value":"TC_Basic_02"},{"name":"host","value":"LIN-5CG0148KZ5"},{"name":"thread","value":"8356@LIN-5CG0148KZ5.TestNG-tests-1(19)"},{"name":"feature","value":"Login Functionality Testing"},{"name":"story","value":"TC_Basic_02 - Verify login with invalid credentials"},{"name":"suite","value":"Login Functionality Testing"},{"name":"testClass","value":"TC_Basic_02 - Verify login with invalid credentials"},{"name":"framework","value":"cucumber4jvm"},{"name":"language","value":"java"},{"name":"gherkin_uri","value":"file:///C:/Users/schapre/automation/AutoSimplified_Selenium_Java_RestAssured-main/src/test/resources/features/web/UI_Login_Functionality.feature"},{"name":"package","value":"src.test.resources.features.web.UI_Login_Functionality_feature.Login Functionality Testing"}],"links":[],"name":"TC_Basic_02 - Verify login with invalid credentials","status":"failed","statusDetails":{"known":false,"muted":false,"flaky":false,"message":"Invalid credentials error message is not displayed expected [true] but found [false]","trace":"java.lang.AssertionError: Invalid credentials error message is not displayed expected [true] but found [false]\r\n\tat org.testng.Assert.fail(Assert.java:111)\r\n\tat org.testng.Assert.failNotEquals(Assert.java:1578)\r\n\tat org.testng.Assert.assertTrue(Assert.java:57)\r\n\tat stepdefinitions.web.UI_LoginFunctionality_StepDefinition.error_message_should_be_displayed(UI_LoginFunctionality_StepDefinition.java:72)\r\n\tat ✽.error message \"Invalid email id and password\" should be displayed(file:///C:/Users/schapre/automation/AutoSimplified_Selenium_Java_RestAssured-main/src/test/resources/features/web/UI_Login_Functionality.feature:21)\r\n"},"stage":"finished","description":"  As a user\n  I want to test various login scenarios\n  So that I can ensure the login functionality works correctly","steps":[{"name":"Given  I navigate to the login page","status":"passed","statusDetails":{"known":false,"muted":false,"flaky":false},"stage":"finished","steps":[],"attachments":[],"parameters":[],"start":1762856250416,"stop":1762856259718},{"name":"When  I enter invalid email id \"invalid@example.com\" or password \"wrongPassword\"","status":"passed","statusDetails":{"known":false,"muted":false,"flaky":false},"stage":"finished","steps":[],"attachments":[],"parameters":[],"start":1762856259719,"stop":1762856272137},{"name":"And  I click on the login button","status":"passed","statusDetails":{"known":false,"muted":false,"flaky":false},"stage":"finished","steps":[],"attachments":[],"parameters":[],"start":1762856272148,"stop":1762856283441},{"name":"Then  error message \"Invalid email id and password\" should be displayed","status":"failed","statusDetails":{"known":false,"muted":false,"flaky":false,"message":"Invalid credentials error message is not displayed expected [true] but found [false]","trace":"java.lang.AssertionError: Invalid credentials error message is not displayed expected [true] but found [false]\r\n\tat org.testng.Assert.fail(Assert.java:111)\r\n\tat org.testng.Assert.failNotEquals(Assert.java:1578)\r\n\tat org.testng.Assert.assertTrue(Assert.java:57)\r\n\tat stepdefinitions.web.UI_LoginFunctionality_StepDefinition.error_message_should_be_displayed(UI_LoginFunctionality_StepDefinition.java:72)\r\n\tat ✽.error message \"Invalid email id and password\" should be displayed(file:///C:/Users/schapre/automation/AutoSimplified_Selenium_Java_RestAssured-main/src/test/resources/features/web/UI_Login_Functionality.feature:21)\r\n"},"stage":"finished","steps":[],"attachments":[],"parameters":[],"start":1762856283443,"stop":1762856294108}],"attachments":[],"parameters":[],"start":1762856204900,"stop":1762856317059}