{"uuid":"aa6e949b-aceb-4619-886c-8a68fa081b7a","historyId":"f1a97356e903561b68da768e2022a0f8","fullName":"src/test/resources/features/web/UI_Login_Functionality.feature:11","labels":[{"name":"tag","value":"WEB"},{"name":"tag","value":"TC_Basic_01"},{"name":"host","value":"LIN-5CG0148KZ5"},{"name":"thread","value":"8356@LIN-5CG0148KZ5.TestNG-tests-1(19)"},{"name":"feature","value":"Login Functionality Testing"},{"name":"story","value":"TC_Basic_01 - Verify login with valid credentials"},{"name":"suite","value":"Login Functionality Testing"},{"name":"testClass","value":"TC_Basic_01 - Verify login with valid credentials"},{"name":"framework","value":"cucumber4jvm"},{"name":"language","value":"java"},{"name":"gherkin_uri","value":"file:///C:/Users/schapre/automation/AutoSimplified_Selenium_Java_RestAssured-main/src/test/resources/features/web/UI_Login_Functionality.feature"},{"name":"package","value":"src.test.resources.features.web.UI_Login_Functionality_feature.Login Functionality Testing"}],"links":[],"name":"TC_Basic_01 - Verify login with valid credentials","status":"failed","statusDetails":{"known":false,"muted":false,"flaky":false,"message":"Success message is not displayed expected [true] but found [false]","trace":"java.lang.AssertionError: Success message is not displayed expected [true] but found [false]\r\n\tat org.testng.Assert.fail(Assert.java:111)\r\n\tat org.testng.Assert.failNotEquals(Assert.java:1578)\r\n\tat org.testng.Assert.assertTrue(Assert.java:57)\r\n\tat stepdefinitions.web.UI_LoginFunctionality_StepDefinition.i_should_see_successful_message(UI_LoginFunctionality_StepDefinition.java:44)\r\n\tat ✽.I should see successful message \"Login Successful\"(file:///C:/Users/schapre/automation/AutoSimplified_Selenium_Java_RestAssured-main/src/test/resources/features/web/UI_Login_Functionality.feature:14)\r\n"},"stage":"finished","description":"  As a user\n  I want to test various login scenarios\n  So that I can ensure the login functionality works correctly","steps":[{"name":"Given  I navigate to the login page","status":"passed","statusDetails":{"known":false,"muted":false,"flaky":false},"stage":"finished","steps":[],"attachments":[],"parameters":[],"start":1762856137848,"stop":1762856141603},{"name":"When  I enter valid email id \"user@premiumbank.com\" and password \"Bank@123\"","status":"passed","statusDetails":{"known":false,"muted":false,"flaky":false},"stage":"finished","steps":[],"attachments":[],"parameters":[],"start":1762856141603,"stop":1762856143784},{"name":"And  I click on the login button","status":"passed","statusDetails":{"known":false,"muted":false,"flaky":false},"stage":"finished","steps":[],"attachments":[],"parameters":[],"start":1762856143784,"stop":1762856146544},{"name":"Then  I should see successful message \"Login Successful\"","status":"failed","statusDetails":{"known":false,"muted":false,"flaky":false,"message":"Success message is not displayed expected [true] but found [false]","trace":"java.lang.AssertionError: Success message is not displayed expected [true] but found [false]\r\n\tat org.testng.Assert.fail(Assert.java:111)\r\n\tat org.testng.Assert.failNotEquals(Assert.java:1578)\r\n\tat org.testng.Assert.assertTrue(Assert.java:57)\r\n\tat stepdefinitions.web.UI_LoginFunctionality_StepDefinition.i_should_see_successful_message(UI_LoginFunctionality_StepDefinition.java:44)\r\n\tat ✽.I should see successful message \"Login Successful\"(file:///C:/Users/schapre/automation/AutoSimplified_Selenium_Java_RestAssured-main/src/test/resources/features/web/UI_Login_Functionality.feature:14)\r\n"},"stage":"finished","steps":[],"attachments":[],"parameters":[],"start":1762856146545,"stop":1762856157163},{"name":"And  I should see \"Back to Login\" button","status":"skipped","statusDetails":{"known":false,"muted":false,"flaky":false},"stage":"finished","steps":[],"attachments":[],"parameters":[],"start":1762856157163,"stop":1762856157165}],"attachments":[],"parameters":[],"start":1762856124576,"stop":1762856198503}