{"uuid":"d13f7935-3374-4bbf-bc12-47a86863f83f","historyId":"61411f0cb06b441d81109aaa404e590b","fullName":"src/test/resources/features/web/UI_Registration_Functionality.feature:69","labels":[{"name":"tag","value":"WEB"},{"name":"tag","value":"TC_Registration_07"},{"name":"host","value":"LIN-5CG0148KZ5"},{"name":"thread","value":"35260@LIN-5CG0148KZ5.TestNG-tests-2(21)"},{"name":"feature","value":"User Registration Functionality"},{"name":"story","value":"TC_Registration_07 - Validate password strength requirements are displayed when user enters a password"},{"name":"suite","value":"User Registration Functionality"},{"name":"testClass","value":"TC_Registration_07 - Validate password strength requirements are displayed when user enters a password"},{"name":"framework","value":"cucumber4jvm"},{"name":"language","value":"java"},{"name":"gherkin_uri","value":"file:///C:/Users/schapre/automation/AutomationFramework_Selenium_Java/src/test/resources/features/web/UI_Registration_Functionality.feature"},{"name":"package","value":"src.test.resources.features.web.UI_Registration_Functionality_feature.User Registration Functionality"}],"links":[],"name":"TC_Registration_07 - Validate password strength requirements are displayed when user enters a password","status":"failed","statusDetails":{"known":false,"muted":false,"flaky":false,"message":"Password strength indicators are not visible expected [true] but found [false]","trace":"java.lang.AssertionError: Password strength indicators are not visible expected [true] but found [false]\r\n\tat org.testng.Assert.fail(Assert.java:111)\r\n\tat org.testng.Assert.failNotEquals(Assert.java:1578)\r\n\tat org.testng.Assert.assertTrue(Assert.java:57)\r\n\tat stepdefinitions.web.UI_RegistrationFunctionality_StepDefinition.password_strength_indicators_should_be_visible(UI_RegistrationFunctionality_StepDefinition.java:208)\r\n\tat ✽.Password strength indicators should be visible(file:///C:/Users/schapre/automation/AutomationFramework_Selenium_Java/src/test/resources/features/web/UI_Registration_Functionality.feature:73)\r\n"},"stage":"finished","steps":[{"name":"Given  User navigates to TesterBud registration page","status":"passed","statusDetails":{"known":false,"muted":false,"flaky":false},"stage":"finished","steps":[],"attachments":[],"parameters":[],"start":1762750718995,"stop":1762750725994},{"name":"Given  User is on the registration page","status":"passed","statusDetails":{"known":false,"muted":false,"flaky":false},"stage":"finished","steps":[],"attachments":[],"parameters":[],"start":1762750726049,"stop":1762750734421},{"name":"When  User enters password \"weak\"","status":"passed","statusDetails":{"known":false,"muted":false,"flaky":false},"stage":"finished","steps":[],"attachments":[],"parameters":[],"start":1762750734423,"stop":1762750736295},{"name":"Then  User should see password strength requirements","status":"passed","statusDetails":{"known":false,"muted":false,"flaky":false},"stage":"finished","steps":[],"attachments":[],"parameters":[],"start":1762750736305,"stop":1762750740625},{"name":"And  Password strength indicators should be visible","status":"failed","statusDetails":{"known":false,"muted":false,"flaky":false,"message":"Password strength indicators are not visible expected [true] but found [false]","trace":"java.lang.AssertionError: Password strength indicators are not visible expected [true] but found [false]\r\n\tat org.testng.Assert.fail(Assert.java:111)\r\n\tat org.testng.Assert.failNotEquals(Assert.java:1578)\r\n\tat org.testng.Assert.assertTrue(Assert.java:57)\r\n\tat stepdefinitions.web.UI_RegistrationFunctionality_StepDefinition.password_strength_indicators_should_be_visible(UI_RegistrationFunctionality_StepDefinition.java:208)\r\n\tat ✽.Password strength indicators should be visible(file:///C:/Users/schapre/automation/AutomationFramework_Selenium_Java/src/test/resources/features/web/UI_Registration_Functionality.feature:73)\r\n"},"stage":"finished","steps":[],"attachments":[],"parameters":[],"start":1762750740635,"stop":1762750743891}],"attachments":[],"parameters":[],"start":1762750673038,"stop":1762750769416}