{"uuid":"f5e7eb39-7f6c-40af-bba9-2410595a016d","historyId":"e64350d636f4fdbb0556fc8748d18b81","fullName":"src/test/resources/features/web/UI_Login_Functionality.feature:50","labels":[{"name":"tag","value":"WEB"},{"name":"tag","value":"TC_Basic_07"},{"name":"host","value":"LIN-5CG0148KZ5"},{"name":"thread","value":"35260@LIN-5CG0148KZ5.TestNG-tests-1(20)"},{"name":"feature","value":"Login Functionality Testing"},{"name":"story","value":"TC_Basic_07 - Verify error message when email id entered in invalid format"},{"name":"suite","value":"Login Functionality Testing"},{"name":"testClass","value":"TC_Basic_07 - Verify error message when email id entered in invalid format"},{"name":"framework","value":"cucumber4jvm"},{"name":"language","value":"java"},{"name":"gherkin_uri","value":"file:///C:/Users/schapre/automation/AutomationFramework_Selenium_Java/src/test/resources/features/web/UI_Login_Functionality.feature"},{"name":"package","value":"src.test.resources.features.web.UI_Login_Functionality_feature.Login Functionality Testing"}],"links":[],"name":"TC_Basic_07 - Verify error message when email id entered in invalid format","status":"broken","statusDetails":{"known":false,"muted":false,"flaky":false,"message":"Expected condition failed: waiting for element to be clickable: By.xpath: //button[text()='Sign in'] (tried for 10 second(s) with 500 milliseconds interval)\nBuild info: version: '4.15.0', revision: '1d14b5521b'\nSystem info: os.name: 'Windows 11', os.arch: 'amd64', os.version: '10.0', java.version: '11.0.22'\nDriver info: org.openqa.selenium.chrome.ChromeDriver\nCapabilities {acceptInsecureCerts: false, browserName: chrome, browserVersion: 142.0.7444.60, chrome: {chromedriverVersion: 142.0.7444.61 (9884f628acbc..., userDataDir: C:\\Users\\schapre\\AppData\\Lo...}, fedcm:accounts: true, goog:chromeOptions: {debuggerAddress: localhost:61770}, goog:processID: 39676, networkConnectionEnabled: false, pageLoadStrategy: normal, platformName: windows, proxy: Proxy(), se:cdp: ws://localhost:61770/devtoo..., se:cdpVersion: 142.0.7444.60, setWindowRect: true, strictFileInteractability: false, timeouts: {implicit: 0, pageLoad: 300000, script: 30000}, unhandledPromptBehavior: dismiss and notify, webauthn:extension:credBlob: true, webauthn:extension:largeBlob: true, webauthn:extension:minPinLength: true, webauthn:extension:prf: true, webauthn:virtualAuthenticators: true}\nSession ID: e6a3642f533dc06e561c35f8b3076af3","trace":"org.openqa.selenium.TimeoutException: Expected condition failed: waiting for element to be clickable: By.xpath: //button[text()='Sign in'] (tried for 10 second(s) with 500 milliseconds interval)\nBuild info: version: '4.15.0', revision: '1d14b5521b'\nSystem info: os.name: 'Windows 11', os.arch: 'amd64', os.version: '10.0', java.version: '11.0.22'\nDriver info: org.openqa.selenium.chrome.ChromeDriver\nCapabilities {acceptInsecureCerts: false, browserName: chrome, browserVersion: 142.0.7444.60, chrome: {chromedriverVersion: 142.0.7444.61 (9884f628acbc..., userDataDir: C:\\Users\\schapre\\AppData\\Lo...}, fedcm:accounts: true, goog:chromeOptions: {debuggerAddress: localhost:61770}, goog:processID: 39676, networkConnectionEnabled: false, pageLoadStrategy: normal, platformName: windows, proxy: Proxy(), se:cdp: ws://localhost:61770/devtoo..., se:cdpVersion: 142.0.7444.60, setWindowRect: true, strictFileInteractability: false, timeouts: {implicit: 0, pageLoad: 300000, script: 30000}, unhandledPromptBehavior: dismiss and notify, webauthn:extension:credBlob: true, webauthn:extension:largeBlob: true, webauthn:extension:minPinLength: true, webauthn:extension:prf: true, webauthn:virtualAuthenticators: true}\nSession ID: e6a3642f533dc06e561c35f8b3076af3\r\n\tat org.openqa.selenium.support.ui.WebDriverWait.timeoutException(WebDriverWait.java:84)\r\n\tat org.openqa.selenium.support.ui.FluentWait.until(FluentWait.java:229)\r\n\tat pages.UI_LoginTestPage.clickLoginButton(UI_LoginTestPage.java:56)\r\n\tat stepdefinitions.web.UI_LoginFunctionality_StepDefinition.i_click_the_login_button(UI_LoginFunctionality_StepDefinition.java:141)\r\n\tat ✽.I click the login button(file:///C:/Users/schapre/automation/AutomationFramework_Selenium_Java/src/test/resources/features/web/UI_Login_Functionality.feature:52)\r\n"},"stage":"finished","description":"  As a user\n  I want to test various login scenarios\n  So that I can ensure the login functionality works correctly","steps":[{"name":"Given  I navigate to the login page","status":"passed","statusDetails":{"known":false,"muted":false,"flaky":false},"stage":"finished","steps":[],"attachments":[],"parameters":[],"start":1762750636665,"stop":1762750640293},{"name":"When  I enter invalid format username \"abc123\"","status":"passed","statusDetails":{"known":false,"muted":false,"flaky":false},"stage":"finished","steps":[],"attachments":[],"parameters":[],"start":1762750640296,"stop":1762750651333},{"name":"And  I click the login button","status":"broken","statusDetails":{"known":false,"muted":false,"flaky":false,"message":"Expected condition failed: waiting for element to be clickable: By.xpath: //button[text()='Sign in'] (tried for 10 second(s) with 500 milliseconds interval)\nBuild info: version: '4.15.0', revision: '1d14b5521b'\nSystem info: os.name: 'Windows 11', os.arch: 'amd64', os.version: '10.0', java.version: '11.0.22'\nDriver info: org.openqa.selenium.chrome.ChromeDriver\nCapabilities {acceptInsecureCerts: false, browserName: chrome, browserVersion: 142.0.7444.60, chrome: {chromedriverVersion: 142.0.7444.61 (9884f628acbc..., userDataDir: C:\\Users\\schapre\\AppData\\Lo...}, fedcm:accounts: true, goog:chromeOptions: {debuggerAddress: localhost:61770}, goog:processID: 39676, networkConnectionEnabled: false, pageLoadStrategy: normal, platformName: windows, proxy: Proxy(), se:cdp: ws://localhost:61770/devtoo..., se:cdpVersion: 142.0.7444.60, setWindowRect: true, strictFileInteractability: false, timeouts: {implicit: 0, pageLoad: 300000, script: 30000}, unhandledPromptBehavior: dismiss and notify, webauthn:extension:credBlob: true, webauthn:extension:largeBlob: true, webauthn:extension:minPinLength: true, webauthn:extension:prf: true, webauthn:virtualAuthenticators: true}\nSession ID: e6a3642f533dc06e561c35f8b3076af3","trace":"org.openqa.selenium.TimeoutException: Expected condition failed: waiting for element to be clickable: By.xpath: //button[text()='Sign in'] (tried for 10 second(s) with 500 milliseconds interval)\nBuild info: version: '4.15.0', revision: '1d14b5521b'\nSystem info: os.name: 'Windows 11', os.arch: 'amd64', os.version: '10.0', java.version: '11.0.22'\nDriver info: org.openqa.selenium.chrome.ChromeDriver\nCapabilities {acceptInsecureCerts: false, browserName: chrome, browserVersion: 142.0.7444.60, chrome: {chromedriverVersion: 142.0.7444.61 (9884f628acbc..., userDataDir: C:\\Users\\schapre\\AppData\\Lo...}, fedcm:accounts: true, goog:chromeOptions: {debuggerAddress: localhost:61770}, goog:processID: 39676, networkConnectionEnabled: false, pageLoadStrategy: normal, platformName: windows, proxy: Proxy(), se:cdp: ws://localhost:61770/devtoo..., se:cdpVersion: 142.0.7444.60, setWindowRect: true, strictFileInteractability: false, timeouts: {implicit: 0, pageLoad: 300000, script: 30000}, unhandledPromptBehavior: dismiss and notify, webauthn:extension:credBlob: true, webauthn:extension:largeBlob: true, webauthn:extension:minPinLength: true, webauthn:extension:prf: true, webauthn:virtualAuthenticators: true}\nSession ID: e6a3642f533dc06e561c35f8b3076af3\r\n\tat org.openqa.selenium.support.ui.WebDriverWait.timeoutException(WebDriverWait.java:84)\r\n\tat org.openqa.selenium.support.ui.FluentWait.until(FluentWait.java:229)\r\n\tat pages.UI_LoginTestPage.clickLoginButton(UI_LoginTestPage.java:56)\r\n\tat stepdefinitions.web.UI_LoginFunctionality_StepDefinition.i_click_the_login_button(UI_LoginFunctionality_StepDefinition.java:141)\r\n\tat ✽.I click the login button(file:///C:/Users/schapre/automation/AutomationFramework_Selenium_Java/src/test/resources/features/web/UI_Login_Functionality.feature:52)\r\n"},"stage":"finished","steps":[],"attachments":[],"parameters":[],"start":1762750651363,"stop":1762750661874},{"name":"Then  error message \"Please include an '@' in the email address. 'abc123' is missing '@'\" should be displayed","status":"skipped","statusDetails":{"known":false,"muted":false,"flaky":false},"stage":"finished","steps":[],"attachments":[],"parameters":[],"start":1762750661876,"stop":1762750661876}],"attachments":[],"parameters":[],"start":1762750604703,"stop":1762750701558}