{"uuid":"fc8c03f3-0c0b-4fe2-84a2-c004329cef27","historyId":"71ab10a228fc138421de5189ea4169e0","fullName":"src/test/resources/features/web/UI_ForgetPassword_Functionality.feature:39","labels":[{"name":"tag","value":"WEB"},{"name":"tag","value":"TC_Forget_05"},{"name":"host","value":"LIN-5CG0148KZ5"},{"name":"thread","value":"8356@LIN-5CG0148KZ5.TestNG-tests-1(19)"},{"name":"feature","value":"Forget Password Functionality Testing"},{"name":"story","value":"TC_Forget_05 - Validate Error message if Current Password left blank"},{"name":"suite","value":"Forget Password Functionality Testing"},{"name":"testClass","value":"TC_Forget_05 - Validate Error message if Current Password left blank"},{"name":"framework","value":"cucumber4jvm"},{"name":"language","value":"java"},{"name":"gherkin_uri","value":"file:///C:/Users/schapre/automation/AutoSimplified_Selenium_Java_RestAssured-main/src/test/resources/features/web/UI_ForgetPassword_Functionality.feature"},{"name":"package","value":"src.test.resources.features.web.UI_ForgetPassword_Functionality_feature.Forget Password Functionality Testing"}],"links":[],"name":"TC_Forget_05 - Validate Error message if Current Password left blank","status":"failed","statusDetails":{"known":false,"muted":false,"flaky":false,"message":"Security code field should be displayed expected [true] but found [false]","trace":"java.lang.AssertionError: Security code field should be displayed expected [true] but found [false]\r\n\tat org.testng.Assert.fail(Assert.java:111)\r\n\tat org.testng.Assert.failNotEquals(Assert.java:1578)\r\n\tat org.testng.Assert.assertTrue(Assert.java:57)\r\n\tat stepdefinitions.web.UI_ForgetPasswordFunctionality_StepDefinition.i_enter_correct_secret_code(UI_ForgetPasswordFunctionality_StepDefinition.java:65)\r\n\tat ✽.I enter correct secret code \"BANK1234\"(file:///C:/Users/schapre/automation/AutoSimplified_Selenium_Java_RestAssured-main/src/test/resources/features/web/UI_ForgetPassword_Functionality.feature:42)\r\n"},"stage":"finished","description":"  As a user who has forgotten their password\n  I want to be able to reset my password securely\n  So that I can regain access to my account","steps":[{"name":"Given  I am on the forget password page","status":"passed","statusDetails":{"known":false,"muted":false,"flaky":false},"stage":"finished","steps":[],"attachments":[],"parameters":[],"start":1762855886748,"stop":1762855893946},{"name":"When  I enter valid email address \"user@premiumbank.com\"","status":"passed","statusDetails":{"known":false,"muted":false,"flaky":false},"stage":"finished","steps":[],"attachments":[],"parameters":[],"start":1762855893947,"stop":1762855902644},{"name":"And  I click on 'Continue' button","status":"passed","statusDetails":{"known":false,"muted":false,"flaky":false},"stage":"finished","steps":[],"attachments":[],"parameters":[],"start":1762855902648,"stop":1762855904017},{"name":"And  I enter correct secret code \"BANK1234\"","status":"failed","statusDetails":{"known":false,"muted":false,"flaky":false,"message":"Security code field should be displayed expected [true] but found [false]","trace":"java.lang.AssertionError: Security code field should be displayed expected [true] but found [false]\r\n\tat org.testng.Assert.fail(Assert.java:111)\r\n\tat org.testng.Assert.failNotEquals(Assert.java:1578)\r\n\tat org.testng.Assert.assertTrue(Assert.java:57)\r\n\tat stepdefinitions.web.UI_ForgetPasswordFunctionality_StepDefinition.i_enter_correct_secret_code(UI_ForgetPasswordFunctionality_StepDefinition.java:65)\r\n\tat ✽.I enter correct secret code \"BANK1234\"(file:///C:/Users/schapre/automation/AutoSimplified_Selenium_Java_RestAssured-main/src/test/resources/features/web/UI_ForgetPassword_Functionality.feature:42)\r\n"},"stage":"finished","steps":[],"attachments":[],"parameters":[],"start":1762855904025,"stop":1762855904775},{"name":"And  I click on 'Verify Code' button","status":"skipped","statusDetails":{"known":false,"muted":false,"flaky":false},"stage":"finished","steps":[],"attachments":[],"parameters":[],"start":1762855904779,"stop":1762855904825},{"name":"And  I leave the current password field blank","status":"skipped","statusDetails":{"known":false,"muted":false,"flaky":false},"stage":"finished","steps":[],"attachments":[],"parameters":[],"start":1762855904826,"stop":1762855904838},{"name":"And  I enter new password \"NewBank@456\"","status":"skipped","statusDetails":{"known":false,"muted":false,"flaky":false},"stage":"finished","steps":[],"attachments":[],"parameters":[],"start":1762855904841,"stop":1762855904848},{"name":"And  I enter confirm password \"NewBank@456\"","status":"skipped","statusDetails":{"known":false,"muted":false,"flaky":false},"stage":"finished","steps":[],"attachments":[],"parameters":[],"start":1762855904849,"stop":1762855904849},{"name":"And  I click on 'Reset Password' button","status":"skipped","statusDetails":{"known":false,"muted":false,"flaky":false},"stage":"finished","steps":[],"attachments":[],"parameters":[],"start":1762855904850,"stop":1762855904862},{"name":"Then  I should see error message 'Current password is required'","status":"skipped","statusDetails":{"known":false,"muted":false,"flaky":false},"stage":"finished","steps":[],"attachments":[],"parameters":[],"start":1762855904863,"stop":1762855904863}],"attachments":[],"parameters":[],"start":1762855867007,"stop":1762855920747}