<!DOCTYPE html>

<html>
  <head>
  <meta charset='utf-8'>
  <title>TestNG reports</title>

    <link type="text/css" href="testng-reports1.css" rel="stylesheet" id="ultra" />
    <link type="text/css" href="testng-reports.css" rel="stylesheet" id="retro" disabled="false"/>
    <script type="text/javascript" src="jquery-3.6.0.min.js"></script>
    <script type="text/javascript" src="testng-reports.js"></script>
    <script type="text/javascript" src="https://www.google.com/jsapi"></script>
    <script type='text/javascript'>
      google.load('visualization', '1', {packages:['table']});
      google.setOnLoadCallback(drawTable);
      var suiteTableInitFunctions = new Array();
      var suiteTableData = new Array();
    </script>
    <!--
      <script type="text/javascript" src="jquery-ui/js/jquery-ui-1.8.16.custom.min.js"></script>
     -->
  </head>

  <body>    <div class="top-banner-root">
      <span class="top-banner-title-font">Test results</span>
      <button id="button" class="button">Switch Retro Theme</button> <!-- button -->
      <br/>
      <span class="top-banner-font-1">1 suite, 23 failed tests</span>
    </div> <!-- top-banner-root -->
    <div class="navigator-root">
      <div class="navigator-suite-header">
        <span>All suites</span>
        <a href="#" title="Collapse/expand all the suites" class="collapse-all-link">
          <img src="collapseall.gif" class="collapse-all-icon">
          </img> <!-- collapse-all-icon -->
        </a> <!-- collapse-all-link -->
      </div> <!-- navigator-suite-header -->
      <div class="suite">
        <div class="rounded-window">
          <div class="suite-header light-rounded-window-top">
            <a href="#" panel-name="suite-Multi_Platform_Suite" class="navigator-link">
              <span class="suite-name border-failed">Multi-Platform Suite</span>
            </a> <!-- navigator-link -->
          </div> <!-- suite-header light-rounded-window-top -->
          <div class="navigator-suite-content">
            <div class="suite-section-title">
              <span>Info</span>
            </div> <!-- suite-section-title -->
            <div class="suite-section-content">
              <ul>
                <li>
                  <a href="#" panel-name="test-xml-Multi_Platform_Suite" class="navigator-link ">
                    <span>C:\Users\schapre\automation\AutomationFramework_Selenium_Java\testng.xml</span>
                  </a> <!-- navigator-link  -->
                </li>
                <li>
                  <a href="#" panel-name="testlist-Multi_Platform_Suite" class="navigator-link ">
                    <span class="test-stats">2 tests</span>
                  </a> <!-- navigator-link  -->
                </li>
                <li>
                  <a href="#" panel-name="group-Multi_Platform_Suite" class="navigator-link ">
                    <span>1 group</span>
                  </a> <!-- navigator-link  -->
                </li>
                <li>
                  <a href="#" panel-name="times-Multi_Platform_Suite" class="navigator-link ">
                    <span>Times</span>
                  </a> <!-- navigator-link  -->
                </li>
                <li>
                  <a href="#" panel-name="reporter-Multi_Platform_Suite" class="navigator-link ">
                    <span>Reporter output</span>
                  </a> <!-- navigator-link  -->
                </li>
                <li>
                  <a href="#" panel-name="ignored-methods-Multi_Platform_Suite" class="navigator-link ">
                    <span>Ignored methods</span>
                  </a> <!-- navigator-link  -->
                </li>
                <li>
                  <a href="#" panel-name="chronological-Multi_Platform_Suite" class="navigator-link ">
                    <span>Chronological view</span>
                  </a> <!-- navigator-link  -->
                </li>
              </ul>
            </div> <!-- suite-section-content -->
            <div class="result-section">
              <div class="suite-section-title">
                <span>Results</span>
              </div> <!-- suite-section-title -->
              <div class="suite-section-content">
                <ul>
                  <li>
                    <span class="method-stats">74 methods, 23 failed,   51 passed</span>
                  </li>
                  <li>
                    <span class="method-list-title failed">Failed methods</span>
                    <span class="show-or-hide-methods failed">
                      <a href="#" panel-name="suite-Multi_Platform_Suite" class="hide-methods failed suite-Multi_Platform_Suite"> (hide)</a> <!-- hide-methods failed suite-Multi_Platform_Suite -->
                      <a href="#" panel-name="suite-Multi_Platform_Suite" class="show-methods failed suite-Multi_Platform_Suite"> (show)</a> <!-- show-methods failed suite-Multi_Platform_Suite -->
                    </span>
                    <div class="method-list-content failed suite-Multi_Platform_Suite">
                      <span>
                        <img src="failed.png" width="3%"/>
                        <a href="#" panel-name="suite-Multi_Platform_Suite" title="runners.TestRunner" class="method navigator-link" hash-for-method="runScenario(&quot;Get employee details by ID&quot;, &quot;Employee API Testing&quot;)">runScenario("Get employee details by ID", "Employee API Testing")</a> <!-- method navigator-link -->
                      </span>
                      <br/>
                      <span>
                        <img src="failed.png" width="3%"/>
                        <a href="#" panel-name="suite-Multi_Platform_Suite" title="runners.TestRunner" class="method navigator-link" hash-for-method="runScenario(&quot;TC_Forget_11 - Validate successful password reset with a valid New Password&quot;, &quot;Forget Password Func...)">runScenario("TC_Forget_11 - Validate successful password reset with a valid New Password", "Forget Password Func...)</a> <!-- method navigator-link -->
                      </span>
                      <br/>
                      <span>
                        <img src="failed.png" width="3%"/>
                        <a href="#" panel-name="suite-Multi_Platform_Suite" title="runners.TestRunner" class="method navigator-link" hash-for-method="runScenario(&quot;Successful login with valid credentials&quot;, &quot;OrangeHRM Login API Testing&quot;)">runScenario("Successful login with valid credentials", "OrangeHRM Login API Testing")</a> <!-- method navigator-link -->
                      </span>
                      <br/>
                      <span>
                        <img src="failed.png" width="3%"/>
                        <a href="#" panel-name="suite-Multi_Platform_Suite" title="runners.TestRunner" class="method navigator-link" hash-for-method="runScenario(&quot;TC_Registration_07 - Validate password strength requirements are displayed when user enters a passw...)">runScenario("TC_Registration_07 - Validate password strength requirements are displayed when user enters a passw...)</a> <!-- method navigator-link -->
                      </span>
                      <br/>
                      <span>
                        <img src="failed.png" width="3%"/>
                        <a href="#" panel-name="suite-Multi_Platform_Suite" title="runners.TestRunner" class="method navigator-link" hash-for-method="runScenario(&quot;TC_Forget_07 - Validate Error message if Confirm New Password left blank&quot;, &quot;Forget Password Functio...)">runScenario("TC_Forget_07 - Validate Error message if Confirm New Password left blank", "Forget Password Functio...)</a> <!-- method navigator-link -->
                      </span>
                      <br/>
                      <span>
                        <img src="failed.png" width="3%"/>
                        <a href="#" panel-name="suite-Multi_Platform_Suite" title="runners.TestRunner" class="method navigator-link" hash-for-method="runScenario(&quot;TC_Registration_05 - Validate registration with invalid email format&quot;, &quot;User Registration Functiona...)">runScenario("TC_Registration_05 - Validate registration with invalid email format", "User Registration Functiona...)</a> <!-- method navigator-link -->
                      </span>
                      <br/>
                      <span>
                        <img src="failed.png" width="3%"/>
                        <a href="#" panel-name="suite-Multi_Platform_Suite" title="runners.TestRunner" class="method navigator-link" hash-for-method="runScenario(&quot;TC_Forget_04 - Validate Error message if wrong Secret Code entered&quot;, &quot;Forget Password Functionality...)">runScenario("TC_Forget_04 - Validate Error message if wrong Secret Code entered", "Forget Password Functionality...)</a> <!-- method navigator-link -->
                      </span>
                      <br/>
                      <span>
                        <img src="failed.png" width="3%"/>
                        <a href="#" panel-name="suite-Multi_Platform_Suite" title="runners.TestRunner" class="method navigator-link" hash-for-method="runScenario(&quot;TC_Forget_06 - Validate Error message if New Password left blank&quot;, &quot;Forget Password Functionality T...)">runScenario("TC_Forget_06 - Validate Error message if New Password left blank", "Forget Password Functionality T...)</a> <!-- method navigator-link -->
                      </span>
                      <br/>
                      <span>
                        <img src="failed.png" width="3%"/>
                        <a href="#" panel-name="suite-Multi_Platform_Suite" title="runners.TestRunner" class="method navigator-link" hash-for-method="runScenario(&quot;TC_Registration_02 - Validate registration with empty email field&quot;, &quot;User Registration Functionalit...)">runScenario("TC_Registration_02 - Validate registration with empty email field", "User Registration Functionalit...)</a> <!-- method navigator-link -->
                      </span>
                      <br/>
                      <span>
                        <img src="failed.png" width="3%"/>
                        <a href="#" panel-name="suite-Multi_Platform_Suite" title="runners.TestRunner" class="method navigator-link" hash-for-method="runScenario(&quot;TC_Forget_09 - Validate error message if New and Confirm Password do not meet password criteria&quot;, &quot;...)">runScenario("TC_Forget_09 - Validate error message if New and Confirm Password do not meet password criteria", "...)</a> <!-- method navigator-link -->
                      </span>
                      <br/>
                      <span>
                        <img src="failed.png" width="3%"/>
                        <a href="#" panel-name="suite-Multi_Platform_Suite" title="runners.TestRunner" class="method navigator-link" hash-for-method="runScenario(&quot;TC_Forget_05 - Validate Error message if Current Password left blank&quot;, &quot;Forget Password Functionali...)">runScenario("TC_Forget_05 - Validate Error message if Current Password left blank", "Forget Password Functionali...)</a> <!-- method navigator-link -->
                      </span>
                      <br/>
                      <span>
                        <img src="failed.png" width="3%"/>
                        <a href="#" panel-name="suite-Multi_Platform_Suite" title="runners.TestRunner" class="method navigator-link" hash-for-method="runScenario(&quot;TC_Registration_04 - Validate registration with empty confirm password field&quot;, &quot;User Registration F...)">runScenario("TC_Registration_04 - Validate registration with empty confirm password field", "User Registration F...)</a> <!-- method navigator-link -->
                      </span>
                      <br/>
                      <span>
                        <img src="failed.png" width="3%"/>
                        <a href="#" panel-name="suite-Multi_Platform_Suite" title="runners.TestRunner" class="method navigator-link" hash-for-method="runScenario(&quot;TC_Forget_06 - Validate Error message if New Password left blank&quot;, &quot;Forget Password Functionality T...)">runScenario("TC_Forget_06 - Validate Error message if New Password left blank", "Forget Password Functionality T...)</a> <!-- method navigator-link -->
                      </span>
                      <br/>
                      <span>
                        <img src="failed.png" width="3%"/>
                        <a href="#" panel-name="suite-Multi_Platform_Suite" title="runners.TestRunner" class="method navigator-link" hash-for-method="runScenario(&quot;Get all user roles&quot;, &quot;User Role API Testing&quot;)">runScenario("Get all user roles", "User Role API Testing")</a> <!-- method navigator-link -->
                      </span>
                      <br/>
                      <span>
                        <img src="failed.png" width="3%"/>
                        <a href="#" panel-name="suite-Multi_Platform_Suite" title="runners.TestRunner" class="method navigator-link" hash-for-method="runScenario(&quot;TC_Forget_04 - Validate Error message if wrong Secret Code entered&quot;, &quot;Forget Password Functionality...)">runScenario("TC_Forget_04 - Validate Error message if wrong Secret Code entered", "Forget Password Functionality...)</a> <!-- method navigator-link -->
                      </span>
                      <br/>
                      <span>
                        <img src="failed.png" width="3%"/>
                        <a href="#" panel-name="suite-Multi_Platform_Suite" title="runners.TestRunner" class="method navigator-link" hash-for-method="runScenario(&quot;TC_Forget_09 - Validate error message if New and Confirm Password do not meet password criteria&quot;, &quot;...)">runScenario("TC_Forget_09 - Validate error message if New and Confirm Password do not meet password criteria", "...)</a> <!-- method navigator-link -->
                      </span>
                      <br/>
                      <span>
                        <img src="failed.png" width="3%"/>
                        <a href="#" panel-name="suite-Multi_Platform_Suite" title="runners.TestRunner" class="method navigator-link" hash-for-method="runScenario(&quot;TC_Forget_11 - Validate successful password reset with a valid New Password&quot;, &quot;Forget Password Func...)">runScenario("TC_Forget_11 - Validate successful password reset with a valid New Password", "Forget Password Func...)</a> <!-- method navigator-link -->
                      </span>
                      <br/>
                      <span>
                        <img src="failed.png" width="3%"/>
                        <a href="#" panel-name="suite-Multi_Platform_Suite" title="runners.TestRunner" class="method navigator-link" hash-for-method="runScenario(&quot;TC_Registration_04 - Validate registration with empty confirm password field&quot;, &quot;User Registration F...)">runScenario("TC_Registration_04 - Validate registration with empty confirm password field", "User Registration F...)</a> <!-- method navigator-link -->
                      </span>
                      <br/>
                      <span>
                        <img src="failed.png" width="3%"/>
                        <a href="#" panel-name="suite-Multi_Platform_Suite" title="runners.TestRunner" class="method navigator-link" hash-for-method="runScenario(&quot;TC_Basic_07 - Verify error message when email id entered in invalid format&quot;, &quot;Login Functionality T...)">runScenario("TC_Basic_07 - Verify error message when email id entered in invalid format", "Login Functionality T...)</a> <!-- method navigator-link -->
                      </span>
                      <br/>
                      <span>
                        <img src="failed.png" width="3%"/>
                        <a href="#" panel-name="suite-Multi_Platform_Suite" title="runners.TestRunner" class="method navigator-link" hash-for-method="runScenario(&quot;TC_Forget_07 - Validate Error message if Confirm New Password left blank&quot;, &quot;Forget Password Functio...)">runScenario("TC_Forget_07 - Validate Error message if Confirm New Password left blank", "Forget Password Functio...)</a> <!-- method navigator-link -->
                      </span>
                      <br/>
                      <span>
                        <img src="failed.png" width="3%"/>
                        <a href="#" panel-name="suite-Multi_Platform_Suite" title="runners.TestRunner" class="method navigator-link" hash-for-method="runScenario(&quot;TC_Forget_08 - Validate error message if New and Confirm Password do not match&quot;, &quot;Forget Password F...)">runScenario("TC_Forget_08 - Validate error message if New and Confirm Password do not match", "Forget Password F...)</a> <!-- method navigator-link -->
                      </span>
                      <br/>
                      <span>
                        <img src="failed.png" width="3%"/>
                        <a href="#" panel-name="suite-Multi_Platform_Suite" title="runners.TestRunner" class="method navigator-link" hash-for-method="runScenario(&quot;TC_Forget_10 - Validate password strength indicator when some criteria are met&quot;, &quot;Forget Password F...)">runScenario("TC_Forget_10 - Validate password strength indicator when some criteria are met", "Forget Password F...)</a> <!-- method navigator-link -->
                      </span>
                      <br/>
                      <span>
                        <img src="failed.png" width="3%"/>
                        <a href="#" panel-name="suite-Multi_Platform_Suite" title="runners.TestRunner" class="method navigator-link" hash-for-method="runScenario(&quot;Get leave balance&quot;, &quot;Leave API Testing&quot;)">runScenario("Get leave balance", "Leave API Testing")</a> <!-- method navigator-link -->
                      </span>
                      <br/>
                    </div> <!-- method-list-content failed suite-Multi_Platform_Suite -->
                  </li>
                  <li>
                    <span class="method-list-title passed">Passed methods</span>
                    <span class="show-or-hide-methods passed">
                      <a href="#" panel-name="suite-Multi_Platform_Suite" class="hide-methods passed suite-Multi_Platform_Suite"> (hide)</a> <!-- hide-methods passed suite-Multi_Platform_Suite -->
                      <a href="#" panel-name="suite-Multi_Platform_Suite" class="show-methods passed suite-Multi_Platform_Suite"> (show)</a> <!-- show-methods passed suite-Multi_Platform_Suite -->
                    </span>
                    <div class="method-list-content passed suite-Multi_Platform_Suite">
                      <span>
                        <img src="passed.png" width="3%"/>
                        <a href="#" panel-name="suite-Multi_Platform_Suite" title="runners.TestRunner" class="method navigator-link" hash-for-method="runScenario(&quot;TC_Registration_10 - Validate clicking &#039;Sign in&#039; link successfully navigate user to Login Page&quot;, &quot;U...)">runScenario("TC_Registration_10 - Validate clicking 'Sign in' link successfully navigate user to Login Page", "U...)</a> <!-- method navigator-link -->
                      </span>
                      <br/>
                      <span>
                        <img src="passed.png" width="3%"/>
                        <a href="#" panel-name="suite-Multi_Platform_Suite" title="runners.TestRunner" class="method navigator-link" hash-for-method="runScenario(&quot;TC_Basic_05 - Verify password field is masked&quot;, &quot;Login Functionality Testing&quot;)">runScenario("TC_Basic_05 - Verify password field is masked", "Login Functionality Testing")</a> <!-- method navigator-link -->
                      </span>
                      <br/>
                      <span>
                        <img src="passed.png" width="3%"/>
                        <a href="#" panel-name="suite-Multi_Platform_Suite" title="runners.TestRunner" class="method navigator-link" hash-for-method="runScenario(&quot;TC_Forget_02 - Validate Error message if wrong Email address entered&quot;, &quot;Forget Password Functionali...)">runScenario("TC_Forget_02 - Validate Error message if wrong Email address entered", "Forget Password Functionali...)</a> <!-- method navigator-link -->
                      </span>
                      <br/>
                      <span>
                        <img src="passed.png" width="3%"/>
                        <a href="#" panel-name="suite-Multi_Platform_Suite" title="runners.TestRunner" class="method navigator-link" hash-for-method="runScenario(&quot;TC_Basic_02 - Verify login with invalid credentials&quot;, &quot;Login Functionality Testing&quot;)">runScenario("TC_Basic_02 - Verify login with invalid credentials", "Login Functionality Testing")</a> <!-- method navigator-link -->
                      </span>
                      <br/>
                      <span>
                        <img src="passed.png" width="3%"/>
                        <a href="#" panel-name="suite-Multi_Platform_Suite" title="runners.TestRunner" class="method navigator-link" hash-for-method="runScenario(&quot;TC_Registration_09 - Validate password strength indicators are visible when strong password is ente...)">runScenario("TC_Registration_09 - Validate password strength indicators are visible when strong password is ente...)</a> <!-- method navigator-link -->
                      </span>
                      <br/>
                      <span>
                        <img src="passed.png" width="3%"/>
                        <a href="#" panel-name="suite-Multi_Platform_Suite" title="runners.TestRunner" class="method navigator-link" hash-for-method="runScenario(&quot;TC_Basic_01 - Verify login with valid credentials&quot;, &quot;Login Functionality Testing&quot;)">runScenario("TC_Basic_01 - Verify login with valid credentials", "Login Functionality Testing")</a> <!-- method navigator-link -->
                      </span>
                      <br/>
                      <span>
                        <img src="passed.png" width="3%"/>
                        <a href="#" panel-name="suite-Multi_Platform_Suite" title="runners.TestRunner" class="method navigator-link" hash-for-method="runScenario(&quot;TC_Basic_06 - Verify error message when username is entered but password field is left blank&quot;, &quot;Log...)">runScenario("TC_Basic_06 - Verify error message when username is entered but password field is left blank", "Log...)</a> <!-- method navigator-link -->
                      </span>
                      <br/>
                      <span>
                        <img src="passed.png" width="3%"/>
                        <a href="#" panel-name="suite-Multi_Platform_Suite" title="runners.TestRunner" class="method navigator-link" hash-for-method="runScenario(&quot;TC_Registration_01 - Verify successful user registration&quot;, &quot;User Registration Functionality&quot;)">runScenario("TC_Registration_01 - Verify successful user registration", "User Registration Functionality")</a> <!-- method navigator-link -->
                      </span>
                      <br/>
                      <span>
                        <img src="passed.png" width="3%"/>
                        <a href="#" panel-name="suite-Multi_Platform_Suite" title="runners.TestRunner" class="method navigator-link" hash-for-method="runScenario(&quot;Create a new employee&quot;, &quot;Employee API Testing&quot;)">runScenario("Create a new employee", "Employee API Testing")</a> <!-- method navigator-link -->
                      </span>
                      <br/>
                      <span>
                        <img src="passed.png" width="3%"/>
                        <a href="#" panel-name="suite-Multi_Platform_Suite" title="runners.TestRunner" class="method navigator-link" hash-for-method="runScenario(&quot;TC_Basic_04 - Verify login button is enabled and validate error message when fields are empty&quot;, &quot;Lo...)">runScenario("TC_Basic_04 - Verify login button is enabled and validate error message when fields are empty", "Lo...)</a> <!-- method navigator-link -->
                      </span>
                      <br/>
                      <span>
                        <img src="passed.png" width="3%"/>
                        <a href="#" panel-name="suite-Multi_Platform_Suite" title="runners.TestRunner" class="method navigator-link" hash-for-method="runScenario(&quot;TC_Forget_08 - Validate error message if New and Confirm Password do not match&quot;, &quot;Forget Password F...)">runScenario("TC_Forget_08 - Validate error message if New and Confirm Password do not match", "Forget Password F...)</a> <!-- method navigator-link -->
                      </span>
                      <br/>
                      <span>
                        <img src="passed.png" width="3%"/>
                        <a href="#" panel-name="suite-Multi_Platform_Suite" title="runners.TestRunner" class="method navigator-link" hash-for-method="runScenario(&quot;Logout from OrangeHRM&quot;, &quot;Logout API Testing&quot;)">runScenario("Logout from OrangeHRM", "Logout API Testing")</a> <!-- method navigator-link -->
                      </span>
                      <br/>
                      <span>
                        <img src="passed.png" width="3%"/>
                        <a href="#" panel-name="suite-Multi_Platform_Suite" title="runners.TestRunner" class="method navigator-link" hash-for-method="runScenario(&quot;TC_Forget_03 - Validate Error message if Secret Code left blank&quot;, &quot;Forget Password Functionality Te...)">runScenario("TC_Forget_03 - Validate Error message if Secret Code left blank", "Forget Password Functionality Te...)</a> <!-- method navigator-link -->
                      </span>
                      <br/>
                      <span>
                        <img src="passed.png" width="3%"/>
                        <a href="#" panel-name="suite-Multi_Platform_Suite" title="runners.TestRunner" class="method navigator-link" hash-for-method="runScenario(&quot;TC_Basic_03 - Check UI elements of the login page&quot;, &quot;Login Functionality Testing&quot;)">runScenario("TC_Basic_03 - Check UI elements of the login page", "Login Functionality Testing")</a> <!-- method navigator-link -->
                      </span>
                      <br/>
                      <span>
                        <img src="passed.png" width="3%"/>
                        <a href="#" panel-name="suite-Multi_Platform_Suite" title="runners.TestRunner" class="method navigator-link" hash-for-method="runScenario(&quot;TC_Basic_07 - Verify error message when email id entered in invalid format&quot;, &quot;Login Functionality T...)">runScenario("TC_Basic_07 - Verify error message when email id entered in invalid format", "Login Functionality T...)</a> <!-- method navigator-link -->
                      </span>
                      <br/>
                      <span>
                        <img src="passed.png" width="3%"/>
                        <a href="#" panel-name="suite-Multi_Platform_Suite" title="runners.TestRunner" class="method navigator-link" hash-for-method="runScenario(&quot;TC_Forget_10 - Validate password strength indicator when some criteria are met&quot;, &quot;Forget Password F...)">runScenario("TC_Forget_10 - Validate password strength indicator when some criteria are met", "Forget Password F...)</a> <!-- method navigator-link -->
                      </span>
                      <br/>
                      <span>
                        <img src="passed.png" width="3%"/>
                        <a href="#" panel-name="suite-Multi_Platform_Suite" title="runners.TestRunner" class="method navigator-link" hash-for-method="runScenario(&quot;Apply for leave&quot;, &quot;Leave API Testing&quot;)">runScenario("Apply for leave", "Leave API Testing")</a> <!-- method navigator-link -->
                      </span>
                      <br/>
                      <span>
                        <img src="passed.png" width="3%"/>
                        <a href="#" panel-name="suite-Multi_Platform_Suite" title="runners.TestRunner" class="method navigator-link" hash-for-method="runScenario(&quot;TC_Registration_08 - Validate registration with weak password that does not meet strength requireme...)">runScenario("TC_Registration_08 - Validate registration with weak password that does not meet strength requireme...)</a> <!-- method navigator-link -->
                      </span>
                      <br/>
                      <span>
                        <img src="passed.png" width="3%"/>
                        <a href="#" panel-name="suite-Multi_Platform_Suite" title="runners.TestRunner" class="method navigator-link" hash-for-method="runScenario(&quot;TC_Registration_03 - Validate registration with empty password field&quot;, &quot;User Registration Functiona...)">runScenario("TC_Registration_03 - Validate registration with empty password field", "User Registration Functiona...)</a> <!-- method navigator-link -->
                      </span>
                      <br/>
                      <span>
                        <img src="passed.png" width="3%"/>
                        <a href="#" panel-name="suite-Multi_Platform_Suite" title="runners.TestRunner" class="method navigator-link" hash-for-method="runScenario(&quot;TC_Registration_06 - Validate registration when password and confirm password do not match&quot;, &quot;User ...)">runScenario("TC_Registration_06 - Validate registration when password and confirm password do not match", "User ...)</a> <!-- method navigator-link -->
                      </span>
                      <br/>
                      <span>
                        <img src="passed.png" width="3%"/>
                        <a href="#" panel-name="suite-Multi_Platform_Suite" title="runners.TestRunner" class="method navigator-link" hash-for-method="runScenario(&quot;TC_Forget_01 - Validate Error message if Email address left blank&quot;, &quot;Forget Password Functionality ...)">runScenario("TC_Forget_01 - Validate Error message if Email address left blank", "Forget Password Functionality ...)</a> <!-- method navigator-link -->
                      </span>
                      <br/>
                      <span>
                        <img src="passed.png" width="3%"/>
                        <a href="#" panel-name="suite-Multi_Platform_Suite" title="runners.TestRunner" class="method navigator-link" hash-for-method="runScenario(&quot;Get all user roles&quot;, &quot;User Role API Testing&quot;)">runScenario("Get all user roles", "User Role API Testing")</a> <!-- method navigator-link -->
                      </span>
                      <br/>
                      <span>
                        <img src="passed.png" width="3%"/>
                        <a href="#" panel-name="suite-Multi_Platform_Suite" title="runners.TestRunner" class="method navigator-link" hash-for-method="runScenario(&quot;Get leave balance&quot;, &quot;Leave API Testing&quot;)">runScenario("Get leave balance", "Leave API Testing")</a> <!-- method navigator-link -->
                      </span>
                      <br/>
                      <span>
                        <img src="passed.png" width="3%"/>
                        <a href="#" panel-name="suite-Multi_Platform_Suite" title="runners.TestRunner" class="method navigator-link" hash-for-method="runScenario(&quot;Assign role to user&quot;, &quot;User Role API Testing&quot;)">runScenario("Assign role to user", "User Role API Testing")</a> <!-- method navigator-link -->
                      </span>
                      <br/>
                      <span>
                        <img src="passed.png" width="3%"/>
                        <a href="#" panel-name="suite-Multi_Platform_Suite" title="runners.TestRunner" class="method navigator-link" hash-for-method="runScenario(&quot;Login with invalid credentials&quot;, &quot;OrangeHRM Login API Testing&quot;)">runScenario("Login with invalid credentials", "OrangeHRM Login API Testing")</a> <!-- method navigator-link -->
                      </span>
                      <br/>
                      <span>
                        <img src="passed.png" width="3%"/>
                        <a href="#" panel-name="suite-Multi_Platform_Suite" title="runners.TestRunner" class="method navigator-link" hash-for-method="runScenario(&quot;Logout from OrangeHRM&quot;, &quot;Logout API Testing&quot;)">runScenario("Logout from OrangeHRM", "Logout API Testing")</a> <!-- method navigator-link -->
                      </span>
                      <br/>
                      <span>
                        <img src="passed.png" width="3%"/>
                        <a href="#" panel-name="suite-Multi_Platform_Suite" title="runners.TestRunner" class="method navigator-link" hash-for-method="runScenario(&quot;Create a new employee&quot;, &quot;Employee API Testing&quot;)">runScenario("Create a new employee", "Employee API Testing")</a> <!-- method navigator-link -->
                      </span>
                      <br/>
                      <span>
                        <img src="passed.png" width="3%"/>
                        <a href="#" panel-name="suite-Multi_Platform_Suite" title="runners.TestRunner" class="method navigator-link" hash-for-method="runScenario(&quot;TC_Registration_09 - Validate password strength indicators are visible when strong password is ente...)">runScenario("TC_Registration_09 - Validate password strength indicators are visible when strong password is ente...)</a> <!-- method navigator-link -->
                      </span>
                      <br/>
                      <span>
                        <img src="passed.png" width="3%"/>
                        <a href="#" panel-name="suite-Multi_Platform_Suite" title="runners.TestRunner" class="method navigator-link" hash-for-method="runScenario(&quot;TC_Basic_04 - Verify login button is enabled and validate error message when fields are empty&quot;, &quot;Lo...)">runScenario("TC_Basic_04 - Verify login button is enabled and validate error message when fields are empty", "Lo...)</a> <!-- method navigator-link -->
                      </span>
                      <br/>
                      <span>
                        <img src="passed.png" width="3%"/>
                        <a href="#" panel-name="suite-Multi_Platform_Suite" title="runners.TestRunner" class="method navigator-link" hash-for-method="runScenario(&quot;TC_Forget_03 - Validate Error message if Secret Code left blank&quot;, &quot;Forget Password Functionality Te...)">runScenario("TC_Forget_03 - Validate Error message if Secret Code left blank", "Forget Password Functionality Te...)</a> <!-- method navigator-link -->
                      </span>
                      <br/>
                      <span>
                        <img src="passed.png" width="3%"/>
                        <a href="#" panel-name="suite-Multi_Platform_Suite" title="runners.TestRunner" class="method navigator-link" hash-for-method="runScenario(&quot;Assign role to user&quot;, &quot;User Role API Testing&quot;)">runScenario("Assign role to user", "User Role API Testing")</a> <!-- method navigator-link -->
                      </span>
                      <br/>
                      <span>
                        <img src="passed.png" width="3%"/>
                        <a href="#" panel-name="suite-Multi_Platform_Suite" title="runners.TestRunner" class="method navigator-link" hash-for-method="runScenario(&quot;TC_Forget_05 - Validate Error message if Current Password left blank&quot;, &quot;Forget Password Functionali...)">runScenario("TC_Forget_05 - Validate Error message if Current Password left blank", "Forget Password Functionali...)</a> <!-- method navigator-link -->
                      </span>
                      <br/>
                      <span>
                        <img src="passed.png" width="3%"/>
                        <a href="#" panel-name="suite-Multi_Platform_Suite" title="runners.TestRunner" class="method navigator-link" hash-for-method="runScenario(&quot;TC_Basic_01 - Verify login with valid credentials&quot;, &quot;Login Functionality Testing&quot;)">runScenario("TC_Basic_01 - Verify login with valid credentials", "Login Functionality Testing")</a> <!-- method navigator-link -->
                      </span>
                      <br/>
                      <span>
                        <img src="passed.png" width="3%"/>
                        <a href="#" panel-name="suite-Multi_Platform_Suite" title="runners.TestRunner" class="method navigator-link" hash-for-method="runScenario(&quot;TC_Basic_02 - Verify login with invalid credentials&quot;, &quot;Login Functionality Testing&quot;)">runScenario("TC_Basic_02 - Verify login with invalid credentials", "Login Functionality Testing")</a> <!-- method navigator-link -->
                      </span>
                      <br/>
                      <span>
                        <img src="passed.png" width="3%"/>
                        <a href="#" panel-name="suite-Multi_Platform_Suite" title="runners.TestRunner" class="method navigator-link" hash-for-method="runScenario(&quot;TC_Forget_01 - Validate Error message if Email address left blank&quot;, &quot;Forget Password Functionality ...)">runScenario("TC_Forget_01 - Validate Error message if Email address left blank", "Forget Password Functionality ...)</a> <!-- method navigator-link -->
                      </span>
                      <br/>
                      <span>
                        <img src="passed.png" width="3%"/>
                        <a href="#" panel-name="suite-Multi_Platform_Suite" title="runners.TestRunner" class="method navigator-link" hash-for-method="runScenario(&quot;TC_Registration_05 - Validate registration with invalid email format&quot;, &quot;User Registration Functiona...)">runScenario("TC_Registration_05 - Validate registration with invalid email format", "User Registration Functiona...)</a> <!-- method navigator-link -->
                      </span>
                      <br/>
                      <span>
                        <img src="passed.png" width="3%"/>
                        <a href="#" panel-name="suite-Multi_Platform_Suite" title="runners.TestRunner" class="method navigator-link" hash-for-method="runScenario(&quot;TC_Registration_01 - Verify successful user registration&quot;, &quot;User Registration Functionality&quot;)">runScenario("TC_Registration_01 - Verify successful user registration", "User Registration Functionality")</a> <!-- method navigator-link -->
                      </span>
                      <br/>
                      <span>
                        <img src="passed.png" width="3%"/>
                        <a href="#" panel-name="suite-Multi_Platform_Suite" title="runners.TestRunner" class="method navigator-link" hash-for-method="runScenario(&quot;TC_Basic_03 - Check UI elements of the login page&quot;, &quot;Login Functionality Testing&quot;)">runScenario("TC_Basic_03 - Check UI elements of the login page", "Login Functionality Testing")</a> <!-- method navigator-link -->
                      </span>
                      <br/>
                      <span>
                        <img src="passed.png" width="3%"/>
                        <a href="#" panel-name="suite-Multi_Platform_Suite" title="runners.TestRunner" class="method navigator-link" hash-for-method="runScenario(&quot;TC_Forget_02 - Validate Error message if wrong Email address entered&quot;, &quot;Forget Password Functionali...)">runScenario("TC_Forget_02 - Validate Error message if wrong Email address entered", "Forget Password Functionali...)</a> <!-- method navigator-link -->
                      </span>
                      <br/>
                      <span>
                        <img src="passed.png" width="3%"/>
                        <a href="#" panel-name="suite-Multi_Platform_Suite" title="runners.TestRunner" class="method navigator-link" hash-for-method="runScenario(&quot;Successful login with valid credentials&quot;, &quot;OrangeHRM Login API Testing&quot;)">runScenario("Successful login with valid credentials", "OrangeHRM Login API Testing")</a> <!-- method navigator-link -->
                      </span>
                      <br/>
                      <span>
                        <img src="passed.png" width="3%"/>
                        <a href="#" panel-name="suite-Multi_Platform_Suite" title="runners.TestRunner" class="method navigator-link" hash-for-method="runScenario(&quot;TC_Basic_06 - Verify error message when username is entered but password field is left blank&quot;, &quot;Log...)">runScenario("TC_Basic_06 - Verify error message when username is entered but password field is left blank", "Log...)</a> <!-- method navigator-link -->
                      </span>
                      <br/>
                      <span>
                        <img src="passed.png" width="3%"/>
                        <a href="#" panel-name="suite-Multi_Platform_Suite" title="runners.TestRunner" class="method navigator-link" hash-for-method="runScenario(&quot;TC_Registration_03 - Validate registration with empty password field&quot;, &quot;User Registration Functiona...)">runScenario("TC_Registration_03 - Validate registration with empty password field", "User Registration Functiona...)</a> <!-- method navigator-link -->
                      </span>
                      <br/>
                      <span>
                        <img src="passed.png" width="3%"/>
                        <a href="#" panel-name="suite-Multi_Platform_Suite" title="runners.TestRunner" class="method navigator-link" hash-for-method="runScenario(&quot;TC_Registration_10 - Validate clicking &#039;Sign in&#039; link successfully navigate user to Login Page&quot;, &quot;U...)">runScenario("TC_Registration_10 - Validate clicking 'Sign in' link successfully navigate user to Login Page", "U...)</a> <!-- method navigator-link -->
                      </span>
                      <br/>
                      <span>
                        <img src="passed.png" width="3%"/>
                        <a href="#" panel-name="suite-Multi_Platform_Suite" title="runners.TestRunner" class="method navigator-link" hash-for-method="runScenario(&quot;TC_Registration_06 - Validate registration when password and confirm password do not match&quot;, &quot;User ...)">runScenario("TC_Registration_06 - Validate registration when password and confirm password do not match", "User ...)</a> <!-- method navigator-link -->
                      </span>
                      <br/>
                      <span>
                        <img src="passed.png" width="3%"/>
                        <a href="#" panel-name="suite-Multi_Platform_Suite" title="runners.TestRunner" class="method navigator-link" hash-for-method="runScenario(&quot;TC_Registration_07 - Validate password strength requirements are displayed when user enters a passw...)">runScenario("TC_Registration_07 - Validate password strength requirements are displayed when user enters a passw...)</a> <!-- method navigator-link -->
                      </span>
                      <br/>
                      <span>
                        <img src="passed.png" width="3%"/>
                        <a href="#" panel-name="suite-Multi_Platform_Suite" title="runners.TestRunner" class="method navigator-link" hash-for-method="runScenario(&quot;TC_Basic_05 - Verify password field is masked&quot;, &quot;Login Functionality Testing&quot;)">runScenario("TC_Basic_05 - Verify password field is masked", "Login Functionality Testing")</a> <!-- method navigator-link -->
                      </span>
                      <br/>
                      <span>
                        <img src="passed.png" width="3%"/>
                        <a href="#" panel-name="suite-Multi_Platform_Suite" title="runners.TestRunner" class="method navigator-link" hash-for-method="runScenario(&quot;TC_Registration_02 - Validate registration with empty email field&quot;, &quot;User Registration Functionalit...)">runScenario("TC_Registration_02 - Validate registration with empty email field", "User Registration Functionalit...)</a> <!-- method navigator-link -->
                      </span>
                      <br/>
                      <span>
                        <img src="passed.png" width="3%"/>
                        <a href="#" panel-name="suite-Multi_Platform_Suite" title="runners.TestRunner" class="method navigator-link" hash-for-method="runScenario(&quot;Apply for leave&quot;, &quot;Leave API Testing&quot;)">runScenario("Apply for leave", "Leave API Testing")</a> <!-- method navigator-link -->
                      </span>
                      <br/>
                      <span>
                        <img src="passed.png" width="3%"/>
                        <a href="#" panel-name="suite-Multi_Platform_Suite" title="runners.TestRunner" class="method navigator-link" hash-for-method="runScenario(&quot;TC_Registration_08 - Validate registration with weak password that does not meet strength requireme...)">runScenario("TC_Registration_08 - Validate registration with weak password that does not meet strength requireme...)</a> <!-- method navigator-link -->
                      </span>
                      <br/>
                      <span>
                        <img src="passed.png" width="3%"/>
                        <a href="#" panel-name="suite-Multi_Platform_Suite" title="runners.TestRunner" class="method navigator-link" hash-for-method="runScenario(&quot;Login with invalid credentials&quot;, &quot;OrangeHRM Login API Testing&quot;)">runScenario("Login with invalid credentials", "OrangeHRM Login API Testing")</a> <!-- method navigator-link -->
                      </span>
                      <br/>
                      <span>
                        <img src="passed.png" width="3%"/>
                        <a href="#" panel-name="suite-Multi_Platform_Suite" title="runners.TestRunner" class="method navigator-link" hash-for-method="runScenario(&quot;Get employee details by ID&quot;, &quot;Employee API Testing&quot;)">runScenario("Get employee details by ID", "Employee API Testing")</a> <!-- method navigator-link -->
                      </span>
                      <br/>
                    </div> <!-- method-list-content passed suite-Multi_Platform_Suite -->
                  </li>
                </ul>
              </div> <!-- suite-section-content -->
            </div> <!-- result-section -->
          </div> <!-- navigator-suite-content -->
        </div> <!-- rounded-window -->
      </div> <!-- suite -->
    </div> <!-- navigator-root -->
    <div class="wrapper">
      <div class="main-panel-root">
        <div panel-name="suite-Multi_Platform_Suite" class="panel Multi_Platform_Suite">
          <div class="suite-Multi_Platform_Suite-class-failed">
            <div class="main-panel-header rounded-window-top">
              <img src="failed.png"/>
              <span class="class-name">runners.TestRunner</span>
            </div> <!-- main-panel-header rounded-window-top -->
            <div class="main-panel-content rounded-window-bottom">
              <div class="method">
                <div class="method-content">
                  <a name="runScenario(&quot;Get employee details by ID&quot;, &quot;Employee API Testing&quot;)">
                  </a> <!-- runScenario("Get employee details by ID", "Employee API Testing") -->
                  <span class="method-name">runScenario</span>
                  <span class="parameters">("Get employee details by ID","Employee API Testing")</span>
                  <div class="stack-trace">org.openqa.selenium.WebDriverException: Timed out waiting for driver server to stop.
Build info: version: &apos;4.15.0&apos;, revision: &apos;1d14b5521b&apos;
System info: os.name: &apos;Windows 11&apos;, os.arch: &apos;amd64&apos;, os.version: &apos;10.0&apos;, java.version: &apos;11.0.22&apos;
Driver info: org.openqa.selenium.chrome.ChromeDriver
Command: [3015343600bc4ce299f2db6efe2e7bff, quit {}]
Capabilities {acceptInsecureCerts: false, browserName: chrome, browserVersion: 142.0.7444.60, chrome: {chromedriverVersion: 142.0.7444.61 (9884f628acbc..., userDataDir: C:\Users\schapre\AppData\Lo...}, fedcm:accounts: true, goog:chromeOptions: {debuggerAddress: localhost:61384}, goog:processID: 33996, networkConnectionEnabled: false, pageLoadStrategy: normal, platformName: windows, proxy: Proxy(), se:cdp: ws://localhost:61384/devtoo..., se:cdpVersion: 142.0.7444.60, setWindowRect: true, strictFileInteractability: false, timeouts: {implicit: 0, pageLoad: 300000, script: 30000}, unhandledPromptBehavior: dismiss and notify, webauthn:extension:credBlob: true, webauthn:extension:largeBlob: true, webauthn:extension:minPinLength: true, webauthn:extension:prf: true, webauthn:virtualAuthenticators: true}
	at org.openqa.selenium.remote.service.DriverCommandExecutor.execute(DriverCommandExecutor.java:165)
	at org.openqa.selenium.remote.RemoteWebDriver.execute(RemoteWebDriver.java:607)
	at org.openqa.selenium.remote.RemoteWebDriver.execute(RemoteWebDriver.java:680)
	at org.openqa.selenium.remote.RemoteWebDriver.execute(RemoteWebDriver.java:684)
	at org.openqa.selenium.remote.RemoteWebDriver.quit(RemoteWebDriver.java:442)
	at org.openqa.selenium.chromium.ChromiumDriver.quit(ChromiumDriver.java:351)
	at utils.DriverFactory.quitDriver(DriverFactory.java:66)
	at hooks.Hooks.tearDown(Hooks.java:121)
Caused by: java.util.concurrent.ExecutionException: java.lang.NullPointerException
	at java.base/java.util.concurrent.CompletableFuture.reportGet(CompletableFuture.java:395)
	at java.base/java.util.concurrent.CompletableFuture.get(CompletableFuture.java:2028)
	at org.openqa.selenium.remote.service.DriverCommandExecutor.execute(DriverCommandExecutor.java:161)
	at org.openqa.selenium.remote.RemoteWebDriver.execute(RemoteWebDriver.java:607)
	at org.openqa.selenium.remote.RemoteWebDriver.execute(RemoteWebDriver.java:680)
	at org.openqa.selenium.remote.RemoteWebDriver.execute(RemoteWebDriver.java:684)
	at org.openqa.selenium.remote.RemoteWebDriver.quit(RemoteWebDriver.java:442)
	at org.openqa.selenium.chromium.ChromiumDriver.quit(ChromiumDriver.java:351)
	at utils.DriverFactory.quitDriver(DriverFactory.java:66)
	at hooks.Hooks.tearDown(Hooks.java:121)
	at io.cucumber.java.Invoker.doInvoke(Invoker.java:66)
	at io.cucumber.java.Invoker.invoke(Invoker.java:24)
	at io.cucumber.java.AbstractGlueDefinition.invokeMethod(AbstractGlueDefinition.java:47)
	at io.cucumber.java.JavaHookDefinition.execute(JavaHookDefinition.java:64)
	at io.cucumber.core.runner.CoreHookDefinition.execute(CoreHookDefinition.java:46)
	at io.cucumber.core.runner.HookDefinitionMatch.runStep(HookDefinitionMatch.java:21)
	at io.cucumber.core.runner.ExecutionMode$1.execute(ExecutionMode.java:10)
	at io.cucumber.core.runner.TestStep.executeStep(TestStep.java:84)
	at io.cucumber.core.runner.TestStep.run(TestStep.java:56)
	at io.cucumber.core.runner.TestCase.run(TestCase.java:90)
	at io.cucumber.core.runner.Runner.runPickle(Runner.java:75)
	at io.cucumber.testng.TestNGCucumberRunner.lambda$runScenario$1(TestNGCucumberRunner.java:132)
	at io.cucumber.core.runtime.CucumberExecutionContext.lambda$runTestCase$5(CucumberExecutionContext.java:137)
	at io.cucumber.core.runtime.RethrowingThrowableCollector.executeAndThrow(RethrowingThrowableCollector.java:23)
	at io.cucumber.core.runtime.CucumberExecutionContext.runTestCase(CucumberExecutionContext.java:137)
	at io.cucumber.testng.TestNGCucumberRunner.runScenario(TestNGCucumberRunner.java:129)
	at io.cucumber.testng.AbstractTestNGCucumberTests.runScenario(AbstractTestNGCucumberTests.java:35)
	at java.base/java.util.ArrayList.forEach(ArrayList.java:1541)
	at java.base/java.util.concurrent.FutureTask.run(FutureTask.java:264)
	at java.base/java.util.concurrent.ThreadPoolExecutor.runWorker(ThreadPoolExecutor.java:1128)
	at java.base/java.util.concurrent.ThreadPoolExecutor$Worker.run(ThreadPoolExecutor.java:628)
	at java.base/java.lang.Thread.run(Thread.java:829)
Caused by: java.lang.NullPointerException
	at org.openqa.selenium.remote.http.jdk.JdkHttpClient.execute0(JdkHttpClient.java:390)
	at org.openqa.selenium.remote.http.AddSeleniumUserAgent.lambda$apply$0(AddSeleniumUserAgent.java:42)
	at org.openqa.selenium.remote.http.Filter.lambda$andFinally$1(Filter.java:55)
	at org.openqa.selenium.remote.http.jdk.JdkHttpClient.execute(JdkHttpClient.java:366)
	at org.openqa.selenium.remote.HttpCommandExecutor.execute(HttpCommandExecutor.java:188)
	at org.openqa.selenium.remote.service.DriverCommandExecutor.invokeExecute(DriverCommandExecutor.java:200)
	at org.openqa.selenium.remote.service.DriverCommandExecutor.lambda$execute$1(DriverCommandExecutor.java:128)
	at java.base/java.util.concurrent.CompletableFuture$AsyncSupply.run(CompletableFuture.java:1700)
	... 3 more
... Removed 21 stack frames
</div> <!-- stack-trace -->
                  <em>
(Runs Cucumber Scenarios)                  </em>
                </div> <!-- method-content -->
              </div> <!-- method -->
              <div class="method">
                <div class="method-content">
                  <a name="runScenario(&quot;TC_Forget_11 - Validate successful password reset with a valid New Password&quot;, &quot;Forget Password Func...)">
                  </a> <!-- runScenario("TC_Forget_11 - Validate successful password reset with a valid New Password", "Forget Password Func...) -->
                  <span class="method-name">runScenario</span>
                  <span class="parameters">("TC_Forget_11 - Validate successful password reset with a valid New Password","Forget Password Functionality Testing")</span>
                  <div class="stack-trace">java.lang.AssertionError: Security code field should be displayed expected [true] but found [false]
	at stepdefinitions.web.UI_ForgetPasswordFunctionality_StepDefinition.i_enter_correct_secret_code(UI_ForgetPasswordFunctionality_StepDefinition.java:65)
	at ?.I enter correct secret code &quot;BANK1234&quot;(file:///C:/Users/schapre/automation/AutomationFramework_Selenium_Java/src/test/resources/features/web/UI_ForgetPassword_Functionality.feature:114)
... Removed 3 stack frames
</div> <!-- stack-trace -->
                  <em>
(Runs Cucumber Scenarios)                  </em>
                </div> <!-- method-content -->
              </div> <!-- method -->
              <div class="method">
                <div class="method-content">
                  <a name="runScenario(&quot;Successful login with valid credentials&quot;, &quot;OrangeHRM Login API Testing&quot;)">
                  </a> <!-- runScenario("Successful login with valid credentials", "OrangeHRM Login API Testing") -->
                  <span class="method-name">runScenario</span>
                  <span class="parameters">("Successful login with valid credentials","OrangeHRM Login API Testing")</span>
                  <div class="stack-trace">org.openqa.selenium.WebDriverException: Timed out waiting for driver server to stop.
Build info: version: &apos;4.15.0&apos;, revision: &apos;1d14b5521b&apos;
System info: os.name: &apos;Windows 11&apos;, os.arch: &apos;amd64&apos;, os.version: &apos;10.0&apos;, java.version: &apos;11.0.22&apos;
Driver info: org.openqa.selenium.chrome.ChromeDriver
Command: [472b8847d6d990e0ab6e04921e13d6bd, quit {}]
Capabilities {acceptInsecureCerts: false, browserName: chrome, browserVersion: 142.0.7444.60, chrome: {chromedriverVersion: 142.0.7444.61 (9884f628acbc..., userDataDir: C:\Users\schapre\AppData\Lo...}, fedcm:accounts: true, goog:chromeOptions: {debuggerAddress: localhost:58349}, goog:processID: 22408, networkConnectionEnabled: false, pageLoadStrategy: normal, platformName: windows, proxy: Proxy(), se:cdp: ws://localhost:58349/devtoo..., se:cdpVersion: 142.0.7444.60, setWindowRect: true, strictFileInteractability: false, timeouts: {implicit: 0, pageLoad: 300000, script: 30000}, unhandledPromptBehavior: dismiss and notify, webauthn:extension:credBlob: true, webauthn:extension:largeBlob: true, webauthn:extension:minPinLength: true, webauthn:extension:prf: true, webauthn:virtualAuthenticators: true}
	at org.openqa.selenium.remote.service.DriverCommandExecutor.execute(DriverCommandExecutor.java:165)
	at org.openqa.selenium.remote.RemoteWebDriver.execute(RemoteWebDriver.java:607)
	at org.openqa.selenium.remote.RemoteWebDriver.execute(RemoteWebDriver.java:680)
	at org.openqa.selenium.remote.RemoteWebDriver.execute(RemoteWebDriver.java:684)
	at org.openqa.selenium.remote.RemoteWebDriver.quit(RemoteWebDriver.java:442)
	at org.openqa.selenium.chromium.ChromiumDriver.quit(ChromiumDriver.java:351)
	at utils.DriverFactory.quitDriver(DriverFactory.java:66)
	at hooks.Hooks.tearDown(Hooks.java:121)
Caused by: java.util.concurrent.ExecutionException: java.lang.NullPointerException
	at java.base/java.util.concurrent.CompletableFuture.reportGet(CompletableFuture.java:395)
	at java.base/java.util.concurrent.CompletableFuture.get(CompletableFuture.java:2028)
	at org.openqa.selenium.remote.service.DriverCommandExecutor.execute(DriverCommandExecutor.java:161)
	at org.openqa.selenium.remote.RemoteWebDriver.execute(RemoteWebDriver.java:607)
	at org.openqa.selenium.remote.RemoteWebDriver.execute(RemoteWebDriver.java:680)
	at org.openqa.selenium.remote.RemoteWebDriver.execute(RemoteWebDriver.java:684)
	at org.openqa.selenium.remote.RemoteWebDriver.quit(RemoteWebDriver.java:442)
	at org.openqa.selenium.chromium.ChromiumDriver.quit(ChromiumDriver.java:351)
	at utils.DriverFactory.quitDriver(DriverFactory.java:66)
	at hooks.Hooks.tearDown(Hooks.java:121)
	at io.cucumber.java.Invoker.doInvoke(Invoker.java:66)
	at io.cucumber.java.Invoker.invoke(Invoker.java:24)
	at io.cucumber.java.AbstractGlueDefinition.invokeMethod(AbstractGlueDefinition.java:47)
	at io.cucumber.java.JavaHookDefinition.execute(JavaHookDefinition.java:64)
	at io.cucumber.core.runner.CoreHookDefinition.execute(CoreHookDefinition.java:46)
	at io.cucumber.core.runner.HookDefinitionMatch.runStep(HookDefinitionMatch.java:21)
	at io.cucumber.core.runner.ExecutionMode$1.execute(ExecutionMode.java:10)
	at io.cucumber.core.runner.TestStep.executeStep(TestStep.java:84)
	at io.cucumber.core.runner.TestStep.run(TestStep.java:56)
	at io.cucumber.core.runner.TestCase.run(TestCase.java:90)
	at io.cucumber.core.runner.Runner.runPickle(Runner.java:75)
	at io.cucumber.testng.TestNGCucumberRunner.lambda$runScenario$1(TestNGCucumberRunner.java:132)
	at io.cucumber.core.runtime.CucumberExecutionContext.lambda$runTestCase$5(CucumberExecutionContext.java:137)
	at io.cucumber.core.runtime.RethrowingThrowableCollector.executeAndThrow(RethrowingThrowableCollector.java:23)
	at io.cucumber.core.runtime.CucumberExecutionContext.runTestCase(CucumberExecutionContext.java:137)
	at io.cucumber.testng.TestNGCucumberRunner.runScenario(TestNGCucumberRunner.java:129)
	at io.cucumber.testng.AbstractTestNGCucumberTests.runScenario(AbstractTestNGCucumberTests.java:35)
	at java.base/java.util.ArrayList.forEach(ArrayList.java:1541)
	at java.base/java.util.concurrent.FutureTask.run(FutureTask.java:264)
	at java.base/java.util.concurrent.ThreadPoolExecutor.runWorker(ThreadPoolExecutor.java:1128)
	at java.base/java.util.concurrent.ThreadPoolExecutor$Worker.run(ThreadPoolExecutor.java:628)
	at java.base/java.lang.Thread.run(Thread.java:829)
Caused by: java.lang.NullPointerException
	at org.openqa.selenium.remote.http.jdk.JdkHttpClient.execute0(JdkHttpClient.java:390)
	at org.openqa.selenium.remote.http.AddSeleniumUserAgent.lambda$apply$0(AddSeleniumUserAgent.java:42)
	at org.openqa.selenium.remote.http.Filter.lambda$andFinally$1(Filter.java:55)
	at org.openqa.selenium.remote.http.jdk.JdkHttpClient.execute(JdkHttpClient.java:366)
	at org.openqa.selenium.remote.HttpCommandExecutor.execute(HttpCommandExecutor.java:188)
	at org.openqa.selenium.remote.service.DriverCommandExecutor.invokeExecute(DriverCommandExecutor.java:200)
	at org.openqa.selenium.remote.service.DriverCommandExecutor.lambda$execute$1(DriverCommandExecutor.java:128)
	at java.base/java.util.concurrent.CompletableFuture$AsyncSupply.run(CompletableFuture.java:1700)
	... 3 more
... Removed 21 stack frames
</div> <!-- stack-trace -->
                  <em>
(Runs Cucumber Scenarios)                  </em>
                </div> <!-- method-content -->
              </div> <!-- method -->
              <div class="method">
                <div class="method-content">
                  <a name="runScenario(&quot;TC_Registration_07 - Validate password strength requirements are displayed when user enters a passw...)">
                  </a> <!-- runScenario("TC_Registration_07 - Validate password strength requirements are displayed when user enters a passw...) -->
                  <span class="method-name">runScenario</span>
                  <span class="parameters">("TC_Registration_07 - Validate password strength requirements are displayed when user enters a password","User Registration Functionality")</span>
                  <div class="stack-trace">java.lang.AssertionError: Password strength indicators are not visible expected [true] but found [false]
	at stepdefinitions.web.UI_RegistrationFunctionality_StepDefinition.password_strength_indicators_should_be_visible(UI_RegistrationFunctionality_StepDefinition.java:208)
	at ?.Password strength indicators should be visible(file:///C:/Users/schapre/automation/AutomationFramework_Selenium_Java/src/test/resources/features/web/UI_Registration_Functionality.feature:73)
... Removed 3 stack frames
</div> <!-- stack-trace -->
                  <em>
(Runs Cucumber Scenarios)                  </em>
                </div> <!-- method-content -->
              </div> <!-- method -->
              <div class="method">
                <div class="method-content">
                  <a name="runScenario(&quot;TC_Forget_07 - Validate Error message if Confirm New Password left blank&quot;, &quot;Forget Password Functio...)">
                  </a> <!-- runScenario("TC_Forget_07 - Validate Error message if Confirm New Password left blank", "Forget Password Functio...) -->
                  <span class="method-name">runScenario</span>
                  <span class="parameters">("TC_Forget_07 - Validate Error message if Confirm New Password left blank","Forget Password Functionality Testing")</span>
                  <div class="stack-trace">java.lang.AssertionError: Security code field should be displayed expected [true] but found [false]
	at stepdefinitions.web.UI_ForgetPasswordFunctionality_StepDefinition.i_enter_correct_secret_code(UI_ForgetPasswordFunctionality_StepDefinition.java:65)
	at ?.I enter correct secret code &quot;BANK1234&quot;(file:///C:/Users/schapre/automation/AutomationFramework_Selenium_Java/src/test/resources/features/web/UI_ForgetPassword_Functionality.feature:66)
... Removed 3 stack frames
</div> <!-- stack-trace -->
                  <em>
(Runs Cucumber Scenarios)                  </em>
                </div> <!-- method-content -->
              </div> <!-- method -->
              <div class="method">
                <div class="method-content">
                  <a name="runScenario(&quot;TC_Registration_05 - Validate registration with invalid email format&quot;, &quot;User Registration Functiona...)">
                  </a> <!-- runScenario("TC_Registration_05 - Validate registration with invalid email format", "User Registration Functiona...) -->
                  <span class="method-name">runScenario</span>
                  <span class="parameters">("TC_Registration_05 - Validate registration with invalid email format","User Registration Functionality")</span>
                  <div class="stack-trace">java.lang.AssertionError: User is not on the registration page. Current URL: https://testerbud.com/practice-login-form expected [true] but found [false]
	at stepdefinitions.web.UI_RegistrationFunctionality_StepDefinition.user_should_remain_on_the_registration_page(UI_RegistrationFunctionality_StepDefinition.java:196)
	at ?.User should remain on the registration page(file:///C:/Users/schapre/automation/AutomationFramework_Selenium_Java/src/test/resources/features/web/UI_Registration_Functionality.feature:56)
... Removed 3 stack frames
</div> <!-- stack-trace -->
                  <em>
(Runs Cucumber Scenarios)                  </em>
                </div> <!-- method-content -->
              </div> <!-- method -->
              <div class="method">
                <div class="method-content">
                  <a name="runScenario(&quot;TC_Forget_04 - Validate Error message if wrong Secret Code entered&quot;, &quot;Forget Password Functionality...)">
                  </a> <!-- runScenario("TC_Forget_04 - Validate Error message if wrong Secret Code entered", "Forget Password Functionality...) -->
                  <span class="method-name">runScenario</span>
                  <span class="parameters">("TC_Forget_04 - Validate Error message if wrong Secret Code entered","Forget Password Functionality Testing")</span>
                  <div class="stack-trace">java.lang.AssertionError: Security code field should be displayed expected [true] but found [false]
	at stepdefinitions.web.UI_ForgetPasswordFunctionality_StepDefinition.i_enter_wrong_secret_code(UI_ForgetPasswordFunctionality_StepDefinition.java:58)
	at ?.I enter wrong secret code &quot;WRONG123&quot;(file:///C:/Users/schapre/automation/AutomationFramework_Selenium_Java/src/test/resources/features/web/UI_ForgetPassword_Functionality.feature:34)
... Removed 3 stack frames
</div> <!-- stack-trace -->
                  <em>
(Runs Cucumber Scenarios)                  </em>
                </div> <!-- method-content -->
              </div> <!-- method -->
              <div class="method">
                <div class="method-content">
                  <a name="runScenario(&quot;TC_Forget_06 - Validate Error message if New Password left blank&quot;, &quot;Forget Password Functionality T...)">
                  </a> <!-- runScenario("TC_Forget_06 - Validate Error message if New Password left blank", "Forget Password Functionality T...) -->
                  <span class="method-name">runScenario</span>
                  <span class="parameters">("TC_Forget_06 - Validate Error message if New Password left blank","Forget Password Functionality Testing")</span>
                  <div class="stack-trace">java.lang.AssertionError: Security code field should be displayed expected [true] but found [false]
	at stepdefinitions.web.UI_ForgetPasswordFunctionality_StepDefinition.i_enter_correct_secret_code(UI_ForgetPasswordFunctionality_StepDefinition.java:65)
	at ?.I enter correct secret code &quot;BANK1234&quot;(file:///C:/Users/schapre/automation/AutomationFramework_Selenium_Java/src/test/resources/features/web/UI_ForgetPassword_Functionality.feature:54)
... Removed 3 stack frames
</div> <!-- stack-trace -->
                  <em>
(Runs Cucumber Scenarios)                  </em>
                </div> <!-- method-content -->
              </div> <!-- method -->
              <div class="method">
                <div class="method-content">
                  <a name="runScenario(&quot;TC_Registration_02 - Validate registration with empty email field&quot;, &quot;User Registration Functionalit...)">
                  </a> <!-- runScenario("TC_Registration_02 - Validate registration with empty email field", "User Registration Functionalit...) -->
                  <span class="method-name">runScenario</span>
                  <span class="parameters">("TC_Registration_02 - Validate registration with empty email field","User Registration Functionality")</span>
                  <div class="stack-trace">java.lang.AssertionError: Password field is not displayed expected [true] but found [false]
	at stepdefinitions.web.UI_RegistrationFunctionality_StepDefinition.user_is_on_the_registration_page(UI_RegistrationFunctionality_StepDefinition.java:24)
	at ?.User is on the registration page(file:///C:/Users/schapre/automation/AutomationFramework_Selenium_Java/src/test/resources/features/web/UI_Registration_Functionality.feature:20)
... Removed 3 stack frames
</div> <!-- stack-trace -->
                  <em>
(Runs Cucumber Scenarios)                  </em>
                </div> <!-- method-content -->
              </div> <!-- method -->
              <div class="method">
                <div class="method-content">
                  <a name="runScenario(&quot;TC_Forget_09 - Validate error message if New and Confirm Password do not meet password criteria&quot;, &quot;...)">
                  </a> <!-- runScenario("TC_Forget_09 - Validate error message if New and Confirm Password do not meet password criteria", "...) -->
                  <span class="method-name">runScenario</span>
                  <span class="parameters">("TC_Forget_09 - Validate error message if New and Confirm Password do not meet password criteria","Forget Password Functionality Testing")</span>
                  <div class="stack-trace">org.openqa.selenium.NoSuchElementException: no such element: Unable to locate element: {&quot;method&quot;:&quot;xpath&quot;,&quot;selector&quot;:&quot;//button[contains(text(), &apos;Verify Code&apos;) or contains(text(), &apos;Verify&apos;)]&quot;}
  (Session info: chrome=142.0.7444.60)
For documentation on this error, please visit: https://www.selenium.dev/documentation/webdriver/troubleshooting/errors#no-such-element-exception
Build info: version: &apos;4.15.0&apos;, revision: &apos;1d14b5521b&apos;
System info: os.name: &apos;Windows 11&apos;, os.arch: &apos;amd64&apos;, os.version: &apos;10.0&apos;, java.version: &apos;11.0.22&apos;
Driver info: org.openqa.selenium.chrome.ChromeDriver
Command: [8f632767f9a5c03807427638f333706e, findElement {using=xpath, value=//button[contains(text(), &apos;Verify Code&apos;) or contains(text(), &apos;Verify&apos;)]}]
Capabilities {acceptInsecureCerts: false, browserName: chrome, browserVersion: 142.0.7444.60, chrome: {chromedriverVersion: 142.0.7444.61 (9884f628acbc..., userDataDir: C:\Users\schapre\AppData\Lo...}, fedcm:accounts: true, goog:chromeOptions: {debuggerAddress: localhost:65480}, goog:processID: 14100, networkConnectionEnabled: false, pageLoadStrategy: normal, platformName: windows, proxy: Proxy(), se:cdp: ws://localhost:65480/devtoo..., se:cdpVersion: 142.0.7444.60, setWindowRect: true, strictFileInteractability: false, timeouts: {implicit: 0, pageLoad: 300000, script: 30000}, unhandledPromptBehavior: dismiss and notify, webauthn:extension:credBlob: true, webauthn:extension:largeBlob: true, webauthn:extension:minPinLength: true, webauthn:extension:prf: true, webauthn:virtualAuthenticators: true}
Session ID: 8f632767f9a5c03807427638f333706e
	at org.openqa.selenium.remote.codec.w3c.W3CHttpResponseCodec.createException(W3CHttpResponseCodec.java:200)
	at org.openqa.selenium.remote.codec.w3c.W3CHttpResponseCodec.decode(W3CHttpResponseCodec.java:133)
	at org.openqa.selenium.remote.codec.w3c.W3CHttpResponseCodec.decode(W3CHttpResponseCodec.java:52)
	at org.openqa.selenium.remote.HttpCommandExecutor.execute(HttpCommandExecutor.java:191)
	at org.openqa.selenium.remote.service.DriverCommandExecutor.invokeExecute(DriverCommandExecutor.java:200)
	at org.openqa.selenium.remote.service.DriverCommandExecutor.execute(DriverCommandExecutor.java:175)
	at org.openqa.selenium.remote.RemoteWebDriver.execute(RemoteWebDriver.java:607)
	at org.openqa.selenium.remote.ElementLocation$ElementFinder$2.findElement(ElementLocation.java:165)
	at org.openqa.selenium.remote.ElementLocation.findElement(ElementLocation.java:59)
	at org.openqa.selenium.remote.RemoteWebDriver.findElement(RemoteWebDriver.java:364)
	at org.openqa.selenium.remote.RemoteWebDriver.findElement(RemoteWebDriver.java:358)
	at org.openqa.selenium.support.pagefactory.DefaultElementLocator.findElement(DefaultElementLocator.java:68)
	at org.openqa.selenium.support.pagefactory.internal.LocatingElementHandler.invoke(LocatingElementHandler.java:38)
	at com.sun.proxy.$Proxy35.getWrappedElement(Unknown Source)
	at org.openqa.selenium.remote.internal.WebElementToJsonConverter.apply(WebElementToJsonConverter.java:51)
	at java.base/java.util.stream.ReferencePipeline$3$1.accept(ReferencePipeline.java:195)
	at java.base/java.util.Spliterators$ArraySpliterator.forEachRemaining(Spliterators.java:948)
	at java.base/java.util.stream.AbstractPipeline.copyInto(AbstractPipeline.java:484)
	at java.base/java.util.stream.AbstractPipeline.wrapAndCopyInto(AbstractPipeline.java:474)
	at java.base/java.util.stream.ReduceOps$ReduceOp.evaluateSequential(ReduceOps.java:913)
	at java.base/java.util.stream.AbstractPipeline.evaluate(AbstractPipeline.java:234)
	at java.base/java.util.stream.ReferencePipeline.collect(ReferencePipeline.java:578)
	at org.openqa.selenium.remote.RemoteWebDriver.executeScript(RemoteWebDriver.java:470)
	at pages.UI_ForgetPasswordTestPage.clickElement(UI_ForgetPasswordTestPage.java:305)
	at pages.UI_ForgetPasswordTestPage.clickVerifyCodeButton(UI_ForgetPasswordTestPage.java:147)
	at stepdefinitions.web.UI_ForgetPasswordFunctionality_StepDefinition.i_click_on_verify_code_button(UI_ForgetPasswordFunctionality_StepDefinition.java:72)
	at ?.I click on &apos;Verify Code&apos; button(file:///C:/Users/schapre/automation/AutomationFramework_Selenium_Java/src/test/resources/features/web/UI_ForgetPassword_Functionality.feature:91)
... Removed 4 stack frames
</div> <!-- stack-trace -->
                  <em>
(Runs Cucumber Scenarios)                  </em>
                </div> <!-- method-content -->
              </div> <!-- method -->
              <div class="method">
                <div class="method-content">
                  <a name="runScenario(&quot;TC_Forget_05 - Validate Error message if Current Password left blank&quot;, &quot;Forget Password Functionali...)">
                  </a> <!-- runScenario("TC_Forget_05 - Validate Error message if Current Password left blank", "Forget Password Functionali...) -->
                  <span class="method-name">runScenario</span>
                  <span class="parameters">("TC_Forget_05 - Validate Error message if Current Password left blank","Forget Password Functionality Testing")</span>
                  <div class="stack-trace">org.openqa.selenium.WebDriverException: Timed out waiting for driver server to stop.
Build info: version: &apos;4.15.0&apos;, revision: &apos;1d14b5521b&apos;
System info: os.name: &apos;Windows 11&apos;, os.arch: &apos;amd64&apos;, os.version: &apos;10.0&apos;, java.version: &apos;11.0.22&apos;
Driver info: org.openqa.selenium.chrome.ChromeDriver
Command: [5e21860135fc2765f597dee81192b581, quit {}]
Capabilities {acceptInsecureCerts: false, browserName: chrome, browserVersion: 142.0.7444.60, chrome: {chromedriverVersion: 142.0.7444.61 (9884f628acbc..., userDataDir: C:\Users\schapre\AppData\Lo...}, fedcm:accounts: true, goog:chromeOptions: {debuggerAddress: localhost:49406}, goog:processID: 25440, networkConnectionEnabled: false, pageLoadStrategy: normal, platformName: windows, proxy: Proxy(), se:cdp: ws://localhost:49406/devtoo..., se:cdpVersion: 142.0.7444.60, setWindowRect: true, strictFileInteractability: false, timeouts: {implicit: 0, pageLoad: 300000, script: 30000}, unhandledPromptBehavior: dismiss and notify, webauthn:extension:credBlob: true, webauthn:extension:largeBlob: true, webauthn:extension:minPinLength: true, webauthn:extension:prf: true, webauthn:virtualAuthenticators: true}
	at org.openqa.selenium.remote.service.DriverCommandExecutor.execute(DriverCommandExecutor.java:165)
	at org.openqa.selenium.remote.RemoteWebDriver.execute(RemoteWebDriver.java:607)
	at org.openqa.selenium.remote.RemoteWebDriver.execute(RemoteWebDriver.java:680)
	at org.openqa.selenium.remote.RemoteWebDriver.execute(RemoteWebDriver.java:684)
	at org.openqa.selenium.remote.RemoteWebDriver.quit(RemoteWebDriver.java:442)
	at org.openqa.selenium.chromium.ChromiumDriver.quit(ChromiumDriver.java:351)
	at utils.DriverFactory.quitDriver(DriverFactory.java:66)
	at hooks.Hooks.tearDown(Hooks.java:121)
Caused by: java.util.concurrent.ExecutionException: java.lang.NullPointerException
	at java.base/java.util.concurrent.CompletableFuture.reportGet(CompletableFuture.java:395)
	at java.base/java.util.concurrent.CompletableFuture.get(CompletableFuture.java:2028)
	at org.openqa.selenium.remote.service.DriverCommandExecutor.execute(DriverCommandExecutor.java:161)
	at org.openqa.selenium.remote.RemoteWebDriver.execute(RemoteWebDriver.java:607)
	at org.openqa.selenium.remote.RemoteWebDriver.execute(RemoteWebDriver.java:680)
	at org.openqa.selenium.remote.RemoteWebDriver.execute(RemoteWebDriver.java:684)
	at org.openqa.selenium.remote.RemoteWebDriver.quit(RemoteWebDriver.java:442)
	at org.openqa.selenium.chromium.ChromiumDriver.quit(ChromiumDriver.java:351)
	at utils.DriverFactory.quitDriver(DriverFactory.java:66)
	at hooks.Hooks.tearDown(Hooks.java:121)
	at io.cucumber.java.Invoker.doInvoke(Invoker.java:66)
	at io.cucumber.java.Invoker.invoke(Invoker.java:24)
	at io.cucumber.java.AbstractGlueDefinition.invokeMethod(AbstractGlueDefinition.java:47)
	at io.cucumber.java.JavaHookDefinition.execute(JavaHookDefinition.java:64)
	at io.cucumber.core.runner.CoreHookDefinition.execute(CoreHookDefinition.java:46)
	at io.cucumber.core.runner.HookDefinitionMatch.runStep(HookDefinitionMatch.java:21)
	at io.cucumber.core.runner.ExecutionMode$1.execute(ExecutionMode.java:10)
	at io.cucumber.core.runner.TestStep.executeStep(TestStep.java:84)
	at io.cucumber.core.runner.TestStep.run(TestStep.java:56)
	at io.cucumber.core.runner.TestCase.run(TestCase.java:90)
	at io.cucumber.core.runner.Runner.runPickle(Runner.java:75)
	at io.cucumber.testng.TestNGCucumberRunner.lambda$runScenario$1(TestNGCucumberRunner.java:132)
	at io.cucumber.core.runtime.CucumberExecutionContext.lambda$runTestCase$5(CucumberExecutionContext.java:137)
	at io.cucumber.core.runtime.RethrowingThrowableCollector.executeAndThrow(RethrowingThrowableCollector.java:23)
	at io.cucumber.core.runtime.CucumberExecutionContext.runTestCase(CucumberExecutionContext.java:137)
	at io.cucumber.testng.TestNGCucumberRunner.runScenario(TestNGCucumberRunner.java:129)
	at io.cucumber.testng.AbstractTestNGCucumberTests.runScenario(AbstractTestNGCucumberTests.java:35)
	at java.base/java.util.ArrayList.forEach(ArrayList.java:1541)
	at java.base/java.util.concurrent.FutureTask.run(FutureTask.java:264)
	at java.base/java.util.concurrent.ThreadPoolExecutor.runWorker(ThreadPoolExecutor.java:1128)
	at java.base/java.util.concurrent.ThreadPoolExecutor$Worker.run(ThreadPoolExecutor.java:628)
	at java.base/java.lang.Thread.run(Thread.java:829)
Caused by: java.lang.NullPointerException
	at org.openqa.selenium.remote.http.jdk.JdkHttpClient.execute0(JdkHttpClient.java:390)
	at org.openqa.selenium.remote.http.AddSeleniumUserAgent.lambda$apply$0(AddSeleniumUserAgent.java:42)
	at org.openqa.selenium.remote.http.Filter.lambda$andFinally$1(Filter.java:55)
	at org.openqa.selenium.remote.http.jdk.JdkHttpClient.execute(JdkHttpClient.java:366)
	at org.openqa.selenium.remote.HttpCommandExecutor.execute(HttpCommandExecutor.java:188)
	at org.openqa.selenium.remote.service.DriverCommandExecutor.invokeExecute(DriverCommandExecutor.java:200)
	at org.openqa.selenium.remote.service.DriverCommandExecutor.lambda$execute$1(DriverCommandExecutor.java:128)
	at java.base/java.util.concurrent.CompletableFuture$AsyncSupply.run(CompletableFuture.java:1700)
	... 3 more
... Removed 21 stack frames
</div> <!-- stack-trace -->
                  <em>
(Runs Cucumber Scenarios)                  </em>
                </div> <!-- method-content -->
              </div> <!-- method -->
              <div class="method">
                <div class="method-content">
                  <a name="runScenario(&quot;TC_Registration_04 - Validate registration with empty confirm password field&quot;, &quot;User Registration F...)">
                  </a> <!-- runScenario("TC_Registration_04 - Validate registration with empty confirm password field", "User Registration F...) -->
                  <span class="method-name">runScenario</span>
                  <span class="parameters">("TC_Registration_04 - Validate registration with empty confirm password field","User Registration Functionality")</span>
                  <div class="stack-trace">java.lang.AssertionError: User is not on the registration page. Current URL: https://testerbud.com/practice-login-form expected [true] but found [false]
	at stepdefinitions.web.UI_RegistrationFunctionality_StepDefinition.user_should_remain_on_the_registration_page(UI_RegistrationFunctionality_StepDefinition.java:196)
	at ?.User should remain on the registration page(file:///C:/Users/schapre/automation/AutomationFramework_Selenium_Java/src/test/resources/features/web/UI_Registration_Functionality.feature:46)
... Removed 3 stack frames
</div> <!-- stack-trace -->
                  <em>
(Runs Cucumber Scenarios)                  </em>
                </div> <!-- method-content -->
              </div> <!-- method -->
              <div class="method">
                <div class="method-content">
                  <a name="runScenario(&quot;TC_Forget_06 - Validate Error message if New Password left blank&quot;, &quot;Forget Password Functionality T...)">
                  </a> <!-- runScenario("TC_Forget_06 - Validate Error message if New Password left blank", "Forget Password Functionality T...) -->
                  <span class="method-name">runScenario</span>
                  <span class="parameters">("TC_Forget_06 - Validate Error message if New Password left blank","Forget Password Functionality Testing")</span>
                  <div class="stack-trace">java.lang.AssertionError: Security code field should be displayed expected [true] but found [false]
	at stepdefinitions.web.UI_ForgetPasswordFunctionality_StepDefinition.i_enter_correct_secret_code(UI_ForgetPasswordFunctionality_StepDefinition.java:65)
	at ?.I enter correct secret code &quot;BANK1234&quot;(file:///C:/Users/schapre/automation/AutomationFramework_Selenium_Java/src/test/resources/features/web/UI_ForgetPassword_Functionality.feature:54)
... Removed 3 stack frames
</div> <!-- stack-trace -->
                  <em>
(Runs Cucumber Scenarios)                  </em>
                </div> <!-- method-content -->
              </div> <!-- method -->
              <div class="method">
                <div class="method-content">
                  <a name="runScenario(&quot;Get all user roles&quot;, &quot;User Role API Testing&quot;)">
                  </a> <!-- runScenario("Get all user roles", "User Role API Testing") -->
                  <span class="method-name">runScenario</span>
                  <span class="parameters">("Get all user roles","User Role API Testing")</span>
                  <div class="stack-trace">org.openqa.selenium.WebDriverException: Timed out waiting for driver server to stop.
Build info: version: &apos;4.15.0&apos;, revision: &apos;1d14b5521b&apos;
System info: os.name: &apos;Windows 11&apos;, os.arch: &apos;amd64&apos;, os.version: &apos;10.0&apos;, java.version: &apos;11.0.22&apos;
Driver info: org.openqa.selenium.chrome.ChromeDriver
Command: [8e7c6774e094f09768b04f367ca357da, quit {}]
Capabilities {acceptInsecureCerts: false, browserName: chrome, browserVersion: 142.0.7444.60, chrome: {chromedriverVersion: 142.0.7444.61 (9884f628acbc..., userDataDir: C:\Users\schapre\AppData\Lo...}, fedcm:accounts: true, goog:chromeOptions: {debuggerAddress: localhost:61289}, goog:processID: 6264, networkConnectionEnabled: false, pageLoadStrategy: normal, platformName: windows, proxy: Proxy(), se:cdp: ws://localhost:61289/devtoo..., se:cdpVersion: 142.0.7444.60, setWindowRect: true, strictFileInteractability: false, timeouts: {implicit: 0, pageLoad: 300000, script: 30000}, unhandledPromptBehavior: dismiss and notify, webauthn:extension:credBlob: true, webauthn:extension:largeBlob: true, webauthn:extension:minPinLength: true, webauthn:extension:prf: true, webauthn:virtualAuthenticators: true}
	at org.openqa.selenium.remote.service.DriverCommandExecutor.execute(DriverCommandExecutor.java:165)
	at org.openqa.selenium.remote.RemoteWebDriver.execute(RemoteWebDriver.java:607)
	at org.openqa.selenium.remote.RemoteWebDriver.execute(RemoteWebDriver.java:680)
	at org.openqa.selenium.remote.RemoteWebDriver.execute(RemoteWebDriver.java:684)
	at org.openqa.selenium.remote.RemoteWebDriver.quit(RemoteWebDriver.java:442)
	at org.openqa.selenium.chromium.ChromiumDriver.quit(ChromiumDriver.java:351)
	at utils.DriverFactory.quitDriver(DriverFactory.java:66)
	at hooks.Hooks.tearDown(Hooks.java:121)
Caused by: java.util.concurrent.ExecutionException: java.lang.NullPointerException
	at java.base/java.util.concurrent.CompletableFuture.reportGet(CompletableFuture.java:395)
	at java.base/java.util.concurrent.CompletableFuture.get(CompletableFuture.java:2028)
	at org.openqa.selenium.remote.service.DriverCommandExecutor.execute(DriverCommandExecutor.java:161)
	at org.openqa.selenium.remote.RemoteWebDriver.execute(RemoteWebDriver.java:607)
	at org.openqa.selenium.remote.RemoteWebDriver.execute(RemoteWebDriver.java:680)
	at org.openqa.selenium.remote.RemoteWebDriver.execute(RemoteWebDriver.java:684)
	at org.openqa.selenium.remote.RemoteWebDriver.quit(RemoteWebDriver.java:442)
	at org.openqa.selenium.chromium.ChromiumDriver.quit(ChromiumDriver.java:351)
	at utils.DriverFactory.quitDriver(DriverFactory.java:66)
	at hooks.Hooks.tearDown(Hooks.java:121)
	at io.cucumber.java.Invoker.doInvoke(Invoker.java:66)
	at io.cucumber.java.Invoker.invoke(Invoker.java:24)
	at io.cucumber.java.AbstractGlueDefinition.invokeMethod(AbstractGlueDefinition.java:47)
	at io.cucumber.java.JavaHookDefinition.execute(JavaHookDefinition.java:64)
	at io.cucumber.core.runner.CoreHookDefinition.execute(CoreHookDefinition.java:46)
	at io.cucumber.core.runner.HookDefinitionMatch.runStep(HookDefinitionMatch.java:21)
	at io.cucumber.core.runner.ExecutionMode$1.execute(ExecutionMode.java:10)
	at io.cucumber.core.runner.TestStep.executeStep(TestStep.java:84)
	at io.cucumber.core.runner.TestStep.run(TestStep.java:56)
	at io.cucumber.core.runner.TestCase.run(TestCase.java:90)
	at io.cucumber.core.runner.Runner.runPickle(Runner.java:75)
	at io.cucumber.testng.TestNGCucumberRunner.lambda$runScenario$1(TestNGCucumberRunner.java:132)
	at io.cucumber.core.runtime.CucumberExecutionContext.lambda$runTestCase$5(CucumberExecutionContext.java:137)
	at io.cucumber.core.runtime.RethrowingThrowableCollector.executeAndThrow(RethrowingThrowableCollector.java:23)
	at io.cucumber.core.runtime.CucumberExecutionContext.runTestCase(CucumberExecutionContext.java:137)
	at io.cucumber.testng.TestNGCucumberRunner.runScenario(TestNGCucumberRunner.java:129)
	at io.cucumber.testng.AbstractTestNGCucumberTests.runScenario(AbstractTestNGCucumberTests.java:35)
	at java.base/java.util.ArrayList.forEach(ArrayList.java:1541)
	at java.base/java.util.concurrent.FutureTask.run(FutureTask.java:264)
	at java.base/java.util.concurrent.ThreadPoolExecutor.runWorker(ThreadPoolExecutor.java:1128)
	at java.base/java.util.concurrent.ThreadPoolExecutor$Worker.run(ThreadPoolExecutor.java:628)
	at java.base/java.lang.Thread.run(Thread.java:829)
Caused by: java.lang.NullPointerException
	at org.openqa.selenium.remote.http.jdk.JdkHttpClient.execute0(JdkHttpClient.java:390)
	at org.openqa.selenium.remote.http.AddSeleniumUserAgent.lambda$apply$0(AddSeleniumUserAgent.java:42)
	at org.openqa.selenium.remote.http.Filter.lambda$andFinally$1(Filter.java:55)
	at org.openqa.selenium.remote.http.jdk.JdkHttpClient.execute(JdkHttpClient.java:366)
	at org.openqa.selenium.remote.HttpCommandExecutor.execute(HttpCommandExecutor.java:188)
	at org.openqa.selenium.remote.service.DriverCommandExecutor.invokeExecute(DriverCommandExecutor.java:200)
	at org.openqa.selenium.remote.service.DriverCommandExecutor.lambda$execute$1(DriverCommandExecutor.java:128)
	at java.base/java.util.concurrent.CompletableFuture$AsyncSupply.run(CompletableFuture.java:1700)
	... 3 more
... Removed 21 stack frames
</div> <!-- stack-trace -->
                  <em>
(Runs Cucumber Scenarios)                  </em>
                </div> <!-- method-content -->
              </div> <!-- method -->
              <div class="method">
                <div class="method-content">
                  <a name="runScenario(&quot;TC_Forget_04 - Validate Error message if wrong Secret Code entered&quot;, &quot;Forget Password Functionality...)">
                  </a> <!-- runScenario("TC_Forget_04 - Validate Error message if wrong Secret Code entered", "Forget Password Functionality...) -->
                  <span class="method-name">runScenario</span>
                  <span class="parameters">("TC_Forget_04 - Validate Error message if wrong Secret Code entered","Forget Password Functionality Testing")</span>
                  <div class="stack-trace">java.lang.AssertionError: Security code field should be displayed expected [true] but found [false]
	at stepdefinitions.web.UI_ForgetPasswordFunctionality_StepDefinition.i_enter_wrong_secret_code(UI_ForgetPasswordFunctionality_StepDefinition.java:58)
	at ?.I enter wrong secret code &quot;WRONG123&quot;(file:///C:/Users/schapre/automation/AutomationFramework_Selenium_Java/src/test/resources/features/web/UI_ForgetPassword_Functionality.feature:34)
... Removed 3 stack frames
</div> <!-- stack-trace -->
                  <em>
(Runs Cucumber Scenarios)                  </em>
                </div> <!-- method-content -->
              </div> <!-- method -->
              <div class="method">
                <div class="method-content">
                  <a name="runScenario(&quot;TC_Forget_09 - Validate error message if New and Confirm Password do not meet password criteria&quot;, &quot;...)">
                  </a> <!-- runScenario("TC_Forget_09 - Validate error message if New and Confirm Password do not meet password criteria", "...) -->
                  <span class="method-name">runScenario</span>
                  <span class="parameters">("TC_Forget_09 - Validate error message if New and Confirm Password do not meet password criteria","Forget Password Functionality Testing")</span>
                  <div class="stack-trace">java.lang.AssertionError: Security code field should be displayed expected [true] but found [false]
	at stepdefinitions.web.UI_ForgetPasswordFunctionality_StepDefinition.i_enter_correct_secret_code(UI_ForgetPasswordFunctionality_StepDefinition.java:65)
	at ?.I enter correct secret code &quot;BANK1234&quot;(file:///C:/Users/schapre/automation/AutomationFramework_Selenium_Java/src/test/resources/features/web/UI_ForgetPassword_Functionality.feature:90)
... Removed 3 stack frames
</div> <!-- stack-trace -->
                  <em>
(Runs Cucumber Scenarios)                  </em>
                </div> <!-- method-content -->
              </div> <!-- method -->
              <div class="method">
                <div class="method-content">
                  <a name="runScenario(&quot;TC_Forget_11 - Validate successful password reset with a valid New Password&quot;, &quot;Forget Password Func...)">
                  </a> <!-- runScenario("TC_Forget_11 - Validate successful password reset with a valid New Password", "Forget Password Func...) -->
                  <span class="method-name">runScenario</span>
                  <span class="parameters">("TC_Forget_11 - Validate successful password reset with a valid New Password","Forget Password Functionality Testing")</span>
                  <div class="stack-trace">java.lang.AssertionError: Security code field should be displayed expected [true] but found [false]
	at stepdefinitions.web.UI_ForgetPasswordFunctionality_StepDefinition.i_enter_correct_secret_code(UI_ForgetPasswordFunctionality_StepDefinition.java:65)
	at ?.I enter correct secret code &quot;BANK1234&quot;(file:///C:/Users/schapre/automation/AutomationFramework_Selenium_Java/src/test/resources/features/web/UI_ForgetPassword_Functionality.feature:114)
... Removed 3 stack frames
</div> <!-- stack-trace -->
                  <em>
(Runs Cucumber Scenarios)                  </em>
                </div> <!-- method-content -->
              </div> <!-- method -->
              <div class="method">
                <div class="method-content">
                  <a name="runScenario(&quot;TC_Registration_04 - Validate registration with empty confirm password field&quot;, &quot;User Registration F...)">
                  </a> <!-- runScenario("TC_Registration_04 - Validate registration with empty confirm password field", "User Registration F...) -->
                  <span class="method-name">runScenario</span>
                  <span class="parameters">("TC_Registration_04 - Validate registration with empty confirm password field","User Registration Functionality")</span>
                  <div class="stack-trace">org.openqa.selenium.TimeoutException: Expected condition failed: waiting for visibility of element located by By.xpath: //input[@placeholder=&apos;Create a password&apos;] (tried for 10 second(s) with 500 milliseconds interval)
Build info: version: &apos;4.15.0&apos;, revision: &apos;1d14b5521b&apos;
System info: os.name: &apos;Windows 11&apos;, os.arch: &apos;amd64&apos;, os.version: &apos;10.0&apos;, java.version: &apos;11.0.22&apos;
Driver info: org.openqa.selenium.chrome.ChromeDriver
Capabilities {acceptInsecureCerts: false, browserName: chrome, browserVersion: 142.0.7444.60, chrome: {chromedriverVersion: 142.0.7444.61 (9884f628acbc..., userDataDir: C:\Users\schapre\AppData\Lo...}, fedcm:accounts: true, goog:chromeOptions: {debuggerAddress: localhost:56230}, goog:processID: 40392, networkConnectionEnabled: false, pageLoadStrategy: normal, platformName: windows, proxy: Proxy(), se:cdp: ws://localhost:56230/devtoo..., se:cdpVersion: 142.0.7444.60, setWindowRect: true, strictFileInteractability: false, timeouts: {implicit: 0, pageLoad: 300000, script: 30000}, unhandledPromptBehavior: dismiss and notify, webauthn:extension:credBlob: true, webauthn:extension:largeBlob: true, webauthn:extension:minPinLength: true, webauthn:extension:prf: true, webauthn:virtualAuthenticators: true}
Session ID: ae842bae0ce3821c51ed4a073a48886d
	at org.openqa.selenium.support.ui.WebDriverWait.timeoutException(WebDriverWait.java:84)
	at org.openqa.selenium.support.ui.FluentWait.until(FluentWait.java:229)
	at pages.UI_RegistrationTestPage.enterPassword(UI_RegistrationTestPage.java:61)
	at stepdefinitions.web.UI_RegistrationFunctionality_StepDefinition.user_enters_valid_password(UI_RegistrationFunctionality_StepDefinition.java:37)
	at ?.User enters valid password &quot;TestBud@123&quot;(file:///C:/Users/schapre/automation/AutomationFramework_Selenium_Java/src/test/resources/features/web/UI_Registration_Functionality.feature:42)

</div> <!-- stack-trace -->
                  <em>
(Runs Cucumber Scenarios)                  </em>
                </div> <!-- method-content -->
              </div> <!-- method -->
              <div class="method">
                <div class="method-content">
                  <a name="runScenario(&quot;TC_Basic_07 - Verify error message when email id entered in invalid format&quot;, &quot;Login Functionality T...)">
                  </a> <!-- runScenario("TC_Basic_07 - Verify error message when email id entered in invalid format", "Login Functionality T...) -->
                  <span class="method-name">runScenario</span>
                  <span class="parameters">("TC_Basic_07 - Verify error message when email id entered in invalid format","Login Functionality Testing")</span>
                  <div class="stack-trace">org.openqa.selenium.TimeoutException: Expected condition failed: waiting for element to be clickable: By.xpath: //button[text()=&apos;Sign in&apos;] (tried for 10 second(s) with 500 milliseconds interval)
Build info: version: &apos;4.15.0&apos;, revision: &apos;1d14b5521b&apos;
System info: os.name: &apos;Windows 11&apos;, os.arch: &apos;amd64&apos;, os.version: &apos;10.0&apos;, java.version: &apos;11.0.22&apos;
Driver info: org.openqa.selenium.chrome.ChromeDriver
Capabilities {acceptInsecureCerts: false, browserName: chrome, browserVersion: 142.0.7444.60, chrome: {chromedriverVersion: 142.0.7444.61 (9884f628acbc..., userDataDir: C:\Users\schapre\AppData\Lo...}, fedcm:accounts: true, goog:chromeOptions: {debuggerAddress: localhost:61770}, goog:processID: 39676, networkConnectionEnabled: false, pageLoadStrategy: normal, platformName: windows, proxy: Proxy(), se:cdp: ws://localhost:61770/devtoo..., se:cdpVersion: 142.0.7444.60, setWindowRect: true, strictFileInteractability: false, timeouts: {implicit: 0, pageLoad: 300000, script: 30000}, unhandledPromptBehavior: dismiss and notify, webauthn:extension:credBlob: true, webauthn:extension:largeBlob: true, webauthn:extension:minPinLength: true, webauthn:extension:prf: true, webauthn:virtualAuthenticators: true}
Session ID: e6a3642f533dc06e561c35f8b3076af3
	at org.openqa.selenium.support.ui.WebDriverWait.timeoutException(WebDriverWait.java:84)
	at org.openqa.selenium.support.ui.FluentWait.until(FluentWait.java:229)
	at pages.UI_LoginTestPage.clickLoginButton(UI_LoginTestPage.java:56)
	at stepdefinitions.web.UI_LoginFunctionality_StepDefinition.i_click_the_login_button(UI_LoginFunctionality_StepDefinition.java:141)
	at ?.I click the login button(file:///C:/Users/schapre/automation/AutomationFramework_Selenium_Java/src/test/resources/features/web/UI_Login_Functionality.feature:52)

</div> <!-- stack-trace -->
                  <em>
(Runs Cucumber Scenarios)                  </em>
                </div> <!-- method-content -->
              </div> <!-- method -->
              <div class="method">
                <div class="method-content">
                  <a name="runScenario(&quot;TC_Forget_07 - Validate Error message if Confirm New Password left blank&quot;, &quot;Forget Password Functio...)">
                  </a> <!-- runScenario("TC_Forget_07 - Validate Error message if Confirm New Password left blank", "Forget Password Functio...) -->
                  <span class="method-name">runScenario</span>
                  <span class="parameters">("TC_Forget_07 - Validate Error message if Confirm New Password left blank","Forget Password Functionality Testing")</span>
                  <div class="stack-trace">java.lang.AssertionError: Security code field should be displayed expected [true] but found [false]
	at stepdefinitions.web.UI_ForgetPasswordFunctionality_StepDefinition.i_enter_correct_secret_code(UI_ForgetPasswordFunctionality_StepDefinition.java:65)
	at ?.I enter correct secret code &quot;BANK1234&quot;(file:///C:/Users/schapre/automation/AutomationFramework_Selenium_Java/src/test/resources/features/web/UI_ForgetPassword_Functionality.feature:66)
... Removed 3 stack frames
</div> <!-- stack-trace -->
                  <em>
(Runs Cucumber Scenarios)                  </em>
                </div> <!-- method-content -->
              </div> <!-- method -->
              <div class="method">
                <div class="method-content">
                  <a name="runScenario(&quot;TC_Forget_08 - Validate error message if New and Confirm Password do not match&quot;, &quot;Forget Password F...)">
                  </a> <!-- runScenario("TC_Forget_08 - Validate error message if New and Confirm Password do not match", "Forget Password F...) -->
                  <span class="method-name">runScenario</span>
                  <span class="parameters">("TC_Forget_08 - Validate error message if New and Confirm Password do not match","Forget Password Functionality Testing")</span>
                  <div class="stack-trace">org.openqa.selenium.WebDriverException: Timed out waiting for driver server to stop.
Build info: version: &apos;4.15.0&apos;, revision: &apos;1d14b5521b&apos;
System info: os.name: &apos;Windows 11&apos;, os.arch: &apos;amd64&apos;, os.version: &apos;10.0&apos;, java.version: &apos;11.0.22&apos;
Driver info: org.openqa.selenium.chrome.ChromeDriver
Command: [2990a6671e1eedf413ededa118bbf5f6, quit {}]
Capabilities {acceptInsecureCerts: false, browserName: chrome, browserVersion: 142.0.7444.60, chrome: {chromedriverVersion: 142.0.7444.61 (9884f628acbc..., userDataDir: C:\Users\schapre\AppData\Lo...}, fedcm:accounts: true, goog:chromeOptions: {debuggerAddress: localhost:50600}, goog:processID: 1672, networkConnectionEnabled: false, pageLoadStrategy: normal, platformName: windows, proxy: Proxy(), se:cdp: ws://localhost:50600/devtoo..., se:cdpVersion: 142.0.7444.60, setWindowRect: true, strictFileInteractability: false, timeouts: {implicit: 0, pageLoad: 300000, script: 30000}, unhandledPromptBehavior: dismiss and notify, webauthn:extension:credBlob: true, webauthn:extension:largeBlob: true, webauthn:extension:minPinLength: true, webauthn:extension:prf: true, webauthn:virtualAuthenticators: true}
	at org.openqa.selenium.remote.service.DriverCommandExecutor.execute(DriverCommandExecutor.java:165)
	at org.openqa.selenium.remote.RemoteWebDriver.execute(RemoteWebDriver.java:607)
	at org.openqa.selenium.remote.RemoteWebDriver.execute(RemoteWebDriver.java:680)
	at org.openqa.selenium.remote.RemoteWebDriver.execute(RemoteWebDriver.java:684)
	at org.openqa.selenium.remote.RemoteWebDriver.quit(RemoteWebDriver.java:442)
	at org.openqa.selenium.chromium.ChromiumDriver.quit(ChromiumDriver.java:351)
	at utils.DriverFactory.quitDriver(DriverFactory.java:66)
	at hooks.Hooks.tearDown(Hooks.java:121)
Caused by: java.util.concurrent.ExecutionException: java.lang.NullPointerException
	at java.base/java.util.concurrent.CompletableFuture.reportGet(CompletableFuture.java:395)
	at java.base/java.util.concurrent.CompletableFuture.get(CompletableFuture.java:2028)
	at org.openqa.selenium.remote.service.DriverCommandExecutor.execute(DriverCommandExecutor.java:161)
	at org.openqa.selenium.remote.RemoteWebDriver.execute(RemoteWebDriver.java:607)
	at org.openqa.selenium.remote.RemoteWebDriver.execute(RemoteWebDriver.java:680)
	at org.openqa.selenium.remote.RemoteWebDriver.execute(RemoteWebDriver.java:684)
	at org.openqa.selenium.remote.RemoteWebDriver.quit(RemoteWebDriver.java:442)
	at org.openqa.selenium.chromium.ChromiumDriver.quit(ChromiumDriver.java:351)
	at utils.DriverFactory.quitDriver(DriverFactory.java:66)
	at hooks.Hooks.tearDown(Hooks.java:121)
	at io.cucumber.java.Invoker.doInvoke(Invoker.java:66)
	at io.cucumber.java.Invoker.invoke(Invoker.java:24)
	at io.cucumber.java.AbstractGlueDefinition.invokeMethod(AbstractGlueDefinition.java:47)
	at io.cucumber.java.JavaHookDefinition.execute(JavaHookDefinition.java:64)
	at io.cucumber.core.runner.CoreHookDefinition.execute(CoreHookDefinition.java:46)
	at io.cucumber.core.runner.HookDefinitionMatch.runStep(HookDefinitionMatch.java:21)
	at io.cucumber.core.runner.ExecutionMode$1.execute(ExecutionMode.java:10)
	at io.cucumber.core.runner.TestStep.executeStep(TestStep.java:84)
	at io.cucumber.core.runner.TestStep.run(TestStep.java:56)
	at io.cucumber.core.runner.TestCase.run(TestCase.java:90)
	at io.cucumber.core.runner.Runner.runPickle(Runner.java:75)
	at io.cucumber.testng.TestNGCucumberRunner.lambda$runScenario$1(TestNGCucumberRunner.java:132)
	at io.cucumber.core.runtime.CucumberExecutionContext.lambda$runTestCase$5(CucumberExecutionContext.java:137)
	at io.cucumber.core.runtime.RethrowingThrowableCollector.executeAndThrow(RethrowingThrowableCollector.java:23)
	at io.cucumber.core.runtime.CucumberExecutionContext.runTestCase(CucumberExecutionContext.java:137)
	at io.cucumber.testng.TestNGCucumberRunner.runScenario(TestNGCucumberRunner.java:129)
	at io.cucumber.testng.AbstractTestNGCucumberTests.runScenario(AbstractTestNGCucumberTests.java:35)
	at java.base/java.util.ArrayList.forEach(ArrayList.java:1541)
	at java.base/java.util.concurrent.FutureTask.run(FutureTask.java:264)
	at java.base/java.util.concurrent.ThreadPoolExecutor.runWorker(ThreadPoolExecutor.java:1128)
	at java.base/java.util.concurrent.ThreadPoolExecutor$Worker.run(ThreadPoolExecutor.java:628)
	at java.base/java.lang.Thread.run(Thread.java:829)
Caused by: java.lang.NullPointerException
	at org.openqa.selenium.remote.http.jdk.JdkHttpClient.execute0(JdkHttpClient.java:390)
	at org.openqa.selenium.remote.http.AddSeleniumUserAgent.lambda$apply$0(AddSeleniumUserAgent.java:42)
	at org.openqa.selenium.remote.http.Filter.lambda$andFinally$1(Filter.java:55)
	at org.openqa.selenium.remote.http.jdk.JdkHttpClient.execute(JdkHttpClient.java:366)
	at org.openqa.selenium.remote.HttpCommandExecutor.execute(HttpCommandExecutor.java:188)
	at org.openqa.selenium.remote.service.DriverCommandExecutor.invokeExecute(DriverCommandExecutor.java:200)
	at org.openqa.selenium.remote.service.DriverCommandExecutor.lambda$execute$1(DriverCommandExecutor.java:128)
	at java.base/java.util.concurrent.CompletableFuture$AsyncSupply.run(CompletableFuture.java:1700)
	... 3 more
... Removed 19 stack frames
</div> <!-- stack-trace -->
                  <em>
(Runs Cucumber Scenarios)                  </em>
                </div> <!-- method-content -->
              </div> <!-- method -->
              <div class="method">
                <div class="method-content">
                  <a name="runScenario(&quot;TC_Forget_10 - Validate password strength indicator when some criteria are met&quot;, &quot;Forget Password F...)">
                  </a> <!-- runScenario("TC_Forget_10 - Validate password strength indicator when some criteria are met", "Forget Password F...) -->
                  <span class="method-name">runScenario</span>
                  <span class="parameters">("TC_Forget_10 - Validate password strength indicator when some criteria are met","Forget Password Functionality Testing")</span>
                  <div class="stack-trace">org.openqa.selenium.WebDriverException: Timed out waiting for driver server to stop.
Build info: version: &apos;4.15.0&apos;, revision: &apos;1d14b5521b&apos;
System info: os.name: &apos;Windows 11&apos;, os.arch: &apos;amd64&apos;, os.version: &apos;10.0&apos;, java.version: &apos;11.0.22&apos;
Driver info: org.openqa.selenium.chrome.ChromeDriver
Command: [8f2c71098956531095b755787deeeb2d, quit {}]
Capabilities {acceptInsecureCerts: false, browserName: chrome, browserVersion: 142.0.7444.60, chrome: {chromedriverVersion: 142.0.7444.61 (9884f628acbc..., userDataDir: C:\Users\schapre\AppData\Lo...}, fedcm:accounts: true, goog:chromeOptions: {debuggerAddress: localhost:59141}, goog:processID: 37352, networkConnectionEnabled: false, pageLoadStrategy: normal, platformName: windows, proxy: Proxy(), se:cdp: ws://localhost:59141/devtoo..., se:cdpVersion: 142.0.7444.60, setWindowRect: true, strictFileInteractability: false, timeouts: {implicit: 0, pageLoad: 300000, script: 30000}, unhandledPromptBehavior: dismiss and notify, webauthn:extension:credBlob: true, webauthn:extension:largeBlob: true, webauthn:extension:minPinLength: true, webauthn:extension:prf: true, webauthn:virtualAuthenticators: true}
	at org.openqa.selenium.remote.service.DriverCommandExecutor.execute(DriverCommandExecutor.java:165)
	at org.openqa.selenium.remote.RemoteWebDriver.execute(RemoteWebDriver.java:607)
	at org.openqa.selenium.remote.RemoteWebDriver.execute(RemoteWebDriver.java:680)
	at org.openqa.selenium.remote.RemoteWebDriver.execute(RemoteWebDriver.java:684)
	at org.openqa.selenium.remote.RemoteWebDriver.quit(RemoteWebDriver.java:442)
	at org.openqa.selenium.chromium.ChromiumDriver.quit(ChromiumDriver.java:351)
	at utils.DriverFactory.quitDriver(DriverFactory.java:66)
	at hooks.Hooks.tearDown(Hooks.java:121)
Caused by: java.util.concurrent.ExecutionException: java.lang.NullPointerException
	at java.base/java.util.concurrent.CompletableFuture.reportGet(CompletableFuture.java:395)
	at java.base/java.util.concurrent.CompletableFuture.get(CompletableFuture.java:2028)
	at org.openqa.selenium.remote.service.DriverCommandExecutor.execute(DriverCommandExecutor.java:161)
	at org.openqa.selenium.remote.RemoteWebDriver.execute(RemoteWebDriver.java:607)
	at org.openqa.selenium.remote.RemoteWebDriver.execute(RemoteWebDriver.java:680)
	at org.openqa.selenium.remote.RemoteWebDriver.execute(RemoteWebDriver.java:684)
	at org.openqa.selenium.remote.RemoteWebDriver.quit(RemoteWebDriver.java:442)
	at org.openqa.selenium.chromium.ChromiumDriver.quit(ChromiumDriver.java:351)
	at utils.DriverFactory.quitDriver(DriverFactory.java:66)
	at hooks.Hooks.tearDown(Hooks.java:121)
	at io.cucumber.java.Invoker.doInvoke(Invoker.java:66)
	at io.cucumber.java.Invoker.invoke(Invoker.java:24)
	at io.cucumber.java.AbstractGlueDefinition.invokeMethod(AbstractGlueDefinition.java:47)
	at io.cucumber.java.JavaHookDefinition.execute(JavaHookDefinition.java:64)
	at io.cucumber.core.runner.CoreHookDefinition.execute(CoreHookDefinition.java:46)
	at io.cucumber.core.runner.HookDefinitionMatch.runStep(HookDefinitionMatch.java:21)
	at io.cucumber.core.runner.ExecutionMode$1.execute(ExecutionMode.java:10)
	at io.cucumber.core.runner.TestStep.executeStep(TestStep.java:84)
	at io.cucumber.core.runner.TestStep.run(TestStep.java:56)
	at io.cucumber.core.runner.TestCase.run(TestCase.java:90)
	at io.cucumber.core.runner.Runner.runPickle(Runner.java:75)
	at io.cucumber.testng.TestNGCucumberRunner.lambda$runScenario$1(TestNGCucumberRunner.java:132)
	at io.cucumber.core.runtime.CucumberExecutionContext.lambda$runTestCase$5(CucumberExecutionContext.java:137)
	at io.cucumber.core.runtime.RethrowingThrowableCollector.executeAndThrow(RethrowingThrowableCollector.java:23)
	at io.cucumber.core.runtime.CucumberExecutionContext.runTestCase(CucumberExecutionContext.java:137)
	at io.cucumber.testng.TestNGCucumberRunner.runScenario(TestNGCucumberRunner.java:129)
	at io.cucumber.testng.AbstractTestNGCucumberTests.runScenario(AbstractTestNGCucumberTests.java:35)
	at java.base/java.util.ArrayList.forEach(ArrayList.java:1541)
	at java.base/java.util.concurrent.FutureTask.run(FutureTask.java:264)
	at java.base/java.util.concurrent.ThreadPoolExecutor.runWorker(ThreadPoolExecutor.java:1128)
	at java.base/java.util.concurrent.ThreadPoolExecutor$Worker.run(ThreadPoolExecutor.java:628)
	at java.base/java.lang.Thread.run(Thread.java:829)
Caused by: java.lang.NullPointerException
	at org.openqa.selenium.remote.http.jdk.JdkHttpClient.execute0(JdkHttpClient.java:390)
	at org.openqa.selenium.remote.http.AddSeleniumUserAgent.lambda$apply$0(AddSeleniumUserAgent.java:42)
	at org.openqa.selenium.remote.http.Filter.lambda$andFinally$1(Filter.java:55)
	at org.openqa.selenium.remote.http.jdk.JdkHttpClient.execute(JdkHttpClient.java:366)
	at org.openqa.selenium.remote.HttpCommandExecutor.execute(HttpCommandExecutor.java:188)
	at org.openqa.selenium.remote.service.DriverCommandExecutor.invokeExecute(DriverCommandExecutor.java:200)
	at org.openqa.selenium.remote.service.DriverCommandExecutor.lambda$execute$1(DriverCommandExecutor.java:128)
	at java.base/java.util.concurrent.CompletableFuture$AsyncSupply.run(CompletableFuture.java:1700)
	... 3 more
... Removed 19 stack frames
</div> <!-- stack-trace -->
                  <em>
(Runs Cucumber Scenarios)                  </em>
                </div> <!-- method-content -->
              </div> <!-- method -->
              <div class="method">
                <div class="method-content">
                  <a name="runScenario(&quot;Get leave balance&quot;, &quot;Leave API Testing&quot;)">
                  </a> <!-- runScenario("Get leave balance", "Leave API Testing") -->
                  <span class="method-name">runScenario</span>
                  <span class="parameters">("Get leave balance","Leave API Testing")</span>
                  <div class="stack-trace">org.openqa.selenium.WebDriverException: Timed out waiting for driver server to stop.
Build info: version: &apos;4.15.0&apos;, revision: &apos;1d14b5521b&apos;
System info: os.name: &apos;Windows 11&apos;, os.arch: &apos;amd64&apos;, os.version: &apos;10.0&apos;, java.version: &apos;11.0.22&apos;
Driver info: org.openqa.selenium.chrome.ChromeDriver
Command: [89b9b9eb328f83d2910c50e1f4e5e586, quit {}]
Capabilities {acceptInsecureCerts: false, browserName: chrome, browserVersion: 142.0.7444.60, chrome: {chromedriverVersion: 142.0.7444.61 (9884f628acbc..., userDataDir: C:\Users\schapre\AppData\Lo...}, fedcm:accounts: true, goog:chromeOptions: {debuggerAddress: localhost:49982}, goog:processID: 28724, networkConnectionEnabled: false, pageLoadStrategy: normal, platformName: windows, proxy: Proxy(), se:cdp: ws://localhost:49982/devtoo..., se:cdpVersion: 142.0.7444.60, setWindowRect: true, strictFileInteractability: false, timeouts: {implicit: 0, pageLoad: 300000, script: 30000}, unhandledPromptBehavior: dismiss and notify, webauthn:extension:credBlob: true, webauthn:extension:largeBlob: true, webauthn:extension:minPinLength: true, webauthn:extension:prf: true, webauthn:virtualAuthenticators: true}
	at org.openqa.selenium.remote.service.DriverCommandExecutor.execute(DriverCommandExecutor.java:165)
	at org.openqa.selenium.remote.RemoteWebDriver.execute(RemoteWebDriver.java:607)
	at org.openqa.selenium.remote.RemoteWebDriver.execute(RemoteWebDriver.java:680)
	at org.openqa.selenium.remote.RemoteWebDriver.execute(RemoteWebDriver.java:684)
	at org.openqa.selenium.remote.RemoteWebDriver.quit(RemoteWebDriver.java:442)
	at org.openqa.selenium.chromium.ChromiumDriver.quit(ChromiumDriver.java:351)
	at utils.DriverFactory.quitDriver(DriverFactory.java:66)
	at hooks.Hooks.tearDown(Hooks.java:121)
Caused by: java.util.concurrent.ExecutionException: java.lang.NullPointerException
	at java.base/java.util.concurrent.CompletableFuture.reportGet(CompletableFuture.java:395)
	at java.base/java.util.concurrent.CompletableFuture.get(CompletableFuture.java:2028)
	at org.openqa.selenium.remote.service.DriverCommandExecutor.execute(DriverCommandExecutor.java:161)
	at org.openqa.selenium.remote.RemoteWebDriver.execute(RemoteWebDriver.java:607)
	at org.openqa.selenium.remote.RemoteWebDriver.execute(RemoteWebDriver.java:680)
	at org.openqa.selenium.remote.RemoteWebDriver.execute(RemoteWebDriver.java:684)
	at org.openqa.selenium.remote.RemoteWebDriver.quit(RemoteWebDriver.java:442)
	at org.openqa.selenium.chromium.ChromiumDriver.quit(ChromiumDriver.java:351)
	at utils.DriverFactory.quitDriver(DriverFactory.java:66)
	at hooks.Hooks.tearDown(Hooks.java:121)
	at io.cucumber.java.Invoker.doInvoke(Invoker.java:66)
	at io.cucumber.java.Invoker.invoke(Invoker.java:24)
	at io.cucumber.java.AbstractGlueDefinition.invokeMethod(AbstractGlueDefinition.java:47)
	at io.cucumber.java.JavaHookDefinition.execute(JavaHookDefinition.java:64)
	at io.cucumber.core.runner.CoreHookDefinition.execute(CoreHookDefinition.java:46)
	at io.cucumber.core.runner.HookDefinitionMatch.runStep(HookDefinitionMatch.java:21)
	at io.cucumber.core.runner.ExecutionMode$1.execute(ExecutionMode.java:10)
	at io.cucumber.core.runner.TestStep.executeStep(TestStep.java:84)
	at io.cucumber.core.runner.TestStep.run(TestStep.java:56)
	at io.cucumber.core.runner.TestCase.run(TestCase.java:90)
	at io.cucumber.core.runner.Runner.runPickle(Runner.java:75)
	at io.cucumber.testng.TestNGCucumberRunner.lambda$runScenario$1(TestNGCucumberRunner.java:132)
	at io.cucumber.core.runtime.CucumberExecutionContext.lambda$runTestCase$5(CucumberExecutionContext.java:137)
	at io.cucumber.core.runtime.RethrowingThrowableCollector.executeAndThrow(RethrowingThrowableCollector.java:23)
	at io.cucumber.core.runtime.CucumberExecutionContext.runTestCase(CucumberExecutionContext.java:137)
	at io.cucumber.testng.TestNGCucumberRunner.runScenario(TestNGCucumberRunner.java:129)
	at io.cucumber.testng.AbstractTestNGCucumberTests.runScenario(AbstractTestNGCucumberTests.java:35)
	at java.base/java.util.ArrayList.forEach(ArrayList.java:1541)
	at java.base/java.util.concurrent.FutureTask.run(FutureTask.java:264)
	at java.base/java.util.concurrent.ThreadPoolExecutor.runWorker(ThreadPoolExecutor.java:1128)
	at java.base/java.util.concurrent.ThreadPoolExecutor$Worker.run(ThreadPoolExecutor.java:628)
	at java.base/java.lang.Thread.run(Thread.java:829)
Caused by: java.lang.NullPointerException
	at org.openqa.selenium.remote.http.jdk.JdkHttpClient.execute0(JdkHttpClient.java:390)
	at org.openqa.selenium.remote.http.AddSeleniumUserAgent.lambda$apply$0(AddSeleniumUserAgent.java:42)
	at org.openqa.selenium.remote.http.Filter.lambda$andFinally$1(Filter.java:55)
	at org.openqa.selenium.remote.http.jdk.JdkHttpClient.execute(JdkHttpClient.java:366)
	at org.openqa.selenium.remote.HttpCommandExecutor.execute(HttpCommandExecutor.java:188)
	at org.openqa.selenium.remote.service.DriverCommandExecutor.invokeExecute(DriverCommandExecutor.java:200)
	at org.openqa.selenium.remote.service.DriverCommandExecutor.lambda$execute$1(DriverCommandExecutor.java:128)
	at java.base/java.util.concurrent.CompletableFuture$AsyncSupply.run(CompletableFuture.java:1700)
	... 3 more
... Removed 21 stack frames
</div> <!-- stack-trace -->
                  <em>
(Runs Cucumber Scenarios)                  </em>
                </div> <!-- method-content -->
              </div> <!-- method -->
            </div> <!-- main-panel-content rounded-window-bottom -->
          </div> <!-- suite-Multi_Platform_Suite-class-failed -->
          <div class="suite-Multi_Platform_Suite-class-passed">
            <div class="main-panel-header rounded-window-top">
              <img src="passed.png"/>
              <span class="class-name">runners.TestRunner</span>
            </div> <!-- main-panel-header rounded-window-top -->
            <div class="main-panel-content rounded-window-bottom">
              <div class="method">
                <div class="method-content">
                  <a name="runScenario(&quot;TC_Registration_10 - Validate clicking &#039;Sign in&#039; link successfully navigate user to Login Page&quot;, &quot;U...)">
                  </a> <!-- runScenario("TC_Registration_10 - Validate clicking 'Sign in' link successfully navigate user to Login Page", "U...) -->
                  <span class="method-name">runScenario</span>
                  <span class="parameters">("TC_Registration_10 - Validate clicking 'Sign in' link successfully navigate user to Login Page","User Registration Functionality")</span>
                  <em>
(Runs Cucumber Scenarios)                  </em>
                </div> <!-- method-content -->
              </div> <!-- method -->
              <div class="method">
                <div class="method-content">
                  <a name="runScenario(&quot;TC_Basic_05 - Verify password field is masked&quot;, &quot;Login Functionality Testing&quot;)">
                  </a> <!-- runScenario("TC_Basic_05 - Verify password field is masked", "Login Functionality Testing") -->
                  <span class="method-name">runScenario</span>
                  <span class="parameters">("TC_Basic_05 - Verify password field is masked","Login Functionality Testing")</span>
                  <em>
(Runs Cucumber Scenarios)                  </em>
                </div> <!-- method-content -->
              </div> <!-- method -->
              <div class="method">
                <div class="method-content">
                  <a name="runScenario(&quot;TC_Forget_02 - Validate Error message if wrong Email address entered&quot;, &quot;Forget Password Functionali...)">
                  </a> <!-- runScenario("TC_Forget_02 - Validate Error message if wrong Email address entered", "Forget Password Functionali...) -->
                  <span class="method-name">runScenario</span>
                  <span class="parameters">("TC_Forget_02 - Validate Error message if wrong Email address entered","Forget Password Functionality Testing")</span>
                  <em>
(Runs Cucumber Scenarios)                  </em>
                </div> <!-- method-content -->
              </div> <!-- method -->
              <div class="method">
                <div class="method-content">
                  <a name="runScenario(&quot;TC_Basic_02 - Verify login with invalid credentials&quot;, &quot;Login Functionality Testing&quot;)">
                  </a> <!-- runScenario("TC_Basic_02 - Verify login with invalid credentials", "Login Functionality Testing") -->
                  <span class="method-name">runScenario</span>
                  <span class="parameters">("TC_Basic_02 - Verify login with invalid credentials","Login Functionality Testing")</span>
                  <em>
(Runs Cucumber Scenarios)                  </em>
                </div> <!-- method-content -->
              </div> <!-- method -->
              <div class="method">
                <div class="method-content">
                  <a name="runScenario(&quot;TC_Registration_09 - Validate password strength indicators are visible when strong password is ente...)">
                  </a> <!-- runScenario("TC_Registration_09 - Validate password strength indicators are visible when strong password is ente...) -->
                  <span class="method-name">runScenario</span>
                  <span class="parameters">("TC_Registration_09 - Validate password strength indicators are visible when strong password is entered","User Registration Functionality")</span>
                  <em>
(Runs Cucumber Scenarios)                  </em>
                </div> <!-- method-content -->
              </div> <!-- method -->
              <div class="method">
                <div class="method-content">
                  <a name="runScenario(&quot;TC_Basic_01 - Verify login with valid credentials&quot;, &quot;Login Functionality Testing&quot;)">
                  </a> <!-- runScenario("TC_Basic_01 - Verify login with valid credentials", "Login Functionality Testing") -->
                  <span class="method-name">runScenario</span>
                  <span class="parameters">("TC_Basic_01 - Verify login with valid credentials","Login Functionality Testing")</span>
                  <em>
(Runs Cucumber Scenarios)                  </em>
                </div> <!-- method-content -->
              </div> <!-- method -->
              <div class="method">
                <div class="method-content">
                  <a name="runScenario(&quot;TC_Basic_06 - Verify error message when username is entered but password field is left blank&quot;, &quot;Log...)">
                  </a> <!-- runScenario("TC_Basic_06 - Verify error message when username is entered but password field is left blank", "Log...) -->
                  <span class="method-name">runScenario</span>
                  <span class="parameters">("TC_Basic_06 - Verify error message when username is entered but password field is left blank","Login Functionality Testing")</span>
                  <em>
(Runs Cucumber Scenarios)                  </em>
                </div> <!-- method-content -->
              </div> <!-- method -->
              <div class="method">
                <div class="method-content">
                  <a name="runScenario(&quot;TC_Registration_01 - Verify successful user registration&quot;, &quot;User Registration Functionality&quot;)">
                  </a> <!-- runScenario("TC_Registration_01 - Verify successful user registration", "User Registration Functionality") -->
                  <span class="method-name">runScenario</span>
                  <span class="parameters">("TC_Registration_01 - Verify successful user registration","User Registration Functionality")</span>
                  <em>
(Runs Cucumber Scenarios)                  </em>
                </div> <!-- method-content -->
              </div> <!-- method -->
              <div class="method">
                <div class="method-content">
                  <a name="runScenario(&quot;Create a new employee&quot;, &quot;Employee API Testing&quot;)">
                  </a> <!-- runScenario("Create a new employee", "Employee API Testing") -->
                  <span class="method-name">runScenario</span>
                  <span class="parameters">("Create a new employee","Employee API Testing")</span>
                  <em>
(Runs Cucumber Scenarios)                  </em>
                </div> <!-- method-content -->
              </div> <!-- method -->
              <div class="method">
                <div class="method-content">
                  <a name="runScenario(&quot;TC_Basic_04 - Verify login button is enabled and validate error message when fields are empty&quot;, &quot;Lo...)">
                  </a> <!-- runScenario("TC_Basic_04 - Verify login button is enabled and validate error message when fields are empty", "Lo...) -->
                  <span class="method-name">runScenario</span>
                  <span class="parameters">("TC_Basic_04 - Verify login button is enabled and validate error message when fields are empty","Login Functionality Testing")</span>
                  <em>
(Runs Cucumber Scenarios)                  </em>
                </div> <!-- method-content -->
              </div> <!-- method -->
              <div class="method">
                <div class="method-content">
                  <a name="runScenario(&quot;TC_Forget_08 - Validate error message if New and Confirm Password do not match&quot;, &quot;Forget Password F...)">
                  </a> <!-- runScenario("TC_Forget_08 - Validate error message if New and Confirm Password do not match", "Forget Password F...) -->
                  <span class="method-name">runScenario</span>
                  <span class="parameters">("TC_Forget_08 - Validate error message if New and Confirm Password do not match","Forget Password Functionality Testing")</span>
                  <em>
(Runs Cucumber Scenarios)                  </em>
                </div> <!-- method-content -->
              </div> <!-- method -->
              <div class="method">
                <div class="method-content">
                  <a name="runScenario(&quot;Logout from OrangeHRM&quot;, &quot;Logout API Testing&quot;)">
                  </a> <!-- runScenario("Logout from OrangeHRM", "Logout API Testing") -->
                  <span class="method-name">runScenario</span>
                  <span class="parameters">("Logout from OrangeHRM","Logout API Testing")</span>
                  <em>
(Runs Cucumber Scenarios)                  </em>
                </div> <!-- method-content -->
              </div> <!-- method -->
              <div class="method">
                <div class="method-content">
                  <a name="runScenario(&quot;TC_Forget_03 - Validate Error message if Secret Code left blank&quot;, &quot;Forget Password Functionality Te...)">
                  </a> <!-- runScenario("TC_Forget_03 - Validate Error message if Secret Code left blank", "Forget Password Functionality Te...) -->
                  <span class="method-name">runScenario</span>
                  <span class="parameters">("TC_Forget_03 - Validate Error message if Secret Code left blank","Forget Password Functionality Testing")</span>
                  <em>
(Runs Cucumber Scenarios)                  </em>
                </div> <!-- method-content -->
              </div> <!-- method -->
              <div class="method">
                <div class="method-content">
                  <a name="runScenario(&quot;TC_Basic_03 - Check UI elements of the login page&quot;, &quot;Login Functionality Testing&quot;)">
                  </a> <!-- runScenario("TC_Basic_03 - Check UI elements of the login page", "Login Functionality Testing") -->
                  <span class="method-name">runScenario</span>
                  <span class="parameters">("TC_Basic_03 - Check UI elements of the login page","Login Functionality Testing")</span>
                  <em>
(Runs Cucumber Scenarios)                  </em>
                </div> <!-- method-content -->
              </div> <!-- method -->
              <div class="method">
                <div class="method-content">
                  <a name="runScenario(&quot;TC_Basic_07 - Verify error message when email id entered in invalid format&quot;, &quot;Login Functionality T...)">
                  </a> <!-- runScenario("TC_Basic_07 - Verify error message when email id entered in invalid format", "Login Functionality T...) -->
                  <span class="method-name">runScenario</span>
                  <span class="parameters">("TC_Basic_07 - Verify error message when email id entered in invalid format","Login Functionality Testing")</span>
                  <em>
(Runs Cucumber Scenarios)                  </em>
                </div> <!-- method-content -->
              </div> <!-- method -->
              <div class="method">
                <div class="method-content">
                  <a name="runScenario(&quot;TC_Forget_10 - Validate password strength indicator when some criteria are met&quot;, &quot;Forget Password F...)">
                  </a> <!-- runScenario("TC_Forget_10 - Validate password strength indicator when some criteria are met", "Forget Password F...) -->
                  <span class="method-name">runScenario</span>
                  <span class="parameters">("TC_Forget_10 - Validate password strength indicator when some criteria are met","Forget Password Functionality Testing")</span>
                  <em>
(Runs Cucumber Scenarios)                  </em>
                </div> <!-- method-content -->
              </div> <!-- method -->
              <div class="method">
                <div class="method-content">
                  <a name="runScenario(&quot;Apply for leave&quot;, &quot;Leave API Testing&quot;)">
                  </a> <!-- runScenario("Apply for leave", "Leave API Testing") -->
                  <span class="method-name">runScenario</span>
                  <span class="parameters">("Apply for leave","Leave API Testing")</span>
                  <em>
(Runs Cucumber Scenarios)                  </em>
                </div> <!-- method-content -->
              </div> <!-- method -->
              <div class="method">
                <div class="method-content">
                  <a name="runScenario(&quot;TC_Registration_08 - Validate registration with weak password that does not meet strength requireme...)">
                  </a> <!-- runScenario("TC_Registration_08 - Validate registration with weak password that does not meet strength requireme...) -->
                  <span class="method-name">runScenario</span>
                  <span class="parameters">("TC_Registration_08 - Validate registration with weak password that does not meet strength requirements","User Registration Functionality")</span>
                  <em>
(Runs Cucumber Scenarios)                  </em>
                </div> <!-- method-content -->
              </div> <!-- method -->
              <div class="method">
                <div class="method-content">
                  <a name="runScenario(&quot;TC_Registration_03 - Validate registration with empty password field&quot;, &quot;User Registration Functiona...)">
                  </a> <!-- runScenario("TC_Registration_03 - Validate registration with empty password field", "User Registration Functiona...) -->
                  <span class="method-name">runScenario</span>
                  <span class="parameters">("TC_Registration_03 - Validate registration with empty password field","User Registration Functionality")</span>
                  <em>
(Runs Cucumber Scenarios)                  </em>
                </div> <!-- method-content -->
              </div> <!-- method -->
              <div class="method">
                <div class="method-content">
                  <a name="runScenario(&quot;TC_Registration_06 - Validate registration when password and confirm password do not match&quot;, &quot;User ...)">
                  </a> <!-- runScenario("TC_Registration_06 - Validate registration when password and confirm password do not match", "User ...) -->
                  <span class="method-name">runScenario</span>
                  <span class="parameters">("TC_Registration_06 - Validate registration when password and confirm password do not match","User Registration Functionality")</span>
                  <em>
(Runs Cucumber Scenarios)                  </em>
                </div> <!-- method-content -->
              </div> <!-- method -->
              <div class="method">
                <div class="method-content">
                  <a name="runScenario(&quot;TC_Forget_01 - Validate Error message if Email address left blank&quot;, &quot;Forget Password Functionality ...)">
                  </a> <!-- runScenario("TC_Forget_01 - Validate Error message if Email address left blank", "Forget Password Functionality ...) -->
                  <span class="method-name">runScenario</span>
                  <span class="parameters">("TC_Forget_01 - Validate Error message if Email address left blank","Forget Password Functionality Testing")</span>
                  <em>
(Runs Cucumber Scenarios)                  </em>
                </div> <!-- method-content -->
              </div> <!-- method -->
              <div class="method">
                <div class="method-content">
                  <a name="runScenario(&quot;Get all user roles&quot;, &quot;User Role API Testing&quot;)">
                  </a> <!-- runScenario("Get all user roles", "User Role API Testing") -->
                  <span class="method-name">runScenario</span>
                  <span class="parameters">("Get all user roles","User Role API Testing")</span>
                  <em>
(Runs Cucumber Scenarios)                  </em>
                </div> <!-- method-content -->
              </div> <!-- method -->
              <div class="method">
                <div class="method-content">
                  <a name="runScenario(&quot;Get leave balance&quot;, &quot;Leave API Testing&quot;)">
                  </a> <!-- runScenario("Get leave balance", "Leave API Testing") -->
                  <span class="method-name">runScenario</span>
                  <span class="parameters">("Get leave balance","Leave API Testing")</span>
                  <em>
(Runs Cucumber Scenarios)                  </em>
                </div> <!-- method-content -->
              </div> <!-- method -->
              <div class="method">
                <div class="method-content">
                  <a name="runScenario(&quot;Assign role to user&quot;, &quot;User Role API Testing&quot;)">
                  </a> <!-- runScenario("Assign role to user", "User Role API Testing") -->
                  <span class="method-name">runScenario</span>
                  <span class="parameters">("Assign role to user","User Role API Testing")</span>
                  <em>
(Runs Cucumber Scenarios)                  </em>
                </div> <!-- method-content -->
              </div> <!-- method -->
              <div class="method">
                <div class="method-content">
                  <a name="runScenario(&quot;Login with invalid credentials&quot;, &quot;OrangeHRM Login API Testing&quot;)">
                  </a> <!-- runScenario("Login with invalid credentials", "OrangeHRM Login API Testing") -->
                  <span class="method-name">runScenario</span>
                  <span class="parameters">("Login with invalid credentials","OrangeHRM Login API Testing")</span>
                  <em>
(Runs Cucumber Scenarios)                  </em>
                </div> <!-- method-content -->
              </div> <!-- method -->
              <div class="method">
                <div class="method-content">
                  <a name="runScenario(&quot;Logout from OrangeHRM&quot;, &quot;Logout API Testing&quot;)">
                  </a> <!-- runScenario("Logout from OrangeHRM", "Logout API Testing") -->
                  <span class="method-name">runScenario</span>
                  <span class="parameters">("Logout from OrangeHRM","Logout API Testing")</span>
                  <em>
(Runs Cucumber Scenarios)                  </em>
                </div> <!-- method-content -->
              </div> <!-- method -->
              <div class="method">
                <div class="method-content">
                  <a name="runScenario(&quot;Create a new employee&quot;, &quot;Employee API Testing&quot;)">
                  </a> <!-- runScenario("Create a new employee", "Employee API Testing") -->
                  <span class="method-name">runScenario</span>
                  <span class="parameters">("Create a new employee","Employee API Testing")</span>
                  <em>
(Runs Cucumber Scenarios)                  </em>
                </div> <!-- method-content -->
              </div> <!-- method -->
              <div class="method">
                <div class="method-content">
                  <a name="runScenario(&quot;TC_Registration_09 - Validate password strength indicators are visible when strong password is ente...)">
                  </a> <!-- runScenario("TC_Registration_09 - Validate password strength indicators are visible when strong password is ente...) -->
                  <span class="method-name">runScenario</span>
                  <span class="parameters">("TC_Registration_09 - Validate password strength indicators are visible when strong password is entered","User Registration Functionality")</span>
                  <em>
(Runs Cucumber Scenarios)                  </em>
                </div> <!-- method-content -->
              </div> <!-- method -->
              <div class="method">
                <div class="method-content">
                  <a name="runScenario(&quot;TC_Basic_04 - Verify login button is enabled and validate error message when fields are empty&quot;, &quot;Lo...)">
                  </a> <!-- runScenario("TC_Basic_04 - Verify login button is enabled and validate error message when fields are empty", "Lo...) -->
                  <span class="method-name">runScenario</span>
                  <span class="parameters">("TC_Basic_04 - Verify login button is enabled and validate error message when fields are empty","Login Functionality Testing")</span>
                  <em>
(Runs Cucumber Scenarios)                  </em>
                </div> <!-- method-content -->
              </div> <!-- method -->
              <div class="method">
                <div class="method-content">
                  <a name="runScenario(&quot;TC_Forget_03 - Validate Error message if Secret Code left blank&quot;, &quot;Forget Password Functionality Te...)">
                  </a> <!-- runScenario("TC_Forget_03 - Validate Error message if Secret Code left blank", "Forget Password Functionality Te...) -->
                  <span class="method-name">runScenario</span>
                  <span class="parameters">("TC_Forget_03 - Validate Error message if Secret Code left blank","Forget Password Functionality Testing")</span>
                  <em>
(Runs Cucumber Scenarios)                  </em>
                </div> <!-- method-content -->
              </div> <!-- method -->
              <div class="method">
                <div class="method-content">
                  <a name="runScenario(&quot;Assign role to user&quot;, &quot;User Role API Testing&quot;)">
                  </a> <!-- runScenario("Assign role to user", "User Role API Testing") -->
                  <span class="method-name">runScenario</span>
                  <span class="parameters">("Assign role to user","User Role API Testing")</span>
                  <em>
(Runs Cucumber Scenarios)                  </em>
                </div> <!-- method-content -->
              </div> <!-- method -->
              <div class="method">
                <div class="method-content">
                  <a name="runScenario(&quot;TC_Forget_05 - Validate Error message if Current Password left blank&quot;, &quot;Forget Password Functionali...)">
                  </a> <!-- runScenario("TC_Forget_05 - Validate Error message if Current Password left blank", "Forget Password Functionali...) -->
                  <span class="method-name">runScenario</span>
                  <span class="parameters">("TC_Forget_05 - Validate Error message if Current Password left blank","Forget Password Functionality Testing")</span>
                  <em>
(Runs Cucumber Scenarios)                  </em>
                </div> <!-- method-content -->
              </div> <!-- method -->
              <div class="method">
                <div class="method-content">
                  <a name="runScenario(&quot;TC_Basic_01 - Verify login with valid credentials&quot;, &quot;Login Functionality Testing&quot;)">
                  </a> <!-- runScenario("TC_Basic_01 - Verify login with valid credentials", "Login Functionality Testing") -->
                  <span class="method-name">runScenario</span>
                  <span class="parameters">("TC_Basic_01 - Verify login with valid credentials","Login Functionality Testing")</span>
                  <em>
(Runs Cucumber Scenarios)                  </em>
                </div> <!-- method-content -->
              </div> <!-- method -->
              <div class="method">
                <div class="method-content">
                  <a name="runScenario(&quot;TC_Basic_02 - Verify login with invalid credentials&quot;, &quot;Login Functionality Testing&quot;)">
                  </a> <!-- runScenario("TC_Basic_02 - Verify login with invalid credentials", "Login Functionality Testing") -->
                  <span class="method-name">runScenario</span>
                  <span class="parameters">("TC_Basic_02 - Verify login with invalid credentials","Login Functionality Testing")</span>
                  <em>
(Runs Cucumber Scenarios)                  </em>
                </div> <!-- method-content -->
              </div> <!-- method -->
              <div class="method">
                <div class="method-content">
                  <a name="runScenario(&quot;TC_Forget_01 - Validate Error message if Email address left blank&quot;, &quot;Forget Password Functionality ...)">
                  </a> <!-- runScenario("TC_Forget_01 - Validate Error message if Email address left blank", "Forget Password Functionality ...) -->
                  <span class="method-name">runScenario</span>
                  <span class="parameters">("TC_Forget_01 - Validate Error message if Email address left blank","Forget Password Functionality Testing")</span>
                  <em>
(Runs Cucumber Scenarios)                  </em>
                </div> <!-- method-content -->
              </div> <!-- method -->
              <div class="method">
                <div class="method-content">
                  <a name="runScenario(&quot;TC_Registration_05 - Validate registration with invalid email format&quot;, &quot;User Registration Functiona...)">
                  </a> <!-- runScenario("TC_Registration_05 - Validate registration with invalid email format", "User Registration Functiona...) -->
                  <span class="method-name">runScenario</span>
                  <span class="parameters">("TC_Registration_05 - Validate registration with invalid email format","User Registration Functionality")</span>
                  <em>
(Runs Cucumber Scenarios)                  </em>
                </div> <!-- method-content -->
              </div> <!-- method -->
              <div class="method">
                <div class="method-content">
                  <a name="runScenario(&quot;TC_Registration_01 - Verify successful user registration&quot;, &quot;User Registration Functionality&quot;)">
                  </a> <!-- runScenario("TC_Registration_01 - Verify successful user registration", "User Registration Functionality") -->
                  <span class="method-name">runScenario</span>
                  <span class="parameters">("TC_Registration_01 - Verify successful user registration","User Registration Functionality")</span>
                  <em>
(Runs Cucumber Scenarios)                  </em>
                </div> <!-- method-content -->
              </div> <!-- method -->
              <div class="method">
                <div class="method-content">
                  <a name="runScenario(&quot;TC_Basic_03 - Check UI elements of the login page&quot;, &quot;Login Functionality Testing&quot;)">
                  </a> <!-- runScenario("TC_Basic_03 - Check UI elements of the login page", "Login Functionality Testing") -->
                  <span class="method-name">runScenario</span>
                  <span class="parameters">("TC_Basic_03 - Check UI elements of the login page","Login Functionality Testing")</span>
                  <em>
(Runs Cucumber Scenarios)                  </em>
                </div> <!-- method-content -->
              </div> <!-- method -->
              <div class="method">
                <div class="method-content">
                  <a name="runScenario(&quot;TC_Forget_02 - Validate Error message if wrong Email address entered&quot;, &quot;Forget Password Functionali...)">
                  </a> <!-- runScenario("TC_Forget_02 - Validate Error message if wrong Email address entered", "Forget Password Functionali...) -->
                  <span class="method-name">runScenario</span>
                  <span class="parameters">("TC_Forget_02 - Validate Error message if wrong Email address entered","Forget Password Functionality Testing")</span>
                  <em>
(Runs Cucumber Scenarios)                  </em>
                </div> <!-- method-content -->
              </div> <!-- method -->
              <div class="method">
                <div class="method-content">
                  <a name="runScenario(&quot;Successful login with valid credentials&quot;, &quot;OrangeHRM Login API Testing&quot;)">
                  </a> <!-- runScenario("Successful login with valid credentials", "OrangeHRM Login API Testing") -->
                  <span class="method-name">runScenario</span>
                  <span class="parameters">("Successful login with valid credentials","OrangeHRM Login API Testing")</span>
                  <em>
(Runs Cucumber Scenarios)                  </em>
                </div> <!-- method-content -->
              </div> <!-- method -->
              <div class="method">
                <div class="method-content">
                  <a name="runScenario(&quot;TC_Basic_06 - Verify error message when username is entered but password field is left blank&quot;, &quot;Log...)">
                  </a> <!-- runScenario("TC_Basic_06 - Verify error message when username is entered but password field is left blank", "Log...) -->
                  <span class="method-name">runScenario</span>
                  <span class="parameters">("TC_Basic_06 - Verify error message when username is entered but password field is left blank","Login Functionality Testing")</span>
                  <em>
(Runs Cucumber Scenarios)                  </em>
                </div> <!-- method-content -->
              </div> <!-- method -->
              <div class="method">
                <div class="method-content">
                  <a name="runScenario(&quot;TC_Registration_03 - Validate registration with empty password field&quot;, &quot;User Registration Functiona...)">
                  </a> <!-- runScenario("TC_Registration_03 - Validate registration with empty password field", "User Registration Functiona...) -->
                  <span class="method-name">runScenario</span>
                  <span class="parameters">("TC_Registration_03 - Validate registration with empty password field","User Registration Functionality")</span>
                  <em>
(Runs Cucumber Scenarios)                  </em>
                </div> <!-- method-content -->
              </div> <!-- method -->
              <div class="method">
                <div class="method-content">
                  <a name="runScenario(&quot;TC_Registration_10 - Validate clicking &#039;Sign in&#039; link successfully navigate user to Login Page&quot;, &quot;U...)">
                  </a> <!-- runScenario("TC_Registration_10 - Validate clicking 'Sign in' link successfully navigate user to Login Page", "U...) -->
                  <span class="method-name">runScenario</span>
                  <span class="parameters">("TC_Registration_10 - Validate clicking 'Sign in' link successfully navigate user to Login Page","User Registration Functionality")</span>
                  <em>
(Runs Cucumber Scenarios)                  </em>
                </div> <!-- method-content -->
              </div> <!-- method -->
              <div class="method">
                <div class="method-content">
                  <a name="runScenario(&quot;TC_Registration_06 - Validate registration when password and confirm password do not match&quot;, &quot;User ...)">
                  </a> <!-- runScenario("TC_Registration_06 - Validate registration when password and confirm password do not match", "User ...) -->
                  <span class="method-name">runScenario</span>
                  <span class="parameters">("TC_Registration_06 - Validate registration when password and confirm password do not match","User Registration Functionality")</span>
                  <em>
(Runs Cucumber Scenarios)                  </em>
                </div> <!-- method-content -->
              </div> <!-- method -->
              <div class="method">
                <div class="method-content">
                  <a name="runScenario(&quot;TC_Registration_07 - Validate password strength requirements are displayed when user enters a passw...)">
                  </a> <!-- runScenario("TC_Registration_07 - Validate password strength requirements are displayed when user enters a passw...) -->
                  <span class="method-name">runScenario</span>
                  <span class="parameters">("TC_Registration_07 - Validate password strength requirements are displayed when user enters a password","User Registration Functionality")</span>
                  <em>
(Runs Cucumber Scenarios)                  </em>
                </div> <!-- method-content -->
              </div> <!-- method -->
              <div class="method">
                <div class="method-content">
                  <a name="runScenario(&quot;TC_Basic_05 - Verify password field is masked&quot;, &quot;Login Functionality Testing&quot;)">
                  </a> <!-- runScenario("TC_Basic_05 - Verify password field is masked", "Login Functionality Testing") -->
                  <span class="method-name">runScenario</span>
                  <span class="parameters">("TC_Basic_05 - Verify password field is masked","Login Functionality Testing")</span>
                  <em>
(Runs Cucumber Scenarios)                  </em>
                </div> <!-- method-content -->
              </div> <!-- method -->
              <div class="method">
                <div class="method-content">
                  <a name="runScenario(&quot;TC_Registration_02 - Validate registration with empty email field&quot;, &quot;User Registration Functionalit...)">
                  </a> <!-- runScenario("TC_Registration_02 - Validate registration with empty email field", "User Registration Functionalit...) -->
                  <span class="method-name">runScenario</span>
                  <span class="parameters">("TC_Registration_02 - Validate registration with empty email field","User Registration Functionality")</span>
                  <em>
(Runs Cucumber Scenarios)                  </em>
                </div> <!-- method-content -->
              </div> <!-- method -->
              <div class="method">
                <div class="method-content">
                  <a name="runScenario(&quot;Apply for leave&quot;, &quot;Leave API Testing&quot;)">
                  </a> <!-- runScenario("Apply for leave", "Leave API Testing") -->
                  <span class="method-name">runScenario</span>
                  <span class="parameters">("Apply for leave","Leave API Testing")</span>
                  <em>
(Runs Cucumber Scenarios)                  </em>
                </div> <!-- method-content -->
              </div> <!-- method -->
              <div class="method">
                <div class="method-content">
                  <a name="runScenario(&quot;TC_Registration_08 - Validate registration with weak password that does not meet strength requireme...)">
                  </a> <!-- runScenario("TC_Registration_08 - Validate registration with weak password that does not meet strength requireme...) -->
                  <span class="method-name">runScenario</span>
                  <span class="parameters">("TC_Registration_08 - Validate registration with weak password that does not meet strength requirements","User Registration Functionality")</span>
                  <em>
(Runs Cucumber Scenarios)                  </em>
                </div> <!-- method-content -->
              </div> <!-- method -->
              <div class="method">
                <div class="method-content">
                  <a name="runScenario(&quot;Login with invalid credentials&quot;, &quot;OrangeHRM Login API Testing&quot;)">
                  </a> <!-- runScenario("Login with invalid credentials", "OrangeHRM Login API Testing") -->
                  <span class="method-name">runScenario</span>
                  <span class="parameters">("Login with invalid credentials","OrangeHRM Login API Testing")</span>
                  <em>
(Runs Cucumber Scenarios)                  </em>
                </div> <!-- method-content -->
              </div> <!-- method -->
              <div class="method">
                <div class="method-content">
                  <a name="runScenario(&quot;Get employee details by ID&quot;, &quot;Employee API Testing&quot;)">
                  </a> <!-- runScenario("Get employee details by ID", "Employee API Testing") -->
                  <span class="method-name">runScenario</span>
                  <span class="parameters">("Get employee details by ID","Employee API Testing")</span>
                  <em>
(Runs Cucumber Scenarios)                  </em>
                </div> <!-- method-content -->
              </div> <!-- method -->
            </div> <!-- main-panel-content rounded-window-bottom -->
          </div> <!-- suite-Multi_Platform_Suite-class-passed -->
        </div> <!-- panel Multi_Platform_Suite -->
        <div panel-name="test-xml-Multi_Platform_Suite" class="panel">
          <div class="main-panel-header rounded-window-top">
            <span class="header-content">C:\Users\schapre\automation\AutomationFramework_Selenium_Java\testng.xml</span>
          </div> <!-- main-panel-header rounded-window-top -->
          <div class="main-panel-content rounded-window-bottom">
            <pre>
&lt;?xml version=&quot;1.0&quot; encoding=&quot;UTF-8&quot;?&gt;
&lt;!DOCTYPE suite SYSTEM &quot;https://testng.org/testng-1.0.dtd&quot;&gt;
&lt;suite thread-count=&quot;2&quot; parallel=&quot;tests&quot; name=&quot;Multi-Platform Suite&quot; guice-stage=&quot;DEVELOPMENT&quot; verbose=&quot;0&quot;&gt;
  &lt;listeners&gt;
    &lt;listener class-name=&quot;utils.AllureTestNGListener&quot;/&gt;
  &lt;/listeners&gt;
  &lt;test thread-count=&quot;2&quot; parallel=&quot;tests&quot; name=&quot;Web Tests&quot; verbose=&quot;0&quot;&gt;
    &lt;parameter name=&quot;configFile&quot; value=&quot;config/config_web.properties&quot;/&gt;
    &lt;classes&gt;
      &lt;class name=&quot;runners.TestRunner&quot;/&gt;
    &lt;/classes&gt;
  &lt;/test&gt; &lt;!-- Web Tests --&gt;
  &lt;test thread-count=&quot;2&quot; parallel=&quot;tests&quot; name=&quot;API Tests&quot; verbose=&quot;0&quot;&gt;
    &lt;parameter name=&quot;configFile&quot; value=&quot;config/config_api.properties&quot;/&gt;
    &lt;classes&gt;
      &lt;class name=&quot;runners.TestRunner&quot;/&gt;
    &lt;/classes&gt;
  &lt;/test&gt; &lt;!-- API Tests --&gt;
&lt;/suite&gt; &lt;!-- Multi-Platform Suite --&gt;
            </pre>
          </div> <!-- main-panel-content rounded-window-bottom -->
        </div> <!-- panel -->
        <div panel-name="testlist-Multi_Platform_Suite" class="panel">
          <div class="main-panel-header rounded-window-top">
            <span class="header-content">Tests for Multi-Platform Suite</span>
          </div> <!-- main-panel-header rounded-window-top -->
          <div class="main-panel-content rounded-window-bottom">
            <ul>
              <li>
                <span class="test-name">Web Tests (1 class)</span>
              </li>
              <li>
                <span class="test-name">API Tests (1 class)</span>
              </li>
            </ul>
          </div> <!-- main-panel-content rounded-window-bottom -->
        </div> <!-- panel -->
        <div panel-name="group-Multi_Platform_Suite" class="panel">
          <div class="main-panel-header rounded-window-top">
            <span class="header-content">Groups for Multi-Platform Suite</span>
          </div> <!-- main-panel-header rounded-window-top -->
          <div class="main-panel-content rounded-window-bottom">
            <div class="test-group">
              <span class="test-group-name">cucumber</span>
              <br/>
              <div class="method-in-group">
                <span class="method-in-group-name">runScenario</span>
                <br/>
              </div> <!-- method-in-group -->
            </div> <!-- test-group -->
          </div> <!-- main-panel-content rounded-window-bottom -->
        </div> <!-- panel -->
        <div panel-name="times-Multi_Platform_Suite" class="panel">
          <div class="main-panel-header rounded-window-top">
            <span class="header-content">Times for Multi-Platform Suite</span>
          </div> <!-- main-panel-header rounded-window-top -->
          <div class="main-panel-content rounded-window-bottom">
            <div class="times-div">
              <script type="text/javascript">
suiteTableInitFunctions.push('tableData_Multi_Platform_Suite');
function tableData_Multi_Platform_Suite() {
var data = new google.visualization.DataTable();
data.addColumn('number', 'Number');
data.addColumn('string', 'Method');
data.addColumn('string', 'Class');
data.addColumn('number', 'Time (ms)');
data.addRows(74);
data.setCell(0, 0, 0)
data.setCell(0, 1, 'runScenario')
data.setCell(0, 2, 'runners.TestRunner')
data.setCell(0, 3, 221960);
data.setCell(1, 0, 1)
data.setCell(1, 1, 'runScenario')
data.setCell(1, 2, 'runners.TestRunner')
data.setCell(1, 3, 182243);
data.setCell(2, 0, 2)
data.setCell(2, 1, 'runScenario')
data.setCell(2, 2, 'runners.TestRunner')
data.setCell(2, 3, 152184);
data.setCell(3, 0, 3)
data.setCell(3, 1, 'runScenario')
data.setCell(3, 2, 'runners.TestRunner')
data.setCell(3, 3, 129102);
data.setCell(4, 0, 4)
data.setCell(4, 1, 'runScenario')
data.setCell(4, 2, 'runners.TestRunner')
data.setCell(4, 3, 97598);
data.setCell(5, 0, 5)
data.setCell(5, 1, 'runScenario')
data.setCell(5, 2, 'runners.TestRunner')
data.setCell(5, 3, 96759);
data.setCell(6, 0, 6)
data.setCell(6, 1, 'runScenario')
data.setCell(6, 2, 'runners.TestRunner')
data.setCell(6, 3, 91139);
data.setCell(7, 0, 7)
data.setCell(7, 1, 'runScenario')
data.setCell(7, 2, 'runners.TestRunner')
data.setCell(7, 3, 88377);
data.setCell(8, 0, 8)
data.setCell(8, 1, 'runScenario')
data.setCell(8, 2, 'runners.TestRunner')
data.setCell(8, 3, 87805);
data.setCell(9, 0, 9)
data.setCell(9, 1, 'runScenario')
data.setCell(9, 2, 'runners.TestRunner')
data.setCell(9, 3, 85891);
data.setCell(10, 0, 10)
data.setCell(10, 1, 'runScenario')
data.setCell(10, 2, 'runners.TestRunner')
data.setCell(10, 3, 83002);
data.setCell(11, 0, 11)
data.setCell(11, 1, 'runScenario')
data.setCell(11, 2, 'runners.TestRunner')
data.setCell(11, 3, 74221);
data.setCell(12, 0, 12)
data.setCell(12, 1, 'runScenario')
data.setCell(12, 2, 'runners.TestRunner')
data.setCell(12, 3, 72898);
data.setCell(13, 0, 13)
data.setCell(13, 1, 'runScenario')
data.setCell(13, 2, 'runners.TestRunner')
data.setCell(13, 3, 72153);
data.setCell(14, 0, 14)
data.setCell(14, 1, 'runScenario')
data.setCell(14, 2, 'runners.TestRunner')
data.setCell(14, 3, 72153);
data.setCell(15, 0, 15)
data.setCell(15, 1, 'runScenario')
data.setCell(15, 2, 'runners.TestRunner')
data.setCell(15, 3, 71882);
data.setCell(16, 0, 16)
data.setCell(16, 1, 'runScenario')
data.setCell(16, 2, 'runners.TestRunner')
data.setCell(16, 3, 70191);
data.setCell(17, 0, 17)
data.setCell(17, 1, 'runScenario')
data.setCell(17, 2, 'runners.TestRunner')
data.setCell(17, 3, 69641);
data.setCell(18, 0, 18)
data.setCell(18, 1, 'runScenario')
data.setCell(18, 2, 'runners.TestRunner')
data.setCell(18, 3, 67494);
data.setCell(19, 0, 19)
data.setCell(19, 1, 'runScenario')
data.setCell(19, 2, 'runners.TestRunner')
data.setCell(19, 3, 67378);
data.setCell(20, 0, 20)
data.setCell(20, 1, 'runScenario')
data.setCell(20, 2, 'runners.TestRunner')
data.setCell(20, 3, 66076);
data.setCell(21, 0, 21)
data.setCell(21, 1, 'runScenario')
data.setCell(21, 2, 'runners.TestRunner')
data.setCell(21, 3, 65031);
data.setCell(22, 0, 22)
data.setCell(22, 1, 'runScenario')
data.setCell(22, 2, 'runners.TestRunner')
data.setCell(22, 3, 64336);
data.setCell(23, 0, 23)
data.setCell(23, 1, 'runScenario')
data.setCell(23, 2, 'runners.TestRunner')
data.setCell(23, 3, 62663);
data.setCell(24, 0, 24)
data.setCell(24, 1, 'runScenario')
data.setCell(24, 2, 'runners.TestRunner')
data.setCell(24, 3, 62179);
data.setCell(25, 0, 25)
data.setCell(25, 1, 'runScenario')
data.setCell(25, 2, 'runners.TestRunner')
data.setCell(25, 3, 60976);
data.setCell(26, 0, 26)
data.setCell(26, 1, 'runScenario')
data.setCell(26, 2, 'runners.TestRunner')
data.setCell(26, 3, 59185);
data.setCell(27, 0, 27)
data.setCell(27, 1, 'runScenario')
data.setCell(27, 2, 'runners.TestRunner')
data.setCell(27, 3, 57826);
data.setCell(28, 0, 28)
data.setCell(28, 1, 'runScenario')
data.setCell(28, 2, 'runners.TestRunner')
data.setCell(28, 3, 55849);
data.setCell(29, 0, 29)
data.setCell(29, 1, 'runScenario')
data.setCell(29, 2, 'runners.TestRunner')
data.setCell(29, 3, 54074);
data.setCell(30, 0, 30)
data.setCell(30, 1, 'runScenario')
data.setCell(30, 2, 'runners.TestRunner')
data.setCell(30, 3, 53756);
data.setCell(31, 0, 31)
data.setCell(31, 1, 'runScenario')
data.setCell(31, 2, 'runners.TestRunner')
data.setCell(31, 3, 52980);
data.setCell(32, 0, 32)
data.setCell(32, 1, 'runScenario')
data.setCell(32, 2, 'runners.TestRunner')
data.setCell(32, 3, 50279);
data.setCell(33, 0, 33)
data.setCell(33, 1, 'runScenario')
data.setCell(33, 2, 'runners.TestRunner')
data.setCell(33, 3, 49710);
data.setCell(34, 0, 34)
data.setCell(34, 1, 'runScenario')
data.setCell(34, 2, 'runners.TestRunner')
data.setCell(34, 3, 49547);
data.setCell(35, 0, 35)
data.setCell(35, 1, 'runScenario')
data.setCell(35, 2, 'runners.TestRunner')
data.setCell(35, 3, 48805);
data.setCell(36, 0, 36)
data.setCell(36, 1, 'runScenario')
data.setCell(36, 2, 'runners.TestRunner')
data.setCell(36, 3, 47306);
data.setCell(37, 0, 37)
data.setCell(37, 1, 'runScenario')
data.setCell(37, 2, 'runners.TestRunner')
data.setCell(37, 3, 46008);
data.setCell(38, 0, 38)
data.setCell(38, 1, 'runScenario')
data.setCell(38, 2, 'runners.TestRunner')
data.setCell(38, 3, 45593);
data.setCell(39, 0, 39)
data.setCell(39, 1, 'runScenario')
data.setCell(39, 2, 'runners.TestRunner')
data.setCell(39, 3, 44948);
data.setCell(40, 0, 40)
data.setCell(40, 1, 'runScenario')
data.setCell(40, 2, 'runners.TestRunner')
data.setCell(40, 3, 44935);
data.setCell(41, 0, 41)
data.setCell(41, 1, 'runScenario')
data.setCell(41, 2, 'runners.TestRunner')
data.setCell(41, 3, 44311);
data.setCell(42, 0, 42)
data.setCell(42, 1, 'runScenario')
data.setCell(42, 2, 'runners.TestRunner')
data.setCell(42, 3, 43336);
data.setCell(43, 0, 43)
data.setCell(43, 1, 'runScenario')
data.setCell(43, 2, 'runners.TestRunner')
data.setCell(43, 3, 43280);
data.setCell(44, 0, 44)
data.setCell(44, 1, 'runScenario')
data.setCell(44, 2, 'runners.TestRunner')
data.setCell(44, 3, 42579);
data.setCell(45, 0, 45)
data.setCell(45, 1, 'runScenario')
data.setCell(45, 2, 'runners.TestRunner')
data.setCell(45, 3, 38881);
data.setCell(46, 0, 46)
data.setCell(46, 1, 'runScenario')
data.setCell(46, 2, 'runners.TestRunner')
data.setCell(46, 3, 36851);
data.setCell(47, 0, 47)
data.setCell(47, 1, 'runScenario')
data.setCell(47, 2, 'runners.TestRunner')
data.setCell(47, 3, 35030);
data.setCell(48, 0, 48)
data.setCell(48, 1, 'runScenario')
data.setCell(48, 2, 'runners.TestRunner')
data.setCell(48, 3, 33892);
data.setCell(49, 0, 49)
data.setCell(49, 1, 'runScenario')
data.setCell(49, 2, 'runners.TestRunner')
data.setCell(49, 3, 33551);
data.setCell(50, 0, 50)
data.setCell(50, 1, 'runScenario')
data.setCell(50, 2, 'runners.TestRunner')
data.setCell(50, 3, 32854);
data.setCell(51, 0, 51)
data.setCell(51, 1, 'runScenario')
data.setCell(51, 2, 'runners.TestRunner')
data.setCell(51, 3, 32703);
data.setCell(52, 0, 52)
data.setCell(52, 1, 'runScenario')
data.setCell(52, 2, 'runners.TestRunner')
data.setCell(52, 3, 30548);
data.setCell(53, 0, 53)
data.setCell(53, 1, 'runScenario')
data.setCell(53, 2, 'runners.TestRunner')
data.setCell(53, 3, 29763);
data.setCell(54, 0, 54)
data.setCell(54, 1, 'runScenario')
data.setCell(54, 2, 'runners.TestRunner')
data.setCell(54, 3, 29231);
data.setCell(55, 0, 55)
data.setCell(55, 1, 'runScenario')
data.setCell(55, 2, 'runners.TestRunner')
data.setCell(55, 3, 28890);
data.setCell(56, 0, 56)
data.setCell(56, 1, 'runScenario')
data.setCell(56, 2, 'runners.TestRunner')
data.setCell(56, 3, 27326);
data.setCell(57, 0, 57)
data.setCell(57, 1, 'runScenario')
data.setCell(57, 2, 'runners.TestRunner')
data.setCell(57, 3, 26546);
data.setCell(58, 0, 58)
data.setCell(58, 1, 'runScenario')
data.setCell(58, 2, 'runners.TestRunner')
data.setCell(58, 3, 26496);
data.setCell(59, 0, 59)
data.setCell(59, 1, 'runScenario')
data.setCell(59, 2, 'runners.TestRunner')
data.setCell(59, 3, 25642);
data.setCell(60, 0, 60)
data.setCell(60, 1, 'runScenario')
data.setCell(60, 2, 'runners.TestRunner')
data.setCell(60, 3, 25094);
data.setCell(61, 0, 61)
data.setCell(61, 1, 'runScenario')
data.setCell(61, 2, 'runners.TestRunner')
data.setCell(61, 3, 24472);
data.setCell(62, 0, 62)
data.setCell(62, 1, 'runScenario')
data.setCell(62, 2, 'runners.TestRunner')
data.setCell(62, 3, 24112);
data.setCell(63, 0, 63)
data.setCell(63, 1, 'runScenario')
data.setCell(63, 2, 'runners.TestRunner')
data.setCell(63, 3, 24068);
data.setCell(64, 0, 64)
data.setCell(64, 1, 'runScenario')
data.setCell(64, 2, 'runners.TestRunner')
data.setCell(64, 3, 23337);
data.setCell(65, 0, 65)
data.setCell(65, 1, 'runScenario')
data.setCell(65, 2, 'runners.TestRunner')
data.setCell(65, 3, 22378);
data.setCell(66, 0, 66)
data.setCell(66, 1, 'runScenario')
data.setCell(66, 2, 'runners.TestRunner')
data.setCell(66, 3, 22151);
data.setCell(67, 0, 67)
data.setCell(67, 1, 'runScenario')
data.setCell(67, 2, 'runners.TestRunner')
data.setCell(67, 3, 20704);
data.setCell(68, 0, 68)
data.setCell(68, 1, 'runScenario')
data.setCell(68, 2, 'runners.TestRunner')
data.setCell(68, 3, 19996);
data.setCell(69, 0, 69)
data.setCell(69, 1, 'runScenario')
data.setCell(69, 2, 'runners.TestRunner')
data.setCell(69, 3, 19797);
data.setCell(70, 0, 70)
data.setCell(70, 1, 'runScenario')
data.setCell(70, 2, 'runners.TestRunner')
data.setCell(70, 3, 18878);
data.setCell(71, 0, 71)
data.setCell(71, 1, 'runScenario')
data.setCell(71, 2, 'runners.TestRunner')
data.setCell(71, 3, 17694);
data.setCell(72, 0, 72)
data.setCell(72, 1, 'runScenario')
data.setCell(72, 2, 'runners.TestRunner')
data.setCell(72, 3, 17170);
data.setCell(73, 0, 73)
data.setCell(73, 1, 'runScenario')
data.setCell(73, 2, 'runners.TestRunner')
data.setCell(73, 3, 16262);
window.suiteTableData['Multi_Platform_Suite']= { tableData: data, tableDiv: 'times-div-Multi_Platform_Suite'}
return data;
}
              </script>
              <span class="suite-total-time">Total running time: 36 minutes</span>
              <div id="times-div-Multi_Platform_Suite">
              </div> <!-- times-div-Multi_Platform_Suite -->
            </div> <!-- times-div -->
          </div> <!-- main-panel-content rounded-window-bottom -->
        </div> <!-- panel -->
        <div panel-name="reporter-Multi_Platform_Suite" class="panel">
          <div class="main-panel-header rounded-window-top">
            <span class="header-content">Reporter output for Multi-Platform Suite</span>
          </div> <!-- main-panel-header rounded-window-top -->
          <div class="main-panel-content rounded-window-bottom">
          </div> <!-- main-panel-content rounded-window-bottom -->
        </div> <!-- panel -->
        <div panel-name="ignored-methods-Multi_Platform_Suite" class="panel">
          <div class="main-panel-header rounded-window-top">
            <span class="header-content">0 ignored methods</span>
          </div> <!-- main-panel-header rounded-window-top -->
          <div class="main-panel-content rounded-window-bottom">
          </div> <!-- main-panel-content rounded-window-bottom -->
        </div> <!-- panel -->
        <div panel-name="chronological-Multi_Platform_Suite" class="panel">
          <div class="main-panel-header rounded-window-top">
            <span class="header-content">Methods in chronological order</span>
          </div> <!-- main-panel-header rounded-window-top -->
          <div class="main-panel-content rounded-window-bottom">
            <div class="chronological-class">
              <div class="chronological-class-name">runners.TestRunner</div> <!-- chronological-class-name -->
              <div class="configuration-class before">
                <span class="method-name">setUpClass(org.testng.TestRunner@51288417)</span>
                <span class="method-start">0 ms</span>
              </div> <!-- configuration-class before -->
              <div class="configuration-class before">
                <span class="method-name">setUpClass(org.testng.TestRunner@60cf62ad)</span>
                <span class="method-start">0 ms</span>
              </div> <!-- configuration-class before -->
              <div class="configuration-class before">
                <span class="method-name">setUp(config/config_web.properties)</span>
                <span class="method-start">8102 ms</span>
              </div> <!-- configuration-class before -->
              <div class="configuration-class before">
                <span class="method-name">setUp(config/config_api.properties)</span>
                <span class="method-start">8103 ms</span>
              </div> <!-- configuration-class before -->
              <div class="test-method">
                <span class="method-name">runScenario("Get employee details by ID", "Employee API Testing")</span>
                <span class="method-start">8206 ms</span>
              </div> <!-- test-method -->
              <div class="test-method">
                <img src="failed.png">
                </img>
                <span class="method-name">runScenario("Get employee details by ID", "Employee API Testing")</span>
                <span class="method-start">8206 ms</span>
              </div> <!-- test-method -->
              <div class="test-method">
                <span class="method-name">runScenario("Create a new employee", "Employee API Testing")</span>
                <span class="method-start">80374 ms</span>
              </div> <!-- test-method -->
              <div class="test-method">
                <span class="method-name">runScenario("Create a new employee", "Employee API Testing")</span>
                <span class="method-start">80476 ms</span>
              </div> <!-- test-method -->
              <div class="test-method">
                <span class="method-name">runScenario("Apply for leave", "Leave API Testing")</span>
                <span class="method-start">100289 ms</span>
              </div> <!-- test-method -->
              <div class="test-method">
                <span class="method-name">runScenario("Apply for leave", "Leave API Testing")</span>
                <span class="method-start">102575 ms</span>
              </div> <!-- test-method -->
              <div class="test-method">
                <span class="method-name">runScenario("Get leave balance", "Leave API Testing")</span>
                <span class="method-start">120998 ms</span>
              </div> <!-- test-method -->
              <div class="test-method">
                <img src="failed.png">
                </img>
                <span class="method-name">runScenario("Get leave balance", "Leave API Testing")</span>
                <span class="method-start">121461 ms</span>
              </div> <!-- test-method -->
              <div class="test-method">
                <img src="failed.png">
                </img>
                <span class="method-name">runScenario("Successful login with valid credentials", "OrangeHRM Login API Testing")</span>
                <span class="method-start">154903 ms</span>
              </div> <!-- test-method -->
              <div class="test-method">
                <span class="method-name">runScenario("Successful login with valid credentials", "OrangeHRM Login API Testing")</span>
                <span class="method-start">155033 ms</span>
              </div> <!-- test-method -->
              <div class="test-method">
                <span class="method-name">runScenario("Login with invalid credentials", "OrangeHRM Login API Testing")</span>
                <span class="method-start">187750 ms</span>
              </div> <!-- test-method -->
              <div class="test-method">
                <span class="method-name">runScenario("Login with invalid credentials", "OrangeHRM Login API Testing")</span>
                <span class="method-start">187820 ms</span>
              </div> <!-- test-method -->
              <div class="test-method">
                <span class="method-name">runScenario("Logout from OrangeHRM", "Logout API Testing")</span>
                <span class="method-start">207854 ms</span>
              </div> <!-- test-method -->
              <div class="test-method">
                <span class="method-name">runScenario("Logout from OrangeHRM", "Logout API Testing")</span>
                <span class="method-start">210281 ms</span>
              </div> <!-- test-method -->
              <div class="test-method">
                <img src="failed.png">
                </img>
                <span class="method-name">runScenario("Get all user roles", "User Role API Testing")</span>
                <span class="method-start">234406 ms</span>
              </div> <!-- test-method -->
              <div class="test-method">
                <span class="method-name">runScenario("Get all user roles", "User Role API Testing")</span>
                <span class="method-start">235238 ms</span>
              </div> <!-- test-method -->
              <div class="test-method">
                <span class="method-name">runScenario("Assign role to user", "User Role API Testing")</span>
                <span class="method-start">260893 ms</span>
              </div> <!-- test-method -->
              <div class="test-method">
                <span class="method-name">runScenario("Assign role to user", "User Role API Testing")</span>
                <span class="method-start">260936 ms</span>
              </div> <!-- test-method -->
              <div class="test-method">
                <span class="method-name">runScenario("TC_Forget_01 - Validate Error message if Email address left blank", "Forget Password Functionality ...)</span>
                <span class="method-start">284309 ms</span>
              </div> <!-- test-method -->
              <div class="test-method">
                <span class="method-name">runScenario("TC_Forget_01 - Validate Error message if Email address left blank", "Forget Password Functionality ...)</span>
                <span class="method-start">290158 ms</span>
              </div> <!-- test-method -->
              <div class="test-method">
                <span class="method-name">runScenario("TC_Forget_02 - Validate Error message if wrong Email address entered", "Forget Password Functionali...)</span>
                <span class="method-start">329327 ms</span>
              </div> <!-- test-method -->
              <div class="test-method">
                <span class="method-name">runScenario("TC_Forget_02 - Validate Error message if wrong Email address entered", "Forget Password Functionali...)</span>
                <span class="method-start">335102 ms</span>
              </div> <!-- test-method -->
              <div class="test-method">
                <span class="method-name">runScenario("TC_Forget_03 - Validate Error message if Secret Code left blank", "Forget Password Functionality Te...)</span>
                <span class="method-start">373992 ms</span>
              </div> <!-- test-method -->
              <div class="test-method">
                <span class="method-name">runScenario("TC_Forget_03 - Validate Error message if Secret Code left blank", "Forget Password Functionality Te...)</span>
                <span class="method-start">376668 ms</span>
              </div> <!-- test-method -->
              <div class="test-method">
                <img src="failed.png">
                </img>
                <span class="method-name">runScenario("TC_Forget_04 - Validate Error message if wrong Secret Code entered", "Forget Password Functionality...)</span>
                <span class="method-start">423711 ms</span>
              </div> <!-- test-method -->
              <div class="test-method">
                <img src="failed.png">
                </img>
                <span class="method-name">runScenario("TC_Forget_04 - Validate Error message if wrong Secret Code entered", "Forget Password Functionality...)</span>
                <span class="method-start">430753 ms</span>
              </div> <!-- test-method -->
              <div class="test-method">
                <img src="failed.png">
                </img>
                <span class="method-name">runScenario("TC_Forget_05 - Validate Error message if Current Password left blank", "Forget Password Functionali...)</span>
                <span class="method-start">484710 ms</span>
              </div> <!-- test-method -->
              <div class="test-method">
                <span class="method-name">runScenario("TC_Forget_05 - Validate Error message if Current Password left blank", "Forget Password Functionali...)</span>
                <span class="method-start">489946 ms</span>
              </div> <!-- test-method -->
              <div class="test-method">
                <img src="failed.png">
                </img>
                <span class="method-name">runScenario("TC_Forget_06 - Validate Error message if New Password left blank", "Forget Password Functionality T...)</span>
                <span class="method-start">575858 ms</span>
              </div> <!-- test-method -->
              <div class="test-method">
                <img src="failed.png">
                </img>
                <span class="method-name">runScenario("TC_Forget_06 - Validate Error message if New Password left blank", "Forget Password Functionality T...)</span>
                <span class="method-start">575859 ms</span>
              </div> <!-- test-method -->
              <div class="test-method">
                <img src="failed.png">
                </img>
                <span class="method-name">runScenario("TC_Forget_07 - Validate Error message if Confirm New Password left blank", "Forget Password Functio...)</span>
                <span class="method-start">633715 ms</span>
              </div> <!-- test-method -->
              <div class="test-method">
                <img src="failed.png">
                </img>
                <span class="method-name">runScenario("TC_Forget_07 - Validate Error message if Confirm New Password left blank", "Forget Password Functio...)</span>
                <span class="method-start">638053 ms</span>
              </div> <!-- test-method -->
              <div class="test-method">
                <img src="failed.png">
                </img>
                <span class="method-name">runScenario("TC_Forget_08 - Validate error message if New and Confirm Password do not match", "Forget Password F...)</span>
                <span class="method-start">698762 ms</span>
              </div> <!-- test-method -->
              <div class="test-method">
                <span class="method-name">runScenario("TC_Forget_08 - Validate error message if New and Confirm Password do not match", "Forget Password F...)</span>
                <span class="method-start">705567 ms</span>
              </div> <!-- test-method -->
              <div class="test-method">
                <img src="failed.png">
                </img>
                <span class="method-name">runScenario("TC_Forget_09 - Validate error message if New and Confirm Password do not meet password criteria", "...)</span>
                <span class="method-start">771652 ms</span>
              </div> <!-- test-method -->
              <div class="test-method">
                <img src="failed.png">
                </img>
                <span class="method-name">runScenario("TC_Forget_09 - Validate error message if New and Confirm Password do not meet password criteria", "...)</span>
                <span class="method-start">771670 ms</span>
              </div> <!-- test-method -->
              <div class="test-method">
                <span class="method-name">runScenario("TC_Forget_10 - Validate password strength indicator when some criteria are met", "Forget Password F...)</span>
                <span class="method-start">815009 ms</span>
              </div> <!-- test-method -->
              <div class="test-method">
                <img src="failed.png">
                </img>
                <span class="method-name">runScenario("TC_Forget_10 - Validate password strength indicator when some criteria are met", "Forget Password F...)</span>
                <span class="method-start">817273 ms</span>
              </div> <!-- test-method -->
              <div class="test-method">
                <img src="failed.png">
                </img>
                <span class="method-name">runScenario("TC_Forget_11 - Validate successful password reset with a valid New Password", "Forget Password Func...)</span>
                <span class="method-start">886901 ms</span>
              </div> <!-- test-method -->
              <div class="test-method">
                <img src="failed.png">
                </img>
                <span class="method-name">runScenario("TC_Forget_11 - Validate successful password reset with a valid New Password", "Forget Password Func...)</span>
                <span class="method-start">886927 ms</span>
              </div> <!-- test-method -->
              <div class="test-method">
                <span class="method-name">runScenario("TC_Basic_01 - Verify login with valid credentials", "Login Functionality Testing")</span>
                <span class="method-start">931221 ms</span>
              </div> <!-- test-method -->
              <div class="test-method">
                <span class="method-name">runScenario("TC_Basic_02 - Verify login with invalid credentials", "Login Functionality Testing")</span>
                <span class="method-start">993901 ms</span>
              </div> <!-- test-method -->
              <div class="test-method">
                <span class="method-name">runScenario("TC_Basic_03 - Check UI elements of the login page", "Login Functionality Testing")</span>
                <span class="method-start">1043456 ms</span>
              </div> <!-- test-method -->
              <div class="test-method">
                <span class="method-name">runScenario("TC_Basic_04 - Verify login button is enabled and validate error message when fields are empty", "Lo...)</span>
                <span class="method-start">1061154 ms</span>
              </div> <!-- test-method -->
              <div class="test-method">
                <span class="method-name">runScenario("TC_Basic_05 - Verify password field is masked", "Login Functionality Testing")</span>
                <span class="method-start">1085634 ms</span>
              </div> <!-- test-method -->
              <div class="test-method">
                <span class="method-name">runScenario("TC_Basic_06 - Verify error message when username is entered but password field is left blank", "Log...)</span>
                <span class="method-start">1102809 ms</span>
              </div> <!-- test-method -->
              <div class="test-method">
                <span class="method-name">runScenario("TC_Basic_01 - Verify login with valid credentials", "Login Functionality Testing")</span>
                <span class="method-start">1112653 ms</span>
              </div> <!-- test-method -->
              <div class="test-method">
                <span class="method-name">runScenario("TC_Basic_07 - Verify error message when email id entered in invalid format", "Login Functionality T...)</span>
                <span class="method-start">1119078 ms</span>
              </div> <!-- test-method -->
              <div class="test-method">
                <span class="method-name">runScenario("TC_Basic_02 - Verify login with invalid credentials", "Login Functionality Testing")</span>
                <span class="method-start">1147691 ms</span>
              </div> <!-- test-method -->
              <div class="test-method">
                <span class="method-name">runScenario("TC_Registration_01 - Verify successful user registration", "User Registration Functionality")</span>
                <span class="method-start">1149640 ms</span>
              </div> <!-- test-method -->
              <div class="test-method">
                <span class="method-name">runScenario("TC_Basic_03 - Check UI elements of the login page", "Login Functionality Testing")</span>
                <span class="method-start">1197980 ms</span>
              </div> <!-- test-method -->
              <div class="test-method">
                <img src="failed.png">
                </img>
                <span class="method-name">runScenario("TC_Registration_02 - Validate registration with empty email field", "User Registration Functionalit...)</span>
                <span class="method-start">1202627 ms</span>
              </div> <!-- test-method -->
              <div class="test-method">
                <span class="method-name">runScenario("TC_Basic_04 - Verify login button is enabled and validate error message when fields are empty", "Lo...)</span>
                <span class="method-start">1224542 ms</span>
              </div> <!-- test-method -->
              <div class="test-method">
                <span class="method-name">runScenario("TC_Registration_03 - Validate registration with empty password field", "User Registration Functiona...)</span>
                <span class="method-start">1226753 ms</span>
              </div> <!-- test-method -->
              <div class="test-method">
                <img src="failed.png">
                </img>
                <span class="method-name">runScenario("TC_Registration_04 - Validate registration with empty confirm password field", "User Registration F...)</span>
                <span class="method-start">1263621 ms</span>
              </div> <!-- test-method -->
              <div class="test-method">
                <span class="method-name">runScenario("TC_Basic_05 - Verify password field is masked", "Login Functionality Testing")</span>
                <span class="method-start">1267880 ms</span>
              </div> <!-- test-method -->
              <div class="test-method">
                <img src="failed.png">
                </img>
                <span class="method-name">runScenario("TC_Registration_05 - Validate registration with invalid email format", "User Registration Functiona...)</span>
                <span class="method-start">1312455 ms</span>
              </div> <!-- test-method -->
              <div class="test-method">
                <span class="method-name">runScenario("TC_Basic_06 - Verify error message when username is entered but password field is left blank", "Log...)</span>
                <span class="method-start">1313905 ms</span>
              </div> <!-- test-method -->
              <div class="test-method">
                <span class="method-name">runScenario("TC_Registration_06 - Validate registration when password and confirm password do not match", "User ...)</span>
                <span class="method-start">1376994 ms</span>
              </div> <!-- test-method -->
              <div class="test-method">
                <img src="failed.png">
                </img>
                <span class="method-name">runScenario("TC_Basic_07 - Verify error message when email id entered in invalid format", "Login Functionality T...)</span>
                <span class="method-start">1396947 ms</span>
              </div> <!-- test-method -->
              <div class="test-method">
                <img src="failed.png">
                </img>
                <span class="method-name">runScenario("TC_Registration_07 - Validate password strength requirements are displayed when user enters a passw...)</span>
                <span class="method-start">1465523 ms</span>
              </div> <!-- test-method -->
              <div class="test-method">
                <span class="method-name">runScenario("TC_Registration_01 - Verify successful user registration", "User Registration Functionality")</span>
                <span class="method-start">1494796 ms</span>
              </div> <!-- test-method -->
              <div class="test-method">
                <span class="method-name">runScenario("TC_Registration_02 - Validate registration with empty email field", "User Registration Functionalit...)</span>
                <span class="method-start">1548635 ms</span>
              </div> <!-- test-method -->
              <div class="test-method">
                <span class="method-name">runScenario("TC_Registration_08 - Validate registration with weak password that does not meet strength requireme...)</span>
                <span class="method-start">1562347 ms</span>
              </div> <!-- test-method -->
              <div class="test-method">
                <span class="method-name">runScenario("TC_Registration_09 - Validate password strength indicators are visible when strong password is ente...)</span>
                <span class="method-start">1629809 ms</span>
              </div> <!-- test-method -->
              <div class="test-method">
                <span class="method-name">runScenario("TC_Registration_03 - Validate registration with empty password field", "User Registration Functiona...)</span>
                <span class="method-start">1677754 ms</span>
              </div> <!-- test-method -->
              <div class="test-method">
                <img src="failed.png">
                </img>
                <span class="method-name">runScenario("TC_Registration_04 - Validate registration with empty confirm password field", "User Registration F...)</span>
                <span class="method-start">1767064 ms</span>
              </div> <!-- test-method -->
              <div class="test-method">
                <span class="method-name">runScenario("TC_Registration_10 - Validate clicking 'Sign in' link successfully navigate user to Login Page", "U...)</span>
                <span class="method-start">1782029 ms</span>
              </div> <!-- test-method -->
              <div class="test-method">
                <span class="method-name">runScenario("TC_Registration_05 - Validate registration with invalid email format", "User Registration Functiona...)</span>
                <span class="method-start">1837281 ms</span>
              </div> <!-- test-method -->
              <div class="configuration-class after">
                <span class="method-name">tearDown</span>
                <span class="method-start">1856302 ms</span>
              </div> <!-- configuration-class after -->
              <div class="configuration-class after">
                <span class="method-name">tearDownClass</span>
                <span class="method-start">1856321 ms</span>
              </div> <!-- configuration-class after -->
              <div class="test-method">
                <span class="method-name">runScenario("TC_Registration_06 - Validate registration when password and confirm password do not match", "User ...)</span>
                <span class="method-start">2019564 ms</span>
              </div> <!-- test-method -->
              <div class="test-method">
                <span class="method-name">runScenario("TC_Registration_07 - Validate password strength requirements are displayed when user enters a passw...)</span>
                <span class="method-start">2075483 ms</span>
              </div> <!-- test-method -->
              <div class="test-method">
                <span class="method-name">runScenario("TC_Registration_08 - Validate registration with weak password that does not meet strength requireme...)</span>
                <span class="method-start">2118071 ms</span>
              </div> <!-- test-method -->
              <div class="test-method">
                <span class="method-name">runScenario("TC_Registration_09 - Validate password strength indicators are visible when strong password is ente...)</span>
                <span class="method-start">2147853 ms</span>
              </div> <!-- test-method -->
              <div class="test-method">
                <span class="method-name">runScenario("TC_Registration_10 - Validate clicking 'Sign in' link successfully navigate user to Login Page", "U...)</span>
                <span class="method-start">2176755 ms</span>
              </div> <!-- test-method -->
              <div class="configuration-class after">
                <span class="method-name">tearDown</span>
                <span class="method-start">2201871 ms</span>
              </div> <!-- configuration-class after -->
              <div class="configuration-class after">
                <span class="method-name">tearDownClass</span>
                <span class="method-start">2201891 ms</span>
              </div> <!-- configuration-class after -->
          </div> <!-- main-panel-content rounded-window-bottom -->
        </div> <!-- panel -->
      </div> <!-- main-panel-root -->
    </div> <!-- wrapper -->
  </body>
<script type="text/javascript" src="testng-reports2.js"></script>
</html>
