<?xml version="1.0" encoding="UTF-8"?>
<testsuite xmlns:xsi="http://www.w3.org/2001/XMLSchema-instance" xsi:noNamespaceSchemaLocation="https://maven.apache.org/surefire/maven-surefire-plugin/xsd/surefire-test-report-3.0.xsd" version="3.0" name="TestSuite" time="47.06" tests="88" errors="0" skipped="0" failures="88">
  <properties>
[...]
</properties>
  <testcase name="runScenario[&quot;Get employee details by ID&quot;, &quot;Employee API Testing&quot;](1)" classname="runners.TestRunner" time="2.86">
    <failure message="The step &apos;I set the employee API endpoint with ID &quot;123&quot;&apos; and 2 other step(s) are undefined.&#10;You can implement these steps using the snippet(s) below:&#10;&#10;@Given(&quot;I set the employee API endpoint with ID {string}&quot;)&#10;public void i_set_the_employee_api_endpoint_with_id(String string) {&#10;    // Write code here that turns the phrase above into concrete actions&#10;    throw new io.cucumber.java.PendingException();&#10;}&#10;@When(&quot;I send a GET request to fetch employee details&quot;)&#10;public void i_send_a_get_request_to_fetch_employee_details() {&#10;    // Write code here that turns the phrase above into concrete actions&#10;    throw new io.cucumber.java.PendingException();&#10;}&#10;@Then(&quot;I should receive a {int} response with employee data&quot;)&#10;public void i_should_receive_a_response_with_employee_data(Integer int1) {&#10;    // Write code here that turns the phrase above into concrete actions&#10;    throw new io.cucumber.java.PendingException();&#10;}&#10;" type="io.cucumber.testng.UndefinedStepException"><![CDATA[io.cucumber.testng.UndefinedStepException: 
The step 'I set the employee API endpoint with ID "123"' and 2 other step(s) are undefined.
You can implement these steps using the snippet(s) below:

@Given("I set the employee API endpoint with ID {string}")
public void i_set_the_employee_api_endpoint_with_id(String string) {
    // Write code here that turns the phrase above into concrete actions
    throw new io.cucumber.java.PendingException();
}
@When("I send a GET request to fetch employee details")
public void i_send_a_get_request_to_fetch_employee_details() {
    // Write code here that turns the phrase above into concrete actions
    throw new io.cucumber.java.PendingException();
}
@Then("I should receive a {int} response with employee data")
public void i_should_receive_a_response_with_employee_data(Integer int1) {
    // Write code here that turns the phrase above into concrete actions
    throw new io.cucumber.java.PendingException();
}

	at io.cucumber.core.runtime.TestCaseResultObserver.assertTestCasePassed(TestCaseResultObserver.java:69)
	at io.cucumber.testng.TestCaseResultObserver.assertTestCasePassed(TestCaseResultObserver.java:23)
	at io.cucumber.testng.TestNGCucumberRunner.lambda$runScenario$1(TestNGCucumberRunner.java:133)
	at io.cucumber.core.runtime.CucumberExecutionContext.lambda$runTestCase$5(CucumberExecutionContext.java:137)
	at io.cucumber.core.runtime.RethrowingThrowableCollector.executeAndThrow(RethrowingThrowableCollector.java:23)
	at io.cucumber.core.runtime.CucumberExecutionContext.runTestCase(CucumberExecutionContext.java:137)
	at io.cucumber.testng.TestNGCucumberRunner.runScenario(TestNGCucumberRunner.java:129)
	at io.cucumber.testng.AbstractTestNGCucumberTests.runScenario(AbstractTestNGCucumberTests.java:35)
	at java.base/jdk.internal.reflect.NativeMethodAccessorImpl.invoke0(Native Method)
	at java.base/jdk.internal.reflect.NativeMethodAccessorImpl.invoke(NativeMethodAccessorImpl.java:62)
	at java.base/jdk.internal.reflect.DelegatingMethodAccessorImpl.invoke(DelegatingMethodAccessorImpl.java:43)
	at java.base/java.lang.reflect.Method.invoke(Method.java:566)
	at org.testng.internal.invokers.MethodInvocationHelper.invokeMethod(MethodInvocationHelper.java:141)
	at org.testng.internal.invokers.TestInvoker.invokeMethod(TestInvoker.java:686)
	at org.testng.internal.invokers.TestInvoker.invokeTestMethod(TestInvoker.java:230)
	at org.testng.internal.invokers.MethodRunner.runInSequence(MethodRunner.java:63)
	at org.testng.internal.invokers.TestInvoker$MethodInvocationAgent.invoke(TestInvoker.java:992)
	at org.testng.internal.invokers.TestInvoker.invokeTestMethods(TestInvoker.java:203)
	at org.testng.internal.invokers.TestMethodWorker.invokeTestMethods(TestMethodWorker.java:154)
	at org.testng.internal.invokers.TestMethodWorker.run(TestMethodWorker.java:134)
	at java.base/java.util.ArrayList.forEach(ArrayList.java:1541)
	at org.testng.TestRunner.privateRun(TestRunner.java:739)
	at org.testng.TestRunner.run(TestRunner.java:614)
	at org.testng.SuiteRunner.runTest(SuiteRunner.java:421)
	at org.testng.SuiteRunner$SuiteWorker.run(SuiteRunner.java:463)
	at org.testng.internal.thread.ThreadUtil.lambda$execute$0(ThreadUtil.java:64)
	at java.base/java.util.concurrent.FutureTask.run(FutureTask.java:264)
	at java.base/java.util.concurrent.ThreadPoolExecutor.runWorker(ThreadPoolExecutor.java:1128)
	at java.base/java.util.concurrent.ThreadPoolExecutor$Worker.run(ThreadPoolExecutor.java:628)
	at java.base/java.lang.Thread.run(Thread.java:829)
]]></failure>
    <system-out><![CDATA[15:08:26.918 [main] DEBUG org.testng.TestNG -- suiteXmlPath: "C:\Users\schapre\automation\Automation_Simplified_Selenium_Java_Banking_XL\testng.xml"
Initializing platform using config: config/config_web.properties
Initializing platform using config: config/config_api.properties
15:08:41.297 [TestNG-tests-1] ERROR io.qameta.allure.AllureLifecycle -- Could not start step: no test case running
15:08:41.297 [TestNG-tests-2] ERROR io.qameta.allure.AllureLifecycle -- Could not start step: no test case running
15:08:41.297 [TestNG-tests-1] ERROR io.qameta.allure.AllureLifecycle -- Could not stop step: step with uuid dfd73904-fcf6-4d22-9ca5-8aab195d3eac not found
15:08:41.297 [TestNG-tests-2] ERROR io.qameta.allure.AllureLifecycle -- Could not stop step: step with uuid c77852a2-682b-4f6c-ac90-fe008c849af1 not found

@API
Scenario: Get employee details by ID                      # src/test/resources/features/api/Employee.feature:4

@API
Scenario: Get employee details by ID                      # src/test/resources/features/api/Employee.feature:4
  Given I set the employee API endpoint with ID "123"
  Given I set the employee API endpoint with ID "123"
  When I send a GET request to fetch employee details
  When I send a GET request to fetch employee details
  Then I should receive a 404 response with employee data
  Then I should receive a 404 response with employee data
15:08:43.783 [TestNG-tests-1] ERROR io.qameta.allure.AllureLifecycle -- Could not start step: no test case running
15:08:43.783 [TestNG-tests-2] ERROR io.qameta.allure.AllureLifecycle -- Could not start step: no test case running
15:08:43.783 [TestNG-tests-1] ERROR io.qameta.allure.AllureLifecycle -- Could not stop step: step with uuid 6c1f6f91-bbb4-4e1b-ac8a-76973e3bb3a8 not found
15:08:43.783 [TestNG-tests-2] ERROR io.qameta.allure.AllureLifecycle -- Could not stop step: step with uuid 446661ee-0d78-48ba-9f79-76f20f017dab not found
15:08:43.847 [TestNG-tests-2] ERROR io.qameta.allure.AllureLifecycle -- Could not add attachment: no test is running
15:08:43.847 [TestNG-tests-1] ERROR io.qameta.allure.AllureLifecycle -- Could not add attachment: no test is running
15:08:44.130 [TestNG-tests-1] ERROR io.qameta.allure.AllureLifecycle -- Could not start step: no test case running
15:08:44.130 [TestNG-tests-2] ERROR io.qameta.allure.AllureLifecycle -- Could not start step: no test case running
15:08:44.130 [TestNG-tests-1] ERROR io.qameta.allure.AllureLifecycle -- Could not stop step: step with uuid 96e042bf-0cbf-4cbc-874c-8fea8f8f81a4 not found
15:08:44.130 [TestNG-tests-2] ERROR io.qameta.allure.AllureLifecycle -- Could not stop step: step with uuid 0fdabae8-d16b-4b40-bdd2-9acf4ff61ab5 not found
]]></system-out>
  </testcase>
  <testcase name="runScenario[&quot;Get employee details by ID&quot;, &quot;Employee API Testing&quot;](1)" classname="runners.TestRunner" time="2.871">
    <failure message="The step &apos;I set the employee API endpoint with ID &quot;123&quot;&apos; and 2 other step(s) are undefined.&#10;You can implement these steps using the snippet(s) below:&#10;&#10;@Given(&quot;I set the employee API endpoint with ID {string}&quot;)&#10;public void i_set_the_employee_api_endpoint_with_id(String string) {&#10;    // Write code here that turns the phrase above into concrete actions&#10;    throw new io.cucumber.java.PendingException();&#10;}&#10;@When(&quot;I send a GET request to fetch employee details&quot;)&#10;public void i_send_a_get_request_to_fetch_employee_details() {&#10;    // Write code here that turns the phrase above into concrete actions&#10;    throw new io.cucumber.java.PendingException();&#10;}&#10;@Then(&quot;I should receive a {int} response with employee data&quot;)&#10;public void i_should_receive_a_response_with_employee_data(Integer int1) {&#10;    // Write code here that turns the phrase above into concrete actions&#10;    throw new io.cucumber.java.PendingException();&#10;}&#10;" type="io.cucumber.testng.UndefinedStepException"><![CDATA[io.cucumber.testng.UndefinedStepException: 
The step 'I set the employee API endpoint with ID "123"' and 2 other step(s) are undefined.
You can implement these steps using the snippet(s) below:

@Given("I set the employee API endpoint with ID {string}")
public void i_set_the_employee_api_endpoint_with_id(String string) {
    // Write code here that turns the phrase above into concrete actions
    throw new io.cucumber.java.PendingException();
}
@When("I send a GET request to fetch employee details")
public void i_send_a_get_request_to_fetch_employee_details() {
    // Write code here that turns the phrase above into concrete actions
    throw new io.cucumber.java.PendingException();
}
@Then("I should receive a {int} response with employee data")
public void i_should_receive_a_response_with_employee_data(Integer int1) {
    // Write code here that turns the phrase above into concrete actions
    throw new io.cucumber.java.PendingException();
}

	at io.cucumber.core.runtime.TestCaseResultObserver.assertTestCasePassed(TestCaseResultObserver.java:69)
	at io.cucumber.testng.TestCaseResultObserver.assertTestCasePassed(TestCaseResultObserver.java:23)
	at io.cucumber.testng.TestNGCucumberRunner.lambda$runScenario$1(TestNGCucumberRunner.java:133)
	at io.cucumber.core.runtime.CucumberExecutionContext.lambda$runTestCase$5(CucumberExecutionContext.java:137)
	at io.cucumber.core.runtime.RethrowingThrowableCollector.executeAndThrow(RethrowingThrowableCollector.java:23)
	at io.cucumber.core.runtime.CucumberExecutionContext.runTestCase(CucumberExecutionContext.java:137)
	at io.cucumber.testng.TestNGCucumberRunner.runScenario(TestNGCucumberRunner.java:129)
	at io.cucumber.testng.AbstractTestNGCucumberTests.runScenario(AbstractTestNGCucumberTests.java:35)
	at java.base/jdk.internal.reflect.NativeMethodAccessorImpl.invoke0(Native Method)
	at java.base/jdk.internal.reflect.NativeMethodAccessorImpl.invoke(NativeMethodAccessorImpl.java:62)
	at java.base/jdk.internal.reflect.DelegatingMethodAccessorImpl.invoke(DelegatingMethodAccessorImpl.java:43)
	at java.base/java.lang.reflect.Method.invoke(Method.java:566)
	at org.testng.internal.invokers.MethodInvocationHelper.invokeMethod(MethodInvocationHelper.java:141)
	at org.testng.internal.invokers.TestInvoker.invokeMethod(TestInvoker.java:686)
	at org.testng.internal.invokers.TestInvoker.invokeTestMethod(TestInvoker.java:230)
	at org.testng.internal.invokers.MethodRunner.runInSequence(MethodRunner.java:63)
	at org.testng.internal.invokers.TestInvoker$MethodInvocationAgent.invoke(TestInvoker.java:992)
	at org.testng.internal.invokers.TestInvoker.invokeTestMethods(TestInvoker.java:203)
	at org.testng.internal.invokers.TestMethodWorker.invokeTestMethods(TestMethodWorker.java:154)
	at org.testng.internal.invokers.TestMethodWorker.run(TestMethodWorker.java:134)
	at java.base/java.util.ArrayList.forEach(ArrayList.java:1541)
	at org.testng.TestRunner.privateRun(TestRunner.java:739)
	at org.testng.TestRunner.run(TestRunner.java:614)
	at org.testng.SuiteRunner.runTest(SuiteRunner.java:421)
	at org.testng.SuiteRunner$SuiteWorker.run(SuiteRunner.java:463)
	at org.testng.internal.thread.ThreadUtil.lambda$execute$0(ThreadUtil.java:64)
	at java.base/java.util.concurrent.FutureTask.run(FutureTask.java:264)
	at java.base/java.util.concurrent.ThreadPoolExecutor.runWorker(ThreadPoolExecutor.java:1128)
	at java.base/java.util.concurrent.ThreadPoolExecutor$Worker.run(ThreadPoolExecutor.java:628)
	at java.base/java.lang.Thread.run(Thread.java:829)
]]></failure>
  </testcase>
  <testcase name="runScenario[&quot;Create a new employee&quot;, &quot;Employee API Testing&quot;](2)" classname="runners.TestRunner" time="0.051">
    <failure message="The step &apos;I set the employee creation API endpoint&apos; and 2 other step(s) are undefined.&#10;You can implement these steps using the snippet(s) below:&#10;&#10;@Given(&quot;I set the employee creation API endpoint&quot;)&#10;public void i_set_the_employee_creation_api_endpoint() {&#10;    // Write code here that turns the phrase above into concrete actions&#10;    throw new io.cucumber.java.PendingException();&#10;}&#10;@When(&quot;I send a POST request with valid employee data&quot;)&#10;public void i_send_a_post_request_with_valid_employee_data() {&#10;    // Write code here that turns the phrase above into concrete actions&#10;    throw new io.cucumber.java.PendingException();&#10;}&#10;@Then(&quot;I should receive a {int} response confirming creation&quot;)&#10;public void i_should_receive_a_response_confirming_creation(Integer int1) {&#10;    // Write code here that turns the phrase above into concrete actions&#10;    throw new io.cucumber.java.PendingException();&#10;}&#10;" type="io.cucumber.testng.UndefinedStepException"><![CDATA[io.cucumber.testng.UndefinedStepException: 
The step 'I set the employee creation API endpoint' and 2 other step(s) are undefined.
You can implement these steps using the snippet(s) below:

@Given("I set the employee creation API endpoint")
public void i_set_the_employee_creation_api_endpoint() {
    // Write code here that turns the phrase above into concrete actions
    throw new io.cucumber.java.PendingException();
}
@When("I send a POST request with valid employee data")
public void i_send_a_post_request_with_valid_employee_data() {
    // Write code here that turns the phrase above into concrete actions
    throw new io.cucumber.java.PendingException();
}
@Then("I should receive a {int} response confirming creation")
public void i_should_receive_a_response_confirming_creation(Integer int1) {
    // Write code here that turns the phrase above into concrete actions
    throw new io.cucumber.java.PendingException();
}

	at io.cucumber.core.runtime.TestCaseResultObserver.assertTestCasePassed(TestCaseResultObserver.java:69)
	at io.cucumber.testng.TestCaseResultObserver.assertTestCasePassed(TestCaseResultObserver.java:23)
	at io.cucumber.testng.TestNGCucumberRunner.lambda$runScenario$1(TestNGCucumberRunner.java:133)
	at io.cucumber.core.runtime.CucumberExecutionContext.lambda$runTestCase$5(CucumberExecutionContext.java:137)
	at io.cucumber.core.runtime.RethrowingThrowableCollector.executeAndThrow(RethrowingThrowableCollector.java:23)
	at io.cucumber.core.runtime.CucumberExecutionContext.runTestCase(CucumberExecutionContext.java:137)
	at io.cucumber.testng.TestNGCucumberRunner.runScenario(TestNGCucumberRunner.java:129)
	at io.cucumber.testng.AbstractTestNGCucumberTests.runScenario(AbstractTestNGCucumberTests.java:35)
	at java.base/jdk.internal.reflect.NativeMethodAccessorImpl.invoke0(Native Method)
	at java.base/jdk.internal.reflect.NativeMethodAccessorImpl.invoke(NativeMethodAccessorImpl.java:62)
	at java.base/jdk.internal.reflect.DelegatingMethodAccessorImpl.invoke(DelegatingMethodAccessorImpl.java:43)
	at java.base/java.lang.reflect.Method.invoke(Method.java:566)
	at org.testng.internal.invokers.MethodInvocationHelper.invokeMethod(MethodInvocationHelper.java:141)
	at org.testng.internal.invokers.TestInvoker.invokeMethod(TestInvoker.java:686)
	at org.testng.internal.invokers.TestInvoker.invokeTestMethod(TestInvoker.java:230)
	at org.testng.internal.invokers.MethodRunner.runInSequence(MethodRunner.java:63)
	at org.testng.internal.invokers.TestInvoker$MethodInvocationAgent.invoke(TestInvoker.java:992)
	at org.testng.internal.invokers.TestInvoker.invokeTestMethods(TestInvoker.java:203)
	at org.testng.internal.invokers.TestMethodWorker.invokeTestMethods(TestMethodWorker.java:154)
	at org.testng.internal.invokers.TestMethodWorker.run(TestMethodWorker.java:134)
	at java.base/java.util.ArrayList.forEach(ArrayList.java:1541)
	at org.testng.TestRunner.privateRun(TestRunner.java:739)
	at org.testng.TestRunner.run(TestRunner.java:614)
	at org.testng.SuiteRunner.runTest(SuiteRunner.java:421)
	at org.testng.SuiteRunner$SuiteWorker.run(SuiteRunner.java:463)
	at org.testng.internal.thread.ThreadUtil.lambda$execute$0(ThreadUtil.java:64)
	at java.base/java.util.concurrent.FutureTask.run(FutureTask.java:264)
	at java.base/java.util.concurrent.ThreadPoolExecutor.runWorker(ThreadPoolExecutor.java:1128)
	at java.base/java.util.concurrent.ThreadPoolExecutor$Worker.run(ThreadPoolExecutor.java:628)
	at java.base/java.lang.Thread.run(Thread.java:829)
]]></failure>
    <system-out><![CDATA[15:08:44.149 [TestNG-tests-2] ERROR io.qameta.allure.AllureLifecycle -- Could not start step: no test case running
15:08:44.149 [TestNG-tests-2] ERROR io.qameta.allure.AllureLifecycle -- Could not stop step: step with uuid 887c5b90-cf31-458b-8aa7-e2a579a58b7a not found
15:08:44.151 [TestNG-tests-1] ERROR io.qameta.allure.AllureLifecycle -- Could not start step: no test case running
15:08:44.151 [TestNG-tests-1] ERROR io.qameta.allure.AllureLifecycle -- Could not stop step: step with uuid c25e96c6-a0da-4650-ae96-3fb5d4e8c24b not found

@API
Scenario: Create a new employee                            # src/test/resources/features/api/Employee.feature:10

@API
Scenario: Create a new employee                            # src/test/resources/features/api/Employee.feature:10
  Given I set the employee creation API endpoint
  Given I set the employee creation API endpoint
  When I send a POST request with valid employee data
  When I send a POST request with valid employee data
  Then I should receive a 404 response confirming creation
  Then I should receive a 404 response confirming creation
15:08:44.205 [TestNG-tests-1] ERROR io.qameta.allure.AllureLifecycle -- Could not start step: no test case running
15:08:44.205 [TestNG-tests-2] ERROR io.qameta.allure.AllureLifecycle -- Could not start step: no test case running
15:08:44.205 [TestNG-tests-1] ERROR io.qameta.allure.AllureLifecycle -- Could not stop step: step with uuid 378552e9-59e0-4e31-91f6-382f04d8ef74 not found
15:08:44.205 [TestNG-tests-2] ERROR io.qameta.allure.AllureLifecycle -- Could not stop step: step with uuid 89c9ee5b-c9e1-48ff-9571-16a3cedb04fa not found
15:08:44.205 [TestNG-tests-1] ERROR io.qameta.allure.AllureLifecycle -- Could not add attachment: no test is running
15:08:44.205 [TestNG-tests-2] ERROR io.qameta.allure.AllureLifecycle -- Could not add attachment: no test is running
15:08:44.211 [TestNG-tests-2] ERROR io.qameta.allure.AllureLifecycle -- Could not start step: no test case running
15:08:44.211 [TestNG-tests-2] ERROR io.qameta.allure.AllureLifecycle -- Could not stop step: step with uuid 019632c2-5c22-4054-a4e8-bb36965d3409 not found
15:08:44.212 [TestNG-tests-1] ERROR io.qameta.allure.AllureLifecycle -- Could not start step: no test case running
15:08:44.212 [TestNG-tests-1] ERROR io.qameta.allure.AllureLifecycle -- Could not stop step: step with uuid c57d08d2-691c-449f-a72c-a254ab268bf4 not found
]]></system-out>
  </testcase>
  <testcase name="runScenario[&quot;Create a new employee&quot;, &quot;Employee API Testing&quot;](2)" classname="runners.TestRunner" time="0.054">
    <failure message="The step &apos;I set the employee creation API endpoint&apos; and 2 other step(s) are undefined.&#10;You can implement these steps using the snippet(s) below:&#10;&#10;@Given(&quot;I set the employee creation API endpoint&quot;)&#10;public void i_set_the_employee_creation_api_endpoint() {&#10;    // Write code here that turns the phrase above into concrete actions&#10;    throw new io.cucumber.java.PendingException();&#10;}&#10;@When(&quot;I send a POST request with valid employee data&quot;)&#10;public void i_send_a_post_request_with_valid_employee_data() {&#10;    // Write code here that turns the phrase above into concrete actions&#10;    throw new io.cucumber.java.PendingException();&#10;}&#10;@Then(&quot;I should receive a {int} response confirming creation&quot;)&#10;public void i_should_receive_a_response_confirming_creation(Integer int1) {&#10;    // Write code here that turns the phrase above into concrete actions&#10;    throw new io.cucumber.java.PendingException();&#10;}&#10;" type="io.cucumber.testng.UndefinedStepException"><![CDATA[io.cucumber.testng.UndefinedStepException: 
The step 'I set the employee creation API endpoint' and 2 other step(s) are undefined.
You can implement these steps using the snippet(s) below:

@Given("I set the employee creation API endpoint")
public void i_set_the_employee_creation_api_endpoint() {
    // Write code here that turns the phrase above into concrete actions
    throw new io.cucumber.java.PendingException();
}
@When("I send a POST request with valid employee data")
public void i_send_a_post_request_with_valid_employee_data() {
    // Write code here that turns the phrase above into concrete actions
    throw new io.cucumber.java.PendingException();
}
@Then("I should receive a {int} response confirming creation")
public void i_should_receive_a_response_confirming_creation(Integer int1) {
    // Write code here that turns the phrase above into concrete actions
    throw new io.cucumber.java.PendingException();
}

	at io.cucumber.core.runtime.TestCaseResultObserver.assertTestCasePassed(TestCaseResultObserver.java:69)
	at io.cucumber.testng.TestCaseResultObserver.assertTestCasePassed(TestCaseResultObserver.java:23)
	at io.cucumber.testng.TestNGCucumberRunner.lambda$runScenario$1(TestNGCucumberRunner.java:133)
	at io.cucumber.core.runtime.CucumberExecutionContext.lambda$runTestCase$5(CucumberExecutionContext.java:137)
	at io.cucumber.core.runtime.RethrowingThrowableCollector.executeAndThrow(RethrowingThrowableCollector.java:23)
	at io.cucumber.core.runtime.CucumberExecutionContext.runTestCase(CucumberExecutionContext.java:137)
	at io.cucumber.testng.TestNGCucumberRunner.runScenario(TestNGCucumberRunner.java:129)
	at io.cucumber.testng.AbstractTestNGCucumberTests.runScenario(AbstractTestNGCucumberTests.java:35)
	at java.base/jdk.internal.reflect.NativeMethodAccessorImpl.invoke0(Native Method)
	at java.base/jdk.internal.reflect.NativeMethodAccessorImpl.invoke(NativeMethodAccessorImpl.java:62)
	at java.base/jdk.internal.reflect.DelegatingMethodAccessorImpl.invoke(DelegatingMethodAccessorImpl.java:43)
	at java.base/java.lang.reflect.Method.invoke(Method.java:566)
	at org.testng.internal.invokers.MethodInvocationHelper.invokeMethod(MethodInvocationHelper.java:141)
	at org.testng.internal.invokers.TestInvoker.invokeMethod(TestInvoker.java:686)
	at org.testng.internal.invokers.TestInvoker.invokeTestMethod(TestInvoker.java:230)
	at org.testng.internal.invokers.MethodRunner.runInSequence(MethodRunner.java:63)
	at org.testng.internal.invokers.TestInvoker$MethodInvocationAgent.invoke(TestInvoker.java:992)
	at org.testng.internal.invokers.TestInvoker.invokeTestMethods(TestInvoker.java:203)
	at org.testng.internal.invokers.TestMethodWorker.invokeTestMethods(TestMethodWorker.java:154)
	at org.testng.internal.invokers.TestMethodWorker.run(TestMethodWorker.java:134)
	at java.base/java.util.ArrayList.forEach(ArrayList.java:1541)
	at org.testng.TestRunner.privateRun(TestRunner.java:739)
	at org.testng.TestRunner.run(TestRunner.java:614)
	at org.testng.SuiteRunner.runTest(SuiteRunner.java:421)
	at org.testng.SuiteRunner$SuiteWorker.run(SuiteRunner.java:463)
	at org.testng.internal.thread.ThreadUtil.lambda$execute$0(ThreadUtil.java:64)
	at java.base/java.util.concurrent.FutureTask.run(FutureTask.java:264)
	at java.base/java.util.concurrent.ThreadPoolExecutor.runWorker(ThreadPoolExecutor.java:1128)
	at java.base/java.util.concurrent.ThreadPoolExecutor$Worker.run(ThreadPoolExecutor.java:628)
	at java.base/java.lang.Thread.run(Thread.java:829)
]]></failure>
  </testcase>
  <testcase name="runScenario[&quot;Apply for leave&quot;, &quot;Leave API Testing&quot;](3)" classname="runners.TestRunner" time="0.077">
    <failure message="The step &apos;I set the leave application API endpoint&apos; and 2 other step(s) are undefined.&#10;You can implement these steps using the snippet(s) below:&#10;&#10;@Given(&quot;I set the leave application API endpoint&quot;)&#10;public void i_set_the_leave_application_api_endpoint() {&#10;    // Write code here that turns the phrase above into concrete actions&#10;    throw new io.cucumber.java.PendingException();&#10;}&#10;@When(&quot;I send a POST request with valid leave details&quot;)&#10;public void i_send_a_post_request_with_valid_leave_details() {&#10;    // Write code here that turns the phrase above into concrete actions&#10;    throw new io.cucumber.java.PendingException();&#10;}&#10;@Then(&quot;I should receive a {int} response confirming leave application&quot;)&#10;public void i_should_receive_a_response_confirming_leave_application(Integer int1) {&#10;    // Write code here that turns the phrase above into concrete actions&#10;    throw new io.cucumber.java.PendingException();&#10;}&#10;" type="io.cucumber.testng.UndefinedStepException"><![CDATA[io.cucumber.testng.UndefinedStepException: 
The step 'I set the leave application API endpoint' and 2 other step(s) are undefined.
You can implement these steps using the snippet(s) below:

@Given("I set the leave application API endpoint")
public void i_set_the_leave_application_api_endpoint() {
    // Write code here that turns the phrase above into concrete actions
    throw new io.cucumber.java.PendingException();
}
@When("I send a POST request with valid leave details")
public void i_send_a_post_request_with_valid_leave_details() {
    // Write code here that turns the phrase above into concrete actions
    throw new io.cucumber.java.PendingException();
}
@Then("I should receive a {int} response confirming leave application")
public void i_should_receive_a_response_confirming_leave_application(Integer int1) {
    // Write code here that turns the phrase above into concrete actions
    throw new io.cucumber.java.PendingException();
}

	at io.cucumber.core.runtime.TestCaseResultObserver.assertTestCasePassed(TestCaseResultObserver.java:69)
	at io.cucumber.testng.TestCaseResultObserver.assertTestCasePassed(TestCaseResultObserver.java:23)
	at io.cucumber.testng.TestNGCucumberRunner.lambda$runScenario$1(TestNGCucumberRunner.java:133)
	at io.cucumber.core.runtime.CucumberExecutionContext.lambda$runTestCase$5(CucumberExecutionContext.java:137)
	at io.cucumber.core.runtime.RethrowingThrowableCollector.executeAndThrow(RethrowingThrowableCollector.java:23)
	at io.cucumber.core.runtime.CucumberExecutionContext.runTestCase(CucumberExecutionContext.java:137)
	at io.cucumber.testng.TestNGCucumberRunner.runScenario(TestNGCucumberRunner.java:129)
	at io.cucumber.testng.AbstractTestNGCucumberTests.runScenario(AbstractTestNGCucumberTests.java:35)
	at java.base/jdk.internal.reflect.NativeMethodAccessorImpl.invoke0(Native Method)
	at java.base/jdk.internal.reflect.NativeMethodAccessorImpl.invoke(NativeMethodAccessorImpl.java:62)
	at java.base/jdk.internal.reflect.DelegatingMethodAccessorImpl.invoke(DelegatingMethodAccessorImpl.java:43)
	at java.base/java.lang.reflect.Method.invoke(Method.java:566)
	at org.testng.internal.invokers.MethodInvocationHelper.invokeMethod(MethodInvocationHelper.java:141)
	at org.testng.internal.invokers.TestInvoker.invokeMethod(TestInvoker.java:686)
	at org.testng.internal.invokers.TestInvoker.invokeTestMethod(TestInvoker.java:230)
	at org.testng.internal.invokers.MethodRunner.runInSequence(MethodRunner.java:63)
	at org.testng.internal.invokers.TestInvoker$MethodInvocationAgent.invoke(TestInvoker.java:992)
	at org.testng.internal.invokers.TestInvoker.invokeTestMethods(TestInvoker.java:203)
	at org.testng.internal.invokers.TestMethodWorker.invokeTestMethods(TestMethodWorker.java:154)
	at org.testng.internal.invokers.TestMethodWorker.run(TestMethodWorker.java:134)
	at java.base/java.util.ArrayList.forEach(ArrayList.java:1541)
	at org.testng.TestRunner.privateRun(TestRunner.java:739)
	at org.testng.TestRunner.run(TestRunner.java:614)
	at org.testng.SuiteRunner.runTest(SuiteRunner.java:421)
	at org.testng.SuiteRunner$SuiteWorker.run(SuiteRunner.java:463)
	at org.testng.internal.thread.ThreadUtil.lambda$execute$0(ThreadUtil.java:64)
	at java.base/java.util.concurrent.FutureTask.run(FutureTask.java:264)
	at java.base/java.util.concurrent.ThreadPoolExecutor.runWorker(ThreadPoolExecutor.java:1128)
	at java.base/java.util.concurrent.ThreadPoolExecutor$Worker.run(ThreadPoolExecutor.java:628)
	at java.base/java.lang.Thread.run(Thread.java:829)
]]></failure>
    <system-out><![CDATA[15:08:44.218 [TestNG-tests-1] ERROR io.qameta.allure.AllureLifecycle -- Could not start step: no test case running
15:08:44.218 [TestNG-tests-1] ERROR io.qameta.allure.AllureLifecycle -- Could not stop step: step with uuid 89b0e211-565b-4962-b1ad-66153f11553f not found
15:08:44.218 [TestNG-tests-2] ERROR io.qameta.allure.AllureLifecycle -- Could not start step: no test case running
15:08:44.218 [TestNG-tests-2] ERROR io.qameta.allure.AllureLifecycle -- Could not stop step: step with uuid ca6320c9-9f3b-4738-ac36-d434d6ee6985 not found

@API
Scenario: Apply for leave                                           # src/test/resources/features/api/Leave.feature:4

@API
Scenario: Apply for leave                                           # src/test/resources/features/api/Leave.feature:4
  Given I set the leave application API endpoint
  When I send a POST request with valid leave details
  Given I set the leave application API endpoint
  Then I should receive a 404 response confirming leave application
  When I send a POST request with valid leave details
  Then I should receive a 404 response confirming leave application
15:08:44.286 [TestNG-tests-2] ERROR io.qameta.allure.AllureLifecycle -- Could not start step: no test case running
15:08:44.287 [TestNG-tests-2] ERROR io.qameta.allure.AllureLifecycle -- Could not stop step: step with uuid 06488fa8-6921-400e-8489-103908ea562f not found
15:08:44.288 [TestNG-tests-2] ERROR io.qameta.allure.AllureLifecycle -- Could not add attachment: no test is running
15:08:44.297 [TestNG-tests-1] ERROR io.qameta.allure.AllureLifecycle -- Could not start step: no test case running
15:08:44.297 [TestNG-tests-1] ERROR io.qameta.allure.AllureLifecycle -- Could not stop step: step with uuid 178d45b4-fbf1-4ccf-9840-0b88e290bc34 not found
15:08:44.297 [TestNG-tests-1] ERROR io.qameta.allure.AllureLifecycle -- Could not add attachment: no test is running
15:08:44.296 [TestNG-tests-2] ERROR io.qameta.allure.AllureLifecycle -- Could not start step: no test case running
15:08:44.298 [TestNG-tests-2] ERROR io.qameta.allure.AllureLifecycle -- Could not stop step: step with uuid 8206fda0-32fa-49fb-849e-d2ce6c689a54 not found
]]></system-out>
  </testcase>
  <testcase name="runScenario[&quot;Apply for leave&quot;, &quot;Leave API Testing&quot;](3)" classname="runners.TestRunner" time="0.034">
    <failure message="The step &apos;I set the leave application API endpoint&apos; and 2 other step(s) are undefined.&#10;You can implement these steps using the snippet(s) below:&#10;&#10;@Given(&quot;I set the leave application API endpoint&quot;)&#10;public void i_set_the_leave_application_api_endpoint() {&#10;    // Write code here that turns the phrase above into concrete actions&#10;    throw new io.cucumber.java.PendingException();&#10;}&#10;@When(&quot;I send a POST request with valid leave details&quot;)&#10;public void i_send_a_post_request_with_valid_leave_details() {&#10;    // Write code here that turns the phrase above into concrete actions&#10;    throw new io.cucumber.java.PendingException();&#10;}&#10;@Then(&quot;I should receive a {int} response confirming leave application&quot;)&#10;public void i_should_receive_a_response_confirming_leave_application(Integer int1) {&#10;    // Write code here that turns the phrase above into concrete actions&#10;    throw new io.cucumber.java.PendingException();&#10;}&#10;" type="io.cucumber.testng.UndefinedStepException"><![CDATA[io.cucumber.testng.UndefinedStepException: 
The step 'I set the leave application API endpoint' and 2 other step(s) are undefined.
You can implement these steps using the snippet(s) below:

@Given("I set the leave application API endpoint")
public void i_set_the_leave_application_api_endpoint() {
    // Write code here that turns the phrase above into concrete actions
    throw new io.cucumber.java.PendingException();
}
@When("I send a POST request with valid leave details")
public void i_send_a_post_request_with_valid_leave_details() {
    // Write code here that turns the phrase above into concrete actions
    throw new io.cucumber.java.PendingException();
}
@Then("I should receive a {int} response confirming leave application")
public void i_should_receive_a_response_confirming_leave_application(Integer int1) {
    // Write code here that turns the phrase above into concrete actions
    throw new io.cucumber.java.PendingException();
}

	at io.cucumber.core.runtime.TestCaseResultObserver.assertTestCasePassed(TestCaseResultObserver.java:69)
	at io.cucumber.testng.TestCaseResultObserver.assertTestCasePassed(TestCaseResultObserver.java:23)
	at io.cucumber.testng.TestNGCucumberRunner.lambda$runScenario$1(TestNGCucumberRunner.java:133)
	at io.cucumber.core.runtime.CucumberExecutionContext.lambda$runTestCase$5(CucumberExecutionContext.java:137)
	at io.cucumber.core.runtime.RethrowingThrowableCollector.executeAndThrow(RethrowingThrowableCollector.java:23)
	at io.cucumber.core.runtime.CucumberExecutionContext.runTestCase(CucumberExecutionContext.java:137)
	at io.cucumber.testng.TestNGCucumberRunner.runScenario(TestNGCucumberRunner.java:129)
	at io.cucumber.testng.AbstractTestNGCucumberTests.runScenario(AbstractTestNGCucumberTests.java:35)
	at java.base/jdk.internal.reflect.NativeMethodAccessorImpl.invoke0(Native Method)
	at java.base/jdk.internal.reflect.NativeMethodAccessorImpl.invoke(NativeMethodAccessorImpl.java:62)
	at java.base/jdk.internal.reflect.DelegatingMethodAccessorImpl.invoke(DelegatingMethodAccessorImpl.java:43)
	at java.base/java.lang.reflect.Method.invoke(Method.java:566)
	at org.testng.internal.invokers.MethodInvocationHelper.invokeMethod(MethodInvocationHelper.java:141)
	at org.testng.internal.invokers.TestInvoker.invokeMethod(TestInvoker.java:686)
	at org.testng.internal.invokers.TestInvoker.invokeTestMethod(TestInvoker.java:230)
	at org.testng.internal.invokers.MethodRunner.runInSequence(MethodRunner.java:63)
	at org.testng.internal.invokers.TestInvoker$MethodInvocationAgent.invoke(TestInvoker.java:992)
	at org.testng.internal.invokers.TestInvoker.invokeTestMethods(TestInvoker.java:203)
	at org.testng.internal.invokers.TestMethodWorker.invokeTestMethods(TestMethodWorker.java:154)
	at org.testng.internal.invokers.TestMethodWorker.run(TestMethodWorker.java:134)
	at java.base/java.util.ArrayList.forEach(ArrayList.java:1541)
	at org.testng.TestRunner.privateRun(TestRunner.java:739)
	at org.testng.TestRunner.run(TestRunner.java:614)
	at org.testng.SuiteRunner.runTest(SuiteRunner.java:421)
	at org.testng.SuiteRunner$SuiteWorker.run(SuiteRunner.java:463)
	at org.testng.internal.thread.ThreadUtil.lambda$execute$0(ThreadUtil.java:64)
	at java.base/java.util.concurrent.FutureTask.run(FutureTask.java:264)
	at java.base/java.util.concurrent.ThreadPoolExecutor.runWorker(ThreadPoolExecutor.java:1128)
	at java.base/java.util.concurrent.ThreadPoolExecutor$Worker.run(ThreadPoolExecutor.java:628)
	at java.base/java.lang.Thread.run(Thread.java:829)
]]></failure>
    <system-out><![CDATA[15:08:44.301 [TestNG-tests-2] ERROR io.qameta.allure.AllureLifecycle -- Could not start step: no test case running
15:08:44.301 [TestNG-tests-2] ERROR io.qameta.allure.AllureLifecycle -- Could not stop step: step with uuid cff2d8f9-7a4c-4b75-88b1-bd84debfa578 not found
15:08:44.302 [TestNG-tests-1] ERROR io.qameta.allure.AllureLifecycle -- Could not start step: no test case running
15:08:44.303 [TestNG-tests-1] ERROR io.qameta.allure.AllureLifecycle -- Could not stop step: step with uuid 47c33978-27c8-4376-bacd-f356c3d0cd41 not found
]]></system-out>
  </testcase>
  <testcase name="runScenario[&quot;Get leave balance&quot;, &quot;Leave API Testing&quot;](4)" classname="runners.TestRunner" time="0.049">
    <failure message="The step &apos;I set the leave balance API endpoint for employee &quot;123&quot;&apos; and 2 other step(s) are undefined.&#10;You can implement these steps using the snippet(s) below:&#10;&#10;@Given(&quot;I set the leave balance API endpoint for employee {string}&quot;)&#10;public void i_set_the_leave_balance_api_endpoint_for_employee(String string) {&#10;    // Write code here that turns the phrase above into concrete actions&#10;    throw new io.cucumber.java.PendingException();&#10;}&#10;@When(&quot;I send a GET request to fetch leave balance&quot;)&#10;public void i_send_a_get_request_to_fetch_leave_balance() {&#10;    // Write code here that turns the phrase above into concrete actions&#10;    throw new io.cucumber.java.PendingException();&#10;}&#10;@Then(&quot;I should receive a {int} response with leave balance data&quot;)&#10;public void i_should_receive_a_response_with_leave_balance_data(Integer int1) {&#10;    // Write code here that turns the phrase above into concrete actions&#10;    throw new io.cucumber.java.PendingException();&#10;}&#10;" type="io.cucumber.testng.UndefinedStepException"><![CDATA[io.cucumber.testng.UndefinedStepException: 
The step 'I set the leave balance API endpoint for employee "123"' and 2 other step(s) are undefined.
You can implement these steps using the snippet(s) below:

@Given("I set the leave balance API endpoint for employee {string}")
public void i_set_the_leave_balance_api_endpoint_for_employee(String string) {
    // Write code here that turns the phrase above into concrete actions
    throw new io.cucumber.java.PendingException();
}
@When("I send a GET request to fetch leave balance")
public void i_send_a_get_request_to_fetch_leave_balance() {
    // Write code here that turns the phrase above into concrete actions
    throw new io.cucumber.java.PendingException();
}
@Then("I should receive a {int} response with leave balance data")
public void i_should_receive_a_response_with_leave_balance_data(Integer int1) {
    // Write code here that turns the phrase above into concrete actions
    throw new io.cucumber.java.PendingException();
}

	at io.cucumber.core.runtime.TestCaseResultObserver.assertTestCasePassed(TestCaseResultObserver.java:69)
	at io.cucumber.testng.TestCaseResultObserver.assertTestCasePassed(TestCaseResultObserver.java:23)
	at io.cucumber.testng.TestNGCucumberRunner.lambda$runScenario$1(TestNGCucumberRunner.java:133)
	at io.cucumber.core.runtime.CucumberExecutionContext.lambda$runTestCase$5(CucumberExecutionContext.java:137)
	at io.cucumber.core.runtime.RethrowingThrowableCollector.executeAndThrow(RethrowingThrowableCollector.java:23)
	at io.cucumber.core.runtime.CucumberExecutionContext.runTestCase(CucumberExecutionContext.java:137)
	at io.cucumber.testng.TestNGCucumberRunner.runScenario(TestNGCucumberRunner.java:129)
	at io.cucumber.testng.AbstractTestNGCucumberTests.runScenario(AbstractTestNGCucumberTests.java:35)
	at java.base/jdk.internal.reflect.NativeMethodAccessorImpl.invoke0(Native Method)
	at java.base/jdk.internal.reflect.NativeMethodAccessorImpl.invoke(NativeMethodAccessorImpl.java:62)
	at java.base/jdk.internal.reflect.DelegatingMethodAccessorImpl.invoke(DelegatingMethodAccessorImpl.java:43)
	at java.base/java.lang.reflect.Method.invoke(Method.java:566)
	at org.testng.internal.invokers.MethodInvocationHelper.invokeMethod(MethodInvocationHelper.java:141)
	at org.testng.internal.invokers.TestInvoker.invokeMethod(TestInvoker.java:686)
	at org.testng.internal.invokers.TestInvoker.invokeTestMethod(TestInvoker.java:230)
	at org.testng.internal.invokers.MethodRunner.runInSequence(MethodRunner.java:63)
	at org.testng.internal.invokers.TestInvoker$MethodInvocationAgent.invoke(TestInvoker.java:992)
	at org.testng.internal.invokers.TestInvoker.invokeTestMethods(TestInvoker.java:203)
	at org.testng.internal.invokers.TestMethodWorker.invokeTestMethods(TestMethodWorker.java:154)
	at org.testng.internal.invokers.TestMethodWorker.run(TestMethodWorker.java:134)
	at java.base/java.util.ArrayList.forEach(ArrayList.java:1541)
	at org.testng.TestRunner.privateRun(TestRunner.java:739)
	at org.testng.TestRunner.run(TestRunner.java:614)
	at org.testng.SuiteRunner.runTest(SuiteRunner.java:421)
	at org.testng.SuiteRunner$SuiteWorker.run(SuiteRunner.java:463)
	at org.testng.internal.thread.ThreadUtil.lambda$execute$0(ThreadUtil.java:64)
	at java.base/java.util.concurrent.FutureTask.run(FutureTask.java:264)
	at java.base/java.util.concurrent.ThreadPoolExecutor.runWorker(ThreadPoolExecutor.java:1128)
	at java.base/java.util.concurrent.ThreadPoolExecutor$Worker.run(ThreadPoolExecutor.java:628)
	at java.base/java.lang.Thread.run(Thread.java:829)
]]></failure>
    <system-out><![CDATA[15:08:44.305 [TestNG-tests-1] ERROR io.qameta.allure.AllureLifecycle -- Could not start step: no test case running
15:08:44.305 [TestNG-tests-1] ERROR io.qameta.allure.AllureLifecycle -- Could not stop step: step with uuid 6e562484-56a1-4cb2-916e-621e8d1a9e2b not found

@API
Scenario: Get leave balance                                     # src/test/resources/features/api/Leave.feature:9

@API
Scenario: Get leave balance                                     # src/test/resources/features/api/Leave.feature:9
  Given I set the leave balance API endpoint for employee "123"
  Given I set the leave balance API endpoint for employee "123"
  When I send a GET request to fetch leave balance
  Then I should receive a 404 response with leave balance data
  When I send a GET request to fetch leave balance
  Then I should receive a 404 response with leave balance data
15:08:44.385 [TestNG-tests-2] ERROR io.qameta.allure.AllureLifecycle -- Could not start step: no test case running
15:08:44.386 [TestNG-tests-2] ERROR io.qameta.allure.AllureLifecycle -- Could not stop step: step with uuid c0fe68b5-bf50-4ded-b327-c18a3e4a4083 not found
15:08:44.386 [TestNG-tests-2] ERROR io.qameta.allure.AllureLifecycle -- Could not add attachment: no test is running
15:08:44.389 [TestNG-tests-1] ERROR io.qameta.allure.AllureLifecycle -- Could not start step: no test case running
15:08:44.389 [TestNG-tests-1] ERROR io.qameta.allure.AllureLifecycle -- Could not stop step: step with uuid 14c05006-6293-4f11-84c7-96dc1cb59aff not found
15:08:44.390 [TestNG-tests-1] ERROR io.qameta.allure.AllureLifecycle -- Could not add attachment: no test is running
15:08:44.392 [TestNG-tests-2] ERROR io.qameta.allure.AllureLifecycle -- Could not start step: no test case running
15:08:44.393 [TestNG-tests-2] ERROR io.qameta.allure.AllureLifecycle -- Could not stop step: step with uuid a69dc05f-2ad2-4ea0-8b9c-5295c74ec34b not found
]]></system-out>
  </testcase>
  <testcase name="runScenario[&quot;Get leave balance&quot;, &quot;Leave API Testing&quot;](4)" classname="runners.TestRunner" time="0.049">
    <failure message="The step &apos;I set the leave balance API endpoint for employee &quot;123&quot;&apos; and 2 other step(s) are undefined.&#10;You can implement these steps using the snippet(s) below:&#10;&#10;@Given(&quot;I set the leave balance API endpoint for employee {string}&quot;)&#10;public void i_set_the_leave_balance_api_endpoint_for_employee(String string) {&#10;    // Write code here that turns the phrase above into concrete actions&#10;    throw new io.cucumber.java.PendingException();&#10;}&#10;@When(&quot;I send a GET request to fetch leave balance&quot;)&#10;public void i_send_a_get_request_to_fetch_leave_balance() {&#10;    // Write code here that turns the phrase above into concrete actions&#10;    throw new io.cucumber.java.PendingException();&#10;}&#10;@Then(&quot;I should receive a {int} response with leave balance data&quot;)&#10;public void i_should_receive_a_response_with_leave_balance_data(Integer int1) {&#10;    // Write code here that turns the phrase above into concrete actions&#10;    throw new io.cucumber.java.PendingException();&#10;}&#10;" type="io.cucumber.testng.UndefinedStepException"><![CDATA[io.cucumber.testng.UndefinedStepException: 
The step 'I set the leave balance API endpoint for employee "123"' and 2 other step(s) are undefined.
You can implement these steps using the snippet(s) below:

@Given("I set the leave balance API endpoint for employee {string}")
public void i_set_the_leave_balance_api_endpoint_for_employee(String string) {
    // Write code here that turns the phrase above into concrete actions
    throw new io.cucumber.java.PendingException();
}
@When("I send a GET request to fetch leave balance")
public void i_send_a_get_request_to_fetch_leave_balance() {
    // Write code here that turns the phrase above into concrete actions
    throw new io.cucumber.java.PendingException();
}
@Then("I should receive a {int} response with leave balance data")
public void i_should_receive_a_response_with_leave_balance_data(Integer int1) {
    // Write code here that turns the phrase above into concrete actions
    throw new io.cucumber.java.PendingException();
}

	at io.cucumber.core.runtime.TestCaseResultObserver.assertTestCasePassed(TestCaseResultObserver.java:69)
	at io.cucumber.testng.TestCaseResultObserver.assertTestCasePassed(TestCaseResultObserver.java:23)
	at io.cucumber.testng.TestNGCucumberRunner.lambda$runScenario$1(TestNGCucumberRunner.java:133)
	at io.cucumber.core.runtime.CucumberExecutionContext.lambda$runTestCase$5(CucumberExecutionContext.java:137)
	at io.cucumber.core.runtime.RethrowingThrowableCollector.executeAndThrow(RethrowingThrowableCollector.java:23)
	at io.cucumber.core.runtime.CucumberExecutionContext.runTestCase(CucumberExecutionContext.java:137)
	at io.cucumber.testng.TestNGCucumberRunner.runScenario(TestNGCucumberRunner.java:129)
	at io.cucumber.testng.AbstractTestNGCucumberTests.runScenario(AbstractTestNGCucumberTests.java:35)
	at java.base/jdk.internal.reflect.NativeMethodAccessorImpl.invoke0(Native Method)
	at java.base/jdk.internal.reflect.NativeMethodAccessorImpl.invoke(NativeMethodAccessorImpl.java:62)
	at java.base/jdk.internal.reflect.DelegatingMethodAccessorImpl.invoke(DelegatingMethodAccessorImpl.java:43)
	at java.base/java.lang.reflect.Method.invoke(Method.java:566)
	at org.testng.internal.invokers.MethodInvocationHelper.invokeMethod(MethodInvocationHelper.java:141)
	at org.testng.internal.invokers.TestInvoker.invokeMethod(TestInvoker.java:686)
	at org.testng.internal.invokers.TestInvoker.invokeTestMethod(TestInvoker.java:230)
	at org.testng.internal.invokers.MethodRunner.runInSequence(MethodRunner.java:63)
	at org.testng.internal.invokers.TestInvoker$MethodInvocationAgent.invoke(TestInvoker.java:992)
	at org.testng.internal.invokers.TestInvoker.invokeTestMethods(TestInvoker.java:203)
	at org.testng.internal.invokers.TestMethodWorker.invokeTestMethods(TestMethodWorker.java:154)
	at org.testng.internal.invokers.TestMethodWorker.run(TestMethodWorker.java:134)
	at java.base/java.util.ArrayList.forEach(ArrayList.java:1541)
	at org.testng.TestRunner.privateRun(TestRunner.java:739)
	at org.testng.TestRunner.run(TestRunner.java:614)
	at org.testng.SuiteRunner.runTest(SuiteRunner.java:421)
	at org.testng.SuiteRunner$SuiteWorker.run(SuiteRunner.java:463)
	at org.testng.internal.thread.ThreadUtil.lambda$execute$0(ThreadUtil.java:64)
	at java.base/java.util.concurrent.FutureTask.run(FutureTask.java:264)
	at java.base/java.util.concurrent.ThreadPoolExecutor.runWorker(ThreadPoolExecutor.java:1128)
	at java.base/java.util.concurrent.ThreadPoolExecutor$Worker.run(ThreadPoolExecutor.java:628)
	at java.base/java.lang.Thread.run(Thread.java:829)
]]></failure>
    <system-out><![CDATA[15:08:44.399 [TestNG-tests-2] ERROR io.qameta.allure.AllureLifecycle -- Could not start step: no test case running
15:08:44.399 [TestNG-tests-2] ERROR io.qameta.allure.AllureLifecycle -- Could not stop step: step with uuid d2caeb98-f0e0-4c0d-b1ff-e83ecbec29f6 not found
15:08:44.403 [TestNG-tests-1] ERROR io.qameta.allure.AllureLifecycle -- Could not start step: no test case running
15:08:44.403 [TestNG-tests-1] ERROR io.qameta.allure.AllureLifecycle -- Could not stop step: step with uuid 58558651-f038-437b-b1f2-57dce85820cd not found
]]></system-out>
  </testcase>
  <testcase name="runScenario[&quot;Successful login with valid credentials&quot;, &quot;OrangeHRM Login API Testing&quot;](5)" classname="runners.TestRunner" time="0.038">
    <failure message="The step &apos;I set the login API endpoint&apos; and 2 other step(s) are undefined.&#10;You can implement these steps using the snippet(s) below:&#10;&#10;@Given(&quot;I set the login API endpoint&quot;)&#10;public void i_set_the_login_api_endpoint() {&#10;    // Write code here that turns the phrase above into concrete actions&#10;    throw new io.cucumber.java.PendingException();&#10;}&#10;@When(&quot;I send a POST request with valid credentials&quot;)&#10;public void i_send_a_post_request_with_valid_credentials() {&#10;    // Write code here that turns the phrase above into concrete actions&#10;    throw new io.cucumber.java.PendingException();&#10;}&#10;@Then(&quot;I should receive a {int} response from OrangeHRM&quot;)&#10;public void i_should_receive_a_response_from_orange_hrm(Integer int1) {&#10;    // Write code here that turns the phrase above into concrete actions&#10;    throw new io.cucumber.java.PendingException();&#10;}&#10;" type="io.cucumber.testng.UndefinedStepException"><![CDATA[io.cucumber.testng.UndefinedStepException: 
The step 'I set the login API endpoint' and 2 other step(s) are undefined.
You can implement these steps using the snippet(s) below:

@Given("I set the login API endpoint")
public void i_set_the_login_api_endpoint() {
    // Write code here that turns the phrase above into concrete actions
    throw new io.cucumber.java.PendingException();
}
@When("I send a POST request with valid credentials")
public void i_send_a_post_request_with_valid_credentials() {
    // Write code here that turns the phrase above into concrete actions
    throw new io.cucumber.java.PendingException();
}
@Then("I should receive a {int} response from OrangeHRM")
public void i_should_receive_a_response_from_orange_hrm(Integer int1) {
    // Write code here that turns the phrase above into concrete actions
    throw new io.cucumber.java.PendingException();
}

	at io.cucumber.core.runtime.TestCaseResultObserver.assertTestCasePassed(TestCaseResultObserver.java:69)
	at io.cucumber.testng.TestCaseResultObserver.assertTestCasePassed(TestCaseResultObserver.java:23)
	at io.cucumber.testng.TestNGCucumberRunner.lambda$runScenario$1(TestNGCucumberRunner.java:133)
	at io.cucumber.core.runtime.CucumberExecutionContext.lambda$runTestCase$5(CucumberExecutionContext.java:137)
	at io.cucumber.core.runtime.RethrowingThrowableCollector.executeAndThrow(RethrowingThrowableCollector.java:23)
	at io.cucumber.core.runtime.CucumberExecutionContext.runTestCase(CucumberExecutionContext.java:137)
	at io.cucumber.testng.TestNGCucumberRunner.runScenario(TestNGCucumberRunner.java:129)
	at io.cucumber.testng.AbstractTestNGCucumberTests.runScenario(AbstractTestNGCucumberTests.java:35)
	at java.base/jdk.internal.reflect.NativeMethodAccessorImpl.invoke0(Native Method)
	at java.base/jdk.internal.reflect.NativeMethodAccessorImpl.invoke(NativeMethodAccessorImpl.java:62)
	at java.base/jdk.internal.reflect.DelegatingMethodAccessorImpl.invoke(DelegatingMethodAccessorImpl.java:43)
	at java.base/java.lang.reflect.Method.invoke(Method.java:566)
	at org.testng.internal.invokers.MethodInvocationHelper.invokeMethod(MethodInvocationHelper.java:141)
	at org.testng.internal.invokers.TestInvoker.invokeMethod(TestInvoker.java:686)
	at org.testng.internal.invokers.TestInvoker.invokeTestMethod(TestInvoker.java:230)
	at org.testng.internal.invokers.MethodRunner.runInSequence(MethodRunner.java:63)
	at org.testng.internal.invokers.TestInvoker$MethodInvocationAgent.invoke(TestInvoker.java:992)
	at org.testng.internal.invokers.TestInvoker.invokeTestMethods(TestInvoker.java:203)
	at org.testng.internal.invokers.TestMethodWorker.invokeTestMethods(TestMethodWorker.java:154)
	at org.testng.internal.invokers.TestMethodWorker.run(TestMethodWorker.java:134)
	at java.base/java.util.ArrayList.forEach(ArrayList.java:1541)
	at org.testng.TestRunner.privateRun(TestRunner.java:739)
	at org.testng.TestRunner.run(TestRunner.java:614)
	at org.testng.SuiteRunner.runTest(SuiteRunner.java:421)
	at org.testng.SuiteRunner$SuiteWorker.run(SuiteRunner.java:463)
	at org.testng.internal.thread.ThreadUtil.lambda$execute$0(ThreadUtil.java:64)
	at java.base/java.util.concurrent.FutureTask.run(FutureTask.java:264)
	at java.base/java.util.concurrent.ThreadPoolExecutor.runWorker(ThreadPoolExecutor.java:1128)
	at java.base/java.util.concurrent.ThreadPoolExecutor$Worker.run(ThreadPoolExecutor.java:628)
	at java.base/java.lang.Thread.run(Thread.java:829)
]]></failure>
    <system-out><![CDATA[15:08:44.405 [TestNG-tests-1] ERROR io.qameta.allure.AllureLifecycle -- Could not start step: no test case running
15:08:44.406 [TestNG-tests-1] ERROR io.qameta.allure.AllureLifecycle -- Could not stop step: step with uuid da68db70-0e59-4843-b003-d528f18f5175 not found

@API
Scenario: Successful login with valid credentials     # src/test/resources/features/api/Login.feature:4

@API
Scenario: Successful login with valid credentials     # src/test/resources/features/api/Login.feature:4
  Given I set the login API endpoint
  Given I set the login API endpoint
  When I send a POST request with valid credentials
  Then I should receive a 302 response from OrangeHRM
  When I send a POST request with valid credentials
  Then I should receive a 302 response from OrangeHRM
15:08:44.466 [TestNG-tests-2] ERROR io.qameta.allure.AllureLifecycle -- Could not start step: no test case running
15:08:44.466 [TestNG-tests-2] ERROR io.qameta.allure.AllureLifecycle -- Could not stop step: step with uuid 9bef435f-c04f-4c04-8cbf-ee02002b341e not found
15:08:44.467 [TestNG-tests-2] ERROR io.qameta.allure.AllureLifecycle -- Could not add attachment: no test is running
15:08:44.473 [TestNG-tests-2] ERROR io.qameta.allure.AllureLifecycle -- Could not start step: no test case running
15:08:44.475 [TestNG-tests-2] ERROR io.qameta.allure.AllureLifecycle -- Could not stop step: step with uuid e7d473b5-0006-4ef8-b48f-64db051129aa not found
]]></system-out>
  </testcase>
  <testcase name="runScenario[&quot;Successful login with valid credentials&quot;, &quot;OrangeHRM Login API Testing&quot;](5)" classname="runners.TestRunner" time="0.026">
    <failure message="The step &apos;I set the login API endpoint&apos; and 2 other step(s) are undefined.&#10;You can implement these steps using the snippet(s) below:&#10;&#10;@Given(&quot;I set the login API endpoint&quot;)&#10;public void i_set_the_login_api_endpoint() {&#10;    // Write code here that turns the phrase above into concrete actions&#10;    throw new io.cucumber.java.PendingException();&#10;}&#10;@When(&quot;I send a POST request with valid credentials&quot;)&#10;public void i_send_a_post_request_with_valid_credentials() {&#10;    // Write code here that turns the phrase above into concrete actions&#10;    throw new io.cucumber.java.PendingException();&#10;}&#10;@Then(&quot;I should receive a {int} response from OrangeHRM&quot;)&#10;public void i_should_receive_a_response_from_orange_hrm(Integer int1) {&#10;    // Write code here that turns the phrase above into concrete actions&#10;    throw new io.cucumber.java.PendingException();&#10;}&#10;" type="io.cucumber.testng.UndefinedStepException"><![CDATA[io.cucumber.testng.UndefinedStepException: 
The step 'I set the login API endpoint' and 2 other step(s) are undefined.
You can implement these steps using the snippet(s) below:

@Given("I set the login API endpoint")
public void i_set_the_login_api_endpoint() {
    // Write code here that turns the phrase above into concrete actions
    throw new io.cucumber.java.PendingException();
}
@When("I send a POST request with valid credentials")
public void i_send_a_post_request_with_valid_credentials() {
    // Write code here that turns the phrase above into concrete actions
    throw new io.cucumber.java.PendingException();
}
@Then("I should receive a {int} response from OrangeHRM")
public void i_should_receive_a_response_from_orange_hrm(Integer int1) {
    // Write code here that turns the phrase above into concrete actions
    throw new io.cucumber.java.PendingException();
}

	at io.cucumber.core.runtime.TestCaseResultObserver.assertTestCasePassed(TestCaseResultObserver.java:69)
	at io.cucumber.testng.TestCaseResultObserver.assertTestCasePassed(TestCaseResultObserver.java:23)
	at io.cucumber.testng.TestNGCucumberRunner.lambda$runScenario$1(TestNGCucumberRunner.java:133)
	at io.cucumber.core.runtime.CucumberExecutionContext.lambda$runTestCase$5(CucumberExecutionContext.java:137)
	at io.cucumber.core.runtime.RethrowingThrowableCollector.executeAndThrow(RethrowingThrowableCollector.java:23)
	at io.cucumber.core.runtime.CucumberExecutionContext.runTestCase(CucumberExecutionContext.java:137)
	at io.cucumber.testng.TestNGCucumberRunner.runScenario(TestNGCucumberRunner.java:129)
	at io.cucumber.testng.AbstractTestNGCucumberTests.runScenario(AbstractTestNGCucumberTests.java:35)
	at java.base/jdk.internal.reflect.NativeMethodAccessorImpl.invoke0(Native Method)
	at java.base/jdk.internal.reflect.NativeMethodAccessorImpl.invoke(NativeMethodAccessorImpl.java:62)
	at java.base/jdk.internal.reflect.DelegatingMethodAccessorImpl.invoke(DelegatingMethodAccessorImpl.java:43)
	at java.base/java.lang.reflect.Method.invoke(Method.java:566)
	at org.testng.internal.invokers.MethodInvocationHelper.invokeMethod(MethodInvocationHelper.java:141)
	at org.testng.internal.invokers.TestInvoker.invokeMethod(TestInvoker.java:686)
	at org.testng.internal.invokers.TestInvoker.invokeTestMethod(TestInvoker.java:230)
	at org.testng.internal.invokers.MethodRunner.runInSequence(MethodRunner.java:63)
	at org.testng.internal.invokers.TestInvoker$MethodInvocationAgent.invoke(TestInvoker.java:992)
	at org.testng.internal.invokers.TestInvoker.invokeTestMethods(TestInvoker.java:203)
	at org.testng.internal.invokers.TestMethodWorker.invokeTestMethods(TestMethodWorker.java:154)
	at org.testng.internal.invokers.TestMethodWorker.run(TestMethodWorker.java:134)
	at java.base/java.util.ArrayList.forEach(ArrayList.java:1541)
	at org.testng.TestRunner.privateRun(TestRunner.java:739)
	at org.testng.TestRunner.run(TestRunner.java:614)
	at org.testng.SuiteRunner.runTest(SuiteRunner.java:421)
	at org.testng.SuiteRunner$SuiteWorker.run(SuiteRunner.java:463)
	at org.testng.internal.thread.ThreadUtil.lambda$execute$0(ThreadUtil.java:64)
	at java.base/java.util.concurrent.FutureTask.run(FutureTask.java:264)
	at java.base/java.util.concurrent.ThreadPoolExecutor.runWorker(ThreadPoolExecutor.java:1128)
	at java.base/java.util.concurrent.ThreadPoolExecutor$Worker.run(ThreadPoolExecutor.java:628)
	at java.base/java.lang.Thread.run(Thread.java:829)
]]></failure>
    <system-out><![CDATA[15:08:44.479 [TestNG-tests-2] ERROR io.qameta.allure.AllureLifecycle -- Could not start step: no test case running
15:08:44.481 [TestNG-tests-2] ERROR io.qameta.allure.AllureLifecycle -- Could not stop step: step with uuid 0f57a08b-9f0e-4baa-a046-8a30914efc5a not found

@API
Scenario: Login with invalid credentials              # src/test/resources/features/api/Login.feature:9
15:08:44.500 [TestNG-tests-1] ERROR io.qameta.allure.AllureLifecycle -- Could not start step: no test case running
15:08:44.500 [TestNG-tests-1] ERROR io.qameta.allure.AllureLifecycle -- Could not stop step: step with uuid 0bab1a9c-bced-4ac8-b147-148f25311d85 not found
15:08:44.501 [TestNG-tests-1] ERROR io.qameta.allure.AllureLifecycle -- Could not add attachment: no test is running
  Given I set the login API endpoint
15:08:44.512 [TestNG-tests-1] ERROR io.qameta.allure.AllureLifecycle -- Could not start step: no test case running
15:08:44.512 [TestNG-tests-1] ERROR io.qameta.allure.AllureLifecycle -- Could not stop step: step with uuid 800c8dea-2330-4f6c-a83c-78f6dcf2bac6 not found
]]></system-out>
  </testcase>
  <testcase name="runScenario[&quot;Login with invalid credentials&quot;, &quot;OrangeHRM Login API Testing&quot;](6)" classname="runners.TestRunner" time="0.052">
    <failure message="The step &apos;I set the login API endpoint&apos; and 2 other step(s) are undefined.&#10;You can implement these steps using the snippet(s) below:&#10;&#10;@Given(&quot;I set the login API endpoint&quot;)&#10;public void i_set_the_login_api_endpoint() {&#10;    // Write code here that turns the phrase above into concrete actions&#10;    throw new io.cucumber.java.PendingException();&#10;}&#10;@When(&quot;I send a POST request with invalid credentials&quot;)&#10;public void i_send_a_post_request_with_invalid_credentials() {&#10;    // Write code here that turns the phrase above into concrete actions&#10;    throw new io.cucumber.java.PendingException();&#10;}&#10;@Then(&quot;I should receive a {int} response from OrangeHRM&quot;)&#10;public void i_should_receive_a_response_from_orange_hrm(Integer int1) {&#10;    // Write code here that turns the phrase above into concrete actions&#10;    throw new io.cucumber.java.PendingException();&#10;}&#10;" type="io.cucumber.testng.UndefinedStepException"><![CDATA[io.cucumber.testng.UndefinedStepException: 
The step 'I set the login API endpoint' and 2 other step(s) are undefined.
You can implement these steps using the snippet(s) below:

@Given("I set the login API endpoint")
public void i_set_the_login_api_endpoint() {
    // Write code here that turns the phrase above into concrete actions
    throw new io.cucumber.java.PendingException();
}
@When("I send a POST request with invalid credentials")
public void i_send_a_post_request_with_invalid_credentials() {
    // Write code here that turns the phrase above into concrete actions
    throw new io.cucumber.java.PendingException();
}
@Then("I should receive a {int} response from OrangeHRM")
public void i_should_receive_a_response_from_orange_hrm(Integer int1) {
    // Write code here that turns the phrase above into concrete actions
    throw new io.cucumber.java.PendingException();
}

	at io.cucumber.core.runtime.TestCaseResultObserver.assertTestCasePassed(TestCaseResultObserver.java:69)
	at io.cucumber.testng.TestCaseResultObserver.assertTestCasePassed(TestCaseResultObserver.java:23)
	at io.cucumber.testng.TestNGCucumberRunner.lambda$runScenario$1(TestNGCucumberRunner.java:133)
	at io.cucumber.core.runtime.CucumberExecutionContext.lambda$runTestCase$5(CucumberExecutionContext.java:137)
	at io.cucumber.core.runtime.RethrowingThrowableCollector.executeAndThrow(RethrowingThrowableCollector.java:23)
	at io.cucumber.core.runtime.CucumberExecutionContext.runTestCase(CucumberExecutionContext.java:137)
	at io.cucumber.testng.TestNGCucumberRunner.runScenario(TestNGCucumberRunner.java:129)
	at io.cucumber.testng.AbstractTestNGCucumberTests.runScenario(AbstractTestNGCucumberTests.java:35)
	at java.base/jdk.internal.reflect.NativeMethodAccessorImpl.invoke0(Native Method)
	at java.base/jdk.internal.reflect.NativeMethodAccessorImpl.invoke(NativeMethodAccessorImpl.java:62)
	at java.base/jdk.internal.reflect.DelegatingMethodAccessorImpl.invoke(DelegatingMethodAccessorImpl.java:43)
	at java.base/java.lang.reflect.Method.invoke(Method.java:566)
	at org.testng.internal.invokers.MethodInvocationHelper.invokeMethod(MethodInvocationHelper.java:141)
	at org.testng.internal.invokers.TestInvoker.invokeMethod(TestInvoker.java:686)
	at org.testng.internal.invokers.TestInvoker.invokeTestMethod(TestInvoker.java:230)
	at org.testng.internal.invokers.MethodRunner.runInSequence(MethodRunner.java:63)
	at org.testng.internal.invokers.TestInvoker$MethodInvocationAgent.invoke(TestInvoker.java:992)
	at org.testng.internal.invokers.TestInvoker.invokeTestMethods(TestInvoker.java:203)
	at org.testng.internal.invokers.TestMethodWorker.invokeTestMethods(TestMethodWorker.java:154)
	at org.testng.internal.invokers.TestMethodWorker.run(TestMethodWorker.java:134)
	at java.base/java.util.ArrayList.forEach(ArrayList.java:1541)
	at org.testng.TestRunner.privateRun(TestRunner.java:739)
	at org.testng.TestRunner.run(TestRunner.java:614)
	at org.testng.SuiteRunner.runTest(SuiteRunner.java:421)
	at org.testng.SuiteRunner$SuiteWorker.run(SuiteRunner.java:463)
	at org.testng.internal.thread.ThreadUtil.lambda$execute$0(ThreadUtil.java:64)
	at java.base/java.util.concurrent.FutureTask.run(FutureTask.java:264)
	at java.base/java.util.concurrent.ThreadPoolExecutor.runWorker(ThreadPoolExecutor.java:1128)
	at java.base/java.util.concurrent.ThreadPoolExecutor$Worker.run(ThreadPoolExecutor.java:628)
	at java.base/java.lang.Thread.run(Thread.java:829)
]]></failure>
    <system-out><![CDATA[15:08:44.515 [TestNG-tests-1] ERROR io.qameta.allure.AllureLifecycle -- Could not start step: no test case running
15:08:44.516 [TestNG-tests-1] ERROR io.qameta.allure.AllureLifecycle -- Could not stop step: step with uuid 0c95b837-a24c-4ed2-b13f-209d2301f9c0 not found
  When I send a POST request with invalid credentials
  Then I should receive a 302 response from OrangeHRM

@API
Scenario: Login with invalid credentials              # src/test/resources/features/api/Login.feature:9
15:08:44.539 [TestNG-tests-2] ERROR io.qameta.allure.AllureLifecycle -- Could not start step: no test case running
15:08:44.540 [TestNG-tests-2] ERROR io.qameta.allure.AllureLifecycle -- Could not stop step: step with uuid b4413dc9-6ba6-47e2-a1af-81b3a4aed569 not found
15:08:44.541 [TestNG-tests-2] ERROR io.qameta.allure.AllureLifecycle -- Could not add attachment: no test is running
  Given I set the login API endpoint
  When I send a POST request with invalid credentials
15:08:44.549 [TestNG-tests-2] ERROR io.qameta.allure.AllureLifecycle -- Could not start step: no test case running
15:08:44.549 [TestNG-tests-2] ERROR io.qameta.allure.AllureLifecycle -- Could not stop step: step with uuid d2fa5f16-d590-4c51-892c-eebcc4e6273c not found
]]></system-out>
  </testcase>
  <testcase name="runScenario[&quot;Login with invalid credentials&quot;, &quot;OrangeHRM Login API Testing&quot;](6)" classname="runners.TestRunner" time="0.01">
    <failure message="The step &apos;I set the login API endpoint&apos; and 2 other step(s) are undefined.&#10;You can implement these steps using the snippet(s) below:&#10;&#10;@Given(&quot;I set the login API endpoint&quot;)&#10;public void i_set_the_login_api_endpoint() {&#10;    // Write code here that turns the phrase above into concrete actions&#10;    throw new io.cucumber.java.PendingException();&#10;}&#10;@When(&quot;I send a POST request with invalid credentials&quot;)&#10;public void i_send_a_post_request_with_invalid_credentials() {&#10;    // Write code here that turns the phrase above into concrete actions&#10;    throw new io.cucumber.java.PendingException();&#10;}&#10;@Then(&quot;I should receive a {int} response from OrangeHRM&quot;)&#10;public void i_should_receive_a_response_from_orange_hrm(Integer int1) {&#10;    // Write code here that turns the phrase above into concrete actions&#10;    throw new io.cucumber.java.PendingException();&#10;}&#10;" type="io.cucumber.testng.UndefinedStepException"><![CDATA[io.cucumber.testng.UndefinedStepException: 
The step 'I set the login API endpoint' and 2 other step(s) are undefined.
You can implement these steps using the snippet(s) below:

@Given("I set the login API endpoint")
public void i_set_the_login_api_endpoint() {
    // Write code here that turns the phrase above into concrete actions
    throw new io.cucumber.java.PendingException();
}
@When("I send a POST request with invalid credentials")
public void i_send_a_post_request_with_invalid_credentials() {
    // Write code here that turns the phrase above into concrete actions
    throw new io.cucumber.java.PendingException();
}
@Then("I should receive a {int} response from OrangeHRM")
public void i_should_receive_a_response_from_orange_hrm(Integer int1) {
    // Write code here that turns the phrase above into concrete actions
    throw new io.cucumber.java.PendingException();
}

	at io.cucumber.core.runtime.TestCaseResultObserver.assertTestCasePassed(TestCaseResultObserver.java:69)
	at io.cucumber.testng.TestCaseResultObserver.assertTestCasePassed(TestCaseResultObserver.java:23)
	at io.cucumber.testng.TestNGCucumberRunner.lambda$runScenario$1(TestNGCucumberRunner.java:133)
	at io.cucumber.core.runtime.CucumberExecutionContext.lambda$runTestCase$5(CucumberExecutionContext.java:137)
	at io.cucumber.core.runtime.RethrowingThrowableCollector.executeAndThrow(RethrowingThrowableCollector.java:23)
	at io.cucumber.core.runtime.CucumberExecutionContext.runTestCase(CucumberExecutionContext.java:137)
	at io.cucumber.testng.TestNGCucumberRunner.runScenario(TestNGCucumberRunner.java:129)
	at io.cucumber.testng.AbstractTestNGCucumberTests.runScenario(AbstractTestNGCucumberTests.java:35)
	at java.base/jdk.internal.reflect.NativeMethodAccessorImpl.invoke0(Native Method)
	at java.base/jdk.internal.reflect.NativeMethodAccessorImpl.invoke(NativeMethodAccessorImpl.java:62)
	at java.base/jdk.internal.reflect.DelegatingMethodAccessorImpl.invoke(DelegatingMethodAccessorImpl.java:43)
	at java.base/java.lang.reflect.Method.invoke(Method.java:566)
	at org.testng.internal.invokers.MethodInvocationHelper.invokeMethod(MethodInvocationHelper.java:141)
	at org.testng.internal.invokers.TestInvoker.invokeMethod(TestInvoker.java:686)
	at org.testng.internal.invokers.TestInvoker.invokeTestMethod(TestInvoker.java:230)
	at org.testng.internal.invokers.MethodRunner.runInSequence(MethodRunner.java:63)
	at org.testng.internal.invokers.TestInvoker$MethodInvocationAgent.invoke(TestInvoker.java:992)
	at org.testng.internal.invokers.TestInvoker.invokeTestMethods(TestInvoker.java:203)
	at org.testng.internal.invokers.TestMethodWorker.invokeTestMethods(TestMethodWorker.java:154)
	at org.testng.internal.invokers.TestMethodWorker.run(TestMethodWorker.java:134)
	at java.base/java.util.ArrayList.forEach(ArrayList.java:1541)
	at org.testng.TestRunner.privateRun(TestRunner.java:739)
	at org.testng.TestRunner.run(TestRunner.java:614)
	at org.testng.SuiteRunner.runTest(SuiteRunner.java:421)
	at org.testng.SuiteRunner$SuiteWorker.run(SuiteRunner.java:463)
	at org.testng.internal.thread.ThreadUtil.lambda$execute$0(ThreadUtil.java:64)
	at java.base/java.util.concurrent.FutureTask.run(FutureTask.java:264)
	at java.base/java.util.concurrent.ThreadPoolExecutor.runWorker(ThreadPoolExecutor.java:1128)
	at java.base/java.util.concurrent.ThreadPoolExecutor$Worker.run(ThreadPoolExecutor.java:628)
	at java.base/java.lang.Thread.run(Thread.java:829)
]]></failure>
    <system-out><![CDATA[  Then I should receive a 302 response from OrangeHRM
15:08:44.552 [TestNG-tests-2] ERROR io.qameta.allure.AllureLifecycle -- Could not start step: no test case running
15:08:44.552 [TestNG-tests-2] ERROR io.qameta.allure.AllureLifecycle -- Could not stop step: step with uuid b1bbefe6-3712-486c-8738-28a6e3bce7ce not found

@API
Scenario: Logout from OrangeHRM                          # src/test/resources/features/api/Logout.feature:4
  Given I set the logout API endpoint
  When I send a POST request to logout
15:08:44.591 [TestNG-tests-1] ERROR io.qameta.allure.AllureLifecycle -- Could not start step: no test case running
15:08:44.591 [TestNG-tests-1] ERROR io.qameta.allure.AllureLifecycle -- Could not stop step: step with uuid f73b66a2-5851-465f-9ecd-690eedcca203 not found
  Then I should receive a 404 response confirming logout
15:08:44.594 [TestNG-tests-1] ERROR io.qameta.allure.AllureLifecycle -- Could not add attachment: no test is running
15:08:44.602 [TestNG-tests-1] ERROR io.qameta.allure.AllureLifecycle -- Could not start step: no test case running
15:08:44.605 [TestNG-tests-1] ERROR io.qameta.allure.AllureLifecycle -- Could not stop step: step with uuid d36a7ff4-d628-4a77-aef1-52c5fa19c8ac not found
]]></system-out>
  </testcase>
  <testcase name="runScenario[&quot;Logout from OrangeHRM&quot;, &quot;Logout API Testing&quot;](7)" classname="runners.TestRunner" time="0.014">
    <failure message="The step &apos;I set the logout API endpoint&apos; and 2 other step(s) are undefined.&#10;You can implement these steps using the snippet(s) below:&#10;&#10;@Given(&quot;I set the logout API endpoint&quot;)&#10;public void i_set_the_logout_api_endpoint() {&#10;    // Write code here that turns the phrase above into concrete actions&#10;    throw new io.cucumber.java.PendingException();&#10;}&#10;@When(&quot;I send a POST request to logout&quot;)&#10;public void i_send_a_post_request_to_logout() {&#10;    // Write code here that turns the phrase above into concrete actions&#10;    throw new io.cucumber.java.PendingException();&#10;}&#10;@Then(&quot;I should receive a {int} response confirming logout&quot;)&#10;public void i_should_receive_a_response_confirming_logout(Integer int1) {&#10;    // Write code here that turns the phrase above into concrete actions&#10;    throw new io.cucumber.java.PendingException();&#10;}&#10;" type="io.cucumber.testng.UndefinedStepException"><![CDATA[io.cucumber.testng.UndefinedStepException: 
The step 'I set the logout API endpoint' and 2 other step(s) are undefined.
You can implement these steps using the snippet(s) below:

@Given("I set the logout API endpoint")
public void i_set_the_logout_api_endpoint() {
    // Write code here that turns the phrase above into concrete actions
    throw new io.cucumber.java.PendingException();
}
@When("I send a POST request to logout")
public void i_send_a_post_request_to_logout() {
    // Write code here that turns the phrase above into concrete actions
    throw new io.cucumber.java.PendingException();
}
@Then("I should receive a {int} response confirming logout")
public void i_should_receive_a_response_confirming_logout(Integer int1) {
    // Write code here that turns the phrase above into concrete actions
    throw new io.cucumber.java.PendingException();
}

	at io.cucumber.core.runtime.TestCaseResultObserver.assertTestCasePassed(TestCaseResultObserver.java:69)
	at io.cucumber.testng.TestCaseResultObserver.assertTestCasePassed(TestCaseResultObserver.java:23)
	at io.cucumber.testng.TestNGCucumberRunner.lambda$runScenario$1(TestNGCucumberRunner.java:133)
	at io.cucumber.core.runtime.CucumberExecutionContext.lambda$runTestCase$5(CucumberExecutionContext.java:137)
	at io.cucumber.core.runtime.RethrowingThrowableCollector.executeAndThrow(RethrowingThrowableCollector.java:23)
	at io.cucumber.core.runtime.CucumberExecutionContext.runTestCase(CucumberExecutionContext.java:137)
	at io.cucumber.testng.TestNGCucumberRunner.runScenario(TestNGCucumberRunner.java:129)
	at io.cucumber.testng.AbstractTestNGCucumberTests.runScenario(AbstractTestNGCucumberTests.java:35)
	at java.base/jdk.internal.reflect.NativeMethodAccessorImpl.invoke0(Native Method)
	at java.base/jdk.internal.reflect.NativeMethodAccessorImpl.invoke(NativeMethodAccessorImpl.java:62)
	at java.base/jdk.internal.reflect.DelegatingMethodAccessorImpl.invoke(DelegatingMethodAccessorImpl.java:43)
	at java.base/java.lang.reflect.Method.invoke(Method.java:566)
	at org.testng.internal.invokers.MethodInvocationHelper.invokeMethod(MethodInvocationHelper.java:141)
	at org.testng.internal.invokers.TestInvoker.invokeMethod(TestInvoker.java:686)
	at org.testng.internal.invokers.TestInvoker.invokeTestMethod(TestInvoker.java:230)
	at org.testng.internal.invokers.MethodRunner.runInSequence(MethodRunner.java:63)
	at org.testng.internal.invokers.TestInvoker$MethodInvocationAgent.invoke(TestInvoker.java:992)
	at org.testng.internal.invokers.TestInvoker.invokeTestMethods(TestInvoker.java:203)
	at org.testng.internal.invokers.TestMethodWorker.invokeTestMethods(TestMethodWorker.java:154)
	at org.testng.internal.invokers.TestMethodWorker.run(TestMethodWorker.java:134)
	at java.base/java.util.ArrayList.forEach(ArrayList.java:1541)
	at org.testng.TestRunner.privateRun(TestRunner.java:739)
	at org.testng.TestRunner.run(TestRunner.java:614)
	at org.testng.SuiteRunner.runTest(SuiteRunner.java:421)
	at org.testng.SuiteRunner$SuiteWorker.run(SuiteRunner.java:463)
	at org.testng.internal.thread.ThreadUtil.lambda$execute$0(ThreadUtil.java:64)
	at java.base/java.util.concurrent.FutureTask.run(FutureTask.java:264)
	at java.base/java.util.concurrent.ThreadPoolExecutor.runWorker(ThreadPoolExecutor.java:1128)
	at java.base/java.util.concurrent.ThreadPoolExecutor$Worker.run(ThreadPoolExecutor.java:628)
	at java.base/java.lang.Thread.run(Thread.java:829)
]]></failure>
    <system-out><![CDATA[15:08:44.611 [TestNG-tests-1] ERROR io.qameta.allure.AllureLifecycle -- Could not start step: no test case running
15:08:44.612 [TestNG-tests-1] ERROR io.qameta.allure.AllureLifecycle -- Could not stop step: step with uuid a57f090e-7635-4a28-a06d-700d060bdd9d not found
15:08:44.613 [TestNG-tests-2] ERROR io.qameta.allure.AllureLifecycle -- Could not start step: no test case running
15:08:44.614 [TestNG-tests-2] ERROR io.qameta.allure.AllureLifecycle -- Could not stop step: step with uuid fbc39e66-8863-4586-8757-70414351783e not found
15:08:44.614 [TestNG-tests-2] ERROR io.qameta.allure.AllureLifecycle -- Could not add attachment: no test is running

@API
Scenario: Logout from OrangeHRM                          # src/test/resources/features/api/Logout.feature:4
15:08:44.622 [TestNG-tests-2] ERROR io.qameta.allure.AllureLifecycle -- Could not start step: no test case running
15:08:44.622 [TestNG-tests-2] ERROR io.qameta.allure.AllureLifecycle -- Could not stop step: step with uuid 048fdc3b-cffe-4d29-9977-075bc5fee00b not found
]]></system-out>
  </testcase>
  <testcase name="runScenario[&quot;Logout from OrangeHRM&quot;, &quot;Logout API Testing&quot;](7)" classname="runners.TestRunner" time="0.044">
[...]
    // Write code here that turns the phrase above into concrete actions
    throw new io.cucumber.java.PendingException();
}
@Then("Password strength indicators should be visible")
public void password_strength_indicators_should_be_visible() {
    // Write code here that turns the phrase above into concrete actions
    throw new io.cucumber.java.PendingException();
}

	at io.cucumber.core.runtime.TestCaseResultObserver.assertTestCasePassed(TestCaseResultObserver.java:69)
	at io.cucumber.testng.TestCaseResultObserver.assertTestCasePassed(TestCaseResultObserver.java:23)
	at io.cucumber.testng.TestNGCucumberRunner.lambda$runScenario$1(TestNGCucumberRunner.java:133)
	at io.cucumber.core.runtime.CucumberExecutionContext.lambda$runTestCase$5(CucumberExecutionContext.java:137)
	at io.cucumber.core.runtime.RethrowingThrowableCollector.executeAndThrow(RethrowingThrowableCollector.java:23)
	at io.cucumber.core.runtime.CucumberExecutionContext.runTestCase(CucumberExecutionContext.java:137)
	at io.cucumber.testng.TestNGCucumberRunner.runScenario(TestNGCucumberRunner.java:129)
	at io.cucumber.testng.AbstractTestNGCucumberTests.runScenario(AbstractTestNGCucumberTests.java:35)
	at jdk.internal.reflect.GeneratedMethodAccessor154.invoke(Unknown Source)
	at java.base/jdk.internal.reflect.DelegatingMethodAccessorImpl.invoke(DelegatingMethodAccessorImpl.java:43)
	at java.base/java.lang.reflect.Method.invoke(Method.java:566)
	at org.testng.internal.invokers.MethodInvocationHelper.invokeMethod(MethodInvocationHelper.java:141)
	at org.testng.internal.invokers.TestInvoker.invokeMethod(TestInvoker.java:686)
	at org.testng.internal.invokers.TestInvoker.invokeTestMethod(TestInvoker.java:230)
	at org.testng.internal.invokers.MethodRunner.runInSequence(MethodRunner.java:63)
	at org.testng.internal.invokers.TestInvoker$MethodInvocationAgent.invoke(TestInvoker.java:992)
	at org.testng.internal.invokers.TestInvoker.invokeTestMethods(TestInvoker.java:203)
	at org.testng.internal.invokers.TestMethodWorker.invokeTestMethods(TestMethodWorker.java:154)
	at org.testng.internal.invokers.TestMethodWorker.run(TestMethodWorker.java:134)
	at java.base/java.util.ArrayList.forEach(ArrayList.java:1541)
	at org.testng.TestRunner.privateRun(TestRunner.java:739)
	at org.testng.TestRunner.run(TestRunner.java:614)
	at org.testng.SuiteRunner.runTest(SuiteRunner.java:421)
	at org.testng.SuiteRunner$SuiteWorker.run(SuiteRunner.java:463)
	at org.testng.internal.thread.ThreadUtil.lambda$execute$0(ThreadUtil.java:64)
	at java.base/java.util.concurrent.FutureTask.run(FutureTask.java:264)
	at java.base/java.util.concurrent.ThreadPoolExecutor.runWorker(ThreadPoolExecutor.java:1128)
	at java.base/java.util.concurrent.ThreadPoolExecutor$Worker.run(ThreadPoolExecutor.java:628)
	at java.base/java.lang.Thread.run(Thread.java:829)
]]></failure>
    <system-out><![CDATA[15:09:00.698 [TestNG-tests-1] ERROR io.qameta.allure.AllureLifecycle -- Could not start step: no test case running
15:09:00.698 [TestNG-tests-1] ERROR io.qameta.allure.AllureLifecycle -- Could not stop step: step with uuid 075c9d44-ec19-4383-87be-3f6228607220 not found

@WEB @TC_Registration_09
Scenario: TC_Registration_09 - Validate password strength indicators are visible when strong password is entered # src/test/resources/features/web/UI_Registration_Functionality.feature:86
  Given User navigates to TesterBud registration page
  Given User is on the registration page
  When User enters strong password "StrongPass@123"
  Then User should see password strength requirements
  And Password strength indicators should be visible
15:09:00.758 [TestNG-tests-1] ERROR io.qameta.allure.AllureLifecycle -- Could not start step: no test case running
15:09:00.758 [TestNG-tests-1] ERROR io.qameta.allure.AllureLifecycle -- Could not stop step: step with uuid 1caf4d76-6ac9-4cef-9ee5-d4c255a51305 not found
15:09:00.758 [TestNG-tests-1] ERROR io.qameta.allure.AllureLifecycle -- Could not add attachment: no test is running
15:09:00.775 [TestNG-tests-1] ERROR io.qameta.allure.AllureLifecycle -- Could not start step: no test case running
15:09:00.775 [TestNG-tests-1] ERROR io.qameta.allure.AllureLifecycle -- Could not stop step: step with uuid 88ed9e70-097b-4011-9d49-34552ae548bc not found
]]></system-out>
  </testcase>
  <testcase name="runScenario[&quot;TC_Registration_10 - Validate clicking &apos;Sign in&apos; link successfully navigate user to Login Page&quot;, &quot;User Registration Functionality&quot;](44)" classname="runners.TestRunner" time="0.033">
    <failure message="The step &apos;User navigates to TesterBud registration page&apos; and 5 other step(s) are undefined.&#10;You can implement these steps using the snippet(s) below:&#10;&#10;@Given(&quot;User navigates to TesterBud registration page&quot;)&#10;public void user_navigates_to_tester_bud_registration_page() {&#10;    // Write code here that turns the phrase above into concrete actions&#10;    throw new io.cucumber.java.PendingException();&#10;}&#10;@Given(&quot;User is on the registration page&quot;)&#10;public void user_is_on_the_registration_page() {&#10;    // Write code here that turns the phrase above into concrete actions&#10;    throw new io.cucumber.java.PendingException();&#10;}&#10;@When(&quot;User clicks on {string} link&quot;)&#10;public void user_clicks_on_link(String string) {&#10;    // Write code here that turns the phrase above into concrete actions&#10;    throw new io.cucumber.java.PendingException();&#10;}&#10;@Then(&quot;User should be redirected to login page&quot;)&#10;public void user_should_be_redirected_to_login_page() {&#10;    // Write code here that turns the phrase above into concrete actions&#10;    throw new io.cucumber.java.PendingException();&#10;}&#10;@Then(&quot;User should see login form with email and password fields&quot;)&#10;public void user_should_see_login_form_with_email_and_password_fields() {&#10;    // Write code here that turns the phrase above into concrete actions&#10;    throw new io.cucumber.java.PendingException();&#10;}&#10;@Then(&quot;Login page URL should contain {string}&quot;)&#10;public void login_page_url_should_contain(String string) {&#10;    // Write code here that turns the phrase above into concrete actions&#10;    throw new io.cucumber.java.PendingException();&#10;}&#10;" type="io.cucumber.testng.UndefinedStepException"><![CDATA[io.cucumber.testng.UndefinedStepException: 
The step 'User navigates to TesterBud registration page' and 5 other step(s) are undefined.
You can implement these steps using the snippet(s) below:

@Given("User navigates to TesterBud registration page")
public void user_navigates_to_tester_bud_registration_page() {
    // Write code here that turns the phrase above into concrete actions
    throw new io.cucumber.java.PendingException();
}
@Given("User is on the registration page")
public void user_is_on_the_registration_page() {
    // Write code here that turns the phrase above into concrete actions
    throw new io.cucumber.java.PendingException();
}
@When("User clicks on {string} link")
public void user_clicks_on_link(String string) {
    // Write code here that turns the phrase above into concrete actions
    throw new io.cucumber.java.PendingException();
}
@Then("User should be redirected to login page")
public void user_should_be_redirected_to_login_page() {
    // Write code here that turns the phrase above into concrete actions
    throw new io.cucumber.java.PendingException();
}
@Then("User should see login form with email and password fields")
public void user_should_see_login_form_with_email_and_password_fields() {
    // Write code here that turns the phrase above into concrete actions
    throw new io.cucumber.java.PendingException();
}
@Then("Login page URL should contain {string}")
public void login_page_url_should_contain(String string) {
    // Write code here that turns the phrase above into concrete actions
    throw new io.cucumber.java.PendingException();
}

	at io.cucumber.core.runtime.TestCaseResultObserver.assertTestCasePassed(TestCaseResultObserver.java:69)
	at io.cucumber.testng.TestCaseResultObserver.assertTestCasePassed(TestCaseResultObserver.java:23)
	at io.cucumber.testng.TestNGCucumberRunner.lambda$runScenario$1(TestNGCucumberRunner.java:133)
	at io.cucumber.core.runtime.CucumberExecutionContext.lambda$runTestCase$5(CucumberExecutionContext.java:137)
	at io.cucumber.core.runtime.RethrowingThrowableCollector.executeAndThrow(RethrowingThrowableCollector.java:23)
	at io.cucumber.core.runtime.CucumberExecutionContext.runTestCase(CucumberExecutionContext.java:137)
	at io.cucumber.testng.TestNGCucumberRunner.runScenario(TestNGCucumberRunner.java:129)
	at io.cucumber.testng.AbstractTestNGCucumberTests.runScenario(AbstractTestNGCucumberTests.java:35)
	at jdk.internal.reflect.GeneratedMethodAccessor154.invoke(Unknown Source)
	at java.base/jdk.internal.reflect.DelegatingMethodAccessorImpl.invoke(DelegatingMethodAccessorImpl.java:43)
	at java.base/java.lang.reflect.Method.invoke(Method.java:566)
	at org.testng.internal.invokers.MethodInvocationHelper.invokeMethod(MethodInvocationHelper.java:141)
	at org.testng.internal.invokers.TestInvoker.invokeMethod(TestInvoker.java:686)
	at org.testng.internal.invokers.TestInvoker.invokeTestMethod(TestInvoker.java:230)
	at org.testng.internal.invokers.MethodRunner.runInSequence(MethodRunner.java:63)
	at org.testng.internal.invokers.TestInvoker$MethodInvocationAgent.invoke(TestInvoker.java:992)
	at org.testng.internal.invokers.TestInvoker.invokeTestMethods(TestInvoker.java:203)
	at org.testng.internal.invokers.TestMethodWorker.invokeTestMethods(TestMethodWorker.java:154)
	at org.testng.internal.invokers.TestMethodWorker.run(TestMethodWorker.java:134)
	at java.base/java.util.ArrayList.forEach(ArrayList.java:1541)
	at org.testng.TestRunner.privateRun(TestRunner.java:739)
	at org.testng.TestRunner.run(TestRunner.java:614)
	at org.testng.SuiteRunner.runTest(SuiteRunner.java:421)
	at org.testng.SuiteRunner$SuiteWorker.run(SuiteRunner.java:463)
	at org.testng.internal.thread.ThreadUtil.lambda$execute$0(ThreadUtil.java:64)
	at java.base/java.util.concurrent.FutureTask.run(FutureTask.java:264)
	at java.base/java.util.concurrent.ThreadPoolExecutor.runWorker(ThreadPoolExecutor.java:1128)
	at java.base/java.util.concurrent.ThreadPoolExecutor$Worker.run(ThreadPoolExecutor.java:628)
	at java.base/java.lang.Thread.run(Thread.java:829)
]]></failure>
    <system-out><![CDATA[15:08:47.489 [TestNG-tests-1] ERROR io.qameta.allure.AllureLifecycle -- Could not start step: no test case running
15:08:47.490 [TestNG-tests-1] ERROR io.qameta.allure.AllureLifecycle -- Could not stop step: step with uuid 128fc72b-decb-48f0-84c5-2de2d62ca4ed not found

@WEB @TC_Registration_04
Scenario: TC_Registration_04 - Validate registration with empty confirm password field # src/test/resources/features/web/UI_Registration_Functionality.feature:39
  Given User navigates to TesterBud registration page
  Given User is on the registration page
  When User clicks on "Sign in" link
  Then User should be redirected to login page
  And User should see login form with email and password fields
  And Login page URL should contain "practice-login-form"
  Given User navigates to TesterBud registration page
  Given User is on the registration page
  When User enters valid email "test.user@testerbud.com"
  And User enters valid password "TestBud@123"
  And User leaves confirm password field empty
  And User clicks on Register button
  Then User should see "Confirm Password is required" error message
  And User should remain on the registration page
15:08:47.514 [TestNG-tests-2] ERROR io.qameta.allure.AllureLifecycle -- Could not start step: no test case running
15:08:47.516 [TestNG-tests-2] ERROR io.qameta.allure.AllureLifecycle -- Could not stop step: step with uuid 8578dcd1-c5c2-4549-9b07-71da31716cbd not found
15:08:47.516 [TestNG-tests-2] ERROR io.qameta.allure.AllureLifecycle -- Could not add attachment: no test is running
15:08:47.522 [TestNG-tests-2] ERROR io.qameta.allure.AllureLifecycle -- Could not start step: no test case running
15:08:47.523 [TestNG-tests-2] ERROR io.qameta.allure.AllureLifecycle -- Could not stop step: step with uuid d2945406-8fb8-4878-9497-e1e364d66a20 not found
]]></system-out>
  </testcase>
  <testcase name="runScenario[&quot;TC_Registration_10 - Validate clicking &apos;Sign in&apos; link successfully navigate user to Login Page&quot;, &quot;User Registration Functionality&quot;](44)" classname="runners.TestRunner" time="0.026">
    <failure message="The step &apos;User navigates to TesterBud registration page&apos; and 5 other step(s) are undefined.&#10;You can implement these steps using the snippet(s) below:&#10;&#10;@Given(&quot;User navigates to TesterBud registration page&quot;)&#10;public void user_navigates_to_tester_bud_registration_page() {&#10;    // Write code here that turns the phrase above into concrete actions&#10;    throw new io.cucumber.java.PendingException();&#10;}&#10;@Given(&quot;User is on the registration page&quot;)&#10;public void user_is_on_the_registration_page() {&#10;    // Write code here that turns the phrase above into concrete actions&#10;    throw new io.cucumber.java.PendingException();&#10;}&#10;@When(&quot;User clicks on {string} link&quot;)&#10;public void user_clicks_on_link(String string) {&#10;    // Write code here that turns the phrase above into concrete actions&#10;    throw new io.cucumber.java.PendingException();&#10;}&#10;@Then(&quot;User should be redirected to login page&quot;)&#10;public void user_should_be_redirected_to_login_page() {&#10;    // Write code here that turns the phrase above into concrete actions&#10;    throw new io.cucumber.java.PendingException();&#10;}&#10;@Then(&quot;User should see login form with email and password fields&quot;)&#10;public void user_should_see_login_form_with_email_and_password_fields() {&#10;    // Write code here that turns the phrase above into concrete actions&#10;    throw new io.cucumber.java.PendingException();&#10;}&#10;@Then(&quot;Login page URL should contain {string}&quot;)&#10;public void login_page_url_should_contain(String string) {&#10;    // Write code here that turns the phrase above into concrete actions&#10;    throw new io.cucumber.java.PendingException();&#10;}&#10;" type="io.cucumber.testng.UndefinedStepException"><![CDATA[io.cucumber.testng.UndefinedStepException: 
The step 'User navigates to TesterBud registration page' and 5 other step(s) are undefined.
You can implement these steps using the snippet(s) below:

@Given("User navigates to TesterBud registration page")
public void user_navigates_to_tester_bud_registration_page() {
    // Write code here that turns the phrase above into concrete actions
    throw new io.cucumber.java.PendingException();
}
@Given("User is on the registration page")
public void user_is_on_the_registration_page() {
    // Write code here that turns the phrase above into concrete actions
    throw new io.cucumber.java.PendingException();
}
@When("User clicks on {string} link")
public void user_clicks_on_link(String string) {
    // Write code here that turns the phrase above into concrete actions
    throw new io.cucumber.java.PendingException();
}
@Then("User should be redirected to login page")
public void user_should_be_redirected_to_login_page() {
    // Write code here that turns the phrase above into concrete actions
    throw new io.cucumber.java.PendingException();
}
@Then("User should see login form with email and password fields")
public void user_should_see_login_form_with_email_and_password_fields() {
    // Write code here that turns the phrase above into concrete actions
    throw new io.cucumber.java.PendingException();
}
@Then("Login page URL should contain {string}")
public void login_page_url_should_contain(String string) {
    // Write code here that turns the phrase above into concrete actions
    throw new io.cucumber.java.PendingException();
}

	at io.cucumber.core.runtime.TestCaseResultObserver.assertTestCasePassed(TestCaseResultObserver.java:69)
	at io.cucumber.testng.TestCaseResultObserver.assertTestCasePassed(TestCaseResultObserver.java:23)
	at io.cucumber.testng.TestNGCucumberRunner.lambda$runScenario$1(TestNGCucumberRunner.java:133)
	at io.cucumber.core.runtime.CucumberExecutionContext.lambda$runTestCase$5(CucumberExecutionContext.java:137)
	at io.cucumber.core.runtime.RethrowingThrowableCollector.executeAndThrow(RethrowingThrowableCollector.java:23)
	at io.cucumber.core.runtime.CucumberExecutionContext.runTestCase(CucumberExecutionContext.java:137)
	at io.cucumber.testng.TestNGCucumberRunner.runScenario(TestNGCucumberRunner.java:129)
	at io.cucumber.testng.AbstractTestNGCucumberTests.runScenario(AbstractTestNGCucumberTests.java:35)
	at jdk.internal.reflect.GeneratedMethodAccessor154.invoke(Unknown Source)
	at java.base/jdk.internal.reflect.DelegatingMethodAccessorImpl.invoke(DelegatingMethodAccessorImpl.java:43)
	at java.base/java.lang.reflect.Method.invoke(Method.java:566)
	at org.testng.internal.invokers.MethodInvocationHelper.invokeMethod(MethodInvocationHelper.java:141)
	at org.testng.internal.invokers.TestInvoker.invokeMethod(TestInvoker.java:686)
	at org.testng.internal.invokers.TestInvoker.invokeTestMethod(TestInvoker.java:230)
	at org.testng.internal.invokers.MethodRunner.runInSequence(MethodRunner.java:63)
	at org.testng.internal.invokers.TestInvoker$MethodInvocationAgent.invoke(TestInvoker.java:992)
	at org.testng.internal.invokers.TestInvoker.invokeTestMethods(TestInvoker.java:203)
	at org.testng.internal.invokers.TestMethodWorker.invokeTestMethods(TestMethodWorker.java:154)
	at org.testng.internal.invokers.TestMethodWorker.run(TestMethodWorker.java:134)
	at java.base/java.util.ArrayList.forEach(ArrayList.java:1541)
	at org.testng.TestRunner.privateRun(TestRunner.java:739)
	at org.testng.TestRunner.run(TestRunner.java:614)
	at org.testng.SuiteRunner.runTest(SuiteRunner.java:421)
	at org.testng.SuiteRunner$SuiteWorker.run(SuiteRunner.java:463)
	at org.testng.internal.thread.ThreadUtil.lambda$execute$0(ThreadUtil.java:64)
	at java.base/java.util.concurrent.FutureTask.run(FutureTask.java:264)
	at java.base/java.util.concurrent.ThreadPoolExecutor.runWorker(ThreadPoolExecutor.java:1128)
	at java.base/java.util.concurrent.ThreadPoolExecutor$Worker.run(ThreadPoolExecutor.java:628)
	at java.base/java.lang.Thread.run(Thread.java:829)
]]></failure>
    <system-out><![CDATA[15:09:00.776 [TestNG-tests-1] ERROR io.qameta.allure.AllureLifecycle -- Could not start step: no test case running
15:09:00.776 [TestNG-tests-1] ERROR io.qameta.allure.AllureLifecycle -- Could not stop step: step with uuid 501b9355-acfe-4cce-a5f3-244bc1295ad9 not found

@WEB @TC_Registration_10
Scenario: TC_Registration_10 - Validate clicking 'Sign in' link successfully navigate user to Login Page # src/test/resources/features/web/UI_Registration_Functionality.feature:93
  Given User navigates to TesterBud registration page
  Given User is on the registration page
  When User clicks on "Sign in" link
  Then User should be redirected to login page
  And User should see login form with email and password fields
  And Login page URL should contain "practice-login-form"
15:09:00.927 [TestNG-tests-1] ERROR io.qameta.allure.AllureLifecycle -- Could not start step: no test case running
15:09:00.927 [TestNG-tests-1] ERROR io.qameta.allure.AllureLifecycle -- Could not stop step: step with uuid b4ab411f-37bc-4893-b53c-ee3792dabaa6 not found
15:09:00.927 [TestNG-tests-1] ERROR io.qameta.allure.AllureLifecycle -- Could not add attachment: no test is running
15:09:00.937 [TestNG-tests-1] ERROR io.qameta.allure.AllureLifecycle -- Could not start step: no test case running
15:09:00.937 [TestNG-tests-1] ERROR io.qameta.allure.AllureLifecycle -- Could not stop step: step with uuid 285e1178-7536-4bab-ac7d-c264abbf8b81 not found
]]></system-out>
  </testcase>
</testsuite>