<?xml version="1.0" encoding="UTF-8"?>
<testsuite xmlns:xsi="http://www.w3.org/2001/XMLSchema-instance" xsi:noNamespaceSchemaLocation="https://maven.apache.org/surefire/maven-surefire-plugin/xsd/surefire-test-report-3.0.xsd" version="3.0" name="TestSuite" time="2210.999" tests="74" errors="0" skipped="0" failures="23">
  <properties>
[...]
</properties>
  <testcase name="runScenario[&quot;Get employee details by ID&quot;, &quot;Employee API Testing&quot;](1)" classname="runners.TestRunner" time="72.178">
    <system-out><![CDATA[10:03:21.903 [main] DEBUG org.testng.TestNG -- suiteXmlPath: "C:\Users\schapre\automation\AutomationFramework_Selenium_Java\testng.xml"
Initializing platform using config: config/config_api.properties
Initializing platform using config: config/config_web.properties
10:03:35.389 [TestNG-tests-2] ERROR io.qameta.allure.AllureLifecycle -- Could not start step: no test case running
10:03:35.389 [TestNG-tests-1] ERROR io.qameta.allure.AllureLifecycle -- Could not start step: no test case running
10:03:35.389 [TestNG-tests-2] ERROR io.qameta.allure.AllureLifecycle -- Could not stop step: step with uuid f0a15159-1f56-438f-832a-eba523a2caaa not found
10:03:35.389 [TestNG-tests-1] ERROR io.qameta.allure.AllureLifecycle -- Could not stop step: step with uuid 39ca72fa-e333-458e-98d9-2bf8fd92dfa8 not found

@API
Scenario: Get employee details by ID                      # src/test/resources/features/api/Employee.feature:4

@API
Scenario: Get employee details by ID                      # src/test/resources/features/api/Employee.feature:4
✅ SSL validation relaxed for RestAssured.
✅ SSL validation relaxed for RestAssured.
🎥 WebM video recording started: Get_employee_details_by_ID_20251110_100340
📊 Frame rate: 2 FPS
⚠️ Recording already in progress. Stopping previous recording...
🎥 Video recording started for: Get employee details by ID
✅ Recording stopped
📊 Captured 1 frames in 0.415 seconds
🎬 Processing 1 captured frames...
💾 Saving 1 frames to: C:\Users\schapre\automation\AutomationFramework_Selenium_Java\test-output\videos\frames_Get_employee_details_by_ID_20251110_100340
10:03:41.454 [TestNG-tests-2] DEBUG io.github.bonigarcia.wdm.WebDriverManager -- Using WebDriverManager 5.8.0
✅ Video recording completed!
📁 Frames saved to: C:\Users\schapre\automation\AutomationFramework_Selenium_Java\test-output\videos\frames_Get_employee_details_by_ID_20251110_100340
📄 WebM placeholder created: test-output/videos/Get_employee_details_by_ID_20251110_100340.webm
💡 Install FFmpeg to generate actual WebM videos automatically
🎥 WebM video recording started: Get_employee_details_by_ID_20251110_100342
📊 Frame rate: 2 FPS
🎥 Video recording started for: Get employee details by ID
10:03:42.320 [TestNG-tests-1] DEBUG io.github.bonigarcia.wdm.WebDriverManager -- Using WebDriverManager 5.8.0
10:03:43.382 [TestNG-tests-2] DEBUG io.github.bonigarcia.wdm.cache.ResolutionCache -- Resolution chrome=142 in cache (valid until 10:46:23 10/11/2025 IST)
10:03:43.383 [TestNG-tests-2] DEBUG io.github.bonigarcia.wdm.cache.ResolutionCache -- Resolution chrome142=142.0.7444.61 in cache (valid until 11:30:15 10/11/2025 IST)
10:03:43.385 [TestNG-tests-2] INFO io.github.bonigarcia.wdm.WebDriverManager -- Using chromedriver 142.0.7444.61 (resolved driver for Chrome 142)
10:03:43.390 [TestNG-tests-1] DEBUG io.github.bonigarcia.wdm.cache.ResolutionCache -- Resolution chrome=142 in cache (valid until 10:46:23 10/11/2025 IST)
10:03:43.392 [TestNG-tests-1] DEBUG io.github.bonigarcia.wdm.cache.ResolutionCache -- Resolution chrome142=142.0.7444.61 in cache (valid until 11:30:15 10/11/2025 IST)
10:03:43.392 [TestNG-tests-1] INFO io.github.bonigarcia.wdm.WebDriverManager -- Using chromedriver 142.0.7444.61 (resolved driver for Chrome 142)
10:03:43.960 [TestNG-tests-1] DEBUG io.github.bonigarcia.wdm.WebDriverManager -- Driver chromedriver 142.0.7444.61 found in cache
10:03:43.965 [TestNG-tests-2] DEBUG io.github.bonigarcia.wdm.WebDriverManager -- Driver chromedriver 142.0.7444.61 found in cache
10:03:43.965 [TestNG-tests-1] INFO io.github.bonigarcia.wdm.WebDriverManager -- Exporting webdriver.chrome.driver as C:\Users\schapre\.cache\selenium\chromedriver\win64\142.0.7444.61\chromedriver.exe
10:03:43.967 [TestNG-tests-2] INFO io.github.bonigarcia.wdm.WebDriverManager -- Exporting webdriver.chrome.driver as C:\Users\schapre\.cache\selenium\chromedriver\win64\142.0.7444.61\chromedriver.exe
  Given I set the employee API endpoint with ID "123"     # stepdefinitions.api.EmployeeSteps.setEmployeeEndpoint(java.lang.String)
  Given I set the employee API endpoint with ID "123"     # stepdefinitions.api.EmployeeSteps.setEmployeeEndpoint(java.lang.String)
10:04:15.459 [TestNG-tests-1] DEBUG org.apache.http.impl.conn.BasicClientConnectionManager -- Get connection for route {s}->https://opensource-demo.orangehrmlive.com:443
10:04:15.459 [TestNG-tests-2] DEBUG org.apache.http.impl.conn.BasicClientConnectionManager -- Get connection for route {s}->https://opensource-demo.orangehrmlive.com:443
10:04:16.132 [TestNG-tests-1] DEBUG org.apache.http.impl.conn.DefaultClientConnectionOperator -- Connecting to opensource-demo.orangehrmlive.com:443
10:04:16.132 [TestNG-tests-2] DEBUG org.apache.http.impl.conn.DefaultClientConnectionOperator -- Connecting to opensource-demo.orangehrmlive.com:443
10:04:18.151 [TestNG-tests-1] DEBUG org.apache.http.client.protocol.RequestAddCookies -- CookieSpec selected: ignoreCookies
10:04:18.151 [TestNG-tests-2] DEBUG org.apache.http.client.protocol.RequestAddCookies -- CookieSpec selected: ignoreCookies
10:04:18.158 [TestNG-tests-2] DEBUG org.apache.http.client.protocol.RequestAuthCache -- Auth cache not set in the context
10:04:18.158 [TestNG-tests-1] DEBUG org.apache.http.client.protocol.RequestAuthCache -- Auth cache not set in the context
10:04:18.158 [TestNG-tests-1] DEBUG org.apache.http.client.protocol.RequestTargetAuthentication -- Target auth state: UNCHALLENGED
10:04:18.158 [TestNG-tests-2] DEBUG org.apache.http.client.protocol.RequestTargetAuthentication -- Target auth state: UNCHALLENGED
10:04:18.160 [TestNG-tests-1] DEBUG org.apache.http.client.protocol.RequestProxyAuthentication -- Proxy auth state: UNCHALLENGED
10:04:18.160 [TestNG-tests-1] DEBUG org.apache.http.impl.client.DefaultHttpClient -- Attempt 1 to execute request
10:04:18.161 [TestNG-tests-1] DEBUG org.apache.http.impl.conn.DefaultClientConnection -- Sending request: GET /api/employees/123 HTTP/1.1
10:04:18.161 [TestNG-tests-2] DEBUG org.apache.http.client.protocol.RequestProxyAuthentication -- Proxy auth state: UNCHALLENGED
10:04:18.161 [TestNG-tests-2] DEBUG org.apache.http.impl.client.DefaultHttpClient -- Attempt 1 to execute request
10:04:18.161 [TestNG-tests-2] DEBUG org.apache.http.impl.conn.DefaultClientConnection -- Sending request: GET /api/employees/123 HTTP/1.1
10:04:18.161 [TestNG-tests-2] DEBUG org.apache.http.wire --  >> "GET /api/employees/123 HTTP/1.1[\r][\n]"
10:04:18.161 [TestNG-tests-1] DEBUG org.apache.http.wire --  >> "GET /api/employees/123 HTTP/1.1[\r][\n]"
10:04:18.170 [TestNG-tests-2] DEBUG org.apache.http.wire --  >> "Accept: */*[\r][\n]"
10:04:18.170 [TestNG-tests-1] DEBUG org.apache.http.wire --  >> "Accept: */*[\r][\n]"
10:04:18.170 [TestNG-tests-2] DEBUG org.apache.http.wire --  >> "Host: opensource-demo.orangehrmlive.com[\r][\n]"
10:04:18.171 [TestNG-tests-1] DEBUG org.apache.http.wire --  >> "Host: opensource-demo.orangehrmlive.com[\r][\n]"
10:04:18.172 [TestNG-tests-1] DEBUG org.apache.http.wire --  >> "Connection: Keep-Alive[\r][\n]"
10:04:18.171 [TestNG-tests-2] DEBUG org.apache.http.wire --  >> "Connection: Keep-Alive[\r][\n]"
10:04:18.172 [TestNG-tests-1] DEBUG org.apache.http.wire --  >> "User-Agent: Apache-HttpClient/4.5.13 (Java/11.0.22)[\r][\n]"
10:04:18.172 [TestNG-tests-2] DEBUG org.apache.http.wire --  >> "User-Agent: Apache-HttpClient/4.5.13 (Java/11.0.22)[\r][\n]"
10:04:18.172 [TestNG-tests-1] DEBUG org.apache.http.wire --  >> "Accept-Encoding: gzip,deflate[\r][\n]"
10:04:18.174 [TestNG-tests-2] DEBUG org.apache.http.wire --  >> "Accept-Encoding: gzip,deflate[\r][\n]"
10:04:18.174 [TestNG-tests-1] DEBUG org.apache.http.wire --  >> "[\r][\n]"
10:04:18.174 [TestNG-tests-2] DEBUG org.apache.http.wire --  >> "[\r][\n]"
10:04:18.174 [TestNG-tests-1] DEBUG org.apache.http.headers -- >> GET /api/employees/123 HTTP/1.1
10:04:18.174 [TestNG-tests-2] DEBUG org.apache.http.headers -- >> GET /api/employees/123 HTTP/1.1
10:04:18.174 [TestNG-tests-1] DEBUG org.apache.http.headers -- >> Accept: */*
10:04:18.174 [TestNG-tests-2] DEBUG org.apache.http.headers -- >> Accept: */*
10:04:18.174 [TestNG-tests-1] DEBUG org.apache.http.headers -- >> Host: opensource-demo.orangehrmlive.com
10:04:18.174 [TestNG-tests-2] DEBUG org.apache.http.headers -- >> Host: opensource-demo.orangehrmlive.com
10:04:18.174 [TestNG-tests-1] DEBUG org.apache.http.headers -- >> Connection: Keep-Alive
10:04:18.174 [TestNG-tests-2] DEBUG org.apache.http.headers -- >> Connection: Keep-Alive
10:04:18.175 [TestNG-tests-1] DEBUG org.apache.http.headers -- >> User-Agent: Apache-HttpClient/4.5.13 (Java/11.0.22)
10:04:18.175 [TestNG-tests-2] DEBUG org.apache.http.headers -- >> User-Agent: Apache-HttpClient/4.5.13 (Java/11.0.22)
10:04:18.175 [TestNG-tests-1] DEBUG org.apache.http.headers -- >> Accept-Encoding: gzip,deflate
10:04:18.175 [TestNG-tests-2] DEBUG org.apache.http.headers -- >> Accept-Encoding: gzip,deflate
10:04:18.426 [TestNG-tests-2] DEBUG org.apache.http.wire --  << "HTTP/1.1 404 Not Found[\r][\n]"
10:04:18.430 [TestNG-tests-2] DEBUG org.apache.http.wire --  << "Server: nginx[\r][\n]"
10:04:18.430 [TestNG-tests-2] DEBUG org.apache.http.wire --  << "Date: Mon, 10 Nov 2025 04:34:18 GMT[\r][\n]"
10:04:18.431 [TestNG-tests-2] DEBUG org.apache.http.wire --  << "Content-Type: text/html; charset=iso-8859-1[\r][\n]"
10:04:18.431 [TestNG-tests-2] DEBUG org.apache.http.wire --  << "Content-Length: 296[\r][\n]"
10:04:18.431 [TestNG-tests-2] DEBUG org.apache.http.wire --  << "Connection: keep-alive[\r][\n]"
10:04:18.431 [TestNG-tests-2] DEBUG org.apache.http.wire --  << "Strict-Transport-Security: max-age=31536000; includeSubdomains; [\r][\n]"
10:04:18.431 [TestNG-tests-2] DEBUG org.apache.http.wire --  << "[\r][\n]"
10:04:18.432 [TestNG-tests-1] DEBUG org.apache.http.wire --  << "HTTP/1.1 404 Not Found[\r][\n]"
10:04:18.432 [TestNG-tests-1] DEBUG org.apache.http.wire --  << "Server: nginx[\r][\n]"
10:04:18.432 [TestNG-tests-1] DEBUG org.apache.http.wire --  << "Date: Mon, 10 Nov 2025 04:34:18 GMT[\r][\n]"
10:04:18.432 [TestNG-tests-1] DEBUG org.apache.http.wire --  << "Content-Type: text/html; charset=iso-8859-1[\r][\n]"
10:04:18.432 [TestNG-tests-1] DEBUG org.apache.http.wire --  << "Content-Length: 296[\r][\n]"
10:04:18.432 [TestNG-tests-1] DEBUG org.apache.http.wire --  << "Connection: keep-alive[\r][\n]"
10:04:18.432 [TestNG-tests-1] DEBUG org.apache.http.wire --  << "Strict-Transport-Security: max-age=31536000; includeSubdomains; [\r][\n]"
10:04:18.432 [TestNG-tests-1] DEBUG org.apache.http.wire --  << "[\r][\n]"
10:04:18.434 [TestNG-tests-2] DEBUG org.apache.http.impl.conn.DefaultClientConnection -- Receiving response: HTTP/1.1 404 Not Found
10:04:18.434 [TestNG-tests-1] DEBUG org.apache.http.impl.conn.DefaultClientConnection -- Receiving response: HTTP/1.1 404 Not Found
10:04:18.434 [TestNG-tests-2] DEBUG org.apache.http.headers -- << HTTP/1.1 404 Not Found
10:04:18.434 [TestNG-tests-1] DEBUG org.apache.http.headers -- << HTTP/1.1 404 Not Found
10:04:18.435 [TestNG-tests-1] DEBUG org.apache.http.headers -- << Server: nginx
10:04:18.435 [TestNG-tests-1] DEBUG org.apache.http.headers -- << Date: Mon, 10 Nov 2025 04:34:18 GMT
10:04:18.435 [TestNG-tests-2] DEBUG org.apache.http.headers -- << Server: nginx
10:04:18.435 [TestNG-tests-2] DEBUG org.apache.http.headers -- << Date: Mon, 10 Nov 2025 04:34:18 GMT
10:04:18.435 [TestNG-tests-2] DEBUG org.apache.http.headers -- << Content-Type: text/html; charset=iso-8859-1
10:04:18.435 [TestNG-tests-2] DEBUG org.apache.http.headers -- << Content-Length: 296
10:04:18.435 [TestNG-tests-2] DEBUG org.apache.http.headers -- << Connection: keep-alive
10:04:18.435 [TestNG-tests-2] DEBUG org.apache.http.headers -- << Strict-Transport-Security: max-age=31536000; includeSubdomains; 
10:04:18.435 [TestNG-tests-1] DEBUG org.apache.http.headers -- << Content-Type: text/html; charset=iso-8859-1
10:04:18.437 [TestNG-tests-1] DEBUG org.apache.http.headers -- << Content-Length: 296
10:04:18.437 [TestNG-tests-1] DEBUG org.apache.http.headers -- << Connection: keep-alive
10:04:18.437 [TestNG-tests-1] DEBUG org.apache.http.headers -- << Strict-Transport-Security: max-age=31536000; includeSubdomains; 
10:04:18.459 [TestNG-tests-1] DEBUG org.apache.http.impl.client.DefaultHttpClient -- Connection can be kept alive indefinitely
10:04:18.459 [TestNG-tests-2] DEBUG org.apache.http.impl.client.DefaultHttpClient -- Connection can be kept alive indefinitely
10:04:18.498 [TestNG-tests-1] DEBUG io.restassured.internal.RestAssuredHttpBuilder -- Parsing response as: text/html; charset=iso-8859-1
10:04:18.498 [TestNG-tests-2] DEBUG io.restassured.internal.RestAssuredHttpBuilder -- Parsing response as: text/html; charset=iso-8859-1
10:04:18.498 [TestNG-tests-1] DEBUG io.restassured.internal.RestAssuredHttpBuilder -- Parsed data to instance of: class org.apache.http.conn.EofSensorInputStream
10:04:18.498 [TestNG-tests-2] DEBUG io.restassured.internal.RestAssuredHttpBuilder -- Parsed data to instance of: class org.apache.http.conn.EofSensorInputStream
  When I send a GET request to fetch employee details     # stepdefinitions.api.EmployeeSteps.getEmployeeDetails()
  When I send a GET request to fetch employee details     # stepdefinitions.api.EmployeeSteps.getEmployeeDetails()
  Then I should receive a 404 response with employee data # stepdefinitions.api.EmployeeSteps.verifyEmployeeResponse(int)
  Then I should receive a 404 response with employee data # stepdefinitions.api.EmployeeSteps.verifyEmployeeResponse(int)
✅ Recording stopped
📊 Captured 74 frames in 36.833 seconds
🎬 Processing 74 captured frames...
💾 Saving 74 frames to: C:\Users\schapre\automation\AutomationFramework_Selenium_Java\test-output\videos\frames_Get_employee_details_by_ID_20251110_100342
✅ Video recording completed!
📁 Frames saved to: C:\Users\schapre\automation\AutomationFramework_Selenium_Java\test-output\videos\frames_Get_employee_details_by_ID_20251110_100342
📄 WebM placeholder created: test-output/videos/Get_employee_details_by_ID_20251110_100342.webm
💡 Install FFmpeg to generate actual WebM videos automatically
⚠️ No recording in progress
🎥 Video recording stopped for: Get employee details by ID
✅ Video bytes attached to Allure report: Test_Recording_1762749277796
✅ Video file attached to Allure report: Test_Recording_1762749277796 (0 KB)
🎥 Video recording stopped for: Get employee details by ID
📹 Video saved at: test-output/videos/Get_employee_details_by_ID_20251110_100342.webm
      org.openqa.selenium.WebDriverException: Timed out waiting for driver server to stop.
Build info: version: '4.15.0', revision: '1d14b5521b'
System info: os.name: 'Windows 11', os.arch: 'amd64', os.version: '10.0', java.version: '11.0.22'
Driver info: org.openqa.selenium.chrome.ChromeDriver
Command: [3015343600bc4ce299f2db6efe2e7bff, quit {}]
Capabilities {acceptInsecureCerts: false, browserName: chrome, browserVersion: 142.0.7444.60, chrome: {chromedriverVersion: 142.0.7444.61 (9884f628acbc..., userDataDir: C:\Users\schapre\AppData\Lo...}, fedcm:accounts: true, goog:chromeOptions: {debuggerAddress: localhost:61384}, goog:processID: 33996, networkConnectionEnabled: false, pageLoadStrategy: normal, platformName: windows, proxy: Proxy(), se:cdp: ws://localhost:61384/devtoo..., se:cdpVersion: 142.0.7444.60, setWindowRect: true, strictFileInteractability: false, timeouts: {implicit: 0, pageLoad: 300000, script: 30000}, unhandledPromptBehavior: dismiss and notify, webauthn:extension:credBlob: true, webauthn:extension:largeBlob: true, webauthn:extension:minPinLength: true, webauthn:extension:prf: true, webauthn:virtualAuthenticators: true}
	at org.openqa.selenium.remote.service.DriverCommandExecutor.execute(DriverCommandExecutor.java:165)
	at org.openqa.selenium.remote.RemoteWebDriver.execute(RemoteWebDriver.java:607)
	at org.openqa.selenium.remote.RemoteWebDriver.execute(RemoteWebDriver.java:680)
	at org.openqa.selenium.remote.RemoteWebDriver.execute(RemoteWebDriver.java:684)
	at org.openqa.selenium.remote.RemoteWebDriver.quit(RemoteWebDriver.java:442)
	at org.openqa.selenium.chromium.ChromiumDriver.quit(ChromiumDriver.java:351)
	at utils.DriverFactory.quitDriver(DriverFactory.java:66)
	at hooks.Hooks.tearDown(Hooks.java:121)
Caused by: java.util.concurrent.ExecutionException: java.lang.NullPointerException
	at java.base/java.util.concurrent.CompletableFuture.reportGet(CompletableFuture.java:395)
	at java.base/java.util.concurrent.CompletableFuture.get(CompletableFuture.java:2028)
	at org.openqa.selenium.remote.service.DriverCommandExecutor.execute(DriverCommandExecutor.java:161)
	at org.openqa.selenium.remote.RemoteWebDriver.execute(RemoteWebDriver.java:607)
	at org.openqa.selenium.remote.RemoteWebDriver.execute(RemoteWebDriver.java:680)
	at org.openqa.selenium.remote.RemoteWebDriver.execute(RemoteWebDriver.java:684)
	at org.openqa.selenium.remote.RemoteWebDriver.quit(RemoteWebDriver.java:442)
	at org.openqa.selenium.chromium.ChromiumDriver.quit(ChromiumDriver.java:351)
	at utils.DriverFactory.quitDriver(DriverFactory.java:66)
	at hooks.Hooks.tearDown(Hooks.java:121)
	at java.base/jdk.internal.reflect.NativeMethodAccessorImpl.invoke0(Native Method)
	at java.base/jdk.internal.reflect.NativeMethodAccessorImpl.invoke(NativeMethodAccessorImpl.java:62)
	at java.base/jdk.internal.reflect.DelegatingMethodAccessorImpl.invoke(DelegatingMethodAccessorImpl.java:43)
	at java.base/java.lang.reflect.Method.invoke(Method.java:566)
	at io.cucumber.java.Invoker.doInvoke(Invoker.java:66)
	at io.cucumber.java.Invoker.invoke(Invoker.java:24)
	at io.cucumber.java.AbstractGlueDefinition.invokeMethod(AbstractGlueDefinition.java:47)
	at io.cucumber.java.JavaHookDefinition.execute(JavaHookDefinition.java:64)
	at io.cucumber.core.runner.CoreHookDefinition.execute(CoreHookDefinition.java:46)
	at io.cucumber.core.runner.HookDefinitionMatch.runStep(HookDefinitionMatch.java:21)
	at io.cucumber.core.runner.ExecutionMode$1.execute(ExecutionMode.java:10)
	at io.cucumber.core.runner.TestStep.executeStep(TestStep.java:84)
	at io.cucumber.core.runner.TestStep.run(TestStep.java:56)
	at io.cucumber.core.runner.TestCase.run(TestCase.java:90)
	at io.cucumber.core.runner.Runner.runPickle(Runner.java:75)
	at io.cucumber.testng.TestNGCucumberRunner.lambda$runScenario$1(TestNGCucumberRunner.java:132)
	at io.cucumber.core.runtime.CucumberExecutionContext.lambda$runTestCase$5(CucumberExecutionContext.java:137)
	at io.cucumber.core.runtime.RethrowingThrowableCollector.executeAndThrow(RethrowingThrowableCollector.java:23)
	at io.cucumber.core.runtime.CucumberExecutionContext.runTestCase(CucumberExecutionContext.java:137)
	at io.cucumber.testng.TestNGCucumberRunner.runScenario(TestNGCucumberRunner.java:129)
	at io.cucumber.testng.AbstractTestNGCucumberTests.runScenario(AbstractTestNGCucumberTests.java:35)
	at java.base/jdk.internal.reflect.NativeMethodAccessorImpl.invoke0(Native Method)
	at java.base/jdk.internal.reflect.NativeMethodAccessorImpl.invoke(NativeMethodAccessorImpl.java:62)
	at java.base/jdk.internal.reflect.DelegatingMethodAccessorImpl.invoke(DelegatingMethodAccessorImpl.java:43)
	at java.base/java.lang.reflect.Method.invoke(Method.java:566)
	at org.testng.internal.invokers.MethodInvocationHelper.invokeMethod(MethodInvocationHelper.java:141)
	at org.testng.internal.invokers.TestInvoker.invokeMethod(TestInvoker.java:686)
	at org.testng.internal.invokers.TestInvoker.invokeTestMethod(TestInvoker.java:230)
	at org.testng.internal.invokers.MethodRunner.runInSequence(MethodRunner.java:63)
	at org.testng.internal.invokers.TestInvoker$MethodInvocationAgent.invoke(TestInvoker.java:992)
	at org.testng.internal.invokers.TestInvoker.invokeTestMethods(TestInvoker.java:203)
	at org.testng.internal.invokers.TestMethodWorker.invokeTestMethods(TestMethodWorker.java:154)
	at org.testng.internal.invokers.TestMethodWorker.run(TestMethodWorker.java:134)
	at java.base/java.util.ArrayList.forEach(ArrayList.java:1541)
	at org.testng.TestRunner.privateRun(TestRunner.java:739)
	at org.testng.TestRunner.run(TestRunner.java:614)
	at org.testng.SuiteRunner.runTest(SuiteRunner.java:421)
	at org.testng.SuiteRunner$SuiteWorker.run(SuiteRunner.java:463)
	at org.testng.internal.thread.ThreadUtil.lambda$execute$0(ThreadUtil.java:64)
	at java.base/java.util.concurrent.FutureTask.run(FutureTask.java:264)
	at java.base/java.util.concurrent.ThreadPoolExecutor.runWorker(ThreadPoolExecutor.java:1128)
	at java.base/java.util.concurrent.ThreadPoolExecutor$Worker.run(ThreadPoolExecutor.java:628)
	at java.base/java.lang.Thread.run(Thread.java:829)
Caused by: java.lang.NullPointerException
	at org.openqa.selenium.remote.http.jdk.JdkHttpClient.execute0(JdkHttpClient.java:390)
	at org.openqa.selenium.remote.http.AddSeleniumUserAgent.lambda$apply$0(AddSeleniumUserAgent.java:42)
	at org.openqa.selenium.remote.http.Filter.lambda$andFinally$1(Filter.java:55)
	at org.openqa.selenium.remote.http.jdk.JdkHttpClient.execute(JdkHttpClient.java:366)
	at org.openqa.selenium.remote.HttpCommandExecutor.execute(HttpCommandExecutor.java:188)
	at org.openqa.selenium.remote.service.DriverCommandExecutor.invokeExecute(DriverCommandExecutor.java:200)
	at org.openqa.selenium.remote.service.DriverCommandExecutor.lambda$execute$1(DriverCommandExecutor.java:128)
	at java.base/java.util.concurrent.CompletableFuture$AsyncSupply.run(CompletableFuture.java:1700)
	... 3 more

10:04:47.535 [TestNG-tests-2] ERROR io.qameta.allure.AllureLifecycle -- Could not start step: no test case running
10:04:47.535 [TestNG-tests-1] ERROR io.qameta.allure.AllureLifecycle -- Could not start step: no test case running
10:04:47.535 [TestNG-tests-2] ERROR io.qameta.allure.AllureLifecycle -- Could not stop step: step with uuid 1e6c023f-f1b4-4287-9de3-db5edb8becc4 not found
10:04:47.535 [TestNG-tests-1] ERROR io.qameta.allure.AllureLifecycle -- Could not stop step: step with uuid 317f9d6b-1a76-470d-b60b-f063299f5d49 not found
10:04:47.535 [TestNG-tests-1] ERROR io.qameta.allure.AllureLifecycle -- Could not add attachment: no test is running
]]></system-out>
    <system-err><![CDATA[Nov 10, 2025 10:04:01 AM org.openqa.selenium.devtools.CdpVersionFinder findNearestMatch
WARNING: Unable to find CDP implementation matching 142
Nov 10, 2025 10:04:01 AM org.openqa.selenium.chromium.ChromiumDriver lambda$new$5
WARNING: Unable to find version of CDP to use for 142.0.7444.60. You may need to include a dependency on a specific version of the CDP using something similar to `org.seleniumhq.selenium:selenium-devtools-v86:4.15.0` where the version ("v86") matches the version of the chromium-based browser you're using and the version number of the artifact is the same as Selenium's.
Nov 10, 2025 10:04:01 AM org.openqa.selenium.devtools.CdpVersionFinder findNearestMatch
WARNING: Unable to find CDP implementation matching 142
Nov 10, 2025 10:04:01 AM org.openqa.selenium.chromium.ChromiumDriver lambda$new$5
WARNING: Unable to find version of CDP to use for 142.0.7444.60. You may need to include a dependency on a specific version of the CDP using something similar to `org.seleniumhq.selenium:selenium-devtools-v86:4.15.0` where the version ("v86") matches the version of the chromium-based browser you're using and the version number of the artifact is the same as Selenium's.
]]></system-err>
  </testcase>
  <testcase name="runScenario[&quot;Get employee details by ID&quot;, &quot;Employee API Testing&quot;](1)" classname="runners.TestRunner" time="0.184">
    <failure message="Timed out waiting for driver server to stop.&#10;Build info: version: &apos;4.15.0&apos;, revision: &apos;1d14b5521b&apos;&#10;System info: os.name: &apos;Windows 11&apos;, os.arch: &apos;amd64&apos;, os.version: &apos;10.0&apos;, java.version: &apos;11.0.22&apos;&#10;Driver info: org.openqa.selenium.chrome.ChromeDriver&#10;Command: [3015343600bc4ce299f2db6efe2e7bff, quit {}]&#10;Capabilities {acceptInsecureCerts: false, browserName: chrome, browserVersion: 142.0.7444.60, chrome: {chromedriverVersion: 142.0.7444.61 (9884f628acbc..., userDataDir: C:\Users\schapre\AppData\Lo...}, fedcm:accounts: true, goog:chromeOptions: {debuggerAddress: localhost:61384}, goog:processID: 33996, networkConnectionEnabled: false, pageLoadStrategy: normal, platformName: windows, proxy: Proxy(), se:cdp: ws://localhost:61384/devtoo..., se:cdpVersion: 142.0.7444.60, setWindowRect: true, strictFileInteractability: false, timeouts: {implicit: 0, pageLoad: 300000, script: 30000}, unhandledPromptBehavior: dismiss and notify, webauthn:extension:credBlob: true, webauthn:extension:largeBlob: true, webauthn:extension:minPinLength: true, webauthn:extension:prf: true, webauthn:virtualAuthenticators: true}" type="org.openqa.selenium.WebDriverException"><![CDATA[org.openqa.selenium.WebDriverException: 
Timed out waiting for driver server to stop.
Build info: version: '4.15.0', revision: '1d14b5521b'
System info: os.name: 'Windows 11', os.arch: 'amd64', os.version: '10.0', java.version: '11.0.22'
Driver info: org.openqa.selenium.chrome.ChromeDriver
Command: [3015343600bc4ce299f2db6efe2e7bff, quit {}]
Capabilities {acceptInsecureCerts: false, browserName: chrome, browserVersion: 142.0.7444.60, chrome: {chromedriverVersion: 142.0.7444.61 (9884f628acbc..., userDataDir: C:\Users\schapre\AppData\Lo...}, fedcm:accounts: true, goog:chromeOptions: {debuggerAddress: localhost:61384}, goog:processID: 33996, networkConnectionEnabled: false, pageLoadStrategy: normal, platformName: windows, proxy: Proxy(), se:cdp: ws://localhost:61384/devtoo..., se:cdpVersion: 142.0.7444.60, setWindowRect: true, strictFileInteractability: false, timeouts: {implicit: 0, pageLoad: 300000, script: 30000}, unhandledPromptBehavior: dismiss and notify, webauthn:extension:credBlob: true, webauthn:extension:largeBlob: true, webauthn:extension:minPinLength: true, webauthn:extension:prf: true, webauthn:virtualAuthenticators: true}
	at org.openqa.selenium.remote.service.DriverCommandExecutor.execute(DriverCommandExecutor.java:165)
	at org.openqa.selenium.remote.RemoteWebDriver.execute(RemoteWebDriver.java:607)
	at org.openqa.selenium.remote.RemoteWebDriver.execute(RemoteWebDriver.java:680)
	at org.openqa.selenium.remote.RemoteWebDriver.execute(RemoteWebDriver.java:684)
	at org.openqa.selenium.remote.RemoteWebDriver.quit(RemoteWebDriver.java:442)
	at org.openqa.selenium.chromium.ChromiumDriver.quit(ChromiumDriver.java:351)
	at utils.DriverFactory.quitDriver(DriverFactory.java:66)
	at hooks.Hooks.tearDown(Hooks.java:121)
Caused by: java.util.concurrent.ExecutionException: java.lang.NullPointerException
	at java.base/java.util.concurrent.CompletableFuture.reportGet(CompletableFuture.java:395)
	at java.base/java.util.concurrent.CompletableFuture.get(CompletableFuture.java:2028)
	at org.openqa.selenium.remote.service.DriverCommandExecutor.execute(DriverCommandExecutor.java:161)
	at org.openqa.selenium.remote.RemoteWebDriver.execute(RemoteWebDriver.java:607)
	at org.openqa.selenium.remote.RemoteWebDriver.execute(RemoteWebDriver.java:680)
	at org.openqa.selenium.remote.RemoteWebDriver.execute(RemoteWebDriver.java:684)
	at org.openqa.selenium.remote.RemoteWebDriver.quit(RemoteWebDriver.java:442)
	at org.openqa.selenium.chromium.ChromiumDriver.quit(ChromiumDriver.java:351)
	at utils.DriverFactory.quitDriver(DriverFactory.java:66)
	at hooks.Hooks.tearDown(Hooks.java:121)
	at java.base/jdk.internal.reflect.NativeMethodAccessorImpl.invoke0(Native Method)
	at java.base/jdk.internal.reflect.NativeMethodAccessorImpl.invoke(NativeMethodAccessorImpl.java:62)
	at java.base/jdk.internal.reflect.DelegatingMethodAccessorImpl.invoke(DelegatingMethodAccessorImpl.java:43)
	at java.base/java.lang.reflect.Method.invoke(Method.java:566)
	at io.cucumber.java.Invoker.doInvoke(Invoker.java:66)
	at io.cucumber.java.Invoker.invoke(Invoker.java:24)
	at io.cucumber.java.AbstractGlueDefinition.invokeMethod(AbstractGlueDefinition.java:47)
	at io.cucumber.java.JavaHookDefinition.execute(JavaHookDefinition.java:64)
	at io.cucumber.core.runner.CoreHookDefinition.execute(CoreHookDefinition.java:46)
	at io.cucumber.core.runner.HookDefinitionMatch.runStep(HookDefinitionMatch.java:21)
	at io.cucumber.core.runner.ExecutionMode$1.execute(ExecutionMode.java:10)
	at io.cucumber.core.runner.TestStep.executeStep(TestStep.java:84)
	at io.cucumber.core.runner.TestStep.run(TestStep.java:56)
	at io.cucumber.core.runner.TestCase.run(TestCase.java:90)
	at io.cucumber.core.runner.Runner.runPickle(Runner.java:75)
	at io.cucumber.testng.TestNGCucumberRunner.lambda$runScenario$1(TestNGCucumberRunner.java:132)
	at io.cucumber.core.runtime.CucumberExecutionContext.lambda$runTestCase$5(CucumberExecutionContext.java:137)
	at io.cucumber.core.runtime.RethrowingThrowableCollector.executeAndThrow(RethrowingThrowableCollector.java:23)
	at io.cucumber.core.runtime.CucumberExecutionContext.runTestCase(CucumberExecutionContext.java:137)
	at io.cucumber.testng.TestNGCucumberRunner.runScenario(TestNGCucumberRunner.java:129)
	at io.cucumber.testng.AbstractTestNGCucumberTests.runScenario(AbstractTestNGCucumberTests.java:35)
	at java.base/jdk.internal.reflect.NativeMethodAccessorImpl.invoke0(Native Method)
	at java.base/jdk.internal.reflect.NativeMethodAccessorImpl.invoke(NativeMethodAccessorImpl.java:62)
	at java.base/jdk.internal.reflect.DelegatingMethodAccessorImpl.invoke(DelegatingMethodAccessorImpl.java:43)
	at java.base/java.lang.reflect.Method.invoke(Method.java:566)
	at org.testng.internal.invokers.MethodInvocationHelper.invokeMethod(MethodInvocationHelper.java:141)
	at org.testng.internal.invokers.TestInvoker.invokeMethod(TestInvoker.java:686)
	at org.testng.internal.invokers.TestInvoker.invokeTestMethod(TestInvoker.java:230)
	at org.testng.internal.invokers.MethodRunner.runInSequence(MethodRunner.java:63)
	at org.testng.internal.invokers.TestInvoker$MethodInvocationAgent.invoke(TestInvoker.java:992)
	at org.testng.internal.invokers.TestInvoker.invokeTestMethods(TestInvoker.java:203)
	at org.testng.internal.invokers.TestMethodWorker.invokeTestMethods(TestMethodWorker.java:154)
	at org.testng.internal.invokers.TestMethodWorker.run(TestMethodWorker.java:134)
	at java.base/java.util.ArrayList.forEach(ArrayList.java:1541)
	at org.testng.TestRunner.privateRun(TestRunner.java:739)
	at org.testng.TestRunner.run(TestRunner.java:614)
	at org.testng.SuiteRunner.runTest(SuiteRunner.java:421)
	at org.testng.SuiteRunner$SuiteWorker.run(SuiteRunner.java:463)
	at org.testng.internal.thread.ThreadUtil.lambda$execute$0(ThreadUtil.java:64)
	at java.base/java.util.concurrent.FutureTask.run(FutureTask.java:264)
	at java.base/java.util.concurrent.ThreadPoolExecutor.runWorker(ThreadPoolExecutor.java:1128)
	at java.base/java.util.concurrent.ThreadPoolExecutor$Worker.run(ThreadPoolExecutor.java:628)
	at java.base/java.lang.Thread.run(Thread.java:829)
Caused by: java.lang.NullPointerException
	at org.openqa.selenium.remote.http.jdk.JdkHttpClient.execute0(JdkHttpClient.java:390)
	at org.openqa.selenium.remote.http.AddSeleniumUserAgent.lambda$apply$0(AddSeleniumUserAgent.java:42)
	at org.openqa.selenium.remote.http.Filter.lambda$andFinally$1(Filter.java:55)
	at org.openqa.selenium.remote.http.jdk.JdkHttpClient.execute(JdkHttpClient.java:366)
	at org.openqa.selenium.remote.HttpCommandExecutor.execute(HttpCommandExecutor.java:188)
	at org.openqa.selenium.remote.service.DriverCommandExecutor.invokeExecute(DriverCommandExecutor.java:200)
	at org.openqa.selenium.remote.service.DriverCommandExecutor.lambda$execute$1(DriverCommandExecutor.java:128)
	at java.base/java.util.concurrent.CompletableFuture$AsyncSupply.run(CompletableFuture.java:1700)
	... 3 more
]]></failure>
    <system-out><![CDATA[10:04:47.542 [TestNG-tests-1] ERROR io.qameta.allure.AllureLifecycle -- Could not start step: no test case running
10:04:47.542 [TestNG-tests-1] ERROR io.qameta.allure.AllureLifecycle -- Could not stop step: step with uuid 4f04c5d8-1f2e-4268-ac85-498e6bc665fc not found
10:04:47.555 [TestNG-tests-2] ERROR io.qameta.allure.AllureLifecycle -- Could not add attachment: no test is running

@API
Scenario: Create a new employee                            # src/test/resources/features/api/Employee.feature:10
✅ SSL validation relaxed for RestAssured.
🎥 WebM video recording started: Create_a_new_employee_20251110_100447
📊 Frame rate: 2 FPS
🎥 Video recording started for: Create a new employee
10:04:47.612 [TestNG-tests-2] ERROR io.qameta.allure.AllureLifecycle -- Could not start step: no test case running
10:04:47.612 [TestNG-tests-2] ERROR io.qameta.allure.AllureLifecycle -- Could not stop step: step with uuid 62b6b28c-411e-4fab-abb6-5850625dcda5 not found
10:04:47.621 [TestNG-tests-1] DEBUG io.github.bonigarcia.wdm.WebDriverManager -- Using WebDriverManager 5.8.0
]]></system-out>
  </testcase>
  <testcase name="runScenario[&quot;Create a new employee&quot;, &quot;Employee API Testing&quot;](2)" classname="runners.TestRunner" time="19.685">
    <system-out><![CDATA[10:04:47.647 [TestNG-tests-2] ERROR io.qameta.allure.AllureLifecycle -- Could not start step: no test case running
10:04:47.649 [TestNG-tests-2] ERROR io.qameta.allure.AllureLifecycle -- Could not stop step: step with uuid 1b2c2c16-cb20-4849-b330-b824a0384c48 not found

@API
Scenario: Create a new employee                            # src/test/resources/features/api/Employee.feature:10
10:04:47.707 [TestNG-tests-1] DEBUG io.github.bonigarcia.wdm.cache.ResolutionCache -- Resolution chrome=142 in cache (valid until 10:46:23 10/11/2025 IST)
10:04:47.710 [TestNG-tests-1] DEBUG io.github.bonigarcia.wdm.cache.ResolutionCache -- Resolution chrome142=142.0.7444.61 in cache (valid until 11:30:15 10/11/2025 IST)
10:04:47.711 [TestNG-tests-1] INFO io.github.bonigarcia.wdm.WebDriverManager -- Using chromedriver 142.0.7444.61 (resolved driver for Chrome 142)
✅ SSL validation relaxed for RestAssured.
⚠️ Recording already in progress. Stopping previous recording...
✅ Recording stopped
📊 Captured 1 frames in 0.234 seconds
🎬 Processing 1 captured frames...
💾 Saving 1 frames to: C:\Users\schapre\automation\AutomationFramework_Selenium_Java\test-output\videos\frames_Create_a_new_employee_20251110_100447
10:04:47.926 [TestNG-tests-1] DEBUG io.github.bonigarcia.wdm.WebDriverManager -- Driver chromedriver 142.0.7444.61 found in cache
10:04:47.929 [TestNG-tests-1] INFO io.github.bonigarcia.wdm.WebDriverManager -- Exporting webdriver.chrome.driver as C:\Users\schapre\.cache\selenium\chromedriver\win64\142.0.7444.61\chromedriver.exe
✅ Video recording completed!
📁 Frames saved to: C:\Users\schapre\automation\AutomationFramework_Selenium_Java\test-output\videos\frames_Create_a_new_employee_20251110_100447
📄 WebM placeholder created: test-output/videos/Create_a_new_employee_20251110_100447.webm
💡 Install FFmpeg to generate actual WebM videos automatically
🎥 WebM video recording started: Create_a_new_employee_20251110_100448
📊 Frame rate: 2 FPS
🎥 Video recording started for: Create a new employee
10:04:48.088 [TestNG-tests-2] DEBUG io.github.bonigarcia.wdm.WebDriverManager -- Using WebDriverManager 5.8.0
10:04:48.178 [TestNG-tests-2] DEBUG io.github.bonigarcia.wdm.cache.ResolutionCache -- Resolution chrome=142 in cache (valid until 10:46:23 10/11/2025 IST)
10:04:48.180 [TestNG-tests-2] DEBUG io.github.bonigarcia.wdm.cache.ResolutionCache -- Resolution chrome142=142.0.7444.61 in cache (valid until 11:30:15 10/11/2025 IST)
10:04:48.180 [TestNG-tests-2] INFO io.github.bonigarcia.wdm.WebDriverManager -- Using chromedriver 142.0.7444.61 (resolved driver for Chrome 142)
10:04:48.428 [TestNG-tests-2] DEBUG io.github.bonigarcia.wdm.WebDriverManager -- Driver chromedriver 142.0.7444.61 found in cache
10:04:48.430 [TestNG-tests-2] INFO io.github.bonigarcia.wdm.WebDriverManager -- Exporting webdriver.chrome.driver as C:\Users\schapre\.cache\selenium\chromedriver\win64\142.0.7444.61\chromedriver.exe
10:04:50.972 [Finalizer] DEBUG org.apache.http.impl.conn.DefaultClientConnection -- Connection 0.0.0.0:55326<->34.205.40.6:443 closed
10:04:50.974 [Finalizer] DEBUG org.apache.http.impl.conn.DefaultClientConnection -- Connection 0.0.0.0:55325<->34.205.40.6:443 closed
  Given I set the employee creation API endpoint           # stepdefinitions.api.EmployeeSteps.setEmployeeCreationEndpoint()
10:05:02.074 [TestNG-tests-1] DEBUG org.apache.http.impl.conn.BasicClientConnectionManager -- Get connection for route {s}->https://opensource-demo.orangehrmlive.com:443
10:05:02.130 [TestNG-tests-1] DEBUG org.apache.http.impl.conn.DefaultClientConnectionOperator -- Connecting to opensource-demo.orangehrmlive.com:443
  Given I set the employee creation API endpoint           # stepdefinitions.api.EmployeeSteps.setEmployeeCreationEndpoint()
10:05:02.311 [TestNG-tests-2] DEBUG org.apache.http.impl.conn.BasicClientConnectionManager -- Get connection for route {s}->https://opensource-demo.orangehrmlive.com:443
10:05:02.311 [TestNG-tests-2] DEBUG org.apache.http.impl.conn.DefaultClientConnectionOperator -- Connecting to opensource-demo.orangehrmlive.com:443
10:05:02.521 [TestNG-tests-1] DEBUG org.apache.http.client.protocol.RequestAddCookies -- CookieSpec selected: ignoreCookies
10:05:02.522 [TestNG-tests-1] DEBUG org.apache.http.client.protocol.RequestAuthCache -- Auth cache not set in the context
10:05:02.522 [TestNG-tests-1] DEBUG org.apache.http.client.protocol.RequestTargetAuthentication -- Target auth state: UNCHALLENGED
10:05:02.522 [TestNG-tests-1] DEBUG org.apache.http.client.protocol.RequestProxyAuthentication -- Proxy auth state: UNCHALLENGED
10:05:02.522 [TestNG-tests-1] DEBUG org.apache.http.impl.client.DefaultHttpClient -- Attempt 1 to execute request
10:05:02.522 [TestNG-tests-1] DEBUG org.apache.http.impl.conn.DefaultClientConnection -- Sending request: POST /api/employees HTTP/1.1
10:05:02.522 [TestNG-tests-1] DEBUG org.apache.http.wire --  >> "POST /api/employees HTTP/1.1[\r][\n]"
10:05:02.522 [TestNG-tests-1] DEBUG org.apache.http.wire --  >> "Accept: */*[\r][\n]"
10:05:02.522 [TestNG-tests-1] DEBUG org.apache.http.wire --  >> "Content-Type: application/json[\r][\n]"
10:05:02.522 [TestNG-tests-1] DEBUG org.apache.http.wire --  >> "Content-Length: 68[\r][\n]"
10:05:02.522 [TestNG-tests-1] DEBUG org.apache.http.wire --  >> "Host: opensource-demo.orangehrmlive.com[\r][\n]"
10:05:02.522 [TestNG-tests-1] DEBUG org.apache.http.wire --  >> "Connection: Keep-Alive[\r][\n]"
10:05:02.523 [TestNG-tests-1] DEBUG org.apache.http.wire --  >> "User-Agent: Apache-HttpClient/4.5.13 (Java/11.0.22)[\r][\n]"
10:05:02.523 [TestNG-tests-1] DEBUG org.apache.http.wire --  >> "Accept-Encoding: gzip,deflate[\r][\n]"
10:05:02.523 [TestNG-tests-1] DEBUG org.apache.http.wire --  >> "[\r][\n]"
10:05:02.524 [TestNG-tests-1] DEBUG org.apache.http.headers -- >> POST /api/employees HTTP/1.1
10:05:02.524 [TestNG-tests-1] DEBUG org.apache.http.headers -- >> Accept: */*
10:05:02.524 [TestNG-tests-1] DEBUG org.apache.http.headers -- >> Content-Type: application/json
10:05:02.524 [TestNG-tests-1] DEBUG org.apache.http.headers -- >> Content-Length: 68
10:05:02.524 [TestNG-tests-1] DEBUG org.apache.http.headers -- >> Host: opensource-demo.orangehrmlive.com
10:05:02.524 [TestNG-tests-1] DEBUG org.apache.http.headers -- >> Connection: Keep-Alive
10:05:02.524 [TestNG-tests-1] DEBUG org.apache.http.headers -- >> User-Agent: Apache-HttpClient/4.5.13 (Java/11.0.22)
10:05:02.524 [TestNG-tests-1] DEBUG org.apache.http.headers -- >> Accept-Encoding: gzip,deflate
10:05:02.542 [TestNG-tests-1] DEBUG org.apache.http.wire --  >> "{"firstName":"John","lastName":"Doe","email":"john.doe@example.com"}"
10:05:02.768 [TestNG-tests-2] DEBUG org.apache.http.client.protocol.RequestAddCookies -- CookieSpec selected: ignoreCookies
10:05:02.768 [TestNG-tests-2] DEBUG org.apache.http.client.protocol.RequestAuthCache -- Auth cache not set in the context
10:05:02.768 [TestNG-tests-2] DEBUG org.apache.http.client.protocol.RequestTargetAuthentication -- Target auth state: UNCHALLENGED
10:05:02.768 [TestNG-tests-2] DEBUG org.apache.http.client.protocol.RequestProxyAuthentication -- Proxy auth state: UNCHALLENGED
10:05:02.768 [TestNG-tests-2] DEBUG org.apache.http.impl.client.DefaultHttpClient -- Attempt 1 to execute request
10:05:02.768 [TestNG-tests-2] DEBUG org.apache.http.impl.conn.DefaultClientConnection -- Sending request: POST /api/employees HTTP/1.1
10:05:02.768 [TestNG-tests-2] DEBUG org.apache.http.wire --  >> "POST /api/employees HTTP/1.1[\r][\n]"
10:05:02.768 [TestNG-tests-2] DEBUG org.apache.http.wire --  >> "Accept: */*[\r][\n]"
10:05:02.769 [TestNG-tests-2] DEBUG org.apache.http.wire --  >> "Content-Type: application/json[\r][\n]"
10:05:02.769 [TestNG-tests-2] DEBUG org.apache.http.wire --  >> "Content-Length: 68[\r][\n]"
10:05:02.769 [TestNG-tests-2] DEBUG org.apache.http.wire --  >> "Host: opensource-demo.orangehrmlive.com[\r][\n]"
10:05:02.769 [TestNG-tests-2] DEBUG org.apache.http.wire --  >> "Connection: Keep-Alive[\r][\n]"
10:05:02.769 [TestNG-tests-2] DEBUG org.apache.http.wire --  >> "User-Agent: Apache-HttpClient/4.5.13 (Java/11.0.22)[\r][\n]"
10:05:02.787 [TestNG-tests-1] DEBUG org.apache.http.wire --  << "HTTP/1.1 404 Not Found[\r][\n]"
10:05:02.772 [TestNG-tests-2] DEBUG org.apache.http.wire --  >> "Accept-Encoding: gzip,deflate[\r][\n]"
10:05:02.787 [TestNG-tests-1] DEBUG org.apache.http.wire --  << "Server: nginx[\r][\n]"
10:05:02.787 [TestNG-tests-2] DEBUG org.apache.http.wire --  >> "[\r][\n]"
10:05:02.788 [TestNG-tests-1] DEBUG org.apache.http.wire --  << "Date: Mon, 10 Nov 2025 04:35:02 GMT[\r][\n]"
10:05:02.788 [TestNG-tests-2] DEBUG org.apache.http.headers -- >> POST /api/employees HTTP/1.1
10:05:02.788 [TestNG-tests-1] DEBUG org.apache.http.wire --  << "Content-Type: text/html; charset=iso-8859-1[\r][\n]"
10:05:02.788 [TestNG-tests-2] DEBUG org.apache.http.headers -- >> Accept: */*
10:05:02.788 [TestNG-tests-1] DEBUG org.apache.http.wire --  << "Content-Length: 296[\r][\n]"
10:05:02.788 [TestNG-tests-1] DEBUG org.apache.http.wire --  << "Connection: keep-alive[\r][\n]"
10:05:02.788 [TestNG-tests-1] DEBUG org.apache.http.wire --  << "Strict-Transport-Security: max-age=31536000; includeSubdomains; [\r][\n]"
10:05:02.788 [TestNG-tests-2] DEBUG org.apache.http.headers -- >> Content-Type: application/json
10:05:02.788 [TestNG-tests-1] DEBUG org.apache.http.wire --  << "[\r][\n]"
10:05:02.788 [TestNG-tests-1] DEBUG org.apache.http.impl.conn.DefaultClientConnection -- Receiving response: HTTP/1.1 404 Not Found
10:05:02.788 [TestNG-tests-1] DEBUG org.apache.http.headers -- << HTTP/1.1 404 Not Found
10:05:02.789 [TestNG-tests-1] DEBUG org.apache.http.headers -- << Server: nginx
10:05:02.789 [TestNG-tests-2] DEBUG org.apache.http.headers -- >> Content-Length: 68
10:05:02.789 [TestNG-tests-1] DEBUG org.apache.http.headers -- << Date: Mon, 10 Nov 2025 04:35:02 GMT
10:05:02.789 [TestNG-tests-1] DEBUG org.apache.http.headers -- << Content-Type: text/html; charset=iso-8859-1
10:05:02.789 [TestNG-tests-2] DEBUG org.apache.http.headers -- >> Host: opensource-demo.orangehrmlive.com
10:05:02.789 [TestNG-tests-1] DEBUG org.apache.http.headers -- << Content-Length: 296
10:05:02.789 [TestNG-tests-2] DEBUG org.apache.http.headers -- >> Connection: Keep-Alive
10:05:02.789 [TestNG-tests-1] DEBUG org.apache.http.headers -- << Connection: keep-alive
10:05:02.789 [TestNG-tests-2] DEBUG org.apache.http.headers -- >> User-Agent: Apache-HttpClient/4.5.13 (Java/11.0.22)
10:05:02.789 [TestNG-tests-1] DEBUG org.apache.http.headers -- << Strict-Transport-Security: max-age=31536000; includeSubdomains; 
10:05:02.789 [TestNG-tests-2] DEBUG org.apache.http.headers -- >> Accept-Encoding: gzip,deflate
10:05:02.789 [TestNG-tests-2] DEBUG org.apache.http.wire --  >> "{"firstName":"John","lastName":"Doe","email":"john.doe@example.com"}"
10:05:02.789 [TestNG-tests-1] DEBUG org.apache.http.impl.client.DefaultHttpClient -- Connection can be kept alive indefinitely
10:05:02.790 [TestNG-tests-1] DEBUG io.restassured.internal.RestAssuredHttpBuilder -- Parsing response as: text/html; charset=iso-8859-1
10:05:02.790 [TestNG-tests-1] DEBUG io.restassured.internal.RestAssuredHttpBuilder -- Parsed data to instance of: class org.apache.http.conn.EofSensorInputStream
  When I send a POST request with valid employee data      # stepdefinitions.api.EmployeeSteps.createEmployee()
  Then I should receive a 404 response confirming creation # stepdefinitions.api.EmployeeSteps.verifyEmployeeResponse(int)
✅ Recording stopped
📊 Captured 28 frames in 14.731 seconds
🎬 Processing 28 captured frames...
💾 Saving 28 frames to: C:\Users\schapre\automation\AutomationFramework_Selenium_Java\test-output\videos\frames_Create_a_new_employee_20251110_100448
10:05:03.040 [TestNG-tests-2] DEBUG org.apache.http.wire --  << "HTTP/1.1 404 Not Found[\r][\n]"
10:05:03.041 [TestNG-tests-2] DEBUG org.apache.http.wire --  << "Server: nginx[\r][\n]"
10:05:03.041 [TestNG-tests-2] DEBUG org.apache.http.wire --  << "Date: Mon, 10 Nov 2025 04:35:02 GMT[\r][\n]"
10:05:03.041 [TestNG-tests-2] DEBUG org.apache.http.wire --  << "Content-Type: text/html; charset=iso-8859-1[\r][\n]"
10:05:03.041 [TestNG-tests-2] DEBUG org.apache.http.wire --  << "Content-Length: 296[\r][\n]"
10:05:03.041 [TestNG-tests-2] DEBUG org.apache.http.wire --  << "Connection: keep-alive[\r][\n]"
10:05:03.041 [TestNG-tests-2] DEBUG org.apache.http.wire --  << "Strict-Transport-Security: max-age=31536000; includeSubdomains; [\r][\n]"
10:05:03.041 [TestNG-tests-2] DEBUG org.apache.http.wire --  << "[\r][\n]"
10:05:03.042 [TestNG-tests-2] DEBUG org.apache.http.impl.conn.DefaultClientConnection -- Receiving response: HTTP/1.1 404 Not Found
10:05:03.042 [TestNG-tests-2] DEBUG org.apache.http.headers -- << HTTP/1.1 404 Not Found
10:05:03.042 [TestNG-tests-2] DEBUG org.apache.http.headers -- << Server: nginx
10:05:03.042 [TestNG-tests-2] DEBUG org.apache.http.headers -- << Date: Mon, 10 Nov 2025 04:35:02 GMT
10:05:03.042 [TestNG-tests-2] DEBUG org.apache.http.headers -- << Content-Type: text/html; charset=iso-8859-1
10:05:03.042 [TestNG-tests-2] DEBUG org.apache.http.headers -- << Content-Length: 296
10:05:03.042 [TestNG-tests-2] DEBUG org.apache.http.headers -- << Connection: keep-alive
10:05:03.042 [TestNG-tests-2] DEBUG org.apache.http.headers -- << Strict-Transport-Security: max-age=31536000; includeSubdomains; 
10:05:03.042 [TestNG-tests-2] DEBUG org.apache.http.impl.client.DefaultHttpClient -- Connection can be kept alive indefinitely
10:05:03.043 [TestNG-tests-2] DEBUG io.restassured.internal.RestAssuredHttpBuilder -- Parsing response as: text/html; charset=iso-8859-1
10:05:03.043 [TestNG-tests-2] DEBUG io.restassured.internal.RestAssuredHttpBuilder -- Parsed data to instance of: class org.apache.http.conn.EofSensorInputStream
  When I send a POST request with valid employee data      # stepdefinitions.api.EmployeeSteps.createEmployee()
  Then I should receive a 404 response confirming creation # stepdefinitions.api.EmployeeSteps.verifyEmployeeResponse(int)
10:05:07.441 [TestNG-tests-2] ERROR io.qameta.allure.AllureLifecycle -- Could not start step: no test case running
10:05:07.442 [TestNG-tests-2] ERROR io.qameta.allure.AllureLifecycle -- Could not stop step: step with uuid bf8f1efc-ee5f-4964-a914-5d4055e9fdc4 not found
10:05:07.443 [TestNG-tests-2] ERROR io.qameta.allure.AllureLifecycle -- Could not add attachment: no test is running
]]></system-out>
    <system-err><![CDATA[Nov 10, 2025 10:04:58 AM org.openqa.selenium.devtools.CdpVersionFinder findNearestMatch
WARNING: Unable to find CDP implementation matching 142
Nov 10, 2025 10:04:58 AM org.openqa.selenium.chromium.ChromiumDriver lambda$new$5
WARNING: Unable to find version of CDP to use for 142.0.7444.60. You may need to include a dependency on a specific version of the CDP using something similar to `org.seleniumhq.selenium:selenium-devtools-v86:4.15.0` where the version ("v86") matches the version of the chromium-based browser you're using and the version number of the artifact is the same as Selenium's.
Nov 10, 2025 10:05:01 AM org.openqa.selenium.devtools.CdpVersionFinder findNearestMatch
WARNING: Unable to find CDP implementation matching 142
Nov 10, 2025 10:05:01 AM org.openqa.selenium.chromium.ChromiumDriver lambda$new$5
WARNING: Unable to find version of CDP to use for 142.0.7444.60. You may need to include a dependency on a specific version of the CDP using something similar to `org.seleniumhq.selenium:selenium-devtools-v86:4.15.0` where the version ("v86") matches the version of the chromium-based browser you're using and the version number of the artifact is the same as Selenium's.
]]></system-err>
  </testcase>
  <testcase name="runScenario[&quot;Create a new employee&quot;, &quot;Employee API Testing&quot;](2)" classname="runners.TestRunner" time="2.177">
    <system-out><![CDATA[10:05:07.460 [TestNG-tests-2] ERROR io.qameta.allure.AllureLifecycle -- Could not start step: no test case running
10:05:07.461 [TestNG-tests-2] ERROR io.qameta.allure.AllureLifecycle -- Could not stop step: step with uuid f9246c5a-bdba-4da3-b9d8-df230a9ec01b not found

@API
Scenario: Apply for leave                                           # src/test/resources/features/api/Leave.feature:4
✅ SSL validation relaxed for RestAssured.
10:05:08.193 [Finalizer] DEBUG org.apache.http.impl.conn.DefaultClientConnection -- Connection 0.0.0.0:50870<->34.205.40.6:443 closed
✅ Video recording completed!
📁 Frames saved to: C:\Users\schapre\automation\AutomationFramework_Selenium_Java\test-output\videos\frames_Create_a_new_employee_20251110_100448
📄 WebM placeholder created: test-output/videos/Create_a_new_employee_20251110_100448.webm
💡 Install FFmpeg to generate actual WebM videos automatically
🎥 WebM video recording started: Apply_for_leave_20251110_100509
📊 Frame rate: 2 FPS
🎥 Video recording started for: Apply for leave
✅ Video bytes attached to Allure report: Test_Recording_1762749309566
✅ Video file attached to Allure report: Test_Recording_1762749309566 (0 KB)
🎥 Video recording stopped for: Create a new employee
📹 Video saved at: test-output/videos/Create_a_new_employee_20251110_100448.webm
10:05:09.613 [TestNG-tests-2] DEBUG io.github.bonigarcia.wdm.WebDriverManager -- Using WebDriverManager 5.8.0
10:05:09.694 [TestNG-tests-1] ERROR io.qameta.allure.AllureLifecycle -- Could not start step: no test case running
10:05:09.694 [TestNG-tests-1] ERROR io.qameta.allure.AllureLifecycle -- Could not stop step: step with uuid b4c6ce74-3bdb-4131-83f7-8764e23b6ace not found
10:05:09.694 [TestNG-tests-1] ERROR io.qameta.allure.AllureLifecycle -- Could not add attachment: no test is running
]]></system-out>
  </testcase>
  <testcase name="runScenario[&quot;Apply for leave&quot;, &quot;Leave API Testing&quot;](3)" classname="runners.TestRunner" time="18.424">
    <system-out><![CDATA[10:05:09.744 [TestNG-tests-1] ERROR io.qameta.allure.AllureLifecycle -- Could not start step: no test case running
10:05:09.750 [TestNG-tests-1] ERROR io.qameta.allure.AllureLifecycle -- Could not stop step: step with uuid b78ec345-b396-41c6-8578-bfab6325a4e7 not found

@API
Scenario: Apply for leave                                           # src/test/resources/features/api/Leave.feature:4
10:05:09.840 [TestNG-tests-2] DEBUG io.github.bonigarcia.wdm.cache.ResolutionCache -- Resolution chrome=142 in cache (valid until 10:46:23 10/11/2025 IST)
10:05:09.842 [TestNG-tests-2] DEBUG io.github.bonigarcia.wdm.cache.ResolutionCache -- Resolution chrome142=142.0.7444.61 in cache (valid until 11:30:15 10/11/2025 IST)
10:05:09.842 [TestNG-tests-2] INFO io.github.bonigarcia.wdm.WebDriverManager -- Using chromedriver 142.0.7444.61 (resolved driver for Chrome 142)
✅ SSL validation relaxed for RestAssured.
⚠️ Recording already in progress. Stopping previous recording...
✅ Recording stopped
📊 Captured 1 frames in 0.324 seconds
🎬 Processing 1 captured frames...
💾 Saving 1 frames to: C:\Users\schapre\automation\AutomationFramework_Selenium_Java\test-output\videos\frames_Apply_for_leave_20251110_100509
✅ Video recording completed!
📁 Frames saved to: C:\Users\schapre\automation\AutomationFramework_Selenium_Java\test-output\videos\frames_Apply_for_leave_20251110_100509
📄 WebM placeholder created: test-output/videos/Apply_for_leave_20251110_100509.webm
💡 Install FFmpeg to generate actual WebM videos automatically
🎥 WebM video recording started: Apply_for_leave_20251110_100510
📊 Frame rate: 2 FPS
🎥 Video recording started for: Apply for leave
10:05:10.139 [TestNG-tests-2] DEBUG io.github.bonigarcia.wdm.WebDriverManager -- Driver chromedriver 142.0.7444.61 found in cache
10:05:10.141 [TestNG-tests-2] INFO io.github.bonigarcia.wdm.WebDriverManager -- Exporting webdriver.chrome.driver as C:\Users\schapre\.cache\selenium\chromedriver\win64\142.0.7444.61\chromedriver.exe
10:05:10.142 [TestNG-tests-1] DEBUG io.github.bonigarcia.wdm.WebDriverManager -- Using WebDriverManager 5.8.0
10:05:10.201 [TestNG-tests-1] DEBUG io.github.bonigarcia.wdm.cache.ResolutionCache -- Resolution chrome=142 in cache (valid until 10:46:23 10/11/2025 IST)
10:05:10.204 [TestNG-tests-1] DEBUG io.github.bonigarcia.wdm.cache.ResolutionCache -- Resolution chrome142=142.0.7444.61 in cache (valid until 11:30:15 10/11/2025 IST)
10:05:10.204 [TestNG-tests-1] INFO io.github.bonigarcia.wdm.WebDriverManager -- Using chromedriver 142.0.7444.61 (resolved driver for Chrome 142)
10:05:10.405 [TestNG-tests-1] DEBUG io.github.bonigarcia.wdm.WebDriverManager -- Driver chromedriver 142.0.7444.61 found in cache
10:05:10.406 [TestNG-tests-1] INFO io.github.bonigarcia.wdm.WebDriverManager -- Exporting webdriver.chrome.driver as C:\Users\schapre\.cache\selenium\chromedriver\win64\142.0.7444.61\chromedriver.exe
10:05:10.696 [Finalizer] DEBUG org.apache.http.impl.conn.DefaultClientConnection -- Connection 0.0.0.0:55121<->34.205.40.6:443 closed
  Given I set the leave application API endpoint                    # stepdefinitions.api.LeaveSteps.setLeaveApplicationEndpoint()
10:05:21.424 [TestNG-tests-1] DEBUG org.apache.http.impl.conn.BasicClientConnectionManager -- Get connection for route {s}->https://opensource-demo.orangehrmlive.com:443
10:05:21.425 [TestNG-tests-1] DEBUG org.apache.http.impl.conn.DefaultClientConnectionOperator -- Connecting to opensource-demo.orangehrmlive.com:443
10:05:22.399 [TestNG-tests-1] DEBUG org.apache.http.client.protocol.RequestAddCookies -- CookieSpec selected: ignoreCookies
10:05:22.399 [TestNG-tests-1] DEBUG org.apache.http.client.protocol.RequestAuthCache -- Auth cache not set in the context
10:05:22.399 [TestNG-tests-1] DEBUG org.apache.http.client.protocol.RequestTargetAuthentication -- Target auth state: UNCHALLENGED
10:05:22.399 [TestNG-tests-1] DEBUG org.apache.http.client.protocol.RequestProxyAuthentication -- Proxy auth state: UNCHALLENGED
10:05:22.399 [TestNG-tests-1] DEBUG org.apache.http.impl.client.DefaultHttpClient -- Attempt 1 to execute request
10:05:22.401 [TestNG-tests-1] DEBUG org.apache.http.impl.conn.DefaultClientConnection -- Sending request: POST /api/leave/apply HTTP/1.1
10:05:22.407 [TestNG-tests-1] DEBUG org.apache.http.wire --  >> "POST /api/leave/apply HTTP/1.1[\r][\n]"
10:05:22.407 [TestNG-tests-1] DEBUG org.apache.http.wire --  >> "Accept: */*[\r][\n]"
10:05:22.407 [TestNG-tests-1] DEBUG org.apache.http.wire --  >> "Content-Type: application/json[\r][\n]"
10:05:22.407 [TestNG-tests-1] DEBUG org.apache.http.wire --  >> "Content-Length: 87[\r][\n]"
10:05:22.407 [TestNG-tests-1] DEBUG org.apache.http.wire --  >> "Host: opensource-demo.orangehrmlive.com[\r][\n]"
10:05:22.407 [TestNG-tests-1] DEBUG org.apache.http.wire --  >> "Connection: Keep-Alive[\r][\n]"
10:05:22.407 [TestNG-tests-1] DEBUG org.apache.http.wire --  >> "User-Agent: Apache-HttpClient/4.5.13 (Java/11.0.22)[\r][\n]"
10:05:22.407 [TestNG-tests-1] DEBUG org.apache.http.wire --  >> "Accept-Encoding: gzip,deflate[\r][\n]"
10:05:22.408 [TestNG-tests-1] DEBUG org.apache.http.wire --  >> "[\r][\n]"
10:05:22.408 [TestNG-tests-1] DEBUG org.apache.http.headers -- >> POST /api/leave/apply HTTP/1.1
10:05:22.408 [TestNG-tests-1] DEBUG org.apache.http.headers -- >> Accept: */*
10:05:22.408 [TestNG-tests-1] DEBUG org.apache.http.headers -- >> Content-Type: application/json
10:05:22.408 [TestNG-tests-1] DEBUG org.apache.http.headers -- >> Content-Length: 87
10:05:22.408 [TestNG-tests-1] DEBUG org.apache.http.headers -- >> Host: opensource-demo.orangehrmlive.com
10:05:22.408 [TestNG-tests-1] DEBUG org.apache.http.headers -- >> Connection: Keep-Alive
10:05:22.408 [TestNG-tests-1] DEBUG org.apache.http.headers -- >> User-Agent: Apache-HttpClient/4.5.13 (Java/11.0.22)
10:05:22.408 [TestNG-tests-1] DEBUG org.apache.http.headers -- >> Accept-Encoding: gzip,deflate
10:05:22.408 [TestNG-tests-1] DEBUG org.apache.http.wire --  >> "{"employeeId":"123","leaveType":"Annual","fromDate":"2025-08-10","toDate":"2025-08-12"}"
10:05:22.675 [TestNG-tests-1] DEBUG org.apache.http.wire --  << "HTTP/1.1 404 Not Found[\r][\n]"
10:05:22.675 [TestNG-tests-1] DEBUG org.apache.http.wire --  << "Server: nginx[\r][\n]"
10:05:22.675 [TestNG-tests-1] DEBUG org.apache.http.wire --  << "Date: Mon, 10 Nov 2025 04:35:22 GMT[\r][\n]"
10:05:22.677 [TestNG-tests-1] DEBUG org.apache.http.wire --  << "Content-Type: text/html; charset=iso-8859-1[\r][\n]"
10:05:22.677 [TestNG-tests-1] DEBUG org.apache.http.wire --  << "Content-Length: 296[\r][\n]"
10:05:22.677 [TestNG-tests-1] DEBUG org.apache.http.wire --  << "Connection: keep-alive[\r][\n]"
10:05:22.677 [TestNG-tests-1] DEBUG org.apache.http.wire --  << "Strict-Transport-Security: max-age=31536000; includeSubdomains; [\r][\n]"
10:05:22.677 [TestNG-tests-1] DEBUG org.apache.http.wire --  << "[\r][\n]"
10:05:22.677 [TestNG-tests-1] DEBUG org.apache.http.impl.conn.DefaultClientConnection -- Receiving response: HTTP/1.1 404 Not Found
10:05:22.677 [TestNG-tests-1] DEBUG org.apache.http.headers -- << HTTP/1.1 404 Not Found
10:05:22.677 [TestNG-tests-1] DEBUG org.apache.http.headers -- << Server: nginx
10:05:22.677 [TestNG-tests-1] DEBUG org.apache.http.headers -- << Date: Mon, 10 Nov 2025 04:35:22 GMT
10:05:22.677 [TestNG-tests-1] DEBUG org.apache.http.headers -- << Content-Type: text/html; charset=iso-8859-1
10:05:22.677 [TestNG-tests-1] DEBUG org.apache.http.headers -- << Content-Length: 296
10:05:22.677 [TestNG-tests-1] DEBUG org.apache.http.headers -- << Connection: keep-alive
10:05:22.677 [TestNG-tests-1] DEBUG org.apache.http.headers -- << Strict-Transport-Security: max-age=31536000; includeSubdomains; 
10:05:22.677 [TestNG-tests-1] DEBUG org.apache.http.impl.client.DefaultHttpClient -- Connection can be kept alive indefinitely
10:05:22.677 [TestNG-tests-1] DEBUG io.restassured.internal.RestAssuredHttpBuilder -- Parsing response as: text/html; charset=iso-8859-1
10:05:22.677 [TestNG-tests-1] DEBUG io.restassured.internal.RestAssuredHttpBuilder -- Parsed data to instance of: class org.apache.http.conn.EofSensorInputStream
  When I send a POST request with valid leave details               # stepdefinitions.api.LeaveSteps.applyForLeave()
  Then I should receive a 404 response confirming leave application # stepdefinitions.api.LeaveSteps.verifyLeaveResponse(int)
  Given I set the leave application API endpoint                    # stepdefinitions.api.LeaveSteps.setLeaveApplicationEndpoint()
✅ Recording stopped
📊 Captured 25 frames in 12.972 seconds
🎬 Processing 25 captured frames...
💾 Saving 25 frames to: C:\Users\schapre\automation\AutomationFramework_Selenium_Java\test-output\videos\frames_Apply_for_leave_20251110_100510
10:05:23.133 [TestNG-tests-2] DEBUG org.apache.http.impl.conn.BasicClientConnectionManager -- Get connection for route {s}->https://opensource-demo.orangehrmlive.com:443
10:05:23.135 [TestNG-tests-2] DEBUG org.apache.http.impl.conn.DefaultClientConnectionOperator -- Connecting to opensource-demo.orangehrmlive.com:443
10:05:23.624 [TestNG-tests-2] DEBUG org.apache.http.client.protocol.RequestAddCookies -- CookieSpec selected: ignoreCookies
10:05:23.627 [TestNG-tests-2] DEBUG org.apache.http.client.protocol.RequestAuthCache -- Auth cache not set in the context
10:05:23.628 [TestNG-tests-2] DEBUG org.apache.http.client.protocol.RequestTargetAuthentication -- Target auth state: UNCHALLENGED
10:05:23.628 [TestNG-tests-2] DEBUG org.apache.http.client.protocol.RequestProxyAuthentication -- Proxy auth state: UNCHALLENGED
10:05:23.628 [TestNG-tests-2] DEBUG org.apache.http.impl.client.DefaultHttpClient -- Attempt 1 to execute request
10:05:23.628 [TestNG-tests-2] DEBUG org.apache.http.impl.conn.DefaultClientConnection -- Sending request: POST /api/leave/apply HTTP/1.1
10:05:23.635 [TestNG-tests-2] DEBUG org.apache.http.wire --  >> "POST /api/leave/apply HTTP/1.1[\r][\n]"
10:05:23.635 [TestNG-tests-2] DEBUG org.apache.http.wire --  >> "Accept: */*[\r][\n]"
10:05:23.635 [TestNG-tests-2] DEBUG org.apache.http.wire --  >> "Content-Type: application/json[\r][\n]"
10:05:23.635 [TestNG-tests-2] DEBUG org.apache.http.wire --  >> "Content-Length: 87[\r][\n]"
10:05:23.635 [TestNG-tests-2] DEBUG org.apache.http.wire --  >> "Host: opensource-demo.orangehrmlive.com[\r][\n]"
10:05:23.635 [TestNG-tests-2] DEBUG org.apache.http.wire --  >> "Connection: Keep-Alive[\r][\n]"
10:05:23.636 [TestNG-tests-2] DEBUG org.apache.http.wire --  >> "User-Agent: Apache-HttpClient/4.5.13 (Java/11.0.22)[\r][\n]"
10:05:23.636 [TestNG-tests-2] DEBUG org.apache.http.wire --  >> "Accept-Encoding: gzip,deflate[\r][\n]"
10:05:23.636 [TestNG-tests-2] DEBUG org.apache.http.wire --  >> "[\r][\n]"
10:05:23.636 [TestNG-tests-2] DEBUG org.apache.http.headers -- >> POST /api/leave/apply HTTP/1.1
10:05:23.636 [TestNG-tests-2] DEBUG org.apache.http.headers -- >> Accept: */*
10:05:23.636 [TestNG-tests-2] DEBUG org.apache.http.headers -- >> Content-Type: application/json
10:05:23.636 [TestNG-tests-2] DEBUG org.apache.http.headers -- >> Content-Length: 87
10:05:23.636 [TestNG-tests-2] DEBUG org.apache.http.headers -- >> Host: opensource-demo.orangehrmlive.com
10:05:23.636 [TestNG-tests-2] DEBUG org.apache.http.headers -- >> Connection: Keep-Alive
10:05:23.636 [TestNG-tests-2] DEBUG org.apache.http.headers -- >> User-Agent: Apache-HttpClient/4.5.13 (Java/11.0.22)
10:05:23.636 [TestNG-tests-2] DEBUG org.apache.http.headers -- >> Accept-Encoding: gzip,deflate
10:05:23.636 [TestNG-tests-2] DEBUG org.apache.http.wire --  >> "{"employeeId":"123","leaveType":"Annual","fromDate":"2025-08-10","toDate":"2025-08-12"}"
10:05:23.880 [TestNG-tests-2] DEBUG org.apache.http.wire --  << "HTTP/1.1 404 Not Found[\r][\n]"
10:05:23.881 [TestNG-tests-2] DEBUG org.apache.http.wire --  << "Server: nginx[\r][\n]"
10:05:23.881 [TestNG-tests-2] DEBUG org.apache.http.wire --  << "Date: Mon, 10 Nov 2025 04:35:23 GMT[\r][\n]"
10:05:23.881 [TestNG-tests-2] DEBUG org.apache.http.wire --  << "Content-Type: text/html; charset=iso-8859-1[\r][\n]"
10:05:23.881 [TestNG-tests-2] DEBUG org.apache.http.wire --  << "Content-Length: 296[\r][\n]"
10:05:23.881 [TestNG-tests-2] DEBUG org.apache.http.wire --  << "Connection: keep-alive[\r][\n]"
10:05:23.881 [TestNG-tests-2] DEBUG org.apache.http.wire --  << "Strict-Transport-Security: max-age=31536000; includeSubdomains; [\r][\n]"
10:05:23.881 [TestNG-tests-2] DEBUG org.apache.http.wire --  << "[\r][\n]"
10:05:23.881 [TestNG-tests-2] DEBUG org.apache.http.impl.conn.DefaultClientConnection -- Receiving response: HTTP/1.1 404 Not Found
10:05:23.881 [TestNG-tests-2] DEBUG org.apache.http.headers -- << HTTP/1.1 404 Not Found
10:05:23.881 [TestNG-tests-2] DEBUG org.apache.http.headers -- << Server: nginx
10:05:23.881 [TestNG-tests-2] DEBUG org.apache.http.headers -- << Date: Mon, 10 Nov 2025 04:35:23 GMT
10:05:23.881 [TestNG-tests-2] DEBUG org.apache.http.headers -- << Content-Type: text/html; charset=iso-8859-1
10:05:23.881 [TestNG-tests-2] DEBUG org.apache.http.headers -- << Content-Length: 296
10:05:23.881 [TestNG-tests-2] DEBUG org.apache.http.headers -- << Connection: keep-alive
10:05:23.881 [TestNG-tests-2] DEBUG org.apache.http.headers -- << Strict-Transport-Security: max-age=31536000; includeSubdomains; 
10:05:23.882 [TestNG-tests-2] DEBUG org.apache.http.impl.client.DefaultHttpClient -- Connection can be kept alive indefinitely
10:05:23.883 [TestNG-tests-2] DEBUG io.restassured.internal.RestAssuredHttpBuilder -- Parsing response as: text/html; charset=iso-8859-1
10:05:23.883 [TestNG-tests-2] DEBUG io.restassured.internal.RestAssuredHttpBuilder -- Parsed data to instance of: class org.apache.http.conn.EofSensorInputStream
  When I send a POST request with valid leave details               # stepdefinitions.api.LeaveSteps.applyForLeave()
  Then I should receive a 404 response confirming leave application # stepdefinitions.api.LeaveSteps.verifyLeaveResponse(int)
10:05:28.162 [TestNG-tests-2] ERROR io.qameta.allure.AllureLifecycle -- Could not start step: no test case running
10:05:28.162 [TestNG-tests-2] ERROR io.qameta.allure.AllureLifecycle -- Could not stop step: step with uuid 3247488d-f148-4349-a620-868bf1376047 not found
10:05:28.162 [TestNG-tests-2] ERROR io.qameta.allure.AllureLifecycle -- Could not add attachment: no test is running
]]></system-out>
    <system-err><![CDATA[Nov 10, 2025 10:05:20 AM org.openqa.selenium.devtools.CdpVersionFinder findNearestMatch
WARNING: Unable to find CDP implementation matching 142
Nov 10, 2025 10:05:20 AM org.openqa.selenium.chromium.ChromiumDriver lambda$new$5
WARNING: Unable to find version of CDP to use for 142.0.7444.60. You may need to include a dependency on a specific version of the CDP using something similar to `org.seleniumhq.selenium:selenium-devtools-v86:4.15.0` where the version ("v86") matches the version of the chromium-based browser you're using and the version number of the artifact is the same as Selenium's.
Nov 10, 2025 10:05:20 AM org.openqa.selenium.devtools.CdpVersionFinder findNearestMatch
WARNING: Unable to find CDP implementation matching 142
Nov 10, 2025 10:05:20 AM org.openqa.selenium.chromium.ChromiumDriver lambda$new$5
WARNING: Unable to find version of CDP to use for 142.0.7444.60. You may need to include a dependency on a specific version of the CDP using something similar to `org.seleniumhq.selenium:selenium-devtools-v86:4.15.0` where the version ("v86") matches the version of the chromium-based browser you're using and the version number of the artifact is the same as Selenium's.
]]></system-err>
  </testcase>
  <testcase name="runScenario[&quot;Apply for leave&quot;, &quot;Leave API Testing&quot;](3)" classname="runners.TestRunner" time="0.459">
    <system-out><![CDATA[10:05:28.168 [TestNG-tests-2] ERROR io.qameta.allure.AllureLifecycle -- Could not start step: no test case running
10:05:28.168 [TestNG-tests-2] ERROR io.qameta.allure.AllureLifecycle -- Could not stop step: step with uuid 77c29cdb-7245-414e-80c7-5b32ffe145ea not found

@API
Scenario: Get leave balance                                     # src/test/resources/features/api/Leave.feature:9
✅ SSL validation relaxed for RestAssured.
10:05:28.535 [Finalizer] DEBUG org.apache.http.impl.conn.DefaultClientConnection -- Connection 0.0.0.0:54376<->34.205.40.6:443 closed
✅ Video recording completed!
📁 Frames saved to: C:\Users\schapre\automation\AutomationFramework_Selenium_Java\test-output\videos\frames_Apply_for_leave_20251110_100510
📄 WebM placeholder created: test-output/videos/Apply_for_leave_20251110_100510.webm
💡 Install FFmpeg to generate actual WebM videos automatically
✅ Video bytes attached to Allure report: Test_Recording_1762749328598
🎥 WebM video recording started: Get_leave_balance_20251110_100528
📊 Frame rate: 2 FPS
🎥 Video recording started for: Get leave balance
✅ Video file attached to Allure report: Test_Recording_1762749328598 (0 KB)
🎥 Video recording stopped for: Apply for leave
📹 Video saved at: test-output/videos/Apply_for_leave_20251110_100510.webm
10:05:28.609 [TestNG-tests-2] DEBUG io.github.bonigarcia.wdm.WebDriverManager -- Using WebDriverManager 5.8.0
10:05:28.621 [TestNG-tests-1] ERROR io.qameta.allure.AllureLifecycle -- Could not start step: no test case running
10:05:28.621 [TestNG-tests-1] ERROR io.qameta.allure.AllureLifecycle -- Could not stop step: step with uuid 89e4c00a-8d8a-4dfd-b6ad-383f5e0bc9c4 not found
10:05:28.621 [TestNG-tests-1] ERROR io.qameta.allure.AllureLifecycle -- Could not add attachment: no test is running
]]></system-out>
  </testcase>
  <testcase name="runScenario[&quot;Get leave balance&quot;, &quot;Leave API Testing&quot;](4)" classname="runners.TestRunner" time="33.733">
    <system-out><![CDATA[10:05:28.630 [TestNG-tests-1] ERROR io.qameta.allure.AllureLifecycle -- Could not start step: no test case running
10:05:28.630 [TestNG-tests-1] ERROR io.qameta.allure.AllureLifecycle -- Could not stop step: step with uuid 744d302a-d2f6-46c3-a8de-3ecb74204e78 not found

@API
Scenario: Get leave balance                                     # src/test/resources/features/api/Leave.feature:9
10:05:28.652 [TestNG-tests-2] DEBUG io.github.bonigarcia.wdm.cache.ResolutionCache -- Resolution chrome=142 in cache (valid until 10:46:23 10/11/2025 IST)
10:05:28.657 [TestNG-tests-2] DEBUG io.github.bonigarcia.wdm.cache.ResolutionCache -- Resolution chrome142=142.0.7444.61 in cache (valid until 11:30:15 10/11/2025 IST)
10:05:28.659 [TestNG-tests-2] INFO io.github.bonigarcia.wdm.WebDriverManager -- Using chromedriver 142.0.7444.61 (resolved driver for Chrome 142)
✅ SSL validation relaxed for RestAssured.
⚠️ Recording already in progress. Stopping previous recording...
✅ Recording stopped
📊 Captured 1 frames in 0.107 seconds
🎬 Processing 1 captured frames...
💾 Saving 1 frames to: C:\Users\schapre\automation\AutomationFramework_Selenium_Java\test-output\videos\frames_Get_leave_balance_20251110_100528
10:05:28.846 [TestNG-tests-2] DEBUG io.github.bonigarcia.wdm.WebDriverManager -- Driver chromedriver 142.0.7444.61 found in cache
10:05:28.847 [TestNG-tests-2] INFO io.github.bonigarcia.wdm.WebDriverManager -- Exporting webdriver.chrome.driver as C:\Users\schapre\.cache\selenium\chromedriver\win64\142.0.7444.61\chromedriver.exe
✅ Video recording completed!
📁 Frames saved to: C:\Users\schapre\automation\AutomationFramework_Selenium_Java\test-output\videos\frames_Get_leave_balance_20251110_100528
📄 WebM placeholder created: test-output/videos/Get_leave_balance_20251110_100528.webm
💡 Install FFmpeg to generate actual WebM videos automatically
🎥 WebM video recording started: Get_leave_balance_20251110_100528
📊 Frame rate: 2 FPS
🎥 Video recording started for: Get leave balance
10:05:28.879 [Finalizer] DEBUG org.apache.http.impl.conn.DefaultClientConnection -- Connection 0.0.0.0:54374<->34.205.40.6:443 closed
10:05:28.890 [TestNG-tests-1] DEBUG io.github.bonigarcia.wdm.WebDriverManager -- Using WebDriverManager 5.8.0
10:05:29.016 [TestNG-tests-1] DEBUG io.github.bonigarcia.wdm.cache.ResolutionCache -- Resolution chrome=142 in cache (valid until 10:46:23 10/11/2025 IST)
10:05:29.019 [TestNG-tests-1] DEBUG io.github.bonigarcia.wdm.cache.ResolutionCache -- Resolution chrome142=142.0.7444.61 in cache (valid until 11:30:15 10/11/2025 IST)
10:05:29.020 [TestNG-tests-1] INFO io.github.bonigarcia.wdm.WebDriverManager -- Using chromedriver 142.0.7444.61 (resolved driver for Chrome 142)
10:05:29.215 [TestNG-tests-1] DEBUG io.github.bonigarcia.wdm.WebDriverManager -- Driver chromedriver 142.0.7444.61 found in cache
10:05:29.217 [TestNG-tests-1] INFO io.github.bonigarcia.wdm.WebDriverManager -- Exporting webdriver.chrome.driver as C:\Users\schapre\.cache\selenium\chromedriver\win64\142.0.7444.61\chromedriver.exe
  Given I set the leave balance API endpoint for employee "123" # stepdefinitions.api.LeaveSteps.setLeaveBalanceEndpoint(java.lang.String)
  Given I set the leave balance API endpoint for employee "123" # stepdefinitions.api.LeaveSteps.setLeaveBalanceEndpoint(java.lang.String)
10:05:43.634 [TestNG-tests-1] DEBUG org.apache.http.impl.conn.BasicClientConnectionManager -- Get connection for route {s}->https://opensource-demo.orangehrmlive.com:443
10:05:43.690 [TestNG-tests-1] DEBUG org.apache.http.impl.conn.DefaultClientConnectionOperator -- Connecting to opensource-demo.orangehrmlive.com:443
10:05:43.728 [TestNG-tests-2] DEBUG org.apache.http.impl.conn.BasicClientConnectionManager -- Get connection for route {s}->https://opensource-demo.orangehrmlive.com:443
10:05:43.728 [TestNG-tests-2] DEBUG org.apache.http.impl.conn.DefaultClientConnectionOperator -- Connecting to opensource-demo.orangehrmlive.com:443
10:05:44.366 [TestNG-tests-1] DEBUG org.apache.http.client.protocol.RequestAddCookies -- CookieSpec selected: ignoreCookies
10:05:44.366 [TestNG-tests-1] DEBUG org.apache.http.client.protocol.RequestAuthCache -- Auth cache not set in the context
10:05:44.366 [TestNG-tests-1] DEBUG org.apache.http.client.protocol.RequestTargetAuthentication -- Target auth state: UNCHALLENGED
10:05:44.366 [TestNG-tests-1] DEBUG org.apache.http.client.protocol.RequestProxyAuthentication -- Proxy auth state: UNCHALLENGED
10:05:44.366 [TestNG-tests-1] DEBUG org.apache.http.impl.client.DefaultHttpClient -- Attempt 1 to execute request
10:05:44.367 [TestNG-tests-1] DEBUG org.apache.http.impl.conn.DefaultClientConnection -- Sending request: GET /api/leave/balance/123 HTTP/1.1
10:05:44.392 [TestNG-tests-1] DEBUG org.apache.http.wire --  >> "GET /api/leave/balance/123 HTTP/1.1[\r][\n]"
10:05:44.392 [TestNG-tests-1] DEBUG org.apache.http.wire --  >> "Accept: */*[\r][\n]"
10:05:44.393 [TestNG-tests-1] DEBUG org.apache.http.wire --  >> "Host: opensource-demo.orangehrmlive.com[\r][\n]"
10:05:44.393 [TestNG-tests-1] DEBUG org.apache.http.wire --  >> "Connection: Keep-Alive[\r][\n]"
10:05:44.393 [TestNG-tests-1] DEBUG org.apache.http.wire --  >> "User-Agent: Apache-HttpClient/4.5.13 (Java/11.0.22)[\r][\n]"
10:05:44.393 [TestNG-tests-1] DEBUG org.apache.http.wire --  >> "Accept-Encoding: gzip,deflate[\r][\n]"
10:05:44.393 [TestNG-tests-1] DEBUG org.apache.http.wire --  >> "[\r][\n]"
10:05:44.393 [TestNG-tests-1] DEBUG org.apache.http.headers -- >> GET /api/leave/balance/123 HTTP/1.1
10:05:44.393 [TestNG-tests-1] DEBUG org.apache.http.headers -- >> Accept: */*
10:05:44.393 [TestNG-tests-1] DEBUG org.apache.http.headers -- >> Host: opensource-demo.orangehrmlive.com
10:05:44.393 [TestNG-tests-1] DEBUG org.apache.http.headers -- >> Connection: Keep-Alive
10:05:44.393 [TestNG-tests-1] DEBUG org.apache.http.headers -- >> User-Agent: Apache-HttpClient/4.5.13 (Java/11.0.22)
10:05:44.393 [TestNG-tests-1] DEBUG org.apache.http.headers -- >> Accept-Encoding: gzip,deflate
10:05:44.685 [TestNG-tests-1] DEBUG org.apache.http.wire --  << "HTTP/1.1 404 Not Found[\r][\n]"
10:05:44.686 [TestNG-tests-1] DEBUG org.apache.http.wire --  << "Server: nginx[\r][\n]"
10:05:44.686 [TestNG-tests-1] DEBUG org.apache.http.wire --  << "Date: Mon, 10 Nov 2025 04:35:44 GMT[\r][\n]"
10:05:44.686 [TestNG-tests-1] DEBUG org.apache.http.wire --  << "Content-Type: text/html; charset=iso-8859-1[\r][\n]"
10:05:44.686 [TestNG-tests-1] DEBUG org.apache.http.wire --  << "Content-Length: 296[\r][\n]"
10:05:44.686 [TestNG-tests-1] DEBUG org.apache.http.wire --  << "Connection: keep-alive[\r][\n]"
10:05:44.686 [TestNG-tests-1] DEBUG org.apache.http.wire --  << "Strict-Transport-Security: max-age=31536000; includeSubdomains; [\r][\n]"
10:05:44.686 [TestNG-tests-1] DEBUG org.apache.http.wire --  << "[\r][\n]"
10:05:44.686 [TestNG-tests-1] DEBUG org.apache.http.impl.conn.DefaultClientConnection -- Receiving response: HTTP/1.1 404 Not Found
10:05:44.686 [TestNG-tests-1] DEBUG org.apache.http.headers -- << HTTP/1.1 404 Not Found
10:05:44.686 [TestNG-tests-1] DEBUG org.apache.http.headers -- << Server: nginx
10:05:44.686 [TestNG-tests-1] DEBUG org.apache.http.headers -- << Date: Mon, 10 Nov 2025 04:35:44 GMT
10:05:44.686 [TestNG-tests-1] DEBUG org.apache.http.headers -- << Content-Type: text/html; charset=iso-8859-1
10:05:44.686 [TestNG-tests-1] DEBUG org.apache.http.headers -- << Content-Length: 296
10:05:44.686 [TestNG-tests-1] DEBUG org.apache.http.headers -- << Connection: keep-alive
10:05:44.686 [TestNG-tests-1] DEBUG org.apache.http.headers -- << Strict-Transport-Security: max-age=31536000; includeSubdomains; 
10:05:44.686 [TestNG-tests-1] DEBUG org.apache.http.impl.client.DefaultHttpClient -- Connection can be kept alive indefinitely
10:05:44.687 [TestNG-tests-1] DEBUG io.restassured.internal.RestAssuredHttpBuilder -- Parsing response as: text/html; charset=iso-8859-1
10:05:44.687 [TestNG-tests-1] DEBUG io.restassured.internal.RestAssuredHttpBuilder -- Parsed data to instance of: class org.apache.http.conn.EofSensorInputStream
  When I send a GET request to fetch leave balance              # stepdefinitions.api.LeaveSteps.getLeaveBalance()
  Then I should receive a 404 response with leave balance data  # stepdefinitions.api.LeaveSteps.verifyLeaveResponse(int)
10:05:44.815 [TestNG-tests-2] DEBUG org.apache.http.client.protocol.RequestAddCookies -- CookieSpec selected: ignoreCookies
10:05:44.815 [TestNG-tests-2] DEBUG org.apache.http.client.protocol.RequestAuthCache -- Auth cache not set in the context
10:05:44.815 [TestNG-tests-2] DEBUG org.apache.http.client.protocol.RequestTargetAuthentication -- Target auth state: UNCHALLENGED
10:05:44.815 [TestNG-tests-2] DEBUG org.apache.http.client.protocol.RequestProxyAuthentication -- Proxy auth state: UNCHALLENGED
10:05:44.815 [TestNG-tests-2] DEBUG org.apache.http.impl.client.DefaultHttpClient -- Attempt 1 to execute request
10:05:44.815 [TestNG-tests-2] DEBUG org.apache.http.impl.conn.DefaultClientConnection -- Sending request: GET /api/leave/balance/123 HTTP/1.1
10:05:44.863 [TestNG-tests-2] DEBUG org.apache.http.wire --  >> "GET /api/leave/balance/123 HTTP/1.1[\r][\n]"
10:05:44.864 [TestNG-tests-2] DEBUG org.apache.http.wire --  >> "Accept: */*[\r][\n]"
10:05:44.864 [TestNG-tests-2] DEBUG org.apache.http.wire --  >> "Host: opensource-demo.orangehrmlive.com[\r][\n]"
10:05:44.864 [TestNG-tests-2] DEBUG org.apache.http.wire --  >> "Connection: Keep-Alive[\r][\n]"
10:05:44.864 [TestNG-tests-2] DEBUG org.apache.http.wire --  >> "User-Agent: Apache-HttpClient/4.5.13 (Java/11.0.22)[\r][\n]"
10:05:44.864 [TestNG-tests-2] DEBUG org.apache.http.wire --  >> "Accept-Encoding: gzip,deflate[\r][\n]"
10:05:44.864 [TestNG-tests-2] DEBUG org.apache.http.wire --  >> "[\r][\n]"
10:05:44.864 [TestNG-tests-2] DEBUG org.apache.http.headers -- >> GET /api/leave/balance/123 HTTP/1.1
10:05:44.864 [TestNG-tests-2] DEBUG org.apache.http.headers -- >> Accept: */*
10:05:44.864 [TestNG-tests-2] DEBUG org.apache.http.headers -- >> Host: opensource-demo.orangehrmlive.com
10:05:44.864 [TestNG-tests-2] DEBUG org.apache.http.headers -- >> Connection: Keep-Alive
10:05:44.864 [TestNG-tests-2] DEBUG org.apache.http.headers -- >> User-Agent: Apache-HttpClient/4.5.13 (Java/11.0.22)
10:05:44.864 [TestNG-tests-2] DEBUG org.apache.http.headers -- >> Accept-Encoding: gzip,deflate
✅ Recording stopped
📊 Captured 19 frames in 16.172 seconds
🎬 Processing 19 captured frames...
💾 Saving 19 frames to: C:\Users\schapre\automation\AutomationFramework_Selenium_Java\test-output\videos\frames_Get_leave_balance_20251110_100528
10:05:45.108 [TestNG-tests-2] DEBUG org.apache.http.wire --  << "HTTP/1.1 404 Not Found[\r][\n]"
10:05:45.108 [TestNG-tests-2] DEBUG org.apache.http.wire --  << "Server: nginx[\r][\n]"
10:05:45.108 [TestNG-tests-2] DEBUG org.apache.http.wire --  << "Date: Mon, 10 Nov 2025 04:35:44 GMT[\r][\n]"
[...]
10:38:45.634 [TestNG-tests-1] INFO io.github.bonigarcia.wdm.WebDriverManager -- Exporting webdriver.chrome.driver as C:\Users\schapre\.cache\selenium\chromedriver\win64\142.0.7444.61\chromedriver.exe
  Given User navigates to TesterBud registration page                                                            # stepdefinitions.web.UI_RegistrationFunctionality_StepDefinition.user_navigates_to_testerbud_registration_page()
  Given User is on the registration page                                                                         # stepdefinitions.web.UI_RegistrationFunctionality_StepDefinition.user_is_on_the_registration_page()
  When User enters valid email "test.user@testerbud.com"                                                         # stepdefinitions.web.UI_RegistrationFunctionality_StepDefinition.user_enters_valid_email(java.lang.String)
  And User enters weak password "weak"                                                                           # stepdefinitions.web.UI_RegistrationFunctionality_StepDefinition.user_enters_weak_password(java.lang.String)
  And User enters confirm password "weak"                                                                        # stepdefinitions.web.UI_RegistrationFunctionality_StepDefinition.user_enters_confirm_password(java.lang.String)
  And User clicks on Register button                                                                             # stepdefinitions.web.UI_RegistrationFunctionality_StepDefinition.user_clicks_on_register_button()
  Then User should see "Password does not meet requirements" error message                                       # stepdefinitions.web.UI_RegistrationFunctionality_StepDefinition.user_should_see_error_message(java.lang.String)
  And User should remain on the registration page                                                                # stepdefinitions.web.UI_RegistrationFunctionality_StepDefinition.user_should_remain_on_the_registration_page()
✅ Recording stopped
📊 Captured 40 frames in 19.826 seconds
🎬 Processing 40 captured frames...
💾 Saving 40 frames to: C:\Users\schapre\automation\AutomationFramework_Selenium_Java\test-output\videos\frames_TCRegistration08__Validate_registration_with_weak_password_that_does_not_meet_strength_requirements_20251110_103845
✅ Video recording completed!
📁 Frames saved to: C:\Users\schapre\automation\AutomationFramework_Selenium_Java\test-output\videos\frames_TCRegistration08__Validate_registration_with_weak_password_that_does_not_meet_strength_requirements_20251110_103845
📄 WebM placeholder created: test-output/videos/TCRegistration08__Validate_registration_with_weak_password_that_does_not_meet_strength_requirements_20251110_103845.webm
💡 Install FFmpeg to generate actual WebM videos automatically
✅ Video bytes attached to Allure report: Test_Recording_1762751351103
✅ Video file attached to Allure report: Test_Recording_1762751351103 (0 KB)
🎥 Video recording stopped for: TC_Registration_08 - Validate registration with weak password that does not meet strength requirements
📹 Video saved at: test-output/videos/TCRegistration08__Validate_registration_with_weak_password_that_does_not_meet_strength_requirements_20251110_103845.webm
10:39:15.005 [TestNG-tests-1] ERROR io.qameta.allure.AllureLifecycle -- Could not start step: no test case running
10:39:15.005 [TestNG-tests-1] ERROR io.qameta.allure.AllureLifecycle -- Could not stop step: step with uuid 1b445602-efa9-4a7c-be05-1676d4ebf29a not found
10:39:15.007 [TestNG-tests-1] ERROR io.qameta.allure.AllureLifecycle -- Could not add attachment: no test is running
]]></system-out>
    <system-err><![CDATA[Nov 10, 2025 10:38:53 AM org.openqa.selenium.devtools.CdpVersionFinder findNearestMatch
WARNING: Unable to find CDP implementation matching 142
Nov 10, 2025 10:38:53 AM org.openqa.selenium.chromium.ChromiumDriver lambda$new$5
WARNING: Unable to find version of CDP to use for 142.0.7444.60. You may need to include a dependency on a specific version of the CDP using something similar to `org.seleniumhq.selenium:selenium-devtools-v86:4.15.0` where the version ("v86") matches the version of the chromium-based browser you're using and the version number of the artifact is the same as Selenium's.
]]></system-err>
  </testcase>
  <testcase name="runScenario[&quot;TC_Registration_09 - Validate password strength indicators are visible when strong password is entered&quot;, &quot;User Registration Functionality&quot;](36)" classname="runners.TestRunner" time="14.951">
    <system-out><![CDATA[10:32:54.244 [TestNG-tests-1] ERROR io.qameta.allure.AllureLifecycle -- Could not start step: no test case running
10:32:54.246 [TestNG-tests-1] ERROR io.qameta.allure.AllureLifecycle -- Could not stop step: step with uuid f6e22d3d-0fe8-470e-bc07-2fe89145de29 not found

@WEB @TC_Registration_04
Scenario: TC_Registration_04 - Validate registration with empty confirm password field # src/test/resources/features/web/UI_Registration_Functionality.feature:39
✅ SSL validation relaxed for RestAssured.
✅ Video recording completed!
📁 Frames saved to: C:\Users\schapre\automation\AutomationFramework_Selenium_Java\test-output\videos\frames_TCRegistration03__Validate_registration_with_empty_password_field_20251110_103127
📄 WebM placeholder created: test-output/videos/TCRegistration03__Validate_registration_with_empty_password_field_20251110_103127.webm
💡 Install FFmpeg to generate actual WebM videos automatically
✅ Video bytes attached to Allure report: Test_Recording_1762750989011
✅ Video file attached to Allure report: Test_Recording_1762750989011 (0 KB)
🎥 Video recording stopped for: TC_Registration_09 - Validate password strength indicators are visible when strong password is entered
📹 Video saved at: test-output/videos/TCRegistration03__Validate_registration_with_empty_password_field_20251110_103127.webm
🎥 WebM video recording started: TCRegistration04__Validate_registration_with_empty_confirm_password_field_20251110_103309
📊 Frame rate: 2 FPS
🎥 Video recording started for: TC_Registration_04 - Validate registration with empty confirm password field
10:33:09.162 [TestNG-tests-2] ERROR io.qameta.allure.AllureLifecycle -- Could not start step: no test case running
10:33:09.162 [TestNG-tests-2] ERROR io.qameta.allure.AllureLifecycle -- Could not stop step: step with uuid 88704a0f-6023-409a-8a71-9662880b5520 not found
10:33:09.162 [TestNG-tests-2] ERROR io.qameta.allure.AllureLifecycle -- Could not add attachment: no test is running
]]></system-out>
  </testcase>
  <testcase name="runScenario[&quot;TC_Registration_09 - Validate password strength indicators are visible when strong password is entered&quot;, &quot;User Registration Functionality&quot;](36)" classname="runners.TestRunner" time="28.903">
    <system-out><![CDATA[10:39:15.021 [TestNG-tests-1] ERROR io.qameta.allure.AllureLifecycle -- Could not start step: no test case running
10:39:15.021 [TestNG-tests-1] ERROR io.qameta.allure.AllureLifecycle -- Could not stop step: step with uuid 0a99a790-11fb-4dc6-955c-8d640b79ceea not found

@WEB @TC_Registration_09
Scenario: TC_Registration_09 - Validate password strength indicators are visible when strong password is entered # src/test/resources/features/web/UI_Registration_Functionality.feature:86
✅ SSL validation relaxed for RestAssured.
🎥 WebM video recording started: TCRegistration09__Validate_password_strength_indicators_are_visible_when_strong_password_is_entered_20251110_103915
📊 Frame rate: 2 FPS
🎥 Video recording started for: TC_Registration_09 - Validate password strength indicators are visible when strong password is entered
10:39:15.220 [TestNG-tests-1] DEBUG io.github.bonigarcia.wdm.WebDriverManager -- Using WebDriverManager 5.8.0
10:39:15.335 [TestNG-tests-1] DEBUG io.github.bonigarcia.wdm.cache.ResolutionCache -- Resolution chrome=142 in cache (valid until 10:46:23 10/11/2025 IST)
10:39:15.336 [TestNG-tests-1] DEBUG io.github.bonigarcia.wdm.cache.ResolutionCache -- Resolution chrome142=142.0.7444.61 in cache (valid until 11:30:15 10/11/2025 IST)
10:39:15.336 [TestNG-tests-1] INFO io.github.bonigarcia.wdm.WebDriverManager -- Using chromedriver 142.0.7444.61 (resolved driver for Chrome 142)
10:39:15.837 [TestNG-tests-1] DEBUG io.github.bonigarcia.wdm.WebDriverManager -- Driver chromedriver 142.0.7444.61 found in cache
10:39:15.842 [TestNG-tests-1] INFO io.github.bonigarcia.wdm.WebDriverManager -- Exporting webdriver.chrome.driver as C:\Users\schapre\.cache\selenium\chromedriver\win64\142.0.7444.61\chromedriver.exe
  Given User navigates to TesterBud registration page                                                            # stepdefinitions.web.UI_RegistrationFunctionality_StepDefinition.user_navigates_to_testerbud_registration_page()
  Given User is on the registration page                                                                         # stepdefinitions.web.UI_RegistrationFunctionality_StepDefinition.user_is_on_the_registration_page()
  When User enters strong password "StrongPass@123"                                                              # stepdefinitions.web.UI_RegistrationFunctionality_StepDefinition.user_enters_strong_password(java.lang.String)
  Then User should see password strength requirements                                                            # stepdefinitions.web.UI_RegistrationFunctionality_StepDefinition.user_should_see_password_strength_requirements()
  And Password strength indicators should be visible                                                             # stepdefinitions.web.UI_RegistrationFunctionality_StepDefinition.password_strength_indicators_should_be_visible()
✅ Recording stopped
📊 Captured 38 frames in 18.782 seconds
🎬 Processing 38 captured frames...
💾 Saving 38 frames to: C:\Users\schapre\automation\AutomationFramework_Selenium_Java\test-output\videos\frames_TCRegistration09__Validate_password_strength_indicators_are_visible_when_strong_password_is_entered_20251110_103915
✅ Video recording completed!
📁 Frames saved to: C:\Users\schapre\automation\AutomationFramework_Selenium_Java\test-output\videos\frames_TCRegistration09__Validate_password_strength_indicators_are_visible_when_strong_password_is_entered_20251110_103915
📄 WebM placeholder created: test-output/videos/TCRegistration09__Validate_password_strength_indicators_are_visible_when_strong_password_is_entered_20251110_103915.webm
💡 Install FFmpeg to generate actual WebM videos automatically
✅ Video bytes attached to Allure report: Test_Recording_1762751380015
✅ Video file attached to Allure report: Test_Recording_1762751380015 (0 KB)
🎥 Video recording stopped for: TC_Registration_09 - Validate password strength indicators are visible when strong password is entered
📹 Video saved at: test-output/videos/TCRegistration09__Validate_password_strength_indicators_are_visible_when_strong_password_is_entered_20251110_103915.webm
10:39:43.912 [TestNG-tests-1] ERROR io.qameta.allure.AllureLifecycle -- Could not start step: no test case running
10:39:43.912 [TestNG-tests-1] ERROR io.qameta.allure.AllureLifecycle -- Could not stop step: step with uuid 50011faa-d606-4dfc-a67b-b09d11eb15da not found
10:39:43.912 [TestNG-tests-1] ERROR io.qameta.allure.AllureLifecycle -- Could not add attachment: no test is running
]]></system-out>
    <system-err><![CDATA[Nov 10, 2025 10:39:24 AM org.openqa.selenium.devtools.CdpVersionFinder findNearestMatch
WARNING: Unable to find CDP implementation matching 142
Nov 10, 2025 10:39:24 AM org.openqa.selenium.chromium.ChromiumDriver lambda$new$5
WARNING: Unable to find version of CDP to use for 142.0.7444.60. You may need to include a dependency on a specific version of the CDP using something similar to `org.seleniumhq.selenium:selenium-devtools-v86:4.15.0` where the version ("v86") matches the version of the chromium-based browser you're using and the version number of the artifact is the same as Selenium's.
]]></system-err>
  </testcase>
  <testcase name="runScenario[&quot;TC_Registration_10 - Validate clicking &apos;Sign in&apos; link successfully navigate user to Login Page&quot;, &quot;User Registration Functionality&quot;](37)" classname="runners.TestRunner" time="18.948">
    <system-out><![CDATA[10:34:04.449 [TestNG-tests-1] ERROR io.qameta.allure.AllureLifecycle -- Could not start step: no test case running
10:34:04.456 [TestNG-tests-1] ERROR io.qameta.allure.AllureLifecycle -- Could not stop step: step with uuid 5efea22e-4c6d-4e4d-98b6-3018f8b8596a not found

@WEB @TC_Registration_05
Scenario: TC_Registration_05 - Validate registration with invalid email format # src/test/resources/features/web/UI_Registration_Functionality.feature:49
✅ SSL validation relaxed for RestAssured.
✅ Video recording completed!
📁 Frames saved to: C:\Users\schapre\automation\AutomationFramework_Selenium_Java\test-output\videos\frames_TCRegistration10__Validate_clicking_Sign_in_link_successfully_navigate_user_to_Login_Page_20251110_103310
📄 WebM placeholder created: test-output/videos/TCRegistration10__Validate_clicking_Sign_in_link_successfully_navigate_user_to_Login_Page_20251110_103310.webm
💡 Install FFmpeg to generate actual WebM videos automatically
✅ Video bytes attached to Allure report: Test_Recording_1762751063376
🎥 WebM video recording started: TCRegistration05__Validate_registration_with_invalid_email_format_20251110_103423
📊 Frame rate: 2 FPS
🎥 Video recording started for: TC_Registration_05 - Validate registration with invalid email format
✅ Video file attached to Allure report: Test_Recording_1762751063376 (0 KB)
🎥 Video recording stopped for: TC_Registration_10 - Validate clicking 'Sign in' link successfully navigate user to Login Page
📹 Video saved at: test-output/videos/TCRegistration10__Validate_clicking_Sign_in_link_successfully_navigate_user_to_Login_Page_20251110_103310.webm
10:34:23.416 [TestNG-tests-1] DEBUG io.github.bonigarcia.wdm.WebDriverManager -- Using WebDriverManager 5.8.0
10:34:23.420 [TestNG-tests-2] ERROR io.qameta.allure.AllureLifecycle -- Could not start step: no test case running
10:34:23.420 [TestNG-tests-2] ERROR io.qameta.allure.AllureLifecycle -- Could not stop step: step with uuid 31358c5e-91fe-4292-8a4d-3e37afc773d0 not found
10:34:23.420 [TestNG-tests-2] ERROR io.qameta.allure.AllureLifecycle -- Could not add attachment: no test is running
]]></system-out>
  </testcase>
  <testcase name="runScenario[&quot;TC_Registration_10 - Validate clicking &apos;Sign in&apos; link successfully navigate user to Login Page&quot;, &quot;User Registration Functionality&quot;](37)" classname="runners.TestRunner" time="25.095">
    <system-out><![CDATA[10:39:43.924 [TestNG-tests-1] ERROR io.qameta.allure.AllureLifecycle -- Could not start step: no test case running
10:39:43.924 [TestNG-tests-1] ERROR io.qameta.allure.AllureLifecycle -- Could not stop step: step with uuid c65ee86b-e9a5-4df5-90be-9baed581d52e not found

@WEB @TC_Registration_10
Scenario: TC_Registration_10 - Validate clicking 'Sign in' link successfully navigate user to Login Page # src/test/resources/features/web/UI_Registration_Functionality.feature:93
✅ SSL validation relaxed for RestAssured.
🎥 WebM video recording started: TCRegistration10__Validate_clicking_Sign_in_link_successfully_navigate_user_to_Login_Page_20251110_103943
📊 Frame rate: 2 FPS
🎥 Video recording started for: TC_Registration_10 - Validate clicking 'Sign in' link successfully navigate user to Login Page
10:39:43.990 [TestNG-tests-1] DEBUG io.github.bonigarcia.wdm.WebDriverManager -- Using WebDriverManager 5.8.0
10:39:44.135 [TestNG-tests-1] DEBUG io.github.bonigarcia.wdm.cache.ResolutionCache -- Resolution chrome=142 in cache (valid until 10:46:23 10/11/2025 IST)
10:39:44.139 [TestNG-tests-1] DEBUG io.github.bonigarcia.wdm.cache.ResolutionCache -- Resolution chrome142=142.0.7444.61 in cache (valid until 11:30:15 10/11/2025 IST)
10:39:44.142 [TestNG-tests-1] INFO io.github.bonigarcia.wdm.WebDriverManager -- Using chromedriver 142.0.7444.61 (resolved driver for Chrome 142)
10:39:44.355 [TestNG-tests-1] DEBUG io.github.bonigarcia.wdm.WebDriverManager -- Driver chromedriver 142.0.7444.61 found in cache
10:39:44.359 [TestNG-tests-1] INFO io.github.bonigarcia.wdm.WebDriverManager -- Exporting webdriver.chrome.driver as C:\Users\schapre\.cache\selenium\chromedriver\win64\142.0.7444.61\chromedriver.exe
  Given User navigates to TesterBud registration page                                                    # stepdefinitions.web.UI_RegistrationFunctionality_StepDefinition.user_navigates_to_testerbud_registration_page()
  Given User is on the registration page                                                                 # stepdefinitions.web.UI_RegistrationFunctionality_StepDefinition.user_is_on_the_registration_page()
  When User clicks on "Sign in" link                                                                     # stepdefinitions.web.UI_RegistrationFunctionality_StepDefinition.user_clicks_on_link(java.lang.String)
  Then User should be redirected to login page                                                           # stepdefinitions.web.UI_RegistrationFunctionality_StepDefinition.user_should_be_redirected_to_login_page()
  And User should see login form with email and password fields                                          # stepdefinitions.web.UI_RegistrationFunctionality_StepDefinition.user_should_see_login_form_with_email_and_password_fields()
  And Login page URL should contain "practice-login-form"                                                # stepdefinitions.web.UI_RegistrationFunctionality_StepDefinition.login_page_url_should_contain(java.lang.String)
✅ Recording stopped
📊 Captured 34 frames in 16.864 seconds
🎬 Processing 34 captured frames...
💾 Saving 34 frames to: C:\Users\schapre\automation\AutomationFramework_Selenium_Java\test-output\videos\frames_TCRegistration10__Validate_clicking_Sign_in_link_successfully_navigate_user_to_Login_Page_20251110_103943
✅ Video recording completed!
📁 Frames saved to: C:\Users\schapre\automation\AutomationFramework_Selenium_Java\test-output\videos\frames_TCRegistration10__Validate_clicking_Sign_in_link_successfully_navigate_user_to_Login_Page_20251110_103943
📄 WebM placeholder created: test-output/videos/TCRegistration10__Validate_clicking_Sign_in_link_successfully_navigate_user_to_Login_Page_20251110_103943.webm
💡 Install FFmpeg to generate actual WebM videos automatically
✅ Video bytes attached to Allure report: Test_Recording_1762751406958
✅ Video file attached to Allure report: Test_Recording_1762751406958 (0 KB)
🎥 Video recording stopped for: TC_Registration_10 - Validate clicking 'Sign in' link successfully navigate user to Login Page
📹 Video saved at: test-output/videos/TCRegistration10__Validate_clicking_Sign_in_link_successfully_navigate_user_to_Login_Page_20251110_103943.webm
10:40:09.019 [TestNG-tests-1] ERROR io.qameta.allure.AllureLifecycle -- Could not start step: no test case running
10:40:09.019 [TestNG-tests-1] ERROR io.qameta.allure.AllureLifecycle -- Could not stop step: step with uuid 42642b91-95da-44fa-aaf1-8acf51eeb510 not found
10:40:09.019 [TestNG-tests-1] ERROR io.qameta.allure.AllureLifecycle -- Could not add attachment: no test is running
]]></system-out>
    <system-err><![CDATA[Nov 10, 2025 10:39:49 AM org.openqa.selenium.devtools.CdpVersionFinder findNearestMatch
WARNING: Unable to find CDP implementation matching 142
Nov 10, 2025 10:39:49 AM org.openqa.selenium.chromium.ChromiumDriver lambda$new$5
WARNING: Unable to find version of CDP to use for 142.0.7444.60. You may need to include a dependency on a specific version of the CDP using something similar to `org.seleniumhq.selenium:selenium-devtools-v86:4.15.0` where the version ("v86") matches the version of the chromium-based browser you're using and the version number of the artifact is the same as Selenium's.
]]></system-err>
  </testcase>
</testsuite>