<html>
<head>
<title>TestNG:  Tests</title>
<link href="../testng.css" rel="stylesheet" type="text/css" />
<link href="../my-testng.css" rel="stylesheet" type="text/css" />

<style type="text/css">
.log { display: none;} 
.stack-trace { display: none;} 
</style>
<script type="text/javascript">
<!--
function flip(e) {
  current = e.style.display;
  if (current == 'block') {
    e.style.display = 'none';
    return 0;
  }
  else {
    e.style.display = 'block';
    return 1;
  }
}

function toggleBox(szDivId, elem, msg1, msg2)
{
  var res = -1;  if (document.getElementById) {
    res = flip(document.getElementById(szDivId));
  }
  else if (document.all) {
    // this is the way old msie versions work
    res = flip(document.all[szDivId]);
  }
  if(elem) {
    if(res == 0) elem.innerHTML = msg1; else elem.innerHTML = msg2;
  }

}

function toggleAllBoxes() {
  if (document.getElementsByTagName) {
    d = document.getElementsByTagName('div');
    for (i = 0; i < d.length; i++) {
      if (d[i].className == 'log') {
        flip(d[i]);
      }
    }
  }
}

// -->
</script>

</head>
<body>
<h2 align='center'>Tests</h2><table border='1' align="center">
<tr>
<td>Tests passed/Failed/Skipped:</td><td>36/1/0</td>
</tr><tr>
<td>Started on:</td><td>Mon Nov 10 09:46:03 IST 2025</td>
</tr>
<tr><td>Total time:</td><td>863 seconds (863253 ms)</td>
</tr><tr>
<td>Included groups:</td><td></td>
</tr><tr>
<td>Excluded groups:</td><td></td>
</tr>
</table><p/>
<small><i>(Hover the method name to see the test class name)</i></small><p/>
<table width='100%' border='1' class='invocation-failed'>
<tr><td colspan='4' align='center'><b>FAILED TESTS</b></td></tr>
<tr><td><b>Test method</b></td>
<td><b>Attribute(s)</b></td>
<td width="30%"><b>Exception</b></td>
<td width="10%"><b>Time (seconds)</b></td>
<td><b>Instance</b></td>
</tr>
<tr>
<td title='runners.TestRunner.runScenario()'><b>runScenario</b><br>Test class: runners.TestRunner<br>Test method: Runs Cucumber Scenarios<br>Parameters: "Assign role to user", "User Role API Testing"</td>
<td><div><pre>org.openqa.selenium.WebDriverException: unknown error: failed to change window state to &apos;maximized&apos;, current state is &apos;minimized&apos;
  (Session info: chrome=142.0.7444.60)
Build info: version: &apos;4.15.0&apos;, revision: &apos;1d14b5521b&apos;
System info: os.name: &apos;Windows 11&apos;, os.arch: &apos;amd64&apos;, os.version: &apos;10.0&apos;, java.version: &apos;11.0.22&apos;
Driver info: org.openqa.selenium.chrome.ChromeDriver
Command: [c4f32605641df35fec1471c9afa77878, maximizeCurrentWindow {}]
Capabilities {acceptInsecureCerts: false, browserName: chrome, browserVersion: 142.0.7444.60, chrome: {chromedriverVersion: 142.0.7444.61 (9884f628acbc..., userDataDir: C:\Users\schapre\AppData\Lo...}, fedcm:accounts: true, goog:chromeOptions: {debuggerAddress: localhost:57842}, goog:processID: 38704, networkConnectionEnabled: false, pageLoadStrategy: normal, platformName: windows, proxy: Proxy(), se:cdp: ws://localhost:57842/devtoo..., se:cdpVersion: 142.0.7444.60, setWindowRect: true, strictFileInteractability: false, timeouts: {implicit: 0, pageLoad: 300000, script: 30000}, unhandledPromptBehavior: dismiss and notify, webauthn:extension:credBlob: true, webauthn:extension:largeBlob: true, webauthn:extension:minPinLength: true, webauthn:extension:prf: true, webauthn:virtualAuthenticators: true}
Session ID: c4f32605641df35fec1471c9afa77878
	at org.openqa.selenium.remote.codec.w3c.W3CHttpResponseCodec.createException(W3CHttpResponseCodec.java:200)
	at org.openqa.selenium.remote.codec.w3c.W3CHttpResponseCodec.decode(W3CHttpResponseCodec.java:133)
	at org.openqa.selenium.remote.codec.w3c.W3CHttpResponseCodec.decode(W3CHttpResponseCodec.java:52)
	at org.openqa.selenium.remote.HttpCommandExecutor.execute(HttpCommandExecutor.java:191)
	at org.openqa.selenium.remote.service.DriverCommandExecutor.invokeExecute(DriverCommandExecutor.java:200)
	at org.openqa.selenium.remote.service.DriverCommandExecutor.execute(DriverCommandExecutor.java:175)
	at org.openqa.selenium.remote.RemoteWebDriver.execute(RemoteWebDriver.java:607)
	at org.openqa.selenium.remote.RemoteWebDriver.execute(RemoteWebDriver.java:680)
	at org.openqa.selenium.remote.RemoteWebDriver.execute(RemoteWebDriver.java:684)
	at org.openqa.selenium.remote.RemoteWebDriver$RemoteWebDriverOptions$RemoteWindow.maximize(RemoteWebDriver.java:1123)
	at utils.DriverFactory.initWebDriver(DriverFactory.java:25)
	at hooks.Hooks.setUp(Hooks.java:54)
... Removed 4 stack frames</pre></div><a href='#' onClick='toggleBox("stack-trace1338471365", this, "Click to show all stack frames", "Click to hide stack frames")'>Click to show all stack frames</a>
<div class='stack-trace' id='stack-trace1338471365'><pre>org.openqa.selenium.WebDriverException: unknown error: failed to change window state to &apos;maximized&apos;, current state is &apos;minimized&apos;
  (Session info: chrome=142.0.7444.60)
Build info: version: &apos;4.15.0&apos;, revision: &apos;1d14b5521b&apos;
System info: os.name: &apos;Windows 11&apos;, os.arch: &apos;amd64&apos;, os.version: &apos;10.0&apos;, java.version: &apos;11.0.22&apos;
Driver info: org.openqa.selenium.chrome.ChromeDriver
Command: [c4f32605641df35fec1471c9afa77878, maximizeCurrentWindow {}]
Capabilities {acceptInsecureCerts: false, browserName: chrome, browserVersion: 142.0.7444.60, chrome: {chromedriverVersion: 142.0.7444.61 (9884f628acbc..., userDataDir: C:\Users\schapre\AppData\Lo...}, fedcm:accounts: true, goog:chromeOptions: {debuggerAddress: localhost:57842}, goog:processID: 38704, networkConnectionEnabled: false, pageLoadStrategy: normal, platformName: windows, proxy: Proxy(), se:cdp: ws://localhost:57842/devtoo..., se:cdpVersion: 142.0.7444.60, setWindowRect: true, strictFileInteractability: false, timeouts: {implicit: 0, pageLoad: 300000, script: 30000}, unhandledPromptBehavior: dismiss and notify, webauthn:extension:credBlob: true, webauthn:extension:largeBlob: true, webauthn:extension:minPinLength: true, webauthn:extension:prf: true, webauthn:virtualAuthenticators: true}
Session ID: c4f32605641df35fec1471c9afa77878
	at java.base/jdk.internal.reflect.NativeConstructorAccessorImpl.newInstance0(Native Method)
	at java.base/jdk.internal.reflect.NativeConstructorAccessorImpl.newInstance(NativeConstructorAccessorImpl.java:62)
	at java.base/jdk.internal.reflect.DelegatingConstructorAccessorImpl.newInstance(DelegatingConstructorAccessorImpl.java:45)
	at java.base/java.lang.reflect.Constructor.newInstance(Constructor.java:490)
	at org.openqa.selenium.remote.codec.w3c.W3CHttpResponseCodec.createException(W3CHttpResponseCodec.java:200)
	at org.openqa.selenium.remote.codec.w3c.W3CHttpResponseCodec.decode(W3CHttpResponseCodec.java:133)
	at org.openqa.selenium.remote.codec.w3c.W3CHttpResponseCodec.decode(W3CHttpResponseCodec.java:52)
	at org.openqa.selenium.remote.HttpCommandExecutor.execute(HttpCommandExecutor.java:191)
	at org.openqa.selenium.remote.service.DriverCommandExecutor.invokeExecute(DriverCommandExecutor.java:200)
	at org.openqa.selenium.remote.service.DriverCommandExecutor.execute(DriverCommandExecutor.java:175)
	at org.openqa.selenium.remote.RemoteWebDriver.execute(RemoteWebDriver.java:607)
	at org.openqa.selenium.remote.RemoteWebDriver.execute(RemoteWebDriver.java:680)
	at org.openqa.selenium.remote.RemoteWebDriver.execute(RemoteWebDriver.java:684)
	at org.openqa.selenium.remote.RemoteWebDriver$RemoteWebDriverOptions$RemoteWindow.maximize(RemoteWebDriver.java:1123)
	at utils.DriverFactory.initWebDriver(DriverFactory.java:25)
	at hooks.Hooks.setUp(Hooks.java:54)
</pre></div></td>
<td>12</td>
<td>runners.TestRunner@75fa1be3</td></tr>
</table><p>
<table width='100%' border='1' class='invocation-passed'>
<tr><td colspan='4' align='center'><b>PASSED TESTS</b></td></tr>
<tr><td><b>Test method</b></td>
<td><b>Attribute(s)</b></td>
<td width="30%"><b>Exception</b></td>
<td width="10%"><b>Time (seconds)</b></td>
<td><b>Instance</b></td>
</tr>
<tr>
<td title='runners.TestRunner.runScenario()'><b>runScenario</b><br>Test class: runners.TestRunner<br>Test method: Runs Cucumber Scenarios<br>Parameters: "TC_Basic_01 - Verify login with valid credentials", "Login Functionality Testing"</td>
<td></td>
<td>16</td>
<td>runners.TestRunner@75fa1be3</td></tr>
<tr>
<td title='runners.TestRunner.runScenario()'><b>runScenario</b><br>Test class: runners.TestRunner<br>Test method: Runs Cucumber Scenarios<br>Parameters: "TC_Registration_04 - Validate registration with empty confirm password field", "User Registration Functionality"</td>
<td></td>
<td>18</td>
<td>runners.TestRunner@75fa1be3</td></tr>
<tr>
<td title='runners.TestRunner.runScenario()'><b>runScenario</b><br>Test class: runners.TestRunner<br>Test method: Runs Cucumber Scenarios<br>Parameters: "TC_Basic_03 - Check UI elements of the login page", "Login Functionality Testing"</td>
<td></td>
<td>15</td>
<td>runners.TestRunner@75fa1be3</td></tr>
<tr>
<td title='runners.TestRunner.runScenario()'><b>runScenario</b><br>Test class: runners.TestRunner<br>Test method: Runs Cucumber Scenarios<br>Parameters: "TC_Forget_07 - Validate Error message if Confirm New Password left blank", "Forget Password Functionality Testing"</td>
<td></td>
<td>36</td>
<td>runners.TestRunner@75fa1be3</td></tr>
<tr>
<td title='runners.TestRunner.runScenario()'><b>runScenario</b><br>Test class: runners.TestRunner<br>Test method: Runs Cucumber Scenarios<br>Parameters: "TC_Forget_04 - Validate Error message if wrong Secret Code entered", "Forget Password Functionality Testing"</td>
<td></td>
<td>33</td>
<td>runners.TestRunner@75fa1be3</td></tr>
<tr>
<td title='runners.TestRunner.runScenario()'><b>runScenario</b><br>Test class: runners.TestRunner<br>Test method: Runs Cucumber Scenarios<br>Parameters: "TC_Forget_10 - Validate password strength indicator when some criteria are met", "Forget Password Functionality Testing"</td>
<td></td>
<td>35</td>
<td>runners.TestRunner@75fa1be3</td></tr>
<tr>
<td title='runners.TestRunner.runScenario()'><b>runScenario</b><br>Test class: runners.TestRunner<br>Test method: Runs Cucumber Scenarios<br>Parameters: "TC_Forget_11 - Validate successful password reset with a valid New Password", "Forget Password Functionality Testing"</td>
<td></td>
<td>23</td>
<td>runners.TestRunner@75fa1be3</td></tr>
<tr>
<td title='runners.TestRunner.runScenario()'><b>runScenario</b><br>Test class: runners.TestRunner<br>Test method: Runs Cucumber Scenarios<br>Parameters: "TC_Basic_04 - Verify login button is enabled and validate error message when fields are empty", "Login Functionality Testing"</td>
<td></td>
<td>18</td>
<td>runners.TestRunner@75fa1be3</td></tr>
<tr>
<td title='runners.TestRunner.runScenario()'><b>runScenario</b><br>Test class: runners.TestRunner<br>Test method: Runs Cucumber Scenarios<br>Parameters: "TC_Registration_08 - Validate registration with weak password that does not meet strength requirements", "User Registration Functionality"</td>
<td></td>
<td>19</td>
<td>runners.TestRunner@75fa1be3</td></tr>
<tr>
<td title='runners.TestRunner.runScenario()'><b>runScenario</b><br>Test class: runners.TestRunner<br>Test method: Runs Cucumber Scenarios<br>Parameters: "TC_Registration_06 - Validate registration when password and confirm password do not match", "User Registration Functionality"</td>
<td></td>
<td>19</td>
<td>runners.TestRunner@75fa1be3</td></tr>
<tr>
<td title='runners.TestRunner.runScenario()'><b>runScenario</b><br>Test class: runners.TestRunner<br>Test method: Runs Cucumber Scenarios<br>Parameters: "TC_Registration_03 - Validate registration with empty password field", "User Registration Functionality"</td>
<td></td>
<td>21</td>
<td>runners.TestRunner@75fa1be3</td></tr>
<tr>
<td title='runners.TestRunner.runScenario()'><b>runScenario</b><br>Test class: runners.TestRunner<br>Test method: Runs Cucumber Scenarios<br>Parameters: "TC_Basic_05 - Verify password field is masked", "Login Functionality Testing"</td>
<td></td>
<td>14</td>
<td>runners.TestRunner@75fa1be3</td></tr>
<tr>
<td title='runners.TestRunner.runScenario()'><b>runScenario</b><br>Test class: runners.TestRunner<br>Test method: Runs Cucumber Scenarios<br>Parameters: "TC_Registration_05 - Validate registration with invalid email format", "User Registration Functionality"</td>
<td></td>
<td>28</td>
<td>runners.TestRunner@75fa1be3</td></tr>
<tr>
<td title='runners.TestRunner.runScenario()'><b>runScenario</b><br>Test class: runners.TestRunner<br>Test method: Runs Cucumber Scenarios<br>Parameters: "Get all user roles", "User Role API Testing"</td>
<td></td>
<td>15</td>
<td>runners.TestRunner@75fa1be3</td></tr>
<tr>
<td title='runners.TestRunner.runScenario()'><b>runScenario</b><br>Test class: runners.TestRunner<br>Test method: Runs Cucumber Scenarios<br>Parameters: "Logout from OrangeHRM", "Logout API Testing"</td>
<td></td>
<td>16</td>
<td>runners.TestRunner@75fa1be3</td></tr>
<tr>
<td title='runners.TestRunner.runScenario()'><b>runScenario</b><br>Test class: runners.TestRunner<br>Test method: Runs Cucumber Scenarios<br>Parameters: "TC_Forget_08 - Validate error message if New and Confirm Password do not match", "Forget Password Functionality Testing"</td>
<td></td>
<td>26</td>
<td>runners.TestRunner@75fa1be3</td></tr>
<tr>
<td title='runners.TestRunner.runScenario()'><b>runScenario</b><br>Test class: runners.TestRunner<br>Test method: Runs Cucumber Scenarios<br>Parameters: "TC_Registration_09 - Validate password strength indicators are visible when strong password is entered", "User Registration Functionality"</td>
<td></td>
<td>14</td>
<td>runners.TestRunner@75fa1be3</td></tr>
<tr>
<td title='runners.TestRunner.runScenario()'><b>runScenario</b><br>Test class: runners.TestRunner<br>Test method: Runs Cucumber Scenarios<br>Parameters: "Create a new employee", "Employee API Testing"</td>
<td></td>
<td>16</td>
<td>runners.TestRunner@75fa1be3</td></tr>
<tr>
<td title='runners.TestRunner.runScenario()'><b>runScenario</b><br>Test class: runners.TestRunner<br>Test method: Runs Cucumber Scenarios<br>Parameters: "TC_Basic_02 - Verify login with invalid credentials", "Login Functionality Testing"</td>
<td></td>
<td>21</td>
<td>runners.TestRunner@75fa1be3</td></tr>
<tr>
<td title='runners.TestRunner.runScenario()'><b>runScenario</b><br>Test class: runners.TestRunner<br>Test method: Runs Cucumber Scenarios<br>Parameters: "Successful login with valid credentials", "OrangeHRM Login API Testing"</td>
<td></td>
<td>18</td>
<td>runners.TestRunner@75fa1be3</td></tr>
<tr>
<td title='runners.TestRunner.runScenario()'><b>runScenario</b><br>Test class: runners.TestRunner<br>Test method: Runs Cucumber Scenarios<br>Parameters: "Get employee details by ID", "Employee API Testing"</td>
<td></td>
<td>63</td>
<td>runners.TestRunner@75fa1be3</td></tr>
<tr>
<td title='runners.TestRunner.runScenario()'><b>runScenario</b><br>Test class: runners.TestRunner<br>Test method: Runs Cucumber Scenarios<br>Parameters: "TC_Basic_06 - Verify error message when username is entered but password field is left blank", "Login Functionality Testing"</td>
<td></td>
<td>17</td>
<td>runners.TestRunner@75fa1be3</td></tr>
<tr>
<td title='runners.TestRunner.runScenario()'><b>runScenario</b><br>Test class: runners.TestRunner<br>Test method: Runs Cucumber Scenarios<br>Parameters: "Login with invalid credentials", "OrangeHRM Login API Testing"</td>
<td></td>
<td>17</td>
<td>runners.TestRunner@75fa1be3</td></tr>
<tr>
<td title='runners.TestRunner.runScenario()'><b>runScenario</b><br>Test class: runners.TestRunner<br>Test method: Runs Cucumber Scenarios<br>Parameters: "TC_Forget_05 - Validate Error message if Current Password left blank", "Forget Password Functionality Testing"</td>
<td></td>
<td>35</td>
<td>runners.TestRunner@75fa1be3</td></tr>
<tr>
<td title='runners.TestRunner.runScenario()'><b>runScenario</b><br>Test class: runners.TestRunner<br>Test method: Runs Cucumber Scenarios<br>Parameters: "Get leave balance", "Leave API Testing"</td>
<td></td>
<td>10</td>
<td>runners.TestRunner@75fa1be3</td></tr>
<tr>
<td title='runners.TestRunner.runScenario()'><b>runScenario</b><br>Test class: runners.TestRunner<br>Test method: Runs Cucumber Scenarios<br>Parameters: "TC_Forget_03 - Validate Error message if Secret Code left blank", "Forget Password Functionality Testing"</td>
<td></td>
<td>29</td>
<td>runners.TestRunner@75fa1be3</td></tr>
<tr>
<td title='runners.TestRunner.runScenario()'><b>runScenario</b><br>Test class: runners.TestRunner<br>Test method: Runs Cucumber Scenarios<br>Parameters: "TC_Registration_07 - Validate password strength requirements are displayed when user enters a password", "User Registration Functionality"</td>
<td></td>
<td>16</td>
<td>runners.TestRunner@75fa1be3</td></tr>
<tr>
<td title='runners.TestRunner.runScenario()'><b>runScenario</b><br>Test class: runners.TestRunner<br>Test method: Runs Cucumber Scenarios<br>Parameters: "Apply for leave", "Leave API Testing"</td>
<td></td>
<td>16</td>
<td>runners.TestRunner@75fa1be3</td></tr>
<tr>
<td title='runners.TestRunner.runScenario()'><b>runScenario</b><br>Test class: runners.TestRunner<br>Test method: Runs Cucumber Scenarios<br>Parameters: "TC_Basic_07 - Verify error message when email id entered in invalid format", "Login Functionality Testing"</td>
<td></td>
<td>34</td>
<td>runners.TestRunner@75fa1be3</td></tr>
<tr>
<td title='runners.TestRunner.runScenario()'><b>runScenario</b><br>Test class: runners.TestRunner<br>Test method: Runs Cucumber Scenarios<br>Parameters: "TC_Registration_10 - Validate clicking 'Sign in' link successfully navigate user to Login Page", "User Registration Functionality"</td>
<td></td>
<td>20</td>
<td>runners.TestRunner@75fa1be3</td></tr>
<tr>
<td title='runners.TestRunner.runScenario()'><b>runScenario</b><br>Test class: runners.TestRunner<br>Test method: Runs Cucumber Scenarios<br>Parameters: "TC_Registration_01 - Verify successful user registration", "User Registration Functionality"</td>
<td></td>
<td>22</td>
<td>runners.TestRunner@75fa1be3</td></tr>
<tr>
<td title='runners.TestRunner.runScenario()'><b>runScenario</b><br>Test class: runners.TestRunner<br>Test method: Runs Cucumber Scenarios<br>Parameters: "TC_Forget_01 - Validate Error message if Email address left blank", "Forget Password Functionality Testing"</td>
<td></td>
<td>19</td>
<td>runners.TestRunner@75fa1be3</td></tr>
<tr>
<td title='runners.TestRunner.runScenario()'><b>runScenario</b><br>Test class: runners.TestRunner<br>Test method: Runs Cucumber Scenarios<br>Parameters: "TC_Forget_02 - Validate Error message if wrong Email address entered", "Forget Password Functionality Testing"</td>
<td></td>
<td>18</td>
<td>runners.TestRunner@75fa1be3</td></tr>
<tr>
<td title='runners.TestRunner.runScenario()'><b>runScenario</b><br>Test class: runners.TestRunner<br>Test method: Runs Cucumber Scenarios<br>Parameters: "TC_Forget_06 - Validate Error message if New Password left blank", "Forget Password Functionality Testing"</td>
<td></td>
<td>30</td>
<td>runners.TestRunner@75fa1be3</td></tr>
<tr>
<td title='runners.TestRunner.runScenario()'><b>runScenario</b><br>Test class: runners.TestRunner<br>Test method: Runs Cucumber Scenarios<br>Parameters: "TC_Registration_02 - Validate registration with empty email field", "User Registration Functionality"</td>
<td></td>
<td>17</td>
<td>runners.TestRunner@75fa1be3</td></tr>
<tr>
<td title='runners.TestRunner.runScenario()'><b>runScenario</b><br>Test class: runners.TestRunner<br>Test method: Runs Cucumber Scenarios<br>Parameters: "TC_Forget_09 - Validate error message if New and Confirm Password do not meet password criteria", "Forget Password Functionality Testing"</td>
<td></td>
<td>29</td>
<td>runners.TestRunner@75fa1be3</td></tr>
</table><p>
</body>
</html>