<?xml version="1.0" encoding="UTF-8"?>
<!-- Generated by org.testng.reporters.JUnitXMLReporter -->
<testsuite ignored="0" hostname="LIN-5CG0148KZ5" failures="0" tests="3" name="Web Tests" time="1.949" errors="0" timestamp="2025-08-05T01:56:02 IST">
  <testcase classname="runners.TestRunner" name="@BeforeClass setUp" time="0.749">
    <failure type="java.lang.RuntimeException" message="Failed to initialize mobile driver">
      <![CDATA[java.lang.RuntimeException: Failed to initialize mobile driver
at utils.DriverFactory.initMobileDriver(DriverFactory.java:54)
at utils.PlatformSelector.initializePlatform(PlatformSelector.java:45)
at runners.TestRunner.setUp(TestRunner.java:33)
at java.base/java.util.ArrayList.forEach(ArrayList.java:1511)
... Removed 23 stack frames]]>
    </failure>
  </testcase> <!-- @BeforeClass setUp -->
  <testcase classname="runners.TestRunner" name="@AfterClass tearDown" time="0.0">
    <skipped/>
  </testcase> <!-- @AfterClass tearDown -->
  <testcase classname="io.cucumber.testng.AbstractTestNGCucumberTests" name="runScenario" time="0.0">
    <skipped/>
  </testcase> <!-- runScenario -->
  <testcase classname="io.cucumber.testng.AbstractTestNGCucumberTests" name="runScenario" time="0.0">
    <skipped/>
  </testcase> <!-- runScenario -->
  <testcase classname="io.cucumber.testng.AbstractTestNGCucumberTests" name="runScenario" time="0.0">
    <skipped/>
  </testcase> <!-- runScenario -->
</testsuite> <!-- Web Tests -->
